<?xml version="1.0" encoding="UTF-8"?>
<testsuite name="com.mycompany.springmvchibernate.JUnitTest.KhachHangRepositoryTest" time="0.009" tests="1" errors="1" skipped="0" failures="0">
  <properties>
    <property name="java.runtime.name" value="Java(TM) SE Runtime Environment"/>
    <property name="sun.boot.library.path" value="C:\Program Files\Java\jdk1.8.0_241\jre\bin"/>
    <property name="java.vm.version" value="25.241-b07"/>
    <property name="user.country.format" value="VN"/>
    <property name="java.vm.vendor" value="Oracle Corporation"/>
    <property name="maven.multiModuleProjectDirectory" value="E:\BT-JAVA-WEB\SpringMVCHibernate"/>
    <property name="java.vendor.url" value="http://java.oracle.com/"/>
    <property name="path.separator" value=";"/>
    <property name="guice.disable.misplaced.annotation.check" value="true"/>
    <property name="java.vm.name" value="Java HotSpot(TM) 64-Bit Server VM"/>
    <property name="file.encoding.pkg" value="sun.io"/>
    <property name="user.script" value=""/>
    <property name="user.country" value="US"/>
    <property name="sun.java.launcher" value="SUN_STANDARD"/>
    <property name="sun.os.patch.level" value=""/>
    <property name="java.vm.specification.name" value="Java Virtual Machine Specification"/>
    <property name="user.dir" value="E:\BT-JAVA-WEB\SpringMVCHibernate"/>
    <property name="java.runtime.version" value="1.8.0_241-b07"/>
    <property name="java.awt.graphicsenv" value="sun.awt.Win32GraphicsEnvironment"/>
    <property name="java.endorsed.dirs" value="C:\Program Files\Java\jdk1.8.0_241\jre\lib\endorsed"/>
    <property name="os.arch" value="amd64"/>
    <property name="java.io.tmpdir" value="C:\Users\MinhTo\AppData\Local\Temp\"/>
    <property name="line.separator" value="&#10;"/>
    <property name="java.vm.specification.vendor" value="Oracle Corporation"/>
    <property name="user.variant" value=""/>
    <property name="os.name" value="Windows 10"/>
    <property name="classworlds.conf" value="E:\Eclipse-Web\.metadata\.plugins\org.eclipse.m2e.launching\launches\m2conf5861265338224575326.tmp"/>
    <property name="sun.jnu.encoding" value="Cp1252"/>
    <property name="java.library.path" value="C:\Program Files\Java\jdk1.8.0_241\bin;C:\WINDOWS\Sun\Java\bin;C:\WINDOWS\system32;C:\WINDOWS;C:/Program Files/Java/jdk1.8.0_241/bin/../jre/bin/server;C:/Program Files/Java/jdk1.8.0_241/bin/../jre/bin;C:/Program Files/Java/jdk1.8.0_241/bin/../jre/lib/amd64;C:\WINDOWS\system32;C:\WINDOWS;C:\Program Files (x86)\Common Files\Oracle\Java\javapath;C:\ProgramData\Oracle\Java\javapath;C:\Program Files\Java\jdk1.8.0_241\bin;E:\java wed\apache-maven-3.6.0\bin;C:\Program Files\Microsoft JDBC Driver 8.4 for SQL Server\sqljdbc_8.4\enu\mssql-jdbc-8.4.1.jre11.jar;C:\Program Files (x86)\Microsoft SQL Server\150\Tools\Binn\;C:\Program Files\Microsoft SQL Server\150\Tools\Binn\;C:\Program Files (x86)\Microsoft SQL Server\150\DTS\Binn\;C:\Program Files\Microsoft SQL Server\150\DTS\Binn\;C:\Program Files\Microsoft SQL Server\Client SDK\ODBC\170\Tools\Binn\;C:\Users\MinhTo\GlassFish_Server\glassfish\bin;\cygdrive\C\Program Files\Java\jdk1.8.0_241\bin;C:\Program Files\Java\jdk1.8.0_241\lib;C:\Program Files\Java\jre1.8.0_241\lib;C:\Program Files\Java\jre1.8.0_241\bin;C:\cygwin64\bin;C:\Users\MinhTo\GlassFish_Server\glassfish\lib\javaee.jar;C:\Program Files\NVIDIA Corporation\NVIDIA NvDLISR;C:\Program Files\dotnet\;E:\Program Files\Git\cmd;C:\Program Files\Microsoft SQL Server\Client SDK\ODBC\110\Tools\Binn\;C:\Program Files (x86)\Microsoft SQL Server\120\Tools\Binn\;C:\Program Files\Microsoft SQL Server\120\Tools\Binn\;C:\Program Files\Microsoft SQL Server\120\DTS\Binn\;E:\TOMCAT\apache-tomcat-8.5.70\bin;C:\Program Files\nodejs;C:\Program Files\Java\jdk1.8.0_241\bin;C:\Users\MinhTo\AppData\Local\Microsoft\WindowsApps;C:\Users\MinhTo\AppData\Local\Programs\Microsoft VS Code\bin;C:\Users\MinhTo\AppData\Roaming\npm;C:\Program Files\Microsoft JDBC Driver 8.4 for SQL Server\sqljdbc_8.4\enu\mssql-jdbc-8.4.1.jre11.jar;\cygdrive\C\Program Files\Java\jdk1.8.0_241\bin;C:\Users\MinhTo\GlassFish_Server\glassfish\lib\javaee.jar;C:\Program Files\Java\jdk1.8.0_241\lib;C:\Users\MinhTo\AppData\Local\GitHubDesktop\bin;d:\openpose\anaconda3\lib;C:\Users\MinhTo\AppData\Roaming\Python\Python38;D:\OpenPose\anaconda3\Library\bin;D:\OpenPose\anaconda3\Lib;C:\Program Files\nodejs;;E:\java wed\eclipse-jee-2018-09-win32-x86_64\eclipse;;."/>
    <property name="java.specification.name" value="Java Platform API Specification"/>
    <property name="java.class.version" value="52.0"/>
    <property name="sun.management.compiler" value="HotSpot 64-Bit Tiered Compilers"/>
    <property name="os.version" value="10.0"/>
    <property name="user.home" value="C:\Users\MinhTo"/>
    <property name="user.timezone" value="Asia/Bangkok"/>
    <property name="java.awt.printerjob" value="sun.awt.windows.WPrinterJob"/>
    <property name="java.specification.version" value="1.8"/>
    <property name="file.encoding" value="Cp1252"/>
    <property name="user.name" value="MinhTo"/>
    <property name="java.class.path" value="E:\java wed\eclipse-jee-2018-09-win32-x86_64\eclipse\plugins\org.eclipse.m2e.maven.runtime_1.9.1.20180912-1600\jars\plexus-classworlds-2.5.2.jar"/>
    <property name="java.vm.specification.version" value="1.8"/>
    <property name="sun.arch.data.model" value="64"/>
    <property name="java.home" value="C:\Program Files\Java\jdk1.8.0_241\jre"/>
    <property name="sun.java.command" value="org.codehaus.plexus.classworlds.launcher.Launcher -B package"/>
    <property name="java.specification.vendor" value="Oracle Corporation"/>
    <property name="user.language" value="en"/>
    <property name="user.language.format" value="vi"/>
    <property name="awt.toolkit" value="sun.awt.windows.WToolkit"/>
    <property name="java.vm.info" value="mixed mode"/>
    <property name="java.version" value="1.8.0_241"/>
    <property name="java.ext.dirs" value="C:\Program Files\Java\jdk1.8.0_241\jre\lib\ext;C:\WINDOWS\Sun\Java\lib\ext"/>
    <property name="sun.boot.class.path" value="C:\Program Files\Java\jdk1.8.0_241\jre\lib\resources.jar;C:\Program Files\Java\jdk1.8.0_241\jre\lib\rt.jar;C:\Program Files\Java\jdk1.8.0_241\jre\lib\sunrsasign.jar;C:\Program Files\Java\jdk1.8.0_241\jre\lib\jsse.jar;C:\Program Files\Java\jdk1.8.0_241\jre\lib\jce.jar;C:\Program Files\Java\jdk1.8.0_241\jre\lib\charsets.jar;C:\Program Files\Java\jdk1.8.0_241\jre\lib\jfr.jar;C:\Program Files\Java\jdk1.8.0_241\jre\classes"/>
    <property name="java.vendor" value="Oracle Corporation"/>
    <property name="maven.home" value="E:\BT-JAVA-WEB\SpringMVCHibernate\EMBEDDED"/>
    <property name="file.separator" value="\"/>
    <property name="java.vendor.url.bug" value="http://bugreport.sun.com/bugreport/"/>
    <property name="sun.cpu.endian" value="little"/>
    <property name="sun.io.unicode.encoding" value="UnicodeLittle"/>
    <property name="sun.desktop" value="windows"/>
    <property name="sun.cpu.isalist" value="amd64"/>
  </properties>
  <testcase name="insertSanPhamTest" classname="com.mycompany.springmvchibernate.JUnitTest.KhachHangRepositoryTest" time="0.009">
    <error message="Failed to load ApplicationContext" type="java.lang.IllegalStateException"><![CDATA[java.lang.IllegalStateException: Failed to load ApplicationContext
	at org.springframework.test.context.cache.DefaultCacheAwareContextLoaderDelegate.loadContext(DefaultCacheAwareContextLoaderDelegate.java:124)
	at org.springframework.test.context.support.DefaultTestContext.getApplicationContext(DefaultTestContext.java:83)
	at org.springframework.test.context.support.DependencyInjectionTestExecutionListener.injectDependencies(DependencyInjectionTestExecutionListener.java:117)
	at org.springframework.test.context.support.DependencyInjectionTestExecutionListener.prepareTestInstance(DependencyInjectionTestExecutionListener.java:83)
	at org.springframework.test.context.TestContextManager.prepareTestInstance(TestContextManager.java:230)
	at org.springframework.test.context.junit4.SpringJUnit4ClassRunner.createTest(SpringJUnit4ClassRunner.java:228)
	at org.springframework.test.context.junit4.SpringJUnit4ClassRunner$1.runReflectiveCall(SpringJUnit4ClassRunner.java:287)
	at org.junit.internal.runners.model.ReflectiveCallable.run(ReflectiveCallable.java:12)
	at org.springframework.test.context.junit4.SpringJUnit4ClassRunner.methodBlock(SpringJUnit4ClassRunner.java:289)
	at org.springframework.test.context.junit4.SpringJUnit4ClassRunner.runChild(SpringJUnit4ClassRunner.java:247)
	at org.springframework.test.context.junit4.SpringJUnit4ClassRunner.runChild(SpringJUnit4ClassRunner.java:94)
	at org.junit.runners.ParentRunner$4.run(ParentRunner.java:331)
	at org.junit.runners.ParentRunner$1.schedule(ParentRunner.java:79)
	at org.junit.runners.ParentRunner.runChildren(ParentRunner.java:329)
	at org.junit.runners.ParentRunner.access$100(ParentRunner.java:66)
	at org.junit.runners.ParentRunner$2.evaluate(ParentRunner.java:293)
	at org.springframework.test.context.junit4.statements.RunBeforeTestClassCallbacks.evaluate(RunBeforeTestClassCallbacks.java:61)
	at org.springframework.test.context.junit4.statements.RunAfterTestClassCallbacks.evaluate(RunAfterTestClassCallbacks.java:70)
	at org.junit.runners.ParentRunner$3.evaluate(ParentRunner.java:306)
	at org.junit.runners.ParentRunner.run(ParentRunner.java:413)
	at org.springframework.test.context.junit4.SpringJUnit4ClassRunner.run(SpringJUnit4ClassRunner.java:191)
	at org.apache.maven.surefire.junit4.JUnit4Provider.execute(JUnit4Provider.java:264)
	at org.apache.maven.surefire.junit4.JUnit4Provider.executeTestSet(JUnit4Provider.java:153)
	at org.apache.maven.surefire.junit4.JUnit4Provider.invoke(JUnit4Provider.java:124)
	at org.apache.maven.surefire.booter.ForkedBooter.invokeProviderInSameClassLoader(ForkedBooter.java:200)
	at org.apache.maven.surefire.booter.ForkedBooter.runSuitesInProcess(ForkedBooter.java:153)
	at org.apache.maven.surefire.booter.ForkedBooter.main(ForkedBooter.java:103)
Caused by: org.springframework.beans.factory.BeanCreationException: Error creating bean with name 'sanPhamRepository': Invocation of init method failed; nested exception is java.lang.IllegalArgumentException: Not an managed type: class com.mycompany.springmvchibernate.Entity.SanPham
	at org.springframework.beans.factory.support.AbstractAutowireCapableBeanFactory.initializeBean(AbstractAutowireCapableBeanFactory.java:1628)
	at org.springframework.beans.factory.support.AbstractAutowireCapableBeanFactory.doCreateBean(AbstractAutowireCapableBeanFactory.java:555)
	at org.springframework.beans.factory.support.AbstractAutowireCapableBeanFactory.createBean(AbstractAutowireCapableBeanFactory.java:483)
	at org.springframework.beans.factory.support.AbstractBeanFactory$1.getObject(AbstractBeanFactory.java:306)
	at org.springframework.beans.factory.support.DefaultSingletonBeanRegistry.getSingleton(DefaultSingletonBeanRegistry.java:230)
	at org.springframework.beans.factory.support.AbstractBeanFactory.doGetBean(AbstractBeanFactory.java:302)
	at org.springframework.beans.factory.support.AbstractBeanFactory.getBean(AbstractBeanFactory.java:197)
	at org.springframework.beans.factory.support.DefaultListableBeanFactory.preInstantiateSingletons(DefaultListableBeanFactory.java:742)
	at org.springframework.context.support.AbstractApplicationContext.finishBeanFactoryInitialization(AbstractApplicationContext.java:867)
	at org.springframework.context.support.AbstractApplicationContext.refresh(AbstractApplicationContext.java:543)
	at org.springframework.test.context.support.AbstractGenericContextLoader.loadContext(AbstractGenericContextLoader.java:128)
	at org.springframework.test.context.support.AbstractGenericContextLoader.loadContext(AbstractGenericContextLoader.java:60)
	at org.springframework.test.context.support.AbstractDelegatingSmartContextLoader.delegateLoading(AbstractDelegatingSmartContextLoader.java:108)
	at org.springframework.test.context.support.AbstractDelegatingSmartContextLoader.loadContext(AbstractDelegatingSmartContextLoader.java:251)
	at org.springframework.test.context.cache.DefaultCacheAwareContextLoaderDelegate.loadContextInternal(DefaultCacheAwareContextLoaderDelegate.java:98)
	at org.springframework.test.context.cache.DefaultCacheAwareContextLoaderDelegate.loadContext(DefaultCacheAwareContextLoaderDelegate.java:116)
	at org.springframework.test.context.support.DefaultTestContext.getApplicationContext(DefaultTestContext.java:83)
	at org.springframework.test.context.support.DependencyInjectionTestExecutionListener.injectDependencies(DependencyInjectionTestExecutionListener.java:117)
	at org.springframework.test.context.support.DependencyInjectionTestExecutionListener.prepareTestInstance(DependencyInjectionTestExecutionListener.java:83)
	at org.springframework.test.context.TestContextManager.prepareTestInstance(TestContextManager.java:230)
	at org.springframework.test.context.junit4.SpringJUnit4ClassRunner.createTest(SpringJUnit4ClassRunner.java:228)
	at org.springframework.test.context.junit4.SpringJUnit4ClassRunner$1.runReflectiveCall(SpringJUnit4ClassRunner.java:287)
	at org.junit.internal.runners.model.ReflectiveCallable.run(ReflectiveCallable.java:12)
	at org.springframework.test.context.junit4.SpringJUnit4ClassRunner.methodBlock(SpringJUnit4ClassRunner.java:289)
	at org.springframework.test.context.junit4.SpringJUnit4ClassRunner.runChild(SpringJUnit4ClassRunner.java:247)
	at org.springframework.test.context.junit4.SpringJUnit4ClassRunner.runChild(SpringJUnit4ClassRunner.java:94)
	at org.junit.runners.ParentRunner$4.run(ParentRunner.java:331)
	at org.junit.runners.ParentRunner$1.schedule(ParentRunner.java:79)
	at org.junit.runners.ParentRunner.runChildren(ParentRunner.java:329)
	at org.junit.runners.ParentRunner.access$100(ParentRunner.java:66)
	at org.junit.runners.ParentRunner$2.evaluate(ParentRunner.java:293)
	at org.springframework.test.context.junit4.statements.RunBeforeTestClassCallbacks.evaluate(RunBeforeTestClassCallbacks.java:61)
	at org.springframework.test.context.junit4.statements.RunAfterTestClassCallbacks.evaluate(RunAfterTestClassCallbacks.java:70)
	at org.junit.runners.ParentRunner$3.evaluate(ParentRunner.java:306)
	at org.junit.runners.ParentRunner.run(ParentRunner.java:413)
	at org.springframework.test.context.junit4.SpringJUnit4ClassRunner.run(SpringJUnit4ClassRunner.java:191)
	at org.apache.maven.surefire.junit4.JUnit4Provider.execute(JUnit4Provider.java:264)
	at org.apache.maven.surefire.junit4.JUnit4Provider.executeTestSet(JUnit4Provider.java:153)
	at org.apache.maven.surefire.junit4.JUnit4Provider.invoke(JUnit4Provider.java:124)
	at org.apache.maven.surefire.booter.ForkedBooter.invokeProviderInSameClassLoader(ForkedBooter.java:200)
	at org.apache.maven.surefire.booter.ForkedBooter.runSuitesInProcess(ForkedBooter.java:153)
	at org.apache.maven.surefire.booter.ForkedBooter.main(ForkedBooter.java:103)
Caused by: java.lang.IllegalArgumentException: Not an managed type: class com.mycompany.springmvchibernate.Entity.SanPham
	at org.hibernate.jpa.internal.metamodel.MetamodelImpl.managedType(MetamodelImpl.java:219)
	at org.springframework.data.jpa.repository.support.JpaMetamodelEntityInformation.<init>(JpaMetamodelEntityInformation.java:68)
	at org.springframework.data.jpa.repository.support.JpaEntityInformationSupport.getEntityInformation(JpaEntityInformationSupport.java:67)
	at org.springframework.data.jpa.repository.support.JpaRepositoryFactory.getEntityInformation(JpaRepositoryFactory.java:152)
	at org.springframework.data.jpa.repository.support.JpaRepositoryFactory.getTargetRepository(JpaRepositoryFactory.java:99)
	at org.springframework.data.jpa.repository.support.JpaRepositoryFactory.getTargetRepository(JpaRepositoryFactory.java:81)
	at org.springframework.data.repository.core.support.RepositoryFactorySupport.getRepository(RepositoryFactorySupport.java:199)
	at org.springframework.data.repository.core.support.RepositoryFactoryBeanSupport.initAndReturn(RepositoryFactoryBeanSupport.java:266)
	at org.springframework.data.repository.core.support.RepositoryFactoryBeanSupport.afterPropertiesSet(RepositoryFactoryBeanSupport.java:252)
	at org.springframework.data.jpa.repository.support.JpaRepositoryFactoryBean.afterPropertiesSet(JpaRepositoryFactoryBean.java:92)
	at org.springframework.beans.factory.support.AbstractAutowireCapableBeanFactory.invokeInitMethods(AbstractAutowireCapableBeanFactory.java:1687)
	at org.springframework.beans.factory.support.AbstractAutowireCapableBeanFactory.initializeBean(AbstractAutowireCapableBeanFactory.java:1624)
	at org.springframework.beans.factory.support.AbstractAutowireCapableBeanFactory.doCreateBean(AbstractAutowireCapableBeanFactory.java:555)
	at org.springframework.beans.factory.support.AbstractAutowireCapableBeanFactory.createBean(AbstractAutowireCapableBeanFactory.java:483)
	at org.springframework.beans.factory.support.AbstractBeanFactory$1.getObject(AbstractBeanFactory.java:306)
	at org.springframework.beans.factory.support.DefaultSingletonBeanRegistry.getSingleton(DefaultSingletonBeanRegistry.java:230)
	at org.springframework.beans.factory.support.AbstractBeanFactory.doGetBean(AbstractBeanFactory.java:302)
	at org.springframework.beans.factory.support.AbstractBeanFactory.getBean(AbstractBeanFactory.java:197)
	at org.springframework.beans.factory.support.DefaultListableBeanFactory.preInstantiateSingletons(DefaultListableBeanFactory.java:742)
	at org.springframework.context.support.AbstractApplicationContext.finishBeanFactoryInitialization(AbstractApplicationContext.java:867)
	at org.springframework.context.support.AbstractApplicationContext.refresh(AbstractApplicationContext.java:543)
	at org.springframework.test.context.support.AbstractGenericContextLoader.loadContext(AbstractGenericContextLoader.java:128)
	at org.springframework.test.context.support.AbstractGenericContextLoader.loadContext(AbstractGenericContextLoader.java:60)
	at org.springframework.test.context.support.AbstractDelegatingSmartContextLoader.delegateLoading(AbstractDelegatingSmartContextLoader.java:108)
	at org.springframework.test.context.support.AbstractDelegatingSmartContextLoader.loadContext(AbstractDelegatingSmartContextLoader.java:251)
	at org.springframework.test.context.cache.DefaultCacheAwareContextLoaderDelegate.loadContextInternal(DefaultCacheAwareContextLoaderDelegate.java:98)
	at org.springframework.test.context.cache.DefaultCacheAwareContextLoaderDelegate.loadContext(DefaultCacheAwareContextLoaderDelegate.java:116)
	at org.springframework.test.context.support.DefaultTestContext.getApplicationContext(DefaultTestContext.java:83)
	at org.springframework.test.context.support.DependencyInjectionTestExecutionListener.injectDependencies(DependencyInjectionTestExecutionListener.java:117)
	at org.springframework.test.context.support.DependencyInjectionTestExecutionListener.prepareTestInstance(DependencyInjectionTestExecutionListener.java:83)
	at org.springframework.test.context.TestContextManager.prepareTestInstance(TestContextManager.java:230)
	at org.springframework.test.context.junit4.SpringJUnit4ClassRunner.createTest(SpringJUnit4ClassRunner.java:228)
	at org.springframework.test.context.junit4.SpringJUnit4ClassRunner$1.runReflectiveCall(SpringJUnit4ClassRunner.java:287)
	at org.junit.internal.runners.model.ReflectiveCallable.run(ReflectiveCallable.java:12)
	at org.springframework.test.context.junit4.SpringJUnit4ClassRunner.methodBlock(SpringJUnit4ClassRunner.java:289)
	at org.springframework.test.context.junit4.SpringJUnit4ClassRunner.runChild(SpringJUnit4ClassRunner.java:247)
	at org.springframework.test.context.junit4.SpringJUnit4ClassRunner.runChild(SpringJUnit4ClassRunner.java:94)
	at org.junit.runners.ParentRunner$4.run(ParentRunner.java:331)
	at org.junit.runners.ParentRunner$1.schedule(ParentRunner.java:79)
	at org.junit.runners.ParentRunner.runChildren(ParentRunner.java:329)
	at org.junit.runners.ParentRunner.access$100(ParentRunner.java:66)
	at org.junit.runners.ParentRunner$2.evaluate(ParentRunner.java:293)
	at org.springframework.test.context.junit4.statements.RunBeforeTestClassCallbacks.evaluate(RunBeforeTestClassCallbacks.java:61)
	at org.springframework.test.context.junit4.statements.RunAfterTestClassCallbacks.evaluate(RunAfterTestClassCallbacks.java:70)
	at org.junit.runners.ParentRunner$3.evaluate(ParentRunner.java:306)
	at org.junit.runners.ParentRunner.run(ParentRunner.java:413)
	at org.springframework.test.context.junit4.SpringJUnit4ClassRunner.run(SpringJUnit4ClassRunner.java:191)
	at org.apache.maven.surefire.junit4.JUnit4Provider.execute(JUnit4Provider.java:264)
	at org.apache.maven.surefire.junit4.JUnit4Provider.executeTestSet(JUnit4Provider.java:153)
	at org.apache.maven.surefire.junit4.JUnit4Provider.invoke(JUnit4Provider.java:124)
	at org.apache.maven.surefire.booter.ForkedBooter.invokeProviderInSameClassLoader(ForkedBooter.java:200)
	at org.apache.maven.surefire.booter.ForkedBooter.runSuitesInProcess(ForkedBooter.java:153)
	at org.apache.maven.surefire.booter.ForkedBooter.main(ForkedBooter.java:103)
]]></error>
    <system-out><![CDATA[log4j: reset attribute= "false".
log4j: Threshold ="null".
log4j: Level value for root is  [DEBUG].
log4j: root level set to DEBUG
log4j: Class name: [org.apache.log4j.ConsoleAppender]
log4j: Setting property [target] to [System.out].
log4j: Parsing layout of class: "org.apache.log4j.PatternLayout"
log4j: Setting property [conversionPattern] to [%d{yyyy-MM-dd HH:mm:ss} %-5p %c{1}:%L - %m%n].
log4j: Adding appender named [console] to category [root].
log4j: Class name: [org.apache.log4j.RollingFileAppender]
log4j: Setting property [file] to [SpringHibernate.log].
log4j: Parsing layout of class: "org.apache.log4j.PatternLayout"
log4j: Setting property [conversionPattern] to [%d{yyyy-MM-dd HH:mm:ss} %-5p %c{1}:%L - %m%n].
log4j: setFile called: SpringHibernate.log, true
log4j: setFile ended
log4j: Adding appender named [fileAppender] to category [root].
2021-09-28 13:45:43 DEBUG SpringJUnit4ClassRunner:140 - SpringJUnit4ClassRunner constructor called with [class com.mycompany.springmvchibernate.JUnitTest.KhachHangRepositoryTest]
2021-09-28 13:45:43 DEBUG BootstrapUtils:95 - Instantiating CacheAwareContextLoaderDelegate from class [org.springframework.test.context.cache.DefaultCacheAwareContextLoaderDelegate]
2021-09-28 13:45:43 DEBUG BootstrapUtils:78 - Instantiating BootstrapContext using constructor [public org.springframework.test.context.support.DefaultBootstrapContext(java.lang.Class,org.springframework.test.context.CacheAwareContextLoaderDelegate)]
2021-09-28 13:45:43 DEBUG BootstrapUtils:131 - Instantiating TestContextBootstrapper for test class [com.mycompany.springmvchibernate.JUnitTest.KhachHangRepositoryTest] from class [org.springframework.test.context.support.DefaultTestContextBootstrapper]
2021-09-28 13:45:43 DEBUG AbstractDelegatingSmartContextLoader:96 - Delegating to GenericXmlContextLoader to process context configuration [ContextConfigurationAttributes@63753b6d declaringClass = 'com.mycompany.springmvchibernate.JUnitTest.KhachHangRepositoryTest', classes = '{}', locations = '{classpath:applicationContext-persistence-test.xml}', inheritLocations = true, initializers = '{}', inheritInitializers = true, name = [null], contextLoaderClass = 'org.springframework.test.context.ContextLoader'].
2021-09-28 13:45:43 DEBUG ActiveProfilesUtils:78 - Could not find an 'annotation declaring class' for annotation type [org.springframework.test.context.ActiveProfiles] and class [com.mycompany.springmvchibernate.JUnitTest.KhachHangRepositoryTest]
2021-09-28 13:45:43 DEBUG DefaultTestContextBootstrapper:132 - @TestExecutionListeners is not present for class [com.mycompany.springmvchibernate.JUnitTest.KhachHangRepositoryTest]: using defaults.
2021-09-28 13:45:43 INFO  DefaultTestContextBootstrapper:260 - Loaded default TestExecutionListener class names from location [META-INF/spring.factories]: [org.springframework.test.context.web.ServletTestExecutionListener, org.springframework.test.context.support.DirtiesContextBeforeModesTestExecutionListener, org.springframework.test.context.support.DependencyInjectionTestExecutionListener, org.springframework.test.context.support.DirtiesContextTestExecutionListener, org.springframework.test.context.transaction.TransactionalTestExecutionListener, org.springframework.test.context.jdbc.SqlScriptsTestExecutionListener]
2021-09-28 13:45:43 INFO  DefaultTestContextBootstrapper:187 - Using TestExecutionListeners: [org.springframework.test.context.web.ServletTestExecutionListener@3043fe0e, org.springframework.test.context.support.DirtiesContextBeforeModesTestExecutionListener@78e67e0a, org.springframework.test.context.support.DependencyInjectionTestExecutionListener@bd8db5a, org.springframework.test.context.support.DirtiesContextTestExecutionListener@2f943d71, org.springframework.test.context.transaction.TransactionalTestExecutionListener@80503, org.springframework.test.context.jdbc.SqlScriptsTestExecutionListener@4b553d26]
2021-09-28 13:45:43 DEBUG ProfileValueUtils:68 - Retrieved @ProfileValueSourceConfiguration [null] for test class [com.mycompany.springmvchibernate.JUnitTest.KhachHangRepositoryTest]
2021-09-28 13:45:43 DEBUG ProfileValueUtils:80 - Retrieved ProfileValueSource type [class org.springframework.test.annotation.SystemProfileValueSource] for class [com.mycompany.springmvchibernate.JUnitTest.KhachHangRepositoryTest]
2021-09-28 13:45:43 DEBUG ProfileValueUtils:68 - Retrieved @ProfileValueSourceConfiguration [null] for test class [com.mycompany.springmvchibernate.JUnitTest.KhachHangRepositoryTest]
2021-09-28 13:45:43 DEBUG ProfileValueUtils:80 - Retrieved ProfileValueSource type [class org.springframework.test.annotation.SystemProfileValueSource] for class [com.mycompany.springmvchibernate.JUnitTest.KhachHangRepositoryTest]
2021-09-28 13:45:43 DEBUG ProfileValueUtils:68 - Retrieved @ProfileValueSourceConfiguration [null] for test class [com.mycompany.springmvchibernate.JUnitTest.KhachHangRepositoryTest]
2021-09-28 13:45:43 DEBUG ProfileValueUtils:80 - Retrieved ProfileValueSource type [class org.springframework.test.annotation.SystemProfileValueSource] for class [com.mycompany.springmvchibernate.JUnitTest.KhachHangRepositoryTest]
2021-09-28 13:45:43 DEBUG ProfileValueUtils:68 - Retrieved @ProfileValueSourceConfiguration [null] for test class [com.mycompany.springmvchibernate.JUnitTest.KhachHangRepositoryTest]
2021-09-28 13:45:43 DEBUG ProfileValueUtils:80 - Retrieved ProfileValueSource type [class org.springframework.test.annotation.SystemProfileValueSource] for class [com.mycompany.springmvchibernate.JUnitTest.KhachHangRepositoryTest]
2021-09-28 13:45:43 DEBUG AbstractDirtiesContextTestExecutionListener:141 - Before test class: context [DefaultTestContext@687080dc testClass = KhachHangRepositoryTest, testInstance = [null], testMethod = [null], testException = [null], mergedContextConfiguration = [MergedContextConfiguration@23d2a7e8 testClass = KhachHangRepositoryTest, locations = '{classpath:applicationContext-persistence-test.xml}', classes = '{}', contextInitializerClasses = '[]', activeProfiles = '{}', propertySourceLocations = '{}', propertySourceProperties = '{}', contextCustomizers = set[[empty]], contextLoader = 'org.springframework.test.context.support.DelegatingSmartContextLoader', parent = [null]]], class annotated with @DirtiesContext [false] with mode [null].
2021-09-28 13:45:43 DEBUG ProfileValueUtils:68 - Retrieved @ProfileValueSourceConfiguration [null] for test class [com.mycompany.springmvchibernate.JUnitTest.KhachHangRepositoryTest]
2021-09-28 13:45:43 DEBUG ProfileValueUtils:80 - Retrieved ProfileValueSource type [class org.springframework.test.annotation.SystemProfileValueSource] for class [com.mycompany.springmvchibernate.JUnitTest.KhachHangRepositoryTest]
2021-09-28 13:45:43 DEBUG DependencyInjectionTestExecutionListener:81 - Performing dependency injection for test context [[DefaultTestContext@687080dc testClass = KhachHangRepositoryTest, testInstance = com.mycompany.springmvchibernate.JUnitTest.KhachHangRepositoryTest@cb51256, testMethod = [null], testException = [null], mergedContextConfiguration = [MergedContextConfiguration@23d2a7e8 testClass = KhachHangRepositoryTest, locations = '{classpath:applicationContext-persistence-test.xml}', classes = '{}', contextInitializerClasses = '[]', activeProfiles = '{}', propertySourceLocations = '{}', propertySourceProperties = '{}', contextCustomizers = set[[empty]], contextLoader = 'org.springframework.test.context.support.DelegatingSmartContextLoader', parent = [null]]]].
2021-09-28 13:45:43 DEBUG AbstractDelegatingSmartContextLoader:106 - Delegating to GenericXmlContextLoader to load context from [MergedContextConfiguration@23d2a7e8 testClass = KhachHangRepositoryTest, locations = '{classpath:applicationContext-persistence-test.xml}', classes = '{}', contextInitializerClasses = '[]', activeProfiles = '{}', propertySourceLocations = '{}', propertySourceProperties = '{}', contextCustomizers = set[[empty]], contextLoader = 'org.springframework.test.context.support.DelegatingSmartContextLoader', parent = [null]].
2021-09-28 13:45:43 DEBUG AbstractGenericContextLoader:109 - Loading ApplicationContext for merged context configuration [[MergedContextConfiguration@23d2a7e8 testClass = KhachHangRepositoryTest, locations = '{classpath:applicationContext-persistence-test.xml}', classes = '{}', contextInitializerClasses = '[]', activeProfiles = '{}', propertySourceLocations = '{}', propertySourceProperties = '{}', contextCustomizers = set[[empty]], contextLoader = 'org.springframework.test.context.support.DelegatingSmartContextLoader', parent = [null]]].
2021-09-28 13:45:43 DEBUG StandardEnvironment:106 - Adding PropertySource 'systemProperties' with lowest search precedence
2021-09-28 13:45:43 DEBUG StandardEnvironment:106 - Adding PropertySource 'systemEnvironment' with lowest search precedence
2021-09-28 13:45:43 DEBUG StandardEnvironment:124 - Initialized StandardEnvironment with PropertySources [MapPropertySource@336484883 {name='systemProperties', properties={java.runtime.name=Java(TM) SE Runtime Environment, sun.boot.library.path=C:\Program Files\Java\jdk1.8.0_241\jre\bin, java.vm.version=25.241-b07, user.country.format=VN, java.vm.vendor=Oracle Corporation, java.vendor.url=http://java.oracle.com/, path.separator=;, java.vm.name=Java HotSpot(TM) 64-Bit Server VM, file.encoding.pkg=sun.io, user.country=US, user.script=, sun.java.launcher=SUN_STANDARD, sun.os.patch.level=, java.vm.specification.name=Java Virtual Machine Specification, user.dir=E:\BT-JAVA-WEB\SpringMVCHibernate, java.runtime.version=1.8.0_241-b07, basedir=E:\BT-JAVA-WEB\SpringMVCHibernate, java.awt.graphicsenv=sun.awt.Win32GraphicsEnvironment, java.endorsed.dirs=C:\Program Files\Java\jdk1.8.0_241\jre\lib\endorsed, os.arch=amd64, surefire.real.class.path=E:\BT-JAVA-WEB\SpringMVCHibernate\target\surefire\surefirebooter6821871679518693960.jar, java.io.tmpdir=C:\Users\MinhTo\AppData\Local\Temp\, line.separator=
, java.vm.specification.vendor=Oracle Corporation, user.variant=, os.name=Windows 10, sun.jnu.encoding=Cp1252, java.library.path=C:\Program Files\Java\jdk1.8.0_241\jre\bin;C:\WINDOWS\Sun\Java\bin;C:\WINDOWS\system32;C:\WINDOWS;C:/Program Files/Java/jdk1.8.0_241/bin/../jre/bin/server;C:/Program Files/Java/jdk1.8.0_241/bin/../jre/bin;C:/Program Files/Java/jdk1.8.0_241/bin/../jre/lib/amd64;C:\WINDOWS\system32;C:\WINDOWS;C:\Program Files (x86)\Common Files\Oracle\Java\javapath;C:\ProgramData\Oracle\Java\javapath;C:\Program Files\Java\jdk1.8.0_241\bin;E:\java wed\apache-maven-3.6.0\bin;C:\Program Files\Microsoft JDBC Driver 8.4 for SQL Server\sqljdbc_8.4\enu\mssql-jdbc-8.4.1.jre11.jar;C:\Program Files (x86)\Microsoft SQL Server\150\Tools\Binn\;C:\Program Files\Microsoft SQL Server\150\Tools\Binn\;C:\Program Files (x86)\Microsoft SQL Server\150\DTS\Binn\;C:\Program Files\Microsoft SQL Server\150\DTS\Binn\;C:\Program Files\Microsoft SQL Server\Client SDK\ODBC\170\Tools\Binn\;C:\Users\MinhTo\GlassFish_Server\glassfish\bin;\cygdrive\C\Program Files\Java\jdk1.8.0_241\bin;C:\Program Files\Java\jdk1.8.0_241\lib;C:\Program Files\Java\jre1.8.0_241\lib;C:\Program Files\Java\jre1.8.0_241\bin;C:\cygwin64\bin;C:\Users\MinhTo\GlassFish_Server\glassfish\lib\javaee.jar;C:\Program Files\NVIDIA Corporation\NVIDIA NvDLISR;C:\Program Files\dotnet\;E:\Program Files\Git\cmd;C:\Program Files\Microsoft SQL Server\Client SDK\ODBC\110\Tools\Binn\;C:\Program Files (x86)\Microsoft SQL Server\120\Tools\Binn\;C:\Program Files\Microsoft SQL Server\120\Tools\Binn\;C:\Program Files\Microsoft SQL Server\120\DTS\Binn\;E:\TOMCAT\apache-tomcat-8.5.70\bin;C:\Program Files\nodejs;C:\Program Files\Java\jdk1.8.0_241\bin;C:\Users\MinhTo\AppData\Local\Microsoft\WindowsApps;C:\Users\MinhTo\AppData\Local\Programs\Microsoft VS Code\bin;C:\Users\MinhTo\AppData\Roaming\npm;C:\Program Files\Microsoft JDBC Driver 8.4 for SQL Server\sqljdbc_8.4\enu\mssql-jdbc-8.4.1.jre11.jar;\cygdrive\C\Program Files\Java\jdk1.8.0_241\bin;C:\Users\MinhTo\GlassFish_Server\glassfish\lib\javaee.jar;C:\Program Files\Java\jdk1.8.0_241\lib;C:\Users\MinhTo\AppData\Local\GitHubDesktop\bin;d:\openpose\anaconda3\lib;C:\Users\MinhTo\AppData\Roaming\Python\Python38;D:\OpenPose\anaconda3\Library\bin;D:\OpenPose\anaconda3\Lib;C:\Program Files\nodejs;;E:\java wed\eclipse-jee-2018-09-win32-x86_64\eclipse;;., surefire.test.class.path=E:\BT-JAVA-WEB\SpringMVCHibernate\target\test-classes;E:\BT-JAVA-WEB\SpringMVCHibernate\target\classes;C:\Users\MinhTo\.m2\repository\org\apache\struts\struts-el\1.3.10\struts-el-1.3.10.jar;C:\Users\MinhTo\.m2\repository\org\apache\struts\struts-core\1.3.10\struts-core-1.3.10.jar;C:\Users\MinhTo\.m2\repository\commons-beanutils\commons-beanutils\1.8.0\commons-beanutils-1.8.0.jar;C:\Users\MinhTo\.m2\repository\commons-chain\commons-chain\1.2\commons-chain-1.2.jar;C:\Users\MinhTo\.m2\repository\commons-validator\commons-validator\1.3.1\commons-validator-1.3.1.jar;C:\Users\MinhTo\.m2\repository\oro\oro\2.0.8\oro-2.0.8.jar;C:\Users\MinhTo\.m2\repository\org\apache\struts\struts-extras\1.3.10\struts-extras-1.3.10.jar;C:\Users\MinhTo\.m2\repository\org\apache\struts\struts-faces\1.3.10\struts-faces-1.3.10.jar;C:\Users\MinhTo\.m2\repository\org\apache\struts\struts-mailreader-dao\1.3.10\struts-mailreader-dao-1.3.10.jar;C:\Users\MinhTo\.m2\repository\commons-digester\commons-digester\1.8\commons-digester-1.8.jar;C:\Users\MinhTo\.m2\repository\commons-logging\commons-logging\1.0.4\commons-logging-1.0.4.jar;C:\Users\MinhTo\.m2\repository\org\apache\struts\struts-scripting\1.3.10\struts-scripting-1.3.10.jar;C:\Users\MinhTo\.m2\repository\bsf\bsf\2.3.0\bsf-2.3.0.jar;C:\Users\MinhTo\.m2\repository\org\apache\struts\struts-taglib\1.3.10\struts-taglib-1.3.10.jar;C:\Users\MinhTo\.m2\repository\org\apache\struts\struts-tiles\1.3.10\struts-tiles-1.3.10.jar;C:\Users\MinhTo\.m2\repository\opensymphony\sitemesh\2.4.2\sitemesh-2.4.2.jar;C:\Users\MinhTo\.m2\repository\org\eclipse\persistence\org.eclipse.persistence.core\2.7.7\org.eclipse.persistence.core-2.7.7.jar;C:\Users\MinhTo\.m2\repository\org\eclipse\persistence\org.eclipse.persistence.asm\2.7.7\org.eclipse.persistence.asm-2.7.7.jar;C:\Users\MinhTo\.m2\repository\org\eclipse\persistence\org.eclipse.persistence.antlr\2.7.7\org.eclipse.persistence.antlr-2.7.7.jar;C:\Users\MinhTo\.m2\repository\org\eclipse\persistence\org.eclipse.persistence.jpa\2.7.7\org.eclipse.persistence.jpa-2.7.7.jar;C:\Users\MinhTo\.m2\repository\org\eclipse\persistence\jakarta.persistence\2.2.3\jakarta.persistence-2.2.3.jar;C:\Users\MinhTo\.m2\repository\org\eclipse\persistence\org.eclipse.persistence.jpa.jpql\2.7.7\org.eclipse.persistence.jpa.jpql-2.7.7.jar;C:\Users\MinhTo\.m2\repository\org\eclipse\persistence\org.eclipse.persistence.moxy\2.7.7\org.eclipse.persistence.moxy-2.7.7.jar;C:\Users\MinhTo\.m2\repository\org\eclipse\persistence\javax.persistence\2.2.1\javax.persistence-2.2.1.jar;C:\Users\MinhTo\.m2\repository\javax\javaee-api\8.0\javaee-api-8.0.jar;C:\Users\MinhTo\.m2\repository\com\sun\mail\javax.mail\1.6.0\javax.mail-1.6.0.jar;C:\Users\MinhTo\.m2\repository\javax\activation\activation\1.1\activation-1.1.jar;C:\Users\MinhTo\.m2\repository\org\springframework\spring-beans\4.3.13.RELEASE\spring-beans-4.3.13.RELEASE.jar;C:\Users\MinhTo\.m2\repository\org\springframework\spring-expression\4.3.13.RELEASE\spring-expression-4.3.13.RELEASE.jar;C:\Users\MinhTo\.m2\repository\org\springframework\spring-core\4.3.13.RELEASE\spring-core-4.3.13.RELEASE.jar;C:\Users\MinhTo\.m2\repository\org\springframework\spring-web\4.3.13.RELEASE\spring-web-4.3.13.RELEASE.jar;C:\Users\MinhTo\.m2\repository\org\springframework\spring-aop\4.3.13.RELEASE\spring-aop-4.3.13.RELEASE.jar;C:\Users\MinhTo\.m2\repository\org\springframework\spring-webmvc\4.3.13.RELEASE\spring-webmvc-4.3.13.RELEASE.jar;C:\Users\MinhTo\.m2\repository\org\springframework\spring-tx\4.3.13.RELEASE\spring-tx-4.3.13.RELEASE.jar;C:\Users\MinhTo\.m2\repository\org\springframework\spring-orm\4.3.13.RELEASE\spring-orm-4.3.13.RELEASE.jar;C:\Users\MinhTo\.m2\repository\org\springframework\spring-jdbc\4.3.13.RELEASE\spring-jdbc-4.3.13.RELEASE.jar;C:\Users\MinhTo\.m2\repository\org\springframework\spring-context\4.3.13.RELEASE\spring-context-4.3.13.RELEASE.jar;C:\Users\MinhTo\.m2\repository\org\springframework\spring-context-support\4.3.13.RELEASE\spring-context-support-4.3.13.RELEASE.jar;C:\Users\MinhTo\.m2\repository\org\springframework\spring-test\4.3.13.RELEASE\spring-test-4.3.13.RELEASE.jar;C:\Users\MinhTo\.m2\repository\org\springframework\data\spring-data-jpa\1.10.2.RELEASE\spring-data-jpa-1.10.2.RELEASE.jar;C:\Users\MinhTo\.m2\repository\org\springframework\data\spring-data-commons\1.12.2.RELEASE\spring-data-commons-1.12.2.RELEASE.jar;C:\Users\MinhTo\.m2\repository\org\aspectj\aspectjrt\1.8.9\aspectjrt-1.8.9.jar;C:\Users\MinhTo\.m2\repository\org\springframework\security\spring-security-web\4.0.2.RELEASE\spring-security-web-4.0.2.RELEASE.jar;C:\Users\MinhTo\.m2\repository\aopalliance\aopalliance\1.0\aopalliance-1.0.jar;C:\Users\MinhTo\.m2\repository\org\springframework\security\spring-security-core\4.0.2.RELEASE\spring-security-core-4.0.2.RELEASE.jar;C:\Users\MinhTo\.m2\repository\org\springframework\security\spring-security-acl\4.0.2.RELEASE\spring-security-acl-4.0.2.RELEASE.jar;C:\Users\MinhTo\.m2\repository\org\springframework\security\spring-security-config\4.0.2.RELEASE\spring-security-config-4.0.2.RELEASE.jar;C:\Users\MinhTo\.m2\repository\org\springframework\security\spring-security-taglibs\4.0.2.RELEASE\spring-security-taglibs-4.0.2.RELEASE.jar;C:\Users\MinhTo\.m2\repository\org\springframework\security\spring-security-oauth2-authorization-server\0.2.0\spring-security-oauth2-authorization-server-0.2.0.jar;C:\Users\MinhTo\.m2\repository\com\nimbusds\nimbus-jose-jwt\9.10.1\nimbus-jose-jwt-9.10.1.jar;C:\Users\MinhTo\.m2\repository\com\github\stephenc\jcip\jcip-annotations\1.0-1\jcip-annotations-1.0-1.jar;C:\Users\MinhTo\.m2\repository\org\springframework\security\spring-security-oauth2-core\5.5.2\spring-security-oauth2-core-5.5.2.jar;C:\Users\MinhTo\.m2\repository\org\springframework\security\spring-security-oauth2-jose\5.5.2\spring-security-oauth2-jose-5.5.2.jar;C:\Users\MinhTo\.m2\repository\org\springframework\security\spring-security-oauth2-resource-server\5.5.2\spring-security-oauth2-resource-server-5.5.2.jar;C:\Users\MinhTo\.m2\repository\javax\servlet\javax.servlet-api\3.0.1\javax.servlet-api-3.0.1.jar;C:\Users\MinhTo\.m2\repository\org\springframework\spring-aspects\4.3.13.RELEASE\spring-aspects-4.3.13.RELEASE.jar;C:\Users\MinhTo\.m2\repository\org\aspectj\aspectjweaver\1.8.9\aspectjweaver-1.8.9.jar;C:\Users\MinhTo\.m2\repository\javax\servlet\jsp\javax.servlet.jsp-api\2.3.1\javax.servlet.jsp-api-2.3.1.jar;C:\Users\MinhTo\.m2\repository\javax\servlet\jstl\1.2\jstl-1.2.jar;C:\Users\MinhTo\.m2\repository\taglibs\standard\1.1.2\standard-1.1.2.jar;C:\Users\MinhTo\.m2\repository\javax\faces\javax.faces-api\2.3\javax.faces-api-2.3.jar;C:\Users\MinhTo\.m2\repository\org\hibernate\hibernate-core\4.3.6.Final\hibernate-core-4.3.6.Final.jar;C:\Users\MinhTo\.m2\repository\org\jboss\logging\jboss-logging\3.1.3.GA\jboss-logging-3.1.3.GA.jar;C:\Users\MinhTo\.m2\repository\org\jboss\logging\jboss-logging-annotations\1.2.0.Beta1\jboss-logging-annotations-1.2.0.Beta1.jar;C:\Users\MinhTo\.m2\repository\org\jboss\spec\javax\transaction\jboss-transaction-api_1.2_spec\1.0.0.Final\jboss-transaction-api_1.2_spec-1.0.0.Final.jar;C:\Users\MinhTo\.m2\repository\dom4j\dom4j\1.6.1\dom4j-1.6.1.jar;C:\Users\MinhTo\.m2\repository\xml-apis\xml-apis\1.0.b2\xml-apis-1.0.b2.jar;C:\Users\MinhTo\.m2\repository\org\hibernate\common\hibernate-commons-annotations\4.0.5.Final\hibernate-commons-annotations-4.0.5.Final.jar;C:\Users\MinhTo\.m2\repository\org\javassist\javassist\3.18.1-GA\javassist-3.18.1-GA.jar;C:\Users\MinhTo\.m2\repository\antlr\antlr\2.7.7\antlr-2.7.7.jar;C:\Users\MinhTo\.m2\repository\org\jboss\jandex\1.1.0.Final\jandex-1.1.0.Final.jar;C:\Users\MinhTo\.m2\repository\org\hibernate\hibernate-entitymanager\4.3.6.Final\hibernate-entitymanager-4.3.6.Final.jar;C:\Users\MinhTo\.m2\repository\org\hibernate\javax\persistence\hibernate-jpa-2.1-api\1.0.0.Final\hibernate-jpa-2.1-api-1.0.0.Final.jar;C:\Users\MinhTo\.m2\repository\org\slf4j\slf4j-api\1.7.5\slf4j-api-1.7.5.jar;C:\Users\MinhTo\.m2\repository\org\slf4j\jcl-over-slf4j\1.7.5\jcl-over-slf4j-1.7.5.jar;C:\Users\MinhTo\.m2\repository\org\slf4j\slf4j-log4j12\1.7.5\slf4j-log4j12-1.7.5.jar;C:\Users\MinhTo\.m2\repository\log4j\log4j\1.2.15\log4j-1.2.15.jar;C:\Users\MinhTo\.m2\repository\com\fasterxml\jackson\core\jackson-core\2.9.6\jackson-core-2.9.6.jar;C:\Users\MinhTo\.m2\repository\com\fasterxml\jackson\core\jackson-annotations\2.9.6\jackson-annotations-2.9.6.jar;C:\Users\MinhTo\.m2\repository\com\fasterxml\jackson\core\jackson-databind\2.9.6\jackson-databind-2.9.6.jar;C:\Users\MinhTo\.m2\repository\commons-dbcp\commons-dbcp\1.4\commons-dbcp-1.4.jar;C:\Users\MinhTo\.m2\repository\commons-pool\commons-pool\1.5.4\commons-pool-1.5.4.jar;C:\Users\MinhTo\.m2\repository\org\modelmapper\modelmapper\2.3.5\modelmapper-2.3.5.jar;C:\Users\MinhTo\.m2\repository\javax\xml\bind\jaxb-api\2.3.1\jaxb-api-2.3.1.jar;C:\Users\MinhTo\.m2\repository\javax\activation\javax.activation-api\1.2.0\javax.activation-api-1.2.0.jar;C:\Users\MinhTo\.m2\repository\org\hibernate\hibernate-jpamodelgen\5.3.2.Final\hibernate-jpamodelgen-5.3.2.Final.jar;C:\Users\MinhTo\.m2\repository\org\mockito\mockito-core\3.11.2\mockito-core-3.11.2.jar;C:\Users\MinhTo\.m2\repository\net\bytebuddy\byte-buddy\1.11.3\byte-buddy-1.11.3.jar;C:\Users\MinhTo\.m2\repository\net\bytebuddy\byte-buddy-agent\1.11.3\byte-buddy-agent-1.11.3.jar;C:\Users\MinhTo\.m2\repository\org\objenesis\objenesis\3.2\objenesis-3.2.jar;C:\Users\MinhTo\.m2\repository\org\mockito\mockito-junit-jupiter\3.2.4\mockito-junit-jupiter-3.2.4.jar;C:\Users\MinhTo\.m2\repository\org\junit\jupiter\junit-jupiter-api\5.4.2\junit-jupiter-api-5.4.2.jar;C:\Users\MinhTo\.m2\repository\org\apiguardian\apiguardian-api\1.0.0\apiguardian-api-1.0.0.jar;C:\Users\MinhTo\.m2\repository\org\opentest4j\opentest4j\1.1.1\opentest4j-1.1.1.jar;C:\Users\MinhTo\.m2\repository\org\junit\platform\junit-platform-commons\1.4.2\junit-platform-commons-1.4.2.jar;C:\Users\MinhTo\.m2\repository\junit\junit\4.13.2\junit-4.13.2.jar;C:\Users\MinhTo\.m2\repository\org\hamcrest\hamcrest-all\1.3\hamcrest-all-1.3.jar;C:\Users\MinhTo\.m2\repository\com\microsoft\sqlserver\mssql-jdbc\7.4.1.jre8\mssql-jdbc-7.4.1.jre8.jar;C:\Users\MinhTo\.m2\repository\org\hibernate\hibernate-java8\5.0.7.Final\hibernate-java8-5.0.7.Final.jar;, java.specification.name=Java Platform API Specification, java.class.version=52.0, sun.management.compiler=HotSpot 64-Bit Tiered Compilers, os.version=10.0, user.home=C:\Users\MinhTo, user.timezone=Asia/Bangkok, java.awt.printerjob=sun.awt.windows.WPrinterJob, file.encoding=Cp1252, java.specification.version=1.8, java.class.path=E:\BT-JAVA-WEB\SpringMVCHibernate\target\test-classes;E:\BT-JAVA-WEB\SpringMVCHibernate\target\classes;C:\Users\MinhTo\.m2\repository\org\apache\struts\struts-el\1.3.10\struts-el-1.3.10.jar;C:\Users\MinhTo\.m2\repository\org\apache\struts\struts-core\1.3.10\struts-core-1.3.10.jar;C:\Users\MinhTo\.m2\repository\commons-beanutils\commons-beanutils\1.8.0\commons-beanutils-1.8.0.jar;C:\Users\MinhTo\.m2\repository\commons-chain\commons-chain\1.2\commons-chain-1.2.jar;C:\Users\MinhTo\.m2\repository\commons-validator\commons-validator\1.3.1\commons-validator-1.3.1.jar;C:\Users\MinhTo\.m2\repository\oro\oro\2.0.8\oro-2.0.8.jar;C:\Users\MinhTo\.m2\repository\org\apache\struts\struts-extras\1.3.10\struts-extras-1.3.10.jar;C:\Users\MinhTo\.m2\repository\org\apache\struts\struts-faces\1.3.10\struts-faces-1.3.10.jar;C:\Users\MinhTo\.m2\repository\org\apache\struts\struts-mailreader-dao\1.3.10\struts-mailreader-dao-1.3.10.jar;C:\Users\MinhTo\.m2\repository\commons-digester\commons-digester\1.8\commons-digester-1.8.jar;C:\Users\MinhTo\.m2\repository\commons-logging\commons-logging\1.0.4\commons-logging-1.0.4.jar;C:\Users\MinhTo\.m2\repository\org\apache\struts\struts-scripting\1.3.10\struts-scripting-1.3.10.jar;C:\Users\MinhTo\.m2\repository\bsf\bsf\2.3.0\bsf-2.3.0.jar;C:\Users\MinhTo\.m2\repository\org\apache\struts\struts-taglib\1.3.10\struts-taglib-1.3.10.jar;C:\Users\MinhTo\.m2\repository\org\apache\struts\struts-tiles\1.3.10\struts-tiles-1.3.10.jar;C:\Users\MinhTo\.m2\repository\opensymphony\sitemesh\2.4.2\sitemesh-2.4.2.jar;C:\Users\MinhTo\.m2\repository\org\eclipse\persistence\org.eclipse.persistence.core\2.7.7\org.eclipse.persistence.core-2.7.7.jar;C:\Users\MinhTo\.m2\repository\org\eclipse\persistence\org.eclipse.persistence.asm\2.7.7\org.eclipse.persistence.asm-2.7.7.jar;C:\Users\MinhTo\.m2\repository\org\eclipse\persistence\org.eclipse.persistence.antlr\2.7.7\org.eclipse.persistence.antlr-2.7.7.jar;C:\Users\MinhTo\.m2\repository\org\eclipse\persistence\org.eclipse.persistence.jpa\2.7.7\org.eclipse.persistence.jpa-2.7.7.jar;C:\Users\MinhTo\.m2\repository\org\eclipse\persistence\jakarta.persistence\2.2.3\jakarta.persistence-2.2.3.jar;C:\Users\MinhTo\.m2\repository\org\eclipse\persistence\org.eclipse.persistence.jpa.jpql\2.7.7\org.eclipse.persistence.jpa.jpql-2.7.7.jar;C:\Users\MinhTo\.m2\repository\org\eclipse\persistence\org.eclipse.persistence.moxy\2.7.7\org.eclipse.persistence.moxy-2.7.7.jar;C:\Users\MinhTo\.m2\repository\org\eclipse\persistence\javax.persistence\2.2.1\javax.persistence-2.2.1.jar;C:\Users\MinhTo\.m2\repository\javax\javaee-api\8.0\javaee-api-8.0.jar;C:\Users\MinhTo\.m2\repository\com\sun\mail\javax.mail\1.6.0\javax.mail-1.6.0.jar;C:\Users\MinhTo\.m2\repository\javax\activation\activation\1.1\activation-1.1.jar;C:\Users\MinhTo\.m2\repository\org\springframework\spring-beans\4.3.13.RELEASE\spring-beans-4.3.13.RELEASE.jar;C:\Users\MinhTo\.m2\repository\org\springframework\spring-expression\4.3.13.RELEASE\spring-expression-4.3.13.RELEASE.jar;C:\Users\MinhTo\.m2\repository\org\springframework\spring-core\4.3.13.RELEASE\spring-core-4.3.13.RELEASE.jar;C:\Users\MinhTo\.m2\repository\org\springframework\spring-web\4.3.13.RELEASE\spring-web-4.3.13.RELEASE.jar;C:\Users\MinhTo\.m2\repository\org\springframework\spring-aop\4.3.13.RELEASE\spring-aop-4.3.13.RELEASE.jar;C:\Users\MinhTo\.m2\repository\org\springframework\spring-webmvc\4.3.13.RELEASE\spring-webmvc-4.3.13.RELEASE.jar;C:\Users\MinhTo\.m2\repository\org\springframework\spring-tx\4.3.13.RELEASE\spring-tx-4.3.13.RELEASE.jar;C:\Users\MinhTo\.m2\repository\org\springframework\spring-orm\4.3.13.RELEASE\spring-orm-4.3.13.RELEASE.jar;C:\Users\MinhTo\.m2\repository\org\springframework\spring-jdbc\4.3.13.RELEASE\spring-jdbc-4.3.13.RELEASE.jar;C:\Users\MinhTo\.m2\repository\org\springframework\spring-context\4.3.13.RELEASE\spring-context-4.3.13.RELEASE.jar;C:\Users\MinhTo\.m2\repository\org\springframework\spring-context-support\4.3.13.RELEASE\spring-context-support-4.3.13.RELEASE.jar;C:\Users\MinhTo\.m2\repository\org\springframework\spring-test\4.3.13.RELEASE\spring-test-4.3.13.RELEASE.jar;C:\Users\MinhTo\.m2\repository\org\springframework\data\spring-data-jpa\1.10.2.RELEASE\spring-data-jpa-1.10.2.RELEASE.jar;C:\Users\MinhTo\.m2\repository\org\springframework\data\spring-data-commons\1.12.2.RELEASE\spring-data-commons-1.12.2.RELEASE.jar;C:\Users\MinhTo\.m2\repository\org\aspectj\aspectjrt\1.8.9\aspectjrt-1.8.9.jar;C:\Users\MinhTo\.m2\repository\org\springframework\security\spring-security-web\4.0.2.RELEASE\spring-security-web-4.0.2.RELEASE.jar;C:\Users\MinhTo\.m2\repository\aopalliance\aopalliance\1.0\aopalliance-1.0.jar;C:\Users\MinhTo\.m2\repository\org\springframework\security\spring-security-core\4.0.2.RELEASE\spring-security-core-4.0.2.RELEASE.jar;C:\Users\MinhTo\.m2\repository\org\springframework\security\spring-security-acl\4.0.2.RELEASE\spring-security-acl-4.0.2.RELEASE.jar;C:\Users\MinhTo\.m2\repository\org\springframework\security\spring-security-config\4.0.2.RELEASE\spring-security-config-4.0.2.RELEASE.jar;C:\Users\MinhTo\.m2\repository\org\springframework\security\spring-security-taglibs\4.0.2.RELEASE\spring-security-taglibs-4.0.2.RELEASE.jar;C:\Users\MinhTo\.m2\repository\org\springframework\security\spring-security-oauth2-authorization-server\0.2.0\spring-security-oauth2-authorization-server-0.2.0.jar;C:\Users\MinhTo\.m2\repository\com\nimbusds\nimbus-jose-jwt\9.10.1\nimbus-jose-jwt-9.10.1.jar;C:\Users\MinhTo\.m2\repository\com\github\stephenc\jcip\jcip-annotations\1.0-1\jcip-annotations-1.0-1.jar;C:\Users\MinhTo\.m2\repository\org\springframework\security\spring-security-oauth2-core\5.5.2\spring-security-oauth2-core-5.5.2.jar;C:\Users\MinhTo\.m2\repository\org\springframework\security\spring-security-oauth2-jose\5.5.2\spring-security-oauth2-jose-5.5.2.jar;C:\Users\MinhTo\.m2\repository\org\springframework\security\spring-security-oauth2-resource-server\5.5.2\spring-security-oauth2-resource-server-5.5.2.jar;C:\Users\MinhTo\.m2\repository\javax\servlet\javax.servlet-api\3.0.1\javax.servlet-api-3.0.1.jar;C:\Users\MinhTo\.m2\repository\org\springframework\spring-aspects\4.3.13.RELEASE\spring-aspects-4.3.13.RELEASE.jar;C:\Users\MinhTo\.m2\repository\org\aspectj\aspectjweaver\1.8.9\aspectjweaver-1.8.9.jar;C:\Users\MinhTo\.m2\repository\javax\servlet\jsp\javax.servlet.jsp-api\2.3.1\javax.servlet.jsp-api-2.3.1.jar;C:\Users\MinhTo\.m2\repository\javax\servlet\jstl\1.2\jstl-1.2.jar;C:\Users\MinhTo\.m2\repository\taglibs\standard\1.1.2\standard-1.1.2.jar;C:\Users\MinhTo\.m2\repository\javax\faces\javax.faces-api\2.3\javax.faces-api-2.3.jar;C:\Users\MinhTo\.m2\repository\org\hibernate\hibernate-core\4.3.6.Final\hibernate-core-4.3.6.Final.jar;C:\Users\MinhTo\.m2\repository\org\jboss\logging\jboss-logging\3.1.3.GA\jboss-logging-3.1.3.GA.jar;C:\Users\MinhTo\.m2\repository\org\jboss\logging\jboss-logging-annotations\1.2.0.Beta1\jboss-logging-annotations-1.2.0.Beta1.jar;C:\Users\MinhTo\.m2\repository\org\jboss\spec\javax\transaction\jboss-transaction-api_1.2_spec\1.0.0.Final\jboss-transaction-api_1.2_spec-1.0.0.Final.jar;C:\Users\MinhTo\.m2\repository\dom4j\dom4j\1.6.1\dom4j-1.6.1.jar;C:\Users\MinhTo\.m2\repository\xml-apis\xml-apis\1.0.b2\xml-apis-1.0.b2.jar;C:\Users\MinhTo\.m2\repository\org\hibernate\common\hibernate-commons-annotations\4.0.5.Final\hibernate-commons-annotations-4.0.5.Final.jar;C:\Users\MinhTo\.m2\repository\org\javassist\javassist\3.18.1-GA\javassist-3.18.1-GA.jar;C:\Users\MinhTo\.m2\repository\antlr\antlr\2.7.7\antlr-2.7.7.jar;C:\Users\MinhTo\.m2\repository\org\jboss\jandex\1.1.0.Final\jandex-1.1.0.Final.jar;C:\Users\MinhTo\.m2\repository\org\hibernate\hibernate-entitymanager\4.3.6.Final\hibernate-entitymanager-4.3.6.Final.jar;C:\Users\MinhTo\.m2\repository\org\hibernate\javax\persistence\hibernate-jpa-2.1-api\1.0.0.Final\hibernate-jpa-2.1-api-1.0.0.Final.jar;C:\Users\MinhTo\.m2\repository\org\slf4j\slf4j-api\1.7.5\slf4j-api-1.7.5.jar;C:\Users\MinhTo\.m2\repository\org\slf4j\jcl-over-slf4j\1.7.5\jcl-over-slf4j-1.7.5.jar;C:\Users\MinhTo\.m2\repository\org\slf4j\slf4j-log4j12\1.7.5\slf4j-log4j12-1.7.5.jar;C:\Users\MinhTo\.m2\repository\log4j\log4j\1.2.15\log4j-1.2.15.jar;C:\Users\MinhTo\.m2\repository\com\fasterxml\jackson\core\jackson-core\2.9.6\jackson-core-2.9.6.jar;C:\Users\MinhTo\.m2\repository\com\fasterxml\jackson\core\jackson-annotations\2.9.6\jackson-annotations-2.9.6.jar;C:\Users\MinhTo\.m2\repository\com\fasterxml\jackson\core\jackson-databind\2.9.6\jackson-databind-2.9.6.jar;C:\Users\MinhTo\.m2\repository\commons-dbcp\commons-dbcp\1.4\commons-dbcp-1.4.jar;C:\Users\MinhTo\.m2\repository\commons-pool\commons-pool\1.5.4\commons-pool-1.5.4.jar;C:\Users\MinhTo\.m2\repository\org\modelmapper\modelmapper\2.3.5\modelmapper-2.3.5.jar;C:\Users\MinhTo\.m2\repository\javax\xml\bind\jaxb-api\2.3.1\jaxb-api-2.3.1.jar;C:\Users\MinhTo\.m2\repository\javax\activation\javax.activation-api\1.2.0\javax.activation-api-1.2.0.jar;C:\Users\MinhTo\.m2\repository\org\hibernate\hibernate-jpamodelgen\5.3.2.Final\hibernate-jpamodelgen-5.3.2.Final.jar;C:\Users\MinhTo\.m2\repository\org\mockito\mockito-core\3.11.2\mockito-core-3.11.2.jar;C:\Users\MinhTo\.m2\repository\net\bytebuddy\byte-buddy\1.11.3\byte-buddy-1.11.3.jar;C:\Users\MinhTo\.m2\repository\net\bytebuddy\byte-buddy-agent\1.11.3\byte-buddy-agent-1.11.3.jar;C:\Users\MinhTo\.m2\repository\org\objenesis\objenesis\3.2\objenesis-3.2.jar;C:\Users\MinhTo\.m2\repository\org\mockito\mockito-junit-jupiter\3.2.4\mockito-junit-jupiter-3.2.4.jar;C:\Users\MinhTo\.m2\repository\org\junit\jupiter\junit-jupiter-api\5.4.2\junit-jupiter-api-5.4.2.jar;C:\Users\MinhTo\.m2\repository\org\apiguardian\apiguardian-api\1.0.0\apiguardian-api-1.0.0.jar;C:\Users\MinhTo\.m2\repository\org\opentest4j\opentest4j\1.1.1\opentest4j-1.1.1.jar;C:\Users\MinhTo\.m2\repository\org\junit\platform\junit-platform-commons\1.4.2\junit-platform-commons-1.4.2.jar;C:\Users\MinhTo\.m2\repository\junit\junit\4.13.2\junit-4.13.2.jar;C:\Users\MinhTo\.m2\repository\org\hamcrest\hamcrest-all\1.3\hamcrest-all-1.3.jar;C:\Users\MinhTo\.m2\repository\com\microsoft\sqlserver\mssql-jdbc\7.4.1.jre8\mssql-jdbc-7.4.1.jre8.jar;C:\Users\MinhTo\.m2\repository\org\hibernate\hibernate-java8\5.0.7.Final\hibernate-java8-5.0.7.Final.jar;, user.name=MinhTo, java.vm.specification.version=1.8, sun.java.command=E:\BT-JAVA-WEB\SpringMVCHibernate\target\surefire\surefirebooter6821871679518693960.jar E:\BT-JAVA-WEB\SpringMVCHibernate\target\surefire\surefire4457562381731493762tmp E:\BT-JAVA-WEB\SpringMVCHibernate\target\surefire\surefire_08669293951799136018tmp, java.home=C:\Program Files\Java\jdk1.8.0_241\jre, sun.arch.data.model=64, user.language=en, java.specification.vendor=Oracle Corporation, user.language.format=vi, awt.toolkit=sun.awt.windows.WToolkit, java.vm.info=mixed mode, java.version=1.8.0_241, java.ext.dirs=C:\Program Files\Java\jdk1.8.0_241\jre\lib\ext;C:\WINDOWS\Sun\Java\lib\ext, sun.boot.class.path=C:\Program Files\Java\jdk1.8.0_241\jre\lib\resources.jar;C:\Program Files\Java\jdk1.8.0_241\jre\lib\rt.jar;C:\Program Files\Java\jdk1.8.0_241\jre\lib\sunrsasign.jar;C:\Program Files\Java\jdk1.8.0_241\jre\lib\jsse.jar;C:\Program Files\Java\jdk1.8.0_241\jre\lib\jce.jar;C:\Program Files\Java\jdk1.8.0_241\jre\lib\charsets.jar;C:\Program Files\Java\jdk1.8.0_241\jre\lib\jfr.jar;C:\Program Files\Java\jdk1.8.0_241\jre\classes, java.vendor=Oracle Corporation, localRepository=C:\Users\MinhTo\.m2\repository, file.separator=\, java.vendor.url.bug=http://bugreport.sun.com/bugreport/, sun.io.unicode.encoding=UnicodeLittle, sun.cpu.endian=little, sun.desktop=windows, sun.cpu.isalist=amd64}}, SystemEnvironmentPropertySource@876213901 {name='systemEnvironment', properties={PATH=C:/Program Files/Java/jdk1.8.0_241/bin/../jre/bin/server;C:/Program Files/Java/jdk1.8.0_241/bin/../jre/bin;C:/Program Files/Java/jdk1.8.0_241/bin/../jre/lib/amd64;C:\WINDOWS\system32;C:\WINDOWS;C:\Program Files (x86)\Common Files\Oracle\Java\javapath;C:\ProgramData\Oracle\Java\javapath;C:\Program Files\Java\jdk1.8.0_241\bin;E:\java wed\apache-maven-3.6.0\bin;C:\Program Files\Microsoft JDBC Driver 8.4 for SQL Server\sqljdbc_8.4\enu\mssql-jdbc-8.4.1.jre11.jar;C:\Program Files (x86)\Microsoft SQL Server\150\Tools\Binn\;C:\Program Files\Microsoft SQL Server\150\Tools\Binn\;C:\Program Files (x86)\Microsoft SQL Server\150\DTS\Binn\;C:\Program Files\Microsoft SQL Server\150\DTS\Binn\;C:\Program Files\Microsoft SQL Server\Client SDK\ODBC\170\Tools\Binn\;C:\Users\MinhTo\GlassFish_Server\glassfish\bin;\cygdrive\C\Program Files\Java\jdk1.8.0_241\bin;C:\Program Files\Java\jdk1.8.0_241\lib;C:\Program Files\Java\jre1.8.0_241\lib;C:\Program Files\Java\jre1.8.0_241\bin;C:\cygwin64\bin;C:\Users\MinhTo\GlassFish_Server\glassfish\lib\javaee.jar;C:\Program Files\NVIDIA Corporation\NVIDIA NvDLISR;C:\Program Files\dotnet\;E:\Program Files\Git\cmd;C:\Program Files\Microsoft SQL Server\Client SDK\ODBC\110\Tools\Binn\;C:\Program Files (x86)\Microsoft SQL Server\120\Tools\Binn\;C:\Program Files\Microsoft SQL Server\120\Tools\Binn\;C:\Program Files\Microsoft SQL Server\120\DTS\Binn\;E:\TOMCAT\apache-tomcat-8.5.70\bin;C:\Program Files\nodejs;C:\Program Files\Java\jdk1.8.0_241\bin;C:\Users\MinhTo\AppData\Local\Microsoft\WindowsApps;C:\Users\MinhTo\AppData\Local\Programs\Microsoft VS Code\bin;C:\Users\MinhTo\AppData\Roaming\npm;C:\Program Files\Microsoft JDBC Driver 8.4 for SQL Server\sqljdbc_8.4\enu\mssql-jdbc-8.4.1.jre11.jar;\cygdrive\C\Program Files\Java\jdk1.8.0_241\bin;C:\Users\MinhTo\GlassFish_Server\glassfish\lib\javaee.jar;C:\Program Files\Java\jdk1.8.0_241\lib;C:\Users\MinhTo\AppData\Local\GitHubDesktop\bin;d:\openpose\anaconda3\lib;C:\Users\MinhTo\AppData\Roaming\Python\Python38;D:\OpenPose\anaconda3\Library\bin;D:\OpenPose\anaconda3\Lib;C:\Program Files\nodejs;;E:\java wed\eclipse-jee-2018-09-win32-x86_64\eclipse;, USERDOMAIN_ROAMINGPROFILE=MINHTO-PC, PROCESSOR_LEVEL=6, SYSTEMDRIVE=C:, M2=E:\java wed\apache-maven-3.6.0\bin MAVEN_OPTS=-Xms256m -Xmx512m, SESSIONNAME=Console, ALLUSERSPROFILE=C:\ProgramData, PROCESSOR_ARCHITECTURE=AMD64, DRIVERDATA=C:\Windows\System32\Drivers\DriverData, =E:=E:\BT-JAVA-WEB\SpringMVCHibernate, MAVEN_HOME=E:\java wed\apache-maven-3.6.0, PROGRAMFILES=C:\Program Files, PSMODULEPATH=C:\Program Files\WindowsPowerShell\Modules;C:\WINDOWS\system32\WindowsPowerShell\v1.0\Modules;C:\Program Files (x86)\Microsoft SQL Server\150\Tools\PowerShell\Modules\;C:\Program Files (x86)\Microsoft SQL Server\120\Tools\PowerShell\Modules\, PROGRAMDATA=C:\ProgramData, CHOCOLATEYLASTPATHUPDATE=132297907597727568, USERNAME=MinhTo, FPS_BROWSER_USER_PROFILE_STRING=Default, ONEDRIVE=C:\Users\MinhTo\OneDrive, PATHEXT=.COM;.EXE;.BAT;.CMD;.VBS;.VBE;.JS;.JSE;.WSF;.WSH;.MSC, ONEDRIVECONSUMER=C:\Users\MinhTo\OneDrive, WINDIR=C:\WINDOWS, HOMEPATH=\Users\MinhTo, PROCESSOR_IDENTIFIER=Intel64 Family 6 Model 94 Stepping 3, GenuineIntel, M2_HOME=E:\java wed\apache-maven-3.6.0, PUBLIC=C:\Users\Public, =::=::\, MSMPI_BENCHMARKS=C:\Program Files\Microsoft MPI\Benchmarks\, LOCALAPPDATA=C:\Users\MinhTo\AppData\Local, MSMPI_BIN=C:\Program Files\Microsoft MPI\Bin\, COMMONPROGRAMFILES(X86)=C:\Program Files (x86)\Common Files, USERDOMAIN=MINHTO-PC, FPS_BROWSER_APP_PROFILE_STRING=Internet Explorer, LOGONSERVER=\\MINHTO-PC, JAVA_HOME=C:\Program Files\Java\jdk1.8.0_241, PROMPT=$P$G, PROGRAMFILES(X86)=C:\Program Files (x86), QT_DEVICE_PIXEL_RATIO=auto, =C:=C:\, APPDATA=C:\Users\MinhTo\AppData\Roaming, PROGRAMW6432=C:\Program Files, SYSTEMROOT=C:\WINDOWS, CHOCOLATEYINSTALL=C:\ProgramData\chocolatey, PT7HOME=E:\Program Files\Cisco Packet Tracer 7.2, OS=Windows_NT, COMMONPROGRAMW6432=C:\Program Files\Common Files, COMPUTERNAME=MINHTO-PC, COMMONPROGRAMFILES=C:\Program Files\Common Files, COMSPEC=C:\WINDOWS\system32\cmd.exe, CATALINA_HOME=E:\TOMCAT\apache-tomcat-8.5.70, PROCESSOR_REVISION=5e03, CLASSPATH=.;C:\Program Files\Java\jdk1.8.0_241\bin;.;C:\Program Files\Java\jdk1.8.0_241\lib;, TEMP=C:\Users\MinhTo\AppData\Local\Temp, HOMEDRIVE=C:, USERPROFILE=C:\Users\MinhTo, TMP=C:\Users\MinhTo\AppData\Local\Temp, NUMBER_OF_PROCESSORS=8}}]
2021-09-28 13:45:43 INFO  XmlBeanDefinitionReader:317 - Loading XML bean definitions from class path resource [applicationContext-persistence-test.xml]
2021-09-28 13:45:43 DEBUG DefaultDocumentLoader:73 - Using JAXP provider [com.sun.org.apache.xerces.internal.jaxp.DocumentBuilderFactoryImpl]
2021-09-28 13:45:43 DEBUG PluggableSchemaResolver:141 - Loading schema mappings from [META-INF/spring.schemas]
2021-09-28 13:45:43 DEBUG PluggableSchemaResolver:147 - Loaded schema mappings: {http://www.springframework.org/schema/tx/spring-tx-2.5.xsd=org/springframework/transaction/config/spring-tx-2.5.xsd, http://www.springframework.org/schema/tx/spring-tx-4.3.xsd=org/springframework/transaction/config/spring-tx-4.3.xsd, http://www.springframework.org/schema/cache/spring-cache-4.2.xsd=org/springframework/cache/config/spring-cache-4.2.xsd, http://www.springframework.org/schema/aop/spring-aop-4.1.xsd=org/springframework/aop/config/spring-aop-4.1.xsd, http://www.springframework.org/schema/context/spring-context-3.1.xsd=org/springframework/context/config/spring-context-3.1.xsd, http://www.springframework.org/schema/data/repository/spring-repository-1.4.xsd=org/springframework/data/repository/config/spring-repository-1.4.xsd, http://www.springframework.org/schema/jdbc/spring-jdbc-4.1.xsd=org/springframework/jdbc/config/spring-jdbc-4.1.xsd, http://www.springframework.org/schema/util/spring-util-3.0.xsd=org/springframework/beans/factory/xml/spring-util-3.0.xsd, http://www.springframework.org/schema/mvc/spring-mvc-4.1.xsd=org/springframework/web/servlet/config/spring-mvc-4.1.xsd, http://www.springframework.org/schema/data/jpa/spring-jpa.xsd=org/springframework/data/jpa/repository/config/spring-jpa-1.8.xsd, http://www.springframework.org/schema/security/spring-security-3.0.3.xsd=org/springframework/security/config/spring-security-3.0.3.xsd, http://www.springframework.org/schema/security/spring-security-2.0.1.xsd=org/springframework/security/config/spring-security-2.0.1.xsd, http://www.springframework.org/schema/tool/spring-tool.xsd=org/springframework/beans/factory/xml/spring-tool-4.3.xsd, http://www.springframework.org/schema/aop/spring-aop-3.2.xsd=org/springframework/aop/config/spring-aop-3.2.xsd, http://www.springframework.org/schema/lang/spring-lang-4.1.xsd=org/springframework/scripting/config/spring-lang-4.1.xsd, http://www.springframework.org/schema/context/spring-context-4.0.xsd=org/springframework/context/config/spring-context-4.0.xsd, http://www.springframework.org/schema/mvc/spring-mvc-3.2.xsd=org/springframework/web/servlet/config/spring-mvc-3.2.xsd, http://www.springframework.org/schema/beans/spring-beans-4.2.xsd=org/springframework/beans/factory/xml/spring-beans-4.2.xsd, http://www.springframework.org/schema/tool/spring-tool-4.1.xsd=org/springframework/beans/factory/xml/spring-tool-4.1.xsd, http://www.springframework.org/schema/lang/spring-lang-3.2.xsd=org/springframework/scripting/config/spring-lang-3.2.xsd, http://www.springframework.org/schema/cache/spring-cache-3.2.xsd=org/springframework/cache/config/spring-cache-3.2.xsd, http://www.springframework.org/schema/jee/spring-jee-4.1.xsd=org/springframework/ejb/config/spring-jee-4.1.xsd, http://www.springframework.org/schema/jdbc/spring-jdbc-3.1.xsd=org/springframework/jdbc/config/spring-jdbc-3.1.xsd, http://www.springframework.org/schema/task/spring-task-4.2.xsd=org/springframework/scheduling/config/spring-task-4.2.xsd, http://www.springframework.org/schema/util/spring-util-2.0.xsd=org/springframework/beans/factory/xml/spring-util-2.0.xsd, http://www.springframework.org/schema/context/spring-context.xsd=org/springframework/context/config/spring-context-4.3.xsd, http://www.springframework.org/schema/tool/spring-tool-3.2.xsd=org/springframework/beans/factory/xml/spring-tool-3.2.xsd, http://www.springframework.org/schema/tx/spring-tx-4.2.xsd=org/springframework/transaction/config/spring-tx-4.2.xsd, http://www.springframework.org/schema/cache/spring-cache-4.1.xsd=org/springframework/cache/config/spring-cache-4.1.xsd, http://www.springframework.org/schema/aop/spring-aop-4.0.xsd=org/springframework/aop/config/spring-aop-4.0.xsd, http://www.springframework.org/schema/security/spring-security-2.0.xsd=org/springframework/security/config/spring-security-2.0.xsd, http://www.springframework.org/schema/jee/spring-jee-3.2.xsd=org/springframework/ejb/config/spring-jee-3.2.xsd, http://www.springframework.org/schema/context/spring-context-3.0.xsd=org/springframework/context/config/spring-context-3.0.xsd, http://www.springframework.org/schema/jdbc/spring-jdbc-4.0.xsd=org/springframework/jdbc/config/spring-jdbc-4.0.xsd, http://www.springframework.org/schema/util/spring-util-2.5.xsd=org/springframework/beans/factory/xml/spring-util-2.5.xsd, http://www.springframework.org/schema/mvc/spring-mvc-4.0.xsd=org/springframework/web/servlet/config/spring-mvc-4.0.xsd, http://www.springframework.org/schema/util/spring-util-4.3.xsd=org/springframework/beans/factory/xml/spring-util-4.3.xsd, http://www.springframework.org/schema/beans/spring-beans-3.2.xsd=org/springframework/beans/factory/xml/spring-beans-3.2.xsd, http://www.springframework.org/schema/aop/spring-aop-3.1.xsd=org/springframework/aop/config/spring-aop-3.1.xsd, http://www.springframework.org/schema/lang/spring-lang-4.0.xsd=org/springframework/scripting/config/spring-lang-4.0.xsd, http://www.springframework.org/schema/data/repository/spring-repository-1.8.xsd=org/springframework/data/repository/config/spring-repository-1.8.xsd, http://www.springframework.org/schema/mvc/spring-mvc.xsd=org/springframework/web/servlet/config/spring-mvc-4.3.xsd, http://www.springframework.org/schema/mvc/spring-mvc-3.1.xsd=org/springframework/web/servlet/config/spring-mvc-3.1.xsd, http://www.springframework.org/schema/beans/spring-beans-4.1.xsd=org/springframework/beans/factory/xml/spring-beans-4.1.xsd, http://www.springframework.org/schema/tool/spring-tool-4.0.xsd=org/springframework/beans/factory/xml/spring-tool-4.0.xsd, http://www.springframework.org/schema/lang/spring-lang-3.1.xsd=org/springframework/scripting/config/spring-lang-3.1.xsd, http://www.springframework.org/schema/tx/spring-tx-3.2.xsd=org/springframework/transaction/config/spring-tx-3.2.xsd, http://www.springframework.org/schema/cache/spring-cache-3.1.xsd=org/springframework/cache/config/spring-cache-3.1.xsd, http://www.springframework.org/schema/jee/spring-jee-4.0.xsd=org/springframework/ejb/config/spring-jee-4.0.xsd, http://www.springframework.org/schema/jdbc/spring-jdbc-3.0.xsd=org/springframework/jdbc/config/spring-jdbc-3.0.xsd, http://www.springframework.org/schema/task/spring-task-4.1.xsd=org/springframework/scheduling/config/spring-task-4.1.xsd, http://www.springframework.org/schema/jdbc/spring-jdbc.xsd=org/springframework/jdbc/config/spring-jdbc-4.3.xsd, http://www.springframework.org/schema/tool/spring-tool-3.1.xsd=org/springframework/beans/factory/xml/spring-tool-3.1.xsd, http://www.springframework.org/schema/tx/spring-tx-4.1.xsd=org/springframework/transaction/config/spring-tx-4.1.xsd, http://www.springframework.org/schema/cache/spring-cache-4.0.xsd=org/springframework/cache/config/spring-cache-4.0.xsd, http://www.springframework.org/schema/jee/spring-jee-3.1.xsd=org/springframework/ejb/config/spring-jee-3.1.xsd, http://www.springframework.org/schema/task/spring-task-3.2.xsd=org/springframework/scheduling/config/spring-task-3.2.xsd, http://www.springframework.org/schema/util/spring-util-4.2.xsd=org/springframework/beans/factory/xml/spring-util-4.2.xsd, http://www.springframework.org/schema/beans/spring-beans-3.1.xsd=org/springframework/beans/factory/xml/spring-beans-3.1.xsd, http://www.springframework.org/schema/util/spring-util.xsd=org/springframework/beans/factory/xml/spring-util-4.3.xsd, http://www.springframework.org/schema/data/jpa/spring-jpa-1.3.xsd=org/springframework/data/jpa/repository/config/spring-jpa-1.3.xsd, http://www.springframework.org/schema/aop/spring-aop-3.0.xsd=org/springframework/aop/config/spring-aop-3.0.xsd, http://www.springframework.org/schema/data/repository/spring-repository.xsd=org/springframework/data/repository/config/spring-repository-1.11.xsd, http://www.springframework.org/schema/data/repository/spring-repository-1.7.xsd=org/springframework/data/repository/config/spring-repository-1.7.xsd, http://www.springframework.org/schema/mvc/spring-mvc-3.0.xsd=org/springframework/web/servlet/config/spring-mvc-3.0.xsd, http://www.springframework.org/schema/beans/spring-beans-4.0.xsd=org/springframework/beans/factory/xml/spring-beans-4.0.xsd, http://www.springframework.org/schema/data/jpa/spring-jpa-1.8.xsd=org/springframework/data/jpa/repository/config/spring-jpa-1.8.xsd, http://www.springframework.org/schema/beans/spring-beans.xsd=org/springframework/beans/factory/xml/spring-beans-4.3.xsd, http://www.springframework.org/schema/security/spring-security-2.0.4.xsd=org/springframework/security/config/spring-security-2.0.4.xsd, http://www.springframework.org/schema/lang/spring-lang-3.0.xsd=org/springframework/scripting/config/spring-lang-3.0.xsd, http://www.springframework.org/schema/tx/spring-tx-3.1.xsd=org/springframework/transaction/config/spring-tx-3.1.xsd, http://www.springframework.org/schema/context/spring-context-4.3.xsd=org/springframework/context/config/spring-context-4.3.xsd, http://www.springframework.org/schema/context/spring-context-2.5.xsd=org/springframework/context/config/spring-context-2.5.xsd, http://www.springframework.org/schema/task/spring-task-4.0.xsd=org/springframework/scheduling/config/spring-task-4.0.xsd, http://www.springframework.org/schema/tool/spring-tool-3.0.xsd=org/springframework/beans/factory/xml/spring-tool-3.0.xsd, http://www.springframework.org/schema/tx/spring-tx-4.0.xsd=org/springframework/transaction/config/spring-tx-4.0.xsd, http://www.springframework.org/schema/aop/spring-aop-2.0.xsd=org/springframework/aop/config/spring-aop-2.0.xsd, http://www.springframework.org/schema/security/spring-security-3.2.xsd=org/springframework/security/config/spring-security-3.2.xsd, http://www.springframework.org/schema/jee/spring-jee-3.0.xsd=org/springframework/ejb/config/spring-jee-3.0.xsd, http://www.springframework.org/schema/task/spring-task-3.1.xsd=org/springframework/scheduling/config/spring-task-3.1.xsd, http://www.springframework.org/schema/util/spring-util-4.1.xsd=org/springframework/beans/factory/xml/spring-util-4.1.xsd, http://www.springframework.org/schema/beans/spring-beans-3.0.xsd=org/springframework/beans/factory/xml/spring-beans-3.0.xsd, http://www.springframework.org/schema/data/jpa/spring-jpa-1.2.xsd=org/springframework/data/jpa/repository/config/spring-jpa-1.2.xsd, http://www.springframework.org/schema/jee/spring-jee.xsd=org/springframework/ejb/config/spring-jee-4.3.xsd, http://www.springframework.org/schema/aop/spring-aop-2.5.xsd=org/springframework/aop/config/spring-aop-2.5.xsd, http://www.springframework.org/schema/aop/spring-aop-4.3.xsd=org/springframework/aop/config/spring-aop-4.3.xsd, http://www.springframework.org/schema/lang/spring-lang-2.0.xsd=org/springframework/scripting/config/spring-lang-2.0.xsd, http://www.springframework.org/schema/data/repository/spring-repository-1.6.xsd=org/springframework/data/repository/config/spring-repository-1.6.xsd, http://www.springframework.org/schema/jdbc/spring-jdbc-4.3.xsd=org/springframework/jdbc/config/spring-jdbc-4.3.xsd, http://www.springframework.org/schema/mvc/spring-mvc-4.3.xsd=org/springframework/web/servlet/config/spring-mvc-4.3.xsd, http://www.springframework.org/schema/util/spring-util-3.2.xsd=org/springframework/beans/factory/xml/spring-util-3.2.xsd, http://www.springframework.org/schema/task/spring-task.xsd=org/springframework/scheduling/config/spring-task-4.3.xsd, http://www.springframework.org/schema/tool/spring-tool-2.0.xsd=org/springframework/beans/factory/xml/spring-tool-2.0.xsd, http://www.springframework.org/schema/lang/spring-lang-4.3.xsd=org/springframework/scripting/config/spring-lang-4.3.xsd, http://www.springframework.org/schema/lang/spring-lang-2.5.xsd=org/springframework/scripting/config/spring-lang-2.5.xsd, http://www.springframework.org/schema/tx/spring-tx-3.0.xsd=org/springframework/transaction/config/spring-tx-3.0.xsd, http://www.springframework.org/schema/context/spring-context-4.2.xsd=org/springframework/context/config/spring-context-4.2.xsd, http://www.springframework.org/schema/jee/spring-jee-2.0.xsd=org/springframework/ejb/config/spring-jee-2.0.xsd, http://www.springframework.org/schema/tool/spring-tool-4.3.xsd=org/springframework/beans/factory/xml/spring-tool-4.3.xsd, http://www.springframework.org/schema/tool/spring-tool-2.5.xsd=org/springframework/beans/factory/xml/spring-tool-2.5.xsd, http://www.springframework.org/schema/security/spring-security-3.1.xsd=org/springframework/security/config/spring-security-3.1.xsd, http://www.springframework.org/schema/jee/spring-jee-4.3.xsd=org/springframework/ejb/config/spring-jee-4.3.xsd, http://www.springframework.org/schema/jee/spring-jee-2.5.xsd=org/springframework/ejb/config/spring-jee-2.5.xsd, http://www.springframework.org/schema/data/repository/spring-repository-1.0.xsd=org/springframework/data/repository/config/spring-repository-1.0.xsd, http://www.springframework.org/schema/task/spring-task-3.0.xsd=org/springframework/scheduling/config/spring-task-3.0.xsd, http://www.springframework.org/schema/util/spring-util-4.0.xsd=org/springframework/beans/factory/xml/spring-util-4.0.xsd, http://www.springframework.org/schema/data/jpa/spring-jpa-1.1.xsd=org/springframework/data/jpa/repository/config/spring-jpa-1.1.xsd, http://www.springframework.org/schema/cache/spring-cache-4.3.xsd=org/springframework/cache/config/spring-cache-4.3.xsd, http://www.springframework.org/schema/aop/spring-aop-4.2.xsd=org/springframework/aop/config/spring-aop-4.2.xsd, http://www.springframework.org/schema/security/spring-security-4.0.xsd=org/springframework/security/config/spring-security-4.0.xsd, http://www.springframework.org/schema/lang/spring-lang.xsd=org/springframework/scripting/config/spring-lang-4.3.xsd, http://www.springframework.org/schema/context/spring-context-3.2.xsd=org/springframework/context/config/spring-context-3.2.xsd, http://www.springframework.org/schema/data/repository/spring-repository-1.5.xsd=org/springframework/data/repository/config/spring-repository-1.5.xsd, http://www.springframework.org/schema/jdbc/spring-jdbc-4.2.xsd=org/springframework/jdbc/config/spring-jdbc-4.2.xsd, http://www.springframework.org/schema/mvc/spring-mvc-4.2.xsd=org/springframework/web/servlet/config/spring-mvc-4.2.xsd, http://www.springframework.org/schema/util/spring-util-3.1.xsd=org/springframework/beans/factory/xml/spring-util-3.1.xsd, http://www.springframework.org/schema/beans/spring-beans-2.0.xsd=org/springframework/beans/factory/xml/spring-beans-2.0.xsd, http://www.springframework.org/schema/cache/spring-cache.xsd=org/springframework/cache/config/spring-cache-4.3.xsd, http://www.springframework.org/schema/tx/spring-tx.xsd=org/springframework/transaction/config/spring-tx-4.3.xsd, http://www.springframework.org/schema/security/spring-security-2.0.2.xsd=org/springframework/security/config/spring-security-2.0.2.xsd, http://www.springframework.org/schema/lang/spring-lang-4.2.xsd=org/springframework/scripting/config/spring-lang-4.2.xsd, http://www.springframework.org/schema/context/spring-context-4.1.xsd=org/springframework/context/config/spring-context-4.1.xsd, http://www.springframework.org/schema/beans/spring-beans-2.5.xsd=org/springframework/beans/factory/xml/spring-beans-2.5.xsd, http://www.springframework.org/schema/beans/spring-beans-4.3.xsd=org/springframework/beans/factory/xml/spring-beans-4.3.xsd, http://www.springframework.org/schema/tool/spring-tool-4.2.xsd=org/springframework/beans/factory/xml/spring-tool-4.2.xsd, http://www.springframework.org/schema/security/spring-security.xsd=org/springframework/security/config/spring-security-4.0.xsd, http://www.springframework.org/schema/tx/spring-tx-2.0.xsd=org/springframework/transaction/config/spring-tx-2.0.xsd, http://www.springframework.org/schema/security/spring-security-3.0.xsd=org/springframework/security/config/spring-security-3.0.xsd, http://www.springframework.org/schema/data/repository/spring-repository-1.11.xsd=org/springframework/data/repository/config/spring-repository-1.11.xsd, http://www.springframework.org/schema/jee/spring-jee-4.2.xsd=org/springframework/ejb/config/spring-jee-4.2.xsd, http://www.springframework.org/schema/jdbc/spring-jdbc-3.2.xsd=org/springframework/jdbc/config/spring-jdbc-3.2.xsd, http://www.springframework.org/schema/task/spring-task-4.3.xsd=org/springframework/scheduling/config/spring-task-4.3.xsd, http://www.springframework.org/schema/aop/spring-aop.xsd=org/springframework/aop/config/spring-aop-4.3.xsd, http://www.springframework.org/schema/data/jpa/spring-jpa-1.0.xsd=org/springframework/data/jpa/repository/config/spring-jpa-1.0.xsd}
2021-09-28 13:45:43 DEBUG PluggableSchemaResolver:119 - Found XML schema [http://www.springframework.org/schema/beans/spring-beans.xsd] in classpath: org/springframework/beans/factory/xml/spring-beans-4.3.xsd
2021-09-28 13:45:43 DEBUG PluggableSchemaResolver:119 - Found XML schema [http://www.springframework.org/schema/context/spring-context.xsd] in classpath: org/springframework/context/config/spring-context-4.3.xsd
2021-09-28 13:45:43 DEBUG PluggableSchemaResolver:119 - Found XML schema [http://www.springframework.org/schema/tool/spring-tool-4.3.xsd] in classpath: org/springframework/beans/factory/xml/spring-tool-4.3.xsd
2021-09-28 13:45:43 DEBUG PluggableSchemaResolver:119 - Found XML schema [http://www.springframework.org/schema/mvc/spring-mvc.xsd] in classpath: org/springframework/web/servlet/config/spring-mvc-4.3.xsd
2021-09-28 13:45:43 DEBUG PluggableSchemaResolver:119 - Found XML schema [http://www.springframework.org/schema/data/jpa/spring-jpa.xsd] in classpath: org/springframework/data/jpa/repository/config/spring-jpa-1.8.xsd
2021-09-28 13:45:43 DEBUG PluggableSchemaResolver:119 - Found XML schema [http://www.springframework.org/schema/data/repository/spring-repository.xsd] in classpath: org/springframework/data/repository/config/spring-repository-1.11.xsd
2021-09-28 13:45:43 DEBUG DefaultBeanDefinitionDocumentReader:92 - Loading bean definitions
2021-09-28 13:45:43 DEBUG DefaultNamespaceHandlerResolver:157 - Loaded NamespaceHandler mappings: {http://www.springframework.org/schema/p=org.springframework.beans.factory.xml.SimplePropertyNamespaceHandler, http://www.springframework.org/schema/mvc=org.springframework.web.servlet.config.MvcNamespaceHandler, http://www.springframework.org/schema/util=org.springframework.beans.factory.xml.UtilNamespaceHandler, http://www.springframework.org/schema/jee=org.springframework.ejb.config.JeeNamespaceHandler, http://www.springframework.org/schema/aop=org.springframework.aop.config.AopNamespaceHandler, http://www.springframework.org/schema/data/repository=org.springframework.data.repository.config.RepositoryNameSpaceHandler, http://www.springframework.org/schema/jdbc=org.springframework.jdbc.config.JdbcNamespaceHandler, http://www.springframework.org/schema/data/jpa=org.springframework.data.jpa.repository.config.JpaRepositoryNameSpaceHandler, http://www.springframework.org/schema/cache=org.springframework.cache.config.CacheNamespaceHandler, http://www.springframework.org/schema/c=org.springframework.beans.factory.xml.SimpleConstructorNamespaceHandler, http://www.springframework.org/schema/security=org.springframework.security.config.SecurityNamespaceHandler, http://www.springframework.org/schema/tx=org.springframework.transaction.config.TxNamespaceHandler, http://www.springframework.org/schema/task=org.springframework.scheduling.config.TaskNamespaceHandler, http://www.springframework.org/schema/lang=org.springframework.scripting.config.LangNamespaceHandler, http://www.springframework.org/schema/data/keyvalue=org.springframework.data.keyvalue.repository.config.KeyValueRepositoryNameSpaceHandler, http://www.springframework.org/schema/context=org.springframework.context.config.ContextNamespaceHandler}
2021-09-28 13:45:43 DEBUG ClassPathBeanDefinitionScanner:189 - JSR-250 'javax.annotation.ManagedBean' found and supported for component scanning
2021-09-28 13:45:43 DEBUG ClassPathBeanDefinitionScanner:197 - JSR-330 'javax.inject.Named' annotation found and supported for component scanning
2021-09-28 13:45:43 DEBUG PathMatchingResourcePatternResolver:318 - Resolved classpath location [com/mycompany/springmvchibernate/] to resources [URL [file:/E:/BT-JAVA-WEB/SpringMVCHibernate/target/test-classes/com/mycompany/springmvchibernate/], URL [file:/E:/BT-JAVA-WEB/SpringMVCHibernate/target/classes/com/mycompany/springmvchibernate/]]
2021-09-28 13:45:43 DEBUG PathMatchingResourcePatternResolver:741 - Looking for matching resources in directory tree [E:\BT-JAVA-WEB\SpringMVCHibernate\target\test-classes\com\mycompany\springmvchibernate]
2021-09-28 13:45:43 DEBUG PathMatchingResourcePatternResolver:803 - Searching directory [E:\BT-JAVA-WEB\SpringMVCHibernate\target\test-classes\com\mycompany\springmvchibernate] for files matching pattern [E:/BT-JAVA-WEB/SpringMVCHibernate/target/test-classes/com/mycompany/springmvchibernate/**/*.class]
2021-09-28 13:45:43 DEBUG PathMatchingResourcePatternResolver:803 - Searching directory [E:\BT-JAVA-WEB\SpringMVCHibernate\target\test-classes\com\mycompany\springmvchibernate\JUnitTest] for files matching pattern [E:/BT-JAVA-WEB/SpringMVCHibernate/target/test-classes/com/mycompany/springmvchibernate/**/*.class]
2021-09-28 13:45:43 DEBUG PathMatchingResourcePatternResolver:741 - Looking for matching resources in directory tree [E:\BT-JAVA-WEB\SpringMVCHibernate\target\classes\com\mycompany\springmvchibernate]
2021-09-28 13:45:43 DEBUG PathMatchingResourcePatternResolver:803 - Searching directory [E:\BT-JAVA-WEB\SpringMVCHibernate\target\classes\com\mycompany\springmvchibernate] for files matching pattern [E:/BT-JAVA-WEB/SpringMVCHibernate/target/classes/com/mycompany/springmvchibernate/**/*.class]
2021-09-28 13:45:43 DEBUG PathMatchingResourcePatternResolver:803 - Searching directory [E:\BT-JAVA-WEB\SpringMVCHibernate\target\classes\com\mycompany\springmvchibernate\API] for files matching pattern [E:/BT-JAVA-WEB/SpringMVCHibernate/target/classes/com/mycompany/springmvchibernate/**/*.class]
2021-09-28 13:45:43 DEBUG PathMatchingResourcePatternResolver:803 - Searching directory [E:\BT-JAVA-WEB\SpringMVCHibernate\target\classes\com\mycompany\springmvchibernate\Comparator] for files matching pattern [E:/BT-JAVA-WEB/SpringMVCHibernate/target/classes/com/mycompany/springmvchibernate/**/*.class]
2021-09-28 13:45:43 DEBUG PathMatchingResourcePatternResolver:803 - Searching directory [E:\BT-JAVA-WEB\SpringMVCHibernate\target\classes\com\mycompany\springmvchibernate\Config] for files matching pattern [E:/BT-JAVA-WEB/SpringMVCHibernate/target/classes/com/mycompany/springmvchibernate/**/*.class]
2021-09-28 13:45:43 DEBUG PathMatchingResourcePatternResolver:803 - Searching directory [E:\BT-JAVA-WEB\SpringMVCHibernate\target\classes\com\mycompany\springmvchibernate\Controller] for files matching pattern [E:/BT-JAVA-WEB/SpringMVCHibernate/target/classes/com/mycompany/springmvchibernate/**/*.class]
2021-09-28 13:45:43 DEBUG PathMatchingResourcePatternResolver:803 - Searching directory [E:\BT-JAVA-WEB\SpringMVCHibernate\target\classes\com\mycompany\springmvchibernate\Controller\web] for files matching pattern [E:/BT-JAVA-WEB/SpringMVCHibernate/target/classes/com/mycompany/springmvchibernate/**/*.class]
2021-09-28 13:45:43 DEBUG PathMatchingResourcePatternResolver:803 - Searching directory [E:\BT-JAVA-WEB\SpringMVCHibernate\target\classes\com\mycompany\springmvchibernate\CustomDeserialize] for files matching pattern [E:/BT-JAVA-WEB/SpringMVCHibernate/target/classes/com/mycompany/springmvchibernate/**/*.class]
2021-09-28 13:45:43 DEBUG PathMatchingResourcePatternResolver:803 - Searching directory [E:\BT-JAVA-WEB\SpringMVCHibernate\target\classes\com\mycompany\springmvchibernate\Dao] for files matching pattern [E:/BT-JAVA-WEB/SpringMVCHibernate/target/classes/com/mycompany/springmvchibernate/**/*.class]
2021-09-28 13:45:43 DEBUG PathMatchingResourcePatternResolver:803 - Searching directory [E:\BT-JAVA-WEB\SpringMVCHibernate\target\classes\com\mycompany\springmvchibernate\DaoImp] for files matching pattern [E:/BT-JAVA-WEB/SpringMVCHibernate/target/classes/com/mycompany/springmvchibernate/**/*.class]
2021-09-28 13:45:43 DEBUG PathMatchingResourcePatternResolver:803 - Searching directory [E:\BT-JAVA-WEB\SpringMVCHibernate\target\classes\com\mycompany\springmvchibernate\DTO] for files matching pattern [E:/BT-JAVA-WEB/SpringMVCHibernate/target/classes/com/mycompany/springmvchibernate/**/*.class]
2021-09-28 13:45:43 DEBUG PathMatchingResourcePatternResolver:803 - Searching directory [E:\BT-JAVA-WEB\SpringMVCHibernate\target\classes\com\mycompany\springmvchibernate\DTODemo] for files matching pattern [E:/BT-JAVA-WEB/SpringMVCHibernate/target/classes/com/mycompany/springmvchibernate/**/*.class]
2021-09-28 13:45:43 DEBUG PathMatchingResourcePatternResolver:803 - Searching directory [E:\BT-JAVA-WEB\SpringMVCHibernate\target\classes\com\mycompany\springmvchibernate\Entity] for files matching pattern [E:/BT-JAVA-WEB/SpringMVCHibernate/target/classes/com/mycompany/springmvchibernate/**/*.class]
2021-09-28 13:45:43 DEBUG PathMatchingResourcePatternResolver:803 - Searching directory [E:\BT-JAVA-WEB\SpringMVCHibernate\target\classes\com\mycompany\springmvchibernate\EntityDemo] for files matching pattern [E:/BT-JAVA-WEB/SpringMVCHibernate/target/classes/com/mycompany/springmvchibernate/**/*.class]
2021-09-28 13:45:43 DEBUG PathMatchingResourcePatternResolver:803 - Searching directory [E:\BT-JAVA-WEB\SpringMVCHibernate\target\classes\com\mycompany\springmvchibernate\EntityTest] for files matching pattern [E:/BT-JAVA-WEB/SpringMVCHibernate/target/classes/com/mycompany/springmvchibernate/**/*.class]
2021-09-28 13:45:43 DEBUG PathMatchingResourcePatternResolver:803 - Searching directory [E:\BT-JAVA-WEB\SpringMVCHibernate\target\classes\com\mycompany\springmvchibernate\JUnitTest] for files matching pattern [E:/BT-JAVA-WEB/SpringMVCHibernate/target/classes/com/mycompany/springmvchibernate/**/*.class]
2021-09-28 13:45:43 DEBUG PathMatchingResourcePatternResolver:803 - Searching directory [E:\BT-JAVA-WEB\SpringMVCHibernate\target\classes\com\mycompany\springmvchibernate\MetaModel] for files matching pattern [E:/BT-JAVA-WEB/SpringMVCHibernate/target/classes/com/mycompany/springmvchibernate/**/*.class]
2021-09-28 13:45:43 DEBUG PathMatchingResourcePatternResolver:803 - Searching directory [E:\BT-JAVA-WEB\SpringMVCHibernate\target\classes\com\mycompany\springmvchibernate\Repositories] for files matching pattern [E:/BT-JAVA-WEB/SpringMVCHibernate/target/classes/com/mycompany/springmvchibernate/**/*.class]
2021-09-28 13:45:43 DEBUG PathMatchingResourcePatternResolver:803 - Searching directory [E:\BT-JAVA-WEB\SpringMVCHibernate\target\classes\com\mycompany\springmvchibernate\resources] for files matching pattern [E:/BT-JAVA-WEB/SpringMVCHibernate/target/classes/com/mycompany/springmvchibernate/**/*.class]
2021-09-28 13:45:43 DEBUG PathMatchingResourcePatternResolver:803 - Searching directory [E:\BT-JAVA-WEB\SpringMVCHibernate\target\classes\com\mycompany\springmvchibernate\Service] for files matching pattern [E:/BT-JAVA-WEB/SpringMVCHibernate/target/classes/com/mycompany/springmvchibernate/**/*.class]
2021-09-28 13:45:43 DEBUG PathMatchingResourcePatternResolver:803 - Searching directory [E:\BT-JAVA-WEB\SpringMVCHibernate\target\classes\com\mycompany\springmvchibernate\Service\Convert] for files matching pattern [E:/BT-JAVA-WEB/SpringMVCHibernate/target/classes/com/mycompany/springmvchibernate/**/*.class]
2021-09-28 13:45:43 DEBUG PathMatchingResourcePatternResolver:803 - Searching directory [E:\BT-JAVA-WEB\SpringMVCHibernate\target\classes\com\mycompany\springmvchibernate\Service\Impl] for files matching pattern [E:/BT-JAVA-WEB/SpringMVCHibernate/target/classes/com/mycompany/springmvchibernate/**/*.class]
2021-09-28 13:45:43 DEBUG PathMatchingResourcePatternResolver:803 - Searching directory [E:\BT-JAVA-WEB\SpringMVCHibernate\target\classes\com\mycompany\springmvchibernate\Specification] for files matching pattern [E:/BT-JAVA-WEB/SpringMVCHibernate/target/classes/com/mycompany/springmvchibernate/**/*.class]
2021-09-28 13:45:43 DEBUG PathMatchingResourcePatternResolver:803 - Searching directory [E:\BT-JAVA-WEB\SpringMVCHibernate\target\classes\com\mycompany\springmvchibernate\springauthorizationserver] for files matching pattern [E:/BT-JAVA-WEB/SpringMVCHibernate/target/classes/com/mycompany/springmvchibernate/**/*.class]
2021-09-28 13:45:43 DEBUG PathMatchingResourcePatternResolver:803 - Searching directory [E:\BT-JAVA-WEB\SpringMVCHibernate\target\classes\com\mycompany\springmvchibernate\TestProfile] for files matching pattern [E:/BT-JAVA-WEB/SpringMVCHibernate/target/classes/com/mycompany/springmvchibernate/**/*.class]
2021-09-28 13:45:43 DEBUG PathMatchingResourcePatternResolver:510 - Resolved location pattern [classpath*:com/mycompany/springmvchibernate/**/*.class] to resources [file [E:\BT-JAVA-WEB\SpringMVCHibernate\target\test-classes\com\mycompany\springmvchibernate\JUnitTest\KhachHangRepositoryTest.class], file [E:\BT-JAVA-WEB\SpringMVCHibernate\target\test-classes\com\mycompany\springmvchibernate\JUnitTest\TestJacksonUnitTest.class], file [E:\BT-JAVA-WEB\SpringMVCHibernate\target\classes\com\mycompany\springmvchibernate\API\XeMayControllerAPI.class], file [E:\BT-JAVA-WEB\SpringMVCHibernate\target\classes\com\mycompany\springmvchibernate\ChiTietDonBaoDuong.class], file [E:\BT-JAVA-WEB\SpringMVCHibernate\target\classes\com\mycompany\springmvchibernate\ChiTietDonBaoDuong_.class], file [E:\BT-JAVA-WEB\SpringMVCHibernate\target\classes\com\mycompany\springmvchibernate\ChiTietDonBaoDuongPK.class], file [E:\BT-JAVA-WEB\SpringMVCHibernate\target\classes\com\mycompany\springmvchibernate\ChiTietDonBaoDuongPK_.class], file [E:\BT-JAVA-WEB\SpringMVCHibernate\target\classes\com\mycompany\springmvchibernate\ChiTietThayTheLinhKien.class], file [E:\BT-JAVA-WEB\SpringMVCHibernate\target\classes\com\mycompany\springmvchibernate\ChiTietThayTheLinhKien_.class], file [E:\BT-JAVA-WEB\SpringMVCHibernate\target\classes\com\mycompany\springmvchibernate\ChiTietThayTheLinhKienPK.class], file [E:\BT-JAVA-WEB\SpringMVCHibernate\target\classes\com\mycompany\springmvchibernate\ChiTietThayTheLinhKienPK_.class], file [E:\BT-JAVA-WEB\SpringMVCHibernate\target\classes\com\mycompany\springmvchibernate\ChiTietTrangThaiKhiTiepNhanXe.class], file [E:\BT-JAVA-WEB\SpringMVCHibernate\target\classes\com\mycompany\springmvchibernate\ChiTietTrangThaiKhiTiepNhanXe_.class], file [E:\BT-JAVA-WEB\SpringMVCHibernate\target\classes\com\mycompany\springmvchibernate\ChiTietTrangThaiKhiTiepNhanXePK.class], file [E:\BT-JAVA-WEB\SpringMVCHibernate\target\classes\com\mycompany\springmvchibernate\ChiTietTrangThaiKhiTiepNhanXePK_.class], file [E:\BT-JAVA-WEB\SpringMVCHibernate\target\classes\com\mycompany\springmvchibernate\Comparator\ComparatorKhachHang.class], file [E:\BT-JAVA-WEB\SpringMVCHibernate\target\classes\com\mycompany\springmvchibernate\Config\AuthConfig.class], file [E:\BT-JAVA-WEB\SpringMVCHibernate\target\classes\com\mycompany\springmvchibernate\Config\CustomAccessDeniedHandler.class], file [E:\BT-JAVA-WEB\SpringMVCHibernate\target\classes\com\mycompany\springmvchibernate\Config\CustomFailureHandler.class], file [E:\BT-JAVA-WEB\SpringMVCHibernate\target\classes\com\mycompany\springmvchibernate\Config\CustomSuccessHandler.class], file [E:\BT-JAVA-WEB\SpringMVCHibernate\target\classes\com\mycompany\springmvchibernate\Config\CustomUserDetailService.class], file [E:\BT-JAVA-WEB\SpringMVCHibernate\target\classes\com\mycompany\springmvchibernate\Config\Log4jConfigListener.class], file [E:\BT-JAVA-WEB\SpringMVCHibernate\target\classes\com\mycompany\springmvchibernate\Config\ModelMapperConfig.class], file [E:\BT-JAVA-WEB\SpringMVCHibernate\target\classes\com\mycompany\springmvchibernate\Config\SecurityConfig.class], file [E:\BT-JAVA-WEB\SpringMVCHibernate\target\classes\com\mycompany\springmvchibernate\Controller\HomeController.class], file [E:\BT-JAVA-WEB\SpringMVCHibernate\target\classes\com\mycompany\springmvchibernate\Controller\web\HomeController.class], file [E:\BT-JAVA-WEB\SpringMVCHibernate\target\classes\com\mycompany\springmvchibernate\Controller\XeMayController.class], file [E:\BT-JAVA-WEB\SpringMVCHibernate\target\classes\com\mycompany\springmvchibernate\CustomDeserialize\CustomDateDeserializer.class], file [E:\BT-JAVA-WEB\SpringMVCHibernate\target\classes\com\mycompany\springmvchibernate\CustomDeserialize\CustomDateDeserializerModifier.class], file [E:\BT-JAVA-WEB\SpringMVCHibernate\target\classes\com\mycompany\springmvchibernate\Dao\SanPhamDao.class], file [E:\BT-JAVA-WEB\SpringMVCHibernate\target\classes\com\mycompany\springmvchibernate\DaoImp\SanPhamDaoImpl.class], file [E:\BT-JAVA-WEB\SpringMVCHibernate\target\classes\com\mycompany\springmvchibernate\DichVuBaoDuong.class], file [E:\BT-JAVA-WEB\SpringMVCHibernate\target\classes\com\mycompany\springmvchibernate\DichVuBaoDuong_.class], file [E:\BT-JAVA-WEB\SpringMVCHibernate\target\classes\com\mycompany\springmvchibernate\DonBaoDuong.class], file [E:\BT-JAVA-WEB\SpringMVCHibernate\target\classes\com\mycompany\springmvchibernate\DonBaoDuong_.class], file [E:\BT-JAVA-WEB\SpringMVCHibernate\target\classes\com\mycompany\springmvchibernate\DTO\BoNhoDTO.class], file [E:\BT-JAVA-WEB\SpringMVCHibernate\target\classes\com\mycompany\springmvchibernate\DTO\ChipDTO.class], file [E:\BT-JAVA-WEB\SpringMVCHibernate\target\classes\com\mycompany\springmvchibernate\DTO\ChiTietDonDatHangDTO.class], file [E:\BT-JAVA-WEB\SpringMVCHibernate\target\classes\com\mycompany\springmvchibernate\DTO\ChiTietGioHangDTO.class], file [E:\BT-JAVA-WEB\SpringMVCHibernate\target\classes\com\mycompany\springmvchibernate\DTO\ChiTietSanPhamDTO.class], file [E:\BT-JAVA-WEB\SpringMVCHibernate\target\classes\com\mycompany\springmvchibernate\DTO\DanhGiaDTO.class], file [E:\BT-JAVA-WEB\SpringMVCHibernate\target\classes\com\mycompany\springmvchibernate\DTO\DonDatHangDTO.class], file [E:\BT-JAVA-WEB\SpringMVCHibernate\target\classes\com\mycompany\springmvchibernate\DTO\GioHangDTO.class], file [E:\BT-JAVA-WEB\SpringMVCHibernate\target\classes\com\mycompany\springmvchibernate\DTO\HinhAnhDTO.class], file [E:\BT-JAVA-WEB\SpringMVCHibernate\target\classes\com\mycompany\springmvchibernate\DTO\KhachHangDTO.class], file [E:\BT-JAVA-WEB\SpringMVCHibernate\target\classes\com\mycompany\springmvchibernate\DTO\LoaiDTO.class], file [E:\BT-JAVA-WEB\SpringMVCHibernate\target\classes\com\mycompany\springmvchibernate\DTO\MauDTO.class], file [E:\BT-JAVA-WEB\SpringMVCHibernate\target\classes\com\mycompany\springmvchibernate\DTO\RamDTO.class], file [E:\BT-JAVA-WEB\SpringMVCHibernate\target\classes\com\mycompany\springmvchibernate\DTO\SanPhamDTO.class], file [E:\BT-JAVA-WEB\SpringMVCHibernate\target\classes\com\mycompany\springmvchibernate\DTODemo\KhachHangDTO.class], file [E:\BT-JAVA-WEB\SpringMVCHibernate\target\classes\com\mycompany\springmvchibernate\DTODemo\LoaiXeDTO.class], file [E:\BT-JAVA-WEB\SpringMVCHibernate\target\classes\com\mycompany\springmvchibernate\DTODemo\MyUser.class], file [E:\BT-JAVA-WEB\SpringMVCHibernate\target\classes\com\mycompany\springmvchibernate\DTODemo\PaginationResult.class], file [E:\BT-JAVA-WEB\SpringMVCHibernate\target\classes\com\mycompany\springmvchibernate\DTODemo\XeMayDTO.class], file [E:\BT-JAVA-WEB\SpringMVCHibernate\target\classes\com\mycompany\springmvchibernate\DTODemo\XeMayDTO2.class], file [E:\BT-JAVA-WEB\SpringMVCHibernate\target\classes\com\mycompany\springmvchibernate\DTODemo\XeMayView$KhachHangView.class], file [E:\BT-JAVA-WEB\SpringMVCHibernate\target\classes\com\mycompany\springmvchibernate\DTODemo\XeMayView$LoaiXeView.class], file [E:\BT-JAVA-WEB\SpringMVCHibernate\target\classes\com\mycompany\springmvchibernate\DTODemo\XeMayView.class], file [E:\BT-JAVA-WEB\SpringMVCHibernate\target\classes\com\mycompany\springmvchibernate\Entity\BoNho.class], file [E:\BT-JAVA-WEB\SpringMVCHibernate\target\classes\com\mycompany\springmvchibernate\Entity\BoNho_.class], file [E:\BT-JAVA-WEB\SpringMVCHibernate\target\classes\com\mycompany\springmvchibernate\Entity\Chip.class], file [E:\BT-JAVA-WEB\SpringMVCHibernate\target\classes\com\mycompany\springmvchibernate\Entity\Chip_.class], file [E:\BT-JAVA-WEB\SpringMVCHibernate\target\classes\com\mycompany\springmvchibernate\Entity\ChiTietDonDatHang.class], file [E:\BT-JAVA-WEB\SpringMVCHibernate\target\classes\com\mycompany\springmvchibernate\Entity\ChiTietDonDatHang_.class], file [E:\BT-JAVA-WEB\SpringMVCHibernate\target\classes\com\mycompany\springmvchibernate\Entity\ChiTietDonDatHangPK.class], file [E:\BT-JAVA-WEB\SpringMVCHibernate\target\classes\com\mycompany\springmvchibernate\Entity\ChiTietDonDatHangPK_.class], file [E:\BT-JAVA-WEB\SpringMVCHibernate\target\classes\com\mycompany\springmvchibernate\Entity\ChiTietGioHang.class], file [E:\BT-JAVA-WEB\SpringMVCHibernate\target\classes\com\mycompany\springmvchibernate\Entity\ChiTietGioHang_.class], file [E:\BT-JAVA-WEB\SpringMVCHibernate\target\classes\com\mycompany\springmvchibernate\Entity\ChiTietGioHangPK.class], file [E:\BT-JAVA-WEB\SpringMVCHibernate\target\classes\com\mycompany\springmvchibernate\Entity\ChiTietGioHangPK_.class], file [E:\BT-JAVA-WEB\SpringMVCHibernate\target\classes\com\mycompany\springmvchibernate\Entity\ChiTietSanPham.class], file [E:\BT-JAVA-WEB\SpringMVCHibernate\target\classes\com\mycompany\springmvchibernate\Entity\ChiTietSanPham_.class], file [E:\BT-JAVA-WEB\SpringMVCHibernate\target\classes\com\mycompany\springmvchibernate\Entity\DanhGia.class], file [E:\BT-JAVA-WEB\SpringMVCHibernate\target\classes\com\mycompany\springmvchibernate\Entity\DanhGia_.class], file [E:\BT-JAVA-WEB\SpringMVCHibernate\target\classes\com\mycompany\springmvchibernate\Entity\DanhGiaPK.class], file [E:\BT-JAVA-WEB\SpringMVCHibernate\target\classes\com\mycompany\springmvchibernate\Entity\DanhGiaPK_.class], file [E:\BT-JAVA-WEB\SpringMVCHibernate\target\classes\com\mycompany\springmvchibernate\Entity\DonDatHang.class], file [E:\BT-JAVA-WEB\SpringMVCHibernate\target\classes\com\mycompany\springmvchibernate\Entity\DonDatHang_.class], file [E:\BT-JAVA-WEB\SpringMVCHibernate\target\classes\com\mycompany\springmvchibernate\Entity\DonViVanChuyen.class], file [E:\BT-JAVA-WEB\SpringMVCHibernate\target\classes\com\mycompany\springmvchibernate\Entity\DonViVanChuyen_.class], file [E:\BT-JAVA-WEB\SpringMVCHibernate\target\classes\com\mycompany\springmvchibernate\Entity\GioHang.class], file [E:\BT-JAVA-WEB\SpringMVCHibernate\target\classes\com\mycompany\springmvchibernate\Entity\GioHang_.class], file [E:\BT-JAVA-WEB\SpringMVCHibernate\target\classes\com\mycompany\springmvchibernate\Entity\HinhAnhSP.class], file [E:\BT-JAVA-WEB\SpringMVCHibernate\target\classes\com\mycompany\springmvchibernate\Entity\HinhAnhSP_.class], file [E:\BT-JAVA-WEB\SpringMVCHibernate\target\classes\com\mycompany\springmvchibernate\Entity\KhachHang.class], file [E:\BT-JAVA-WEB\SpringMVCHibernate\target\classes\com\mycompany\springmvchibernate\Entity\KhachHang_.class], file [E:\BT-JAVA-WEB\SpringMVCHibernate\target\classes\com\mycompany\springmvchibernate\Entity\Loai.class], file [E:\BT-JAVA-WEB\SpringMVCHibernate\target\classes\com\mycompany\springmvchibernate\Entity\Loai_.class], file [E:\BT-JAVA-WEB\SpringMVCHibernate\target\classes\com\mycompany\springmvchibernate\Entity\Mau.class], file [E:\BT-JAVA-WEB\SpringMVCHibernate\target\classes\com\mycompany\springmvchibernate\Entity\Mau_.class], file [E:\BT-JAVA-WEB\SpringMVCHibernate\target\classes\com\mycompany\springmvchibernate\Entity\Ram.class], file [E:\BT-JAVA-WEB\SpringMVCHibernate\target\classes\com\mycompany\springmvchibernate\Entity\Ram_.class], file [E:\BT-JAVA-WEB\SpringMVCHibernate\target\classes\com\mycompany\springmvchibernate\Entity\SanPham.class], file [E:\BT-JAVA-WEB\SpringMVCHibernate\target\classes\com\mycompany\springmvchibernate\Entity\SanPham_.class], file [E:\BT-JAVA-WEB\SpringMVCHibernate\target\classes\com\mycompany\springmvchibernate\Entity\TaiKhoan.class], file [E:\BT-JAVA-WEB\SpringMVCHibernate\target\classes\com\mycompany\springmvchibernate\Entity\TaiKhoan_.class], file [E:\BT-JAVA-WEB\SpringMVCHibernate\target\classes\com\mycompany\springmvchibernate\Entity\VaiTro.class], file [E:\BT-JAVA-WEB\SpringMVCHibernate\target\classes\com\mycompany\springmvchibernate\Entity\VaiTro_.class], file [E:\BT-JAVA-WEB\SpringMVCHibernate\target\classes\com\mycompany\springmvchibernate\EntityDemo\BaseEntity.class], file [E:\BT-JAVA-WEB\SpringMVCHibernate\target\classes\com\mycompany\springmvchibernate\EntityDemo\BaseEntity_.class], file [E:\BT-JAVA-WEB\SpringMVCHibernate\target\classes\com\mycompany\springmvchibernate\EntityDemo\GioHang.class], file [E:\BT-JAVA-WEB\SpringMVCHibernate\target\classes\com\mycompany\springmvchibernate\EntityDemo\GioHang_.class], file [E:\BT-JAVA-WEB\SpringMVCHibernate\target\classes\com\mycompany\springmvchibernate\EntityDemo\KhachHang.class], file [E:\BT-JAVA-WEB\SpringMVCHibernate\target\classes\com\mycompany\springmvchibernate\EntityDemo\KhachHang_.class], file [E:\BT-JAVA-WEB\SpringMVCHibernate\target\classes\com\mycompany\springmvchibernate\EntityDemo\NewEntity.class], file [E:\BT-JAVA-WEB\SpringMVCHibernate\target\classes\com\mycompany\springmvchibernate\EntityDemo\TaiKhoan.class], file [E:\BT-JAVA-WEB\SpringMVCHibernate\target\classes\com\mycompany\springmvchibernate\EntityDemo\TaiKhoan_.class], file [E:\BT-JAVA-WEB\SpringMVCHibernate\target\classes\com\mycompany\springmvchibernate\EntityTest\BoNho_.class], file [E:\BT-JAVA-WEB\SpringMVCHibernate\target\classes\com\mycompany\springmvchibernate\EntityTest\Chip_.class], file [E:\BT-JAVA-WEB\SpringMVCHibernate\target\classes\com\mycompany\springmvchibernate\EntityTest\ChiTietDonDatHang_.class], file [E:\BT-JAVA-WEB\SpringMVCHibernate\target\classes\com\mycompany\springmvchibernate\EntityTest\ChiTietDonDatHangPK_.class], file [E:\BT-JAVA-WEB\SpringMVCHibernate\target\classes\com\mycompany\springmvchibernate\EntityTest\ChiTietGioHangPK_.class], file [E:\BT-JAVA-WEB\SpringMVCHibernate\target\classes\com\mycompany\springmvchibernate\EntityTest\ChiTietSanPham_.class], file [E:\BT-JAVA-WEB\SpringMVCHibernate\target\classes\com\mycompany\springmvchibernate\EntityTest\DanhGiaPK_.class], file [E:\BT-JAVA-WEB\SpringMVCHibernate\target\classes\com\mycompany\springmvchibernate\EntityTest\DonViVanChuyen_.class], file [E:\BT-JAVA-WEB\SpringMVCHibernate\target\classes\com\mycompany\springmvchibernate\EntityTest\HinhAnhSP_.class], file [E:\BT-JAVA-WEB\SpringMVCHibernate\target\classes\com\mycompany\springmvchibernate\EntityTest\Loai_.class], file [E:\BT-JAVA-WEB\SpringMVCHibernate\target\classes\com\mycompany\springmvchibernate\EntityTest\Mau_.class], file [E:\BT-JAVA-WEB\SpringMVCHibernate\target\classes\com\mycompany\springmvchibernate\EntityTest\Ram_.class], file [E:\BT-JAVA-WEB\SpringMVCHibernate\target\classes\com\mycompany\springmvchibernate\EntityTest\SanPham_.class], file [E:\BT-JAVA-WEB\SpringMVCHibernate\target\classes\com\mycompany\springmvchibernate\JAXRSConfiguration.class], file [E:\BT-JAVA-WEB\SpringMVCHibernate\target\classes\com\mycompany\springmvchibernate\JUnitTest\TestJacksonUnit.class], file [E:\BT-JAVA-WEB\SpringMVCHibernate\target\classes\com\mycompany\springmvchibernate\JUnitTest\TestRunner.class], file [E:\BT-JAVA-WEB\SpringMVCHibernate\target\classes\com\mycompany\springmvchibernate\KhachHang.class], file [E:\BT-JAVA-WEB\SpringMVCHibernate\target\classes\com\mycompany\springmvchibernate\KhachHang_.class], file [E:\BT-JAVA-WEB\SpringMVCHibernate\target\classes\com\mycompany\springmvchibernate\LinhKien.class], file [E:\BT-JAVA-WEB\SpringMVCHibernate\target\classes\com\mycompany\springmvchibernate\LinhKien_.class], file [E:\BT-JAVA-WEB\SpringMVCHibernate\target\classes\com\mycompany\springmvchibernate\LinhKienPK.class], file [E:\BT-JAVA-WEB\SpringMVCHibernate\target\classes\com\mycompany\springmvchibernate\LinhKienPK_.class], file [E:\BT-JAVA-WEB\SpringMVCHibernate\target\classes\com\mycompany\springmvchibernate\LoaiTrangThaiPhuTung.class], file [E:\BT-JAVA-WEB\SpringMVCHibernate\target\classes\com\mycompany\springmvchibernate\LoaiTrangThaiPhuTung_.class], file [E:\BT-JAVA-WEB\SpringMVCHibernate\target\classes\com\mycompany\springmvchibernate\LoaiXe.class], file [E:\BT-JAVA-WEB\SpringMVCHibernate\target\classes\com\mycompany\springmvchibernate\LoaiXe_.class], file [E:\BT-JAVA-WEB\SpringMVCHibernate\target\classes\com\mycompany\springmvchibernate\NhaCungCap.class], file [E:\BT-JAVA-WEB\SpringMVCHibernate\target\classes\com\mycompany\springmvchibernate\NhaCungCap_.class], file [E:\BT-JAVA-WEB\SpringMVCHibernate\target\classes\com\mycompany\springmvchibernate\NhanVien.class], file [E:\BT-JAVA-WEB\SpringMVCHibernate\target\classes\com\mycompany\springmvchibernate\NhanVien_.class], file [E:\BT-JAVA-WEB\SpringMVCHibernate\target\classes\com\mycompany\springmvchibernate\PhuTungCanKiemTra.class], file [E:\BT-JAVA-WEB\SpringMVCHibernate\target\classes\com\mycompany\springmvchibernate\PhuTungCanKiemTra_.class], file [E:\BT-JAVA-WEB\SpringMVCHibernate\target\classes\com\mycompany\springmvchibernate\Quyen.class], file [E:\BT-JAVA-WEB\SpringMVCHibernate\target\classes\com\mycompany\springmvchibernate\Quyen_.class], file [E:\BT-JAVA-WEB\SpringMVCHibernate\target\classes\com\mycompany\springmvchibernate\Repositories\KhachHangRepositoryDemo.class], file [E:\BT-JAVA-WEB\SpringMVCHibernate\target\classes\com\mycompany\springmvchibernate\Repositories\SanPhamRepository.class], file [E:\BT-JAVA-WEB\SpringMVCHibernate\target\classes\com\mycompany\springmvchibernate\resources\JavaEE8Resource.class], file [E:\BT-JAVA-WEB\SpringMVCHibernate\target\classes\com\mycompany\springmvchibernate\Service\Convert\KhachHangConvert$1.class], file [E:\BT-JAVA-WEB\SpringMVCHibernate\target\classes\com\mycompany\springmvchibernate\Service\Convert\KhachHangConvert$2.class], file [E:\BT-JAVA-WEB\SpringMVCHibernate\target\classes\com\mycompany\springmvchibernate\Service\Convert\KhachHangConvert$3.class], file [E:\BT-JAVA-WEB\SpringMVCHibernate\target\classes\com\mycompany\springmvchibernate\Service\Convert\KhachHangConvert$4.class], file [E:\BT-JAVA-WEB\SpringMVCHibernate\target\classes\com\mycompany\springmvchibernate\Service\Convert\KhachHangConvert.class], file [E:\BT-JAVA-WEB\SpringMVCHibernate\target\classes\com\mycompany\springmvchibernate\Service\Convert\LoaiXeConvert$1.class], file [E:\BT-JAVA-WEB\SpringMVCHibernate\target\classes\com\mycompany\springmvchibernate\Service\Convert\LoaiXeConvert$2.class], file [E:\BT-JAVA-WEB\SpringMVCHibernate\target\classes\com\mycompany\springmvchibernate\Service\Convert\LoaiXeConvert.class], file [E:\BT-JAVA-WEB\SpringMVCHibernate\target\classes\com\mycompany\springmvchibernate\Service\Convert\XeMayConvert.class], file [E:\BT-JAVA-WEB\SpringMVCHibernate\target\classes\com\mycompany\springmvchibernate\Service\IKhachHangService.class], file [E:\BT-JAVA-WEB\SpringMVCHibernate\target\classes\com\mycompany\springmvchibernate\Service\ILoaiXeService.class], file [E:\BT-JAVA-WEB\SpringMVCHibernate\target\classes\com\mycompany\springmvchibernate\Service\Impl\KhachHangService.class], file [E:\BT-JAVA-WEB\SpringMVCHibernate\target\classes\com\mycompany\springmvchibernate\Service\Impl\LoaiXeService.class], file [E:\BT-JAVA-WEB\SpringMVCHibernate\target\classes\com\mycompany\springmvchibernate\Service\Impl\XeMayService.class], file [E:\BT-JAVA-WEB\SpringMVCHibernate\target\classes\com\mycompany\springmvchibernate\Service\ISanPhamService.class], file [E:\BT-JAVA-WEB\SpringMVCHibernate\target\classes\com\mycompany\springmvchibernate\Service\IXeMayService.class], file [E:\BT-JAVA-WEB\SpringMVCHibernate\target\classes\com\mycompany\springmvchibernate\Specification\KhachHangSpecification.class], file [E:\BT-JAVA-WEB\SpringMVCHibernate\target\classes\com\mycompany\springmvchibernate\Specification\XeSpecification.class], file [E:\BT-JAVA-WEB\SpringMVCHibernate\target\classes\com\mycompany\springmvchibernate\springauthorizationserver\AuthorizationServerConfiguration.class], file [E:\BT-JAVA-WEB\SpringMVCHibernate\target\classes\com\mycompany\springmvchibernate\Sysdiagrams.class], file [E:\BT-JAVA-WEB\SpringMVCHibernate\target\classes\com\mycompany\springmvchibernate\Sysdiagrams_.class], file [E:\BT-JAVA-WEB\SpringMVCHibernate\target\classes\com\mycompany\springmvchibernate\TaiKhoan.class], file [E:\BT-JAVA-WEB\SpringMVCHibernate\target\classes\com\mycompany\springmvchibernate\TaiKhoan_.class], file [E:\BT-JAVA-WEB\SpringMVCHibernate\target\classes\com\mycompany\springmvchibernate\TestProfile\TestProfile.class], file [E:\BT-JAVA-WEB\SpringMVCHibernate\target\classes\com\mycompany\springmvchibernate\XeMay.class], file [E:\BT-JAVA-WEB\SpringMVCHibernate\target\classes\com\mycompany\springmvchibernate\XeMay_.class]]
2021-09-28 13:45:43 DEBUG PropertySourcesPropertyResolver:92 - Could not find key 'spring.profiles.active' in any property source
2021-09-28 13:45:43 DEBUG PropertySourcesPropertyResolver:92 - Could not find key 'spring.profiles.default' in any property source
2021-09-28 13:45:43 DEBUG ClassPathBeanDefinitionScanner:294 - Identified candidate component class: file [E:\BT-JAVA-WEB\SpringMVCHibernate\target\test-classes\com\mycompany\springmvchibernate\JUnitTest\TestJacksonUnitTest.class]
2021-09-28 13:45:43 DEBUG ClassPathBeanDefinitionScanner:294 - Identified candidate component class: file [E:\BT-JAVA-WEB\SpringMVCHibernate\target\classes\com\mycompany\springmvchibernate\API\XeMayControllerAPI.class]
2021-09-28 13:45:43 DEBUG ClassPathBeanDefinitionScanner:294 - Identified candidate component class: file [E:\BT-JAVA-WEB\SpringMVCHibernate\target\classes\com\mycompany\springmvchibernate\Config\CustomFailureHandler.class]
2021-09-28 13:45:43 DEBUG ClassPathBeanDefinitionScanner:294 - Identified candidate component class: file [E:\BT-JAVA-WEB\SpringMVCHibernate\target\classes\com\mycompany\springmvchibernate\Config\CustomSuccessHandler.class]
2021-09-28 13:45:43 DEBUG ClassPathBeanDefinitionScanner:294 - Identified candidate component class: file [E:\BT-JAVA-WEB\SpringMVCHibernate\target\classes\com\mycompany\springmvchibernate\Config\ModelMapperConfig.class]
2021-09-28 13:45:43 DEBUG ClassPathBeanDefinitionScanner:294 - Identified candidate component class: file [E:\BT-JAVA-WEB\SpringMVCHibernate\target\classes\com\mycompany\springmvchibernate\Controller\HomeController.class]
2021-09-28 13:45:43 DEBUG ClassPathBeanDefinitionScanner:294 - Identified candidate component class: file [E:\BT-JAVA-WEB\SpringMVCHibernate\target\classes\com\mycompany\springmvchibernate\Controller\web\HomeController.class]
2021-09-28 13:45:43 DEBUG ClassPathBeanDefinitionScanner:294 - Identified candidate component class: file [E:\BT-JAVA-WEB\SpringMVCHibernate\target\classes\com\mycompany\springmvchibernate\Controller\XeMayController.class]
2021-09-28 13:45:43 DEBUG ClassPathBeanDefinitionScanner:294 - Identified candidate component class: file [E:\BT-JAVA-WEB\SpringMVCHibernate\target\classes\com\mycompany\springmvchibernate\DaoImp\SanPhamDaoImpl.class]
2021-09-28 13:45:43 DEBUG ClassPathBeanDefinitionScanner:300 - Ignored because not a concrete top-level class: file [E:\BT-JAVA-WEB\SpringMVCHibernate\target\classes\com\mycompany\springmvchibernate\Service\IXeMayService.class]
2021-09-28 13:45:43 DEBUG PathMatchingResourcePatternResolver:318 - Resolved classpath location [com/mycompany/springmvchibernate/Controller/] to resources [URL [file:/E:/BT-JAVA-WEB/SpringMVCHibernate/target/classes/com/mycompany/springmvchibernate/Controller/]]
2021-09-28 13:45:43 DEBUG PathMatchingResourcePatternResolver:741 - Looking for matching resources in directory tree [E:\BT-JAVA-WEB\SpringMVCHibernate\target\classes\com\mycompany\springmvchibernate\Controller]
2021-09-28 13:45:43 DEBUG PathMatchingResourcePatternResolver:803 - Searching directory [E:\BT-JAVA-WEB\SpringMVCHibernate\target\classes\com\mycompany\springmvchibernate\Controller] for files matching pattern [E:/BT-JAVA-WEB/SpringMVCHibernate/target/classes/com/mycompany/springmvchibernate/Controller/**/*.class]
2021-09-28 13:45:43 DEBUG PathMatchingResourcePatternResolver:803 - Searching directory [E:\BT-JAVA-WEB\SpringMVCHibernate\target\classes\com\mycompany\springmvchibernate\Controller\web] for files matching pattern [E:/BT-JAVA-WEB/SpringMVCHibernate/target/classes/com/mycompany/springmvchibernate/Controller/**/*.class]
2021-09-28 13:45:43 DEBUG PathMatchingResourcePatternResolver:510 - Resolved location pattern [classpath*:com/mycompany/springmvchibernate/Controller/**/*.class] to resources [file [E:\BT-JAVA-WEB\SpringMVCHibernate\target\classes\com\mycompany\springmvchibernate\Controller\HomeController.class], file [E:\BT-JAVA-WEB\SpringMVCHibernate\target\classes\com\mycompany\springmvchibernate\Controller\web\HomeController.class], file [E:\BT-JAVA-WEB\SpringMVCHibernate\target\classes\com\mycompany\springmvchibernate\Controller\XeMayController.class]]
2021-09-28 13:45:43 DEBUG ClassPathBeanDefinitionScanner:294 - Identified candidate component class: file [E:\BT-JAVA-WEB\SpringMVCHibernate\target\classes\com\mycompany\springmvchibernate\Controller\HomeController.class]
2021-09-28 13:45:43 DEBUG ClassPathBeanDefinitionScanner:294 - Identified candidate component class: file [E:\BT-JAVA-WEB\SpringMVCHibernate\target\classes\com\mycompany\springmvchibernate\Controller\web\HomeController.class]
2021-09-28 13:45:43 DEBUG ClassPathBeanDefinitionScanner:294 - Identified candidate component class: file [E:\BT-JAVA-WEB\SpringMVCHibernate\target\classes\com\mycompany\springmvchibernate\Controller\XeMayController.class]
2021-09-28 13:45:43 DEBUG PathMatchingResourcePatternResolver:318 - Resolved classpath location [com/mycompany/springmvchibernate/Controller/] to resources [URL [file:/E:/BT-JAVA-WEB/SpringMVCHibernate/target/classes/com/mycompany/springmvchibernate/Controller/]]
2021-09-28 13:45:43 DEBUG PathMatchingResourcePatternResolver:741 - Looking for matching resources in directory tree [E:\BT-JAVA-WEB\SpringMVCHibernate\target\classes\com\mycompany\springmvchibernate\Controller]
2021-09-28 13:45:43 DEBUG PathMatchingResourcePatternResolver:803 - Searching directory [E:\BT-JAVA-WEB\SpringMVCHibernate\target\classes\com\mycompany\springmvchibernate\Controller] for files matching pattern [E:/BT-JAVA-WEB/SpringMVCHibernate/target/classes/com/mycompany/springmvchibernate/Controller/*/**/*.class]
2021-09-28 13:45:43 DEBUG PathMatchingResourcePatternResolver:803 - Searching directory [E:\BT-JAVA-WEB\SpringMVCHibernate\target\classes\com\mycompany\springmvchibernate\Controller\web] for files matching pattern [E:/BT-JAVA-WEB/SpringMVCHibernate/target/classes/com/mycompany/springmvchibernate/Controller/*/**/*.class]
2021-09-28 13:45:43 DEBUG PathMatchingResourcePatternResolver:510 - Resolved location pattern [classpath*:com/mycompany/springmvchibernate/Controller/*/**/*.class] to resources [file [E:\BT-JAVA-WEB\SpringMVCHibernate\target\classes\com\mycompany\springmvchibernate\Controller\web\HomeController.class]]
2021-09-28 13:45:43 DEBUG ClassPathBeanDefinitionScanner:294 - Identified candidate component class: file [E:\BT-JAVA-WEB\SpringMVCHibernate\target\classes\com\mycompany\springmvchibernate\Controller\web\HomeController.class]
2021-09-28 13:45:43 DEBUG PathMatchingResourcePatternResolver:318 - Resolved classpath location [com/mycompany/springmvchibernate/Service/] to resources [URL [file:/E:/BT-JAVA-WEB/SpringMVCHibernate/target/classes/com/mycompany/springmvchibernate/Service/]]
2021-09-28 13:45:43 DEBUG PathMatchingResourcePatternResolver:741 - Looking for matching resources in directory tree [E:\BT-JAVA-WEB\SpringMVCHibernate\target\classes\com\mycompany\springmvchibernate\Service]
2021-09-28 13:45:43 DEBUG PathMatchingResourcePatternResolver:803 - Searching directory [E:\BT-JAVA-WEB\SpringMVCHibernate\target\classes\com\mycompany\springmvchibernate\Service] for files matching pattern [E:/BT-JAVA-WEB/SpringMVCHibernate/target/classes/com/mycompany/springmvchibernate/Service/**/*.class]
2021-09-28 13:45:43 DEBUG PathMatchingResourcePatternResolver:803 - Searching directory [E:\BT-JAVA-WEB\SpringMVCHibernate\target\classes\com\mycompany\springmvchibernate\Service\Convert] for files matching pattern [E:/BT-JAVA-WEB/SpringMVCHibernate/target/classes/com/mycompany/springmvchibernate/Service/**/*.class]
2021-09-28 13:45:43 DEBUG PathMatchingResourcePatternResolver:803 - Searching directory [E:\BT-JAVA-WEB\SpringMVCHibernate\target\classes\com\mycompany\springmvchibernate\Service\Impl] for files matching pattern [E:/BT-JAVA-WEB/SpringMVCHibernate/target/classes/com/mycompany/springmvchibernate/Service/**/*.class]
2021-09-28 13:45:43 DEBUG PathMatchingResourcePatternResolver:510 - Resolved location pattern [classpath*:com/mycompany/springmvchibernate/Service/**/*.class] to resources [file [E:\BT-JAVA-WEB\SpringMVCHibernate\target\classes\com\mycompany\springmvchibernate\Service\Convert\KhachHangConvert$1.class], file [E:\BT-JAVA-WEB\SpringMVCHibernate\target\classes\com\mycompany\springmvchibernate\Service\Convert\KhachHangConvert$2.class], file [E:\BT-JAVA-WEB\SpringMVCHibernate\target\classes\com\mycompany\springmvchibernate\Service\Convert\KhachHangConvert$3.class], file [E:\BT-JAVA-WEB\SpringMVCHibernate\target\classes\com\mycompany\springmvchibernate\Service\Convert\KhachHangConvert$4.class], file [E:\BT-JAVA-WEB\SpringMVCHibernate\target\classes\com\mycompany\springmvchibernate\Service\Convert\KhachHangConvert.class], file [E:\BT-JAVA-WEB\SpringMVCHibernate\target\classes\com\mycompany\springmvchibernate\Service\Convert\LoaiXeConvert$1.class], file [E:\BT-JAVA-WEB\SpringMVCHibernate\target\classes\com\mycompany\springmvchibernate\Service\Convert\LoaiXeConvert$2.class], file [E:\BT-JAVA-WEB\SpringMVCHibernate\target\classes\com\mycompany\springmvchibernate\Service\Convert\LoaiXeConvert.class], file [E:\BT-JAVA-WEB\SpringMVCHibernate\target\classes\com\mycompany\springmvchibernate\Service\Convert\XeMayConvert.class], file [E:\BT-JAVA-WEB\SpringMVCHibernate\target\classes\com\mycompany\springmvchibernate\Service\IKhachHangService.class], file [E:\BT-JAVA-WEB\SpringMVCHibernate\target\classes\com\mycompany\springmvchibernate\Service\ILoaiXeService.class], file [E:\BT-JAVA-WEB\SpringMVCHibernate\target\classes\com\mycompany\springmvchibernate\Service\Impl\KhachHangService.class], file [E:\BT-JAVA-WEB\SpringMVCHibernate\target\classes\com\mycompany\springmvchibernate\Service\Impl\LoaiXeService.class], file [E:\BT-JAVA-WEB\SpringMVCHibernate\target\classes\com\mycompany\springmvchibernate\Service\Impl\XeMayService.class], file [E:\BT-JAVA-WEB\SpringMVCHibernate\target\classes\com\mycompany\springmvchibernate\Service\ISanPhamService.class], file [E:\BT-JAVA-WEB\SpringMVCHibernate\target\classes\com\mycompany\springmvchibernate\Service\IXeMayService.class]]
2021-09-28 13:45:43 DEBUG ClassPathBeanDefinitionScanner:300 - Ignored because not a concrete top-level class: file [E:\BT-JAVA-WEB\SpringMVCHibernate\target\classes\com\mycompany\springmvchibernate\Service\IXeMayService.class]
2021-09-28 13:45:43 DEBUG PathMatchingResourcePatternResolver:318 - Resolved classpath location [com/mycompany/springmvchibernate/API/] to resources [URL [file:/E:/BT-JAVA-WEB/SpringMVCHibernate/target/classes/com/mycompany/springmvchibernate/API/]]
2021-09-28 13:45:43 DEBUG PathMatchingResourcePatternResolver:741 - Looking for matching resources in directory tree [E:\BT-JAVA-WEB\SpringMVCHibernate\target\classes\com\mycompany\springmvchibernate\API]
2021-09-28 13:45:43 DEBUG PathMatchingResourcePatternResolver:803 - Searching directory [E:\BT-JAVA-WEB\SpringMVCHibernate\target\classes\com\mycompany\springmvchibernate\API] for files matching pattern [E:/BT-JAVA-WEB/SpringMVCHibernate/target/classes/com/mycompany/springmvchibernate/API/**/*.class]
2021-09-28 13:45:43 DEBUG PathMatchingResourcePatternResolver:510 - Resolved location pattern [classpath*:com/mycompany/springmvchibernate/API/**/*.class] to resources [file [E:\BT-JAVA-WEB\SpringMVCHibernate\target\classes\com\mycompany\springmvchibernate\API\XeMayControllerAPI.class]]
2021-09-28 13:45:43 DEBUG ClassPathBeanDefinitionScanner:294 - Identified candidate component class: file [E:\BT-JAVA-WEB\SpringMVCHibernate\target\classes\com\mycompany\springmvchibernate\API\XeMayControllerAPI.class]
2021-09-28 13:45:43 DEBUG PathMatchingResourcePatternResolver:318 - Resolved classpath location [com/mycompany/springmvchibernate/Config/] to resources [URL [file:/E:/BT-JAVA-WEB/SpringMVCHibernate/target/classes/com/mycompany/springmvchibernate/Config/]]
2021-09-28 13:45:43 DEBUG PathMatchingResourcePatternResolver:741 - Looking for matching resources in directory tree [E:\BT-JAVA-WEB\SpringMVCHibernate\target\classes\com\mycompany\springmvchibernate\Config]
2021-09-28 13:45:43 DEBUG PathMatchingResourcePatternResolver:803 - Searching directory [E:\BT-JAVA-WEB\SpringMVCHibernate\target\classes\com\mycompany\springmvchibernate\Config] for files matching pattern [E:/BT-JAVA-WEB/SpringMVCHibernate/target/classes/com/mycompany/springmvchibernate/Config/**/*.class]
2021-09-28 13:45:43 DEBUG PathMatchingResourcePatternResolver:510 - Resolved location pattern [classpath*:com/mycompany/springmvchibernate/Config/**/*.class] to resources [file [E:\BT-JAVA-WEB\SpringMVCHibernate\target\classes\com\mycompany\springmvchibernate\Config\AuthConfig.class], file [E:\BT-JAVA-WEB\SpringMVCHibernate\target\classes\com\mycompany\springmvchibernate\Config\CustomAccessDeniedHandler.class], file [E:\BT-JAVA-WEB\SpringMVCHibernate\target\classes\com\mycompany\springmvchibernate\Config\CustomFailureHandler.class], file [E:\BT-JAVA-WEB\SpringMVCHibernate\target\classes\com\mycompany\springmvchibernate\Config\CustomSuccessHandler.class], file [E:\BT-JAVA-WEB\SpringMVCHibernate\target\classes\com\mycompany\springmvchibernate\Config\CustomUserDetailService.class], file [E:\BT-JAVA-WEB\SpringMVCHibernate\target\classes\com\mycompany\springmvchibernate\Config\Log4jConfigListener.class], file [E:\BT-JAVA-WEB\SpringMVCHibernate\target\classes\com\mycompany\springmvchibernate\Config\ModelMapperConfig.class], file [E:\BT-JAVA-WEB\SpringMVCHibernate\target\classes\com\mycompany\springmvchibernate\Config\SecurityConfig.class]]
2021-09-28 13:45:43 DEBUG ClassPathBeanDefinitionScanner:294 - Identified candidate component class: file [E:\BT-JAVA-WEB\SpringMVCHibernate\target\classes\com\mycompany\springmvchibernate\Config\CustomFailureHandler.class]
2021-09-28 13:45:43 DEBUG ClassPathBeanDefinitionScanner:294 - Identified candidate component class: file [E:\BT-JAVA-WEB\SpringMVCHibernate\target\classes\com\mycompany\springmvchibernate\Config\CustomSuccessHandler.class]
2021-09-28 13:45:43 DEBUG ClassPathBeanDefinitionScanner:294 - Identified candidate component class: file [E:\BT-JAVA-WEB\SpringMVCHibernate\target\classes\com\mycompany\springmvchibernate\Config\ModelMapperConfig.class]
2021-09-28 13:45:43 DEBUG PathMatchingResourcePatternResolver:318 - Resolved classpath location [com/mycompany/springmvchibernate/EntityTest/] to resources [URL [file:/E:/BT-JAVA-WEB/SpringMVCHibernate/target/classes/com/mycompany/springmvchibernate/EntityTest/]]
2021-09-28 13:45:43 DEBUG PathMatchingResourcePatternResolver:741 - Looking for matching resources in directory tree [E:\BT-JAVA-WEB\SpringMVCHibernate\target\classes\com\mycompany\springmvchibernate\EntityTest]
2021-09-28 13:45:43 DEBUG PathMatchingResourcePatternResolver:803 - Searching directory [E:\BT-JAVA-WEB\SpringMVCHibernate\target\classes\com\mycompany\springmvchibernate\EntityTest] for files matching pattern [E:/BT-JAVA-WEB/SpringMVCHibernate/target/classes/com/mycompany/springmvchibernate/EntityTest/*/**/*.class]
2021-09-28 13:45:43 DEBUG PathMatchingResourcePatternResolver:510 - Resolved location pattern [classpath*:com/mycompany/springmvchibernate/EntityTest/*/**/*.class] to resources []
2021-09-28 13:45:44 DEBUG StandardEnvironment:106 - Adding PropertySource 'systemProperties' with lowest search precedence
2021-09-28 13:45:44 DEBUG StandardEnvironment:106 - Adding PropertySource 'systemEnvironment' with lowest search precedence
2021-09-28 13:45:44 DEBUG StandardEnvironment:124 - Initialized StandardEnvironment with PropertySources [MapPropertySource@1578009262 {name='systemProperties', properties={java.runtime.name=Java(TM) SE Runtime Environment, sun.boot.library.path=C:\Program Files\Java\jdk1.8.0_241\jre\bin, java.vm.version=25.241-b07, user.country.format=VN, java.vm.vendor=Oracle Corporation, java.vendor.url=http://java.oracle.com/, path.separator=;, java.vm.name=Java HotSpot(TM) 64-Bit Server VM, file.encoding.pkg=sun.io, user.country=US, user.script=, sun.java.launcher=SUN_STANDARD, sun.os.patch.level=, java.vm.specification.name=Java Virtual Machine Specification, user.dir=E:\BT-JAVA-WEB\SpringMVCHibernate, java.runtime.version=1.8.0_241-b07, basedir=E:\BT-JAVA-WEB\SpringMVCHibernate, java.awt.graphicsenv=sun.awt.Win32GraphicsEnvironment, java.endorsed.dirs=C:\Program Files\Java\jdk1.8.0_241\jre\lib\endorsed, os.arch=amd64, surefire.real.class.path=E:\BT-JAVA-WEB\SpringMVCHibernate\target\surefire\surefirebooter6821871679518693960.jar, java.io.tmpdir=C:\Users\MinhTo\AppData\Local\Temp\, line.separator=
, java.vm.specification.vendor=Oracle Corporation, user.variant=, os.name=Windows 10, sun.jnu.encoding=Cp1252, java.library.path=C:\Program Files\Java\jdk1.8.0_241\jre\bin;C:\WINDOWS\Sun\Java\bin;C:\WINDOWS\system32;C:\WINDOWS;C:/Program Files/Java/jdk1.8.0_241/bin/../jre/bin/server;C:/Program Files/Java/jdk1.8.0_241/bin/../jre/bin;C:/Program Files/Java/jdk1.8.0_241/bin/../jre/lib/amd64;C:\WINDOWS\system32;C:\WINDOWS;C:\Program Files (x86)\Common Files\Oracle\Java\javapath;C:\ProgramData\Oracle\Java\javapath;C:\Program Files\Java\jdk1.8.0_241\bin;E:\java wed\apache-maven-3.6.0\bin;C:\Program Files\Microsoft JDBC Driver 8.4 for SQL Server\sqljdbc_8.4\enu\mssql-jdbc-8.4.1.jre11.jar;C:\Program Files (x86)\Microsoft SQL Server\150\Tools\Binn\;C:\Program Files\Microsoft SQL Server\150\Tools\Binn\;C:\Program Files (x86)\Microsoft SQL Server\150\DTS\Binn\;C:\Program Files\Microsoft SQL Server\150\DTS\Binn\;C:\Program Files\Microsoft SQL Server\Client SDK\ODBC\170\Tools\Binn\;C:\Users\MinhTo\GlassFish_Server\glassfish\bin;\cygdrive\C\Program Files\Java\jdk1.8.0_241\bin;C:\Program Files\Java\jdk1.8.0_241\lib;C:\Program Files\Java\jre1.8.0_241\lib;C:\Program Files\Java\jre1.8.0_241\bin;C:\cygwin64\bin;C:\Users\MinhTo\GlassFish_Server\glassfish\lib\javaee.jar;C:\Program Files\NVIDIA Corporation\NVIDIA NvDLISR;C:\Program Files\dotnet\;E:\Program Files\Git\cmd;C:\Program Files\Microsoft SQL Server\Client SDK\ODBC\110\Tools\Binn\;C:\Program Files (x86)\Microsoft SQL Server\120\Tools\Binn\;C:\Program Files\Microsoft SQL Server\120\Tools\Binn\;C:\Program Files\Microsoft SQL Server\120\DTS\Binn\;E:\TOMCAT\apache-tomcat-8.5.70\bin;C:\Program Files\nodejs;C:\Program Files\Java\jdk1.8.0_241\bin;C:\Users\MinhTo\AppData\Local\Microsoft\WindowsApps;C:\Users\MinhTo\AppData\Local\Programs\Microsoft VS Code\bin;C:\Users\MinhTo\AppData\Roaming\npm;C:\Program Files\Microsoft JDBC Driver 8.4 for SQL Server\sqljdbc_8.4\enu\mssql-jdbc-8.4.1.jre11.jar;\cygdrive\C\Program Files\Java\jdk1.8.0_241\bin;C:\Users\MinhTo\GlassFish_Server\glassfish\lib\javaee.jar;C:\Program Files\Java\jdk1.8.0_241\lib;C:\Users\MinhTo\AppData\Local\GitHubDesktop\bin;d:\openpose\anaconda3\lib;C:\Users\MinhTo\AppData\Roaming\Python\Python38;D:\OpenPose\anaconda3\Library\bin;D:\OpenPose\anaconda3\Lib;C:\Program Files\nodejs;;E:\java wed\eclipse-jee-2018-09-win32-x86_64\eclipse;;., surefire.test.class.path=E:\BT-JAVA-WEB\SpringMVCHibernate\target\test-classes;E:\BT-JAVA-WEB\SpringMVCHibernate\target\classes;C:\Users\MinhTo\.m2\repository\org\apache\struts\struts-el\1.3.10\struts-el-1.3.10.jar;C:\Users\MinhTo\.m2\repository\org\apache\struts\struts-core\1.3.10\struts-core-1.3.10.jar;C:\Users\MinhTo\.m2\repository\commons-beanutils\commons-beanutils\1.8.0\commons-beanutils-1.8.0.jar;C:\Users\MinhTo\.m2\repository\commons-chain\commons-chain\1.2\commons-chain-1.2.jar;C:\Users\MinhTo\.m2\repository\commons-validator\commons-validator\1.3.1\commons-validator-1.3.1.jar;C:\Users\MinhTo\.m2\repository\oro\oro\2.0.8\oro-2.0.8.jar;C:\Users\MinhTo\.m2\repository\org\apache\struts\struts-extras\1.3.10\struts-extras-1.3.10.jar;C:\Users\MinhTo\.m2\repository\org\apache\struts\struts-faces\1.3.10\struts-faces-1.3.10.jar;C:\Users\MinhTo\.m2\repository\org\apache\struts\struts-mailreader-dao\1.3.10\struts-mailreader-dao-1.3.10.jar;C:\Users\MinhTo\.m2\repository\commons-digester\commons-digester\1.8\commons-digester-1.8.jar;C:\Users\MinhTo\.m2\repository\commons-logging\commons-logging\1.0.4\commons-logging-1.0.4.jar;C:\Users\MinhTo\.m2\repository\org\apache\struts\struts-scripting\1.3.10\struts-scripting-1.3.10.jar;C:\Users\MinhTo\.m2\repository\bsf\bsf\2.3.0\bsf-2.3.0.jar;C:\Users\MinhTo\.m2\repository\org\apache\struts\struts-taglib\1.3.10\struts-taglib-1.3.10.jar;C:\Users\MinhTo\.m2\repository\org\apache\struts\struts-tiles\1.3.10\struts-tiles-1.3.10.jar;C:\Users\MinhTo\.m2\repository\opensymphony\sitemesh\2.4.2\sitemesh-2.4.2.jar;C:\Users\MinhTo\.m2\repository\org\eclipse\persistence\org.eclipse.persistence.core\2.7.7\org.eclipse.persistence.core-2.7.7.jar;C:\Users\MinhTo\.m2\repository\org\eclipse\persistence\org.eclipse.persistence.asm\2.7.7\org.eclipse.persistence.asm-2.7.7.jar;C:\Users\MinhTo\.m2\repository\org\eclipse\persistence\org.eclipse.persistence.antlr\2.7.7\org.eclipse.persistence.antlr-2.7.7.jar;C:\Users\MinhTo\.m2\repository\org\eclipse\persistence\org.eclipse.persistence.jpa\2.7.7\org.eclipse.persistence.jpa-2.7.7.jar;C:\Users\MinhTo\.m2\repository\org\eclipse\persistence\jakarta.persistence\2.2.3\jakarta.persistence-2.2.3.jar;C:\Users\MinhTo\.m2\repository\org\eclipse\persistence\org.eclipse.persistence.jpa.jpql\2.7.7\org.eclipse.persistence.jpa.jpql-2.7.7.jar;C:\Users\MinhTo\.m2\repository\org\eclipse\persistence\org.eclipse.persistence.moxy\2.7.7\org.eclipse.persistence.moxy-2.7.7.jar;C:\Users\MinhTo\.m2\repository\org\eclipse\persistence\javax.persistence\2.2.1\javax.persistence-2.2.1.jar;C:\Users\MinhTo\.m2\repository\javax\javaee-api\8.0\javaee-api-8.0.jar;C:\Users\MinhTo\.m2\repository\com\sun\mail\javax.mail\1.6.0\javax.mail-1.6.0.jar;C:\Users\MinhTo\.m2\repository\javax\activation\activation\1.1\activation-1.1.jar;C:\Users\MinhTo\.m2\repository\org\springframework\spring-beans\4.3.13.RELEASE\spring-beans-4.3.13.RELEASE.jar;C:\Users\MinhTo\.m2\repository\org\springframework\spring-expression\4.3.13.RELEASE\spring-expression-4.3.13.RELEASE.jar;C:\Users\MinhTo\.m2\repository\org\springframework\spring-core\4.3.13.RELEASE\spring-core-4.3.13.RELEASE.jar;C:\Users\MinhTo\.m2\repository\org\springframework\spring-web\4.3.13.RELEASE\spring-web-4.3.13.RELEASE.jar;C:\Users\MinhTo\.m2\repository\org\springframework\spring-aop\4.3.13.RELEASE\spring-aop-4.3.13.RELEASE.jar;C:\Users\MinhTo\.m2\repository\org\springframework\spring-webmvc\4.3.13.RELEASE\spring-webmvc-4.3.13.RELEASE.jar;C:\Users\MinhTo\.m2\repository\org\springframework\spring-tx\4.3.13.RELEASE\spring-tx-4.3.13.RELEASE.jar;C:\Users\MinhTo\.m2\repository\org\springframework\spring-orm\4.3.13.RELEASE\spring-orm-4.3.13.RELEASE.jar;C:\Users\MinhTo\.m2\repository\org\springframework\spring-jdbc\4.3.13.RELEASE\spring-jdbc-4.3.13.RELEASE.jar;C:\Users\MinhTo\.m2\repository\org\springframework\spring-context\4.3.13.RELEASE\spring-context-4.3.13.RELEASE.jar;C:\Users\MinhTo\.m2\repository\org\springframework\spring-context-support\4.3.13.RELEASE\spring-context-support-4.3.13.RELEASE.jar;C:\Users\MinhTo\.m2\repository\org\springframework\spring-test\4.3.13.RELEASE\spring-test-4.3.13.RELEASE.jar;C:\Users\MinhTo\.m2\repository\org\springframework\data\spring-data-jpa\1.10.2.RELEASE\spring-data-jpa-1.10.2.RELEASE.jar;C:\Users\MinhTo\.m2\repository\org\springframework\data\spring-data-commons\1.12.2.RELEASE\spring-data-commons-1.12.2.RELEASE.jar;C:\Users\MinhTo\.m2\repository\org\aspectj\aspectjrt\1.8.9\aspectjrt-1.8.9.jar;C:\Users\MinhTo\.m2\repository\org\springframework\security\spring-security-web\4.0.2.RELEASE\spring-security-web-4.0.2.RELEASE.jar;C:\Users\MinhTo\.m2\repository\aopalliance\aopalliance\1.0\aopalliance-1.0.jar;C:\Users\MinhTo\.m2\repository\org\springframework\security\spring-security-core\4.0.2.RELEASE\spring-security-core-4.0.2.RELEASE.jar;C:\Users\MinhTo\.m2\repository\org\springframework\security\spring-security-acl\4.0.2.RELEASE\spring-security-acl-4.0.2.RELEASE.jar;C:\Users\MinhTo\.m2\repository\org\springframework\security\spring-security-config\4.0.2.RELEASE\spring-security-config-4.0.2.RELEASE.jar;C:\Users\MinhTo\.m2\repository\org\springframework\security\spring-security-taglibs\4.0.2.RELEASE\spring-security-taglibs-4.0.2.RELEASE.jar;C:\Users\MinhTo\.m2\repository\org\springframework\security\spring-security-oauth2-authorization-server\0.2.0\spring-security-oauth2-authorization-server-0.2.0.jar;C:\Users\MinhTo\.m2\repository\com\nimbusds\nimbus-jose-jwt\9.10.1\nimbus-jose-jwt-9.10.1.jar;C:\Users\MinhTo\.m2\repository\com\github\stephenc\jcip\jcip-annotations\1.0-1\jcip-annotations-1.0-1.jar;C:\Users\MinhTo\.m2\repository\org\springframework\security\spring-security-oauth2-core\5.5.2\spring-security-oauth2-core-5.5.2.jar;C:\Users\MinhTo\.m2\repository\org\springframework\security\spring-security-oauth2-jose\5.5.2\spring-security-oauth2-jose-5.5.2.jar;C:\Users\MinhTo\.m2\repository\org\springframework\security\spring-security-oauth2-resource-server\5.5.2\spring-security-oauth2-resource-server-5.5.2.jar;C:\Users\MinhTo\.m2\repository\javax\servlet\javax.servlet-api\3.0.1\javax.servlet-api-3.0.1.jar;C:\Users\MinhTo\.m2\repository\org\springframework\spring-aspects\4.3.13.RELEASE\spring-aspects-4.3.13.RELEASE.jar;C:\Users\MinhTo\.m2\repository\org\aspectj\aspectjweaver\1.8.9\aspectjweaver-1.8.9.jar;C:\Users\MinhTo\.m2\repository\javax\servlet\jsp\javax.servlet.jsp-api\2.3.1\javax.servlet.jsp-api-2.3.1.jar;C:\Users\MinhTo\.m2\repository\javax\servlet\jstl\1.2\jstl-1.2.jar;C:\Users\MinhTo\.m2\repository\taglibs\standard\1.1.2\standard-1.1.2.jar;C:\Users\MinhTo\.m2\repository\javax\faces\javax.faces-api\2.3\javax.faces-api-2.3.jar;C:\Users\MinhTo\.m2\repository\org\hibernate\hibernate-core\4.3.6.Final\hibernate-core-4.3.6.Final.jar;C:\Users\MinhTo\.m2\repository\org\jboss\logging\jboss-logging\3.1.3.GA\jboss-logging-3.1.3.GA.jar;C:\Users\MinhTo\.m2\repository\org\jboss\logging\jboss-logging-annotations\1.2.0.Beta1\jboss-logging-annotations-1.2.0.Beta1.jar;C:\Users\MinhTo\.m2\repository\org\jboss\spec\javax\transaction\jboss-transaction-api_1.2_spec\1.0.0.Final\jboss-transaction-api_1.2_spec-1.0.0.Final.jar;C:\Users\MinhTo\.m2\repository\dom4j\dom4j\1.6.1\dom4j-1.6.1.jar;C:\Users\MinhTo\.m2\repository\xml-apis\xml-apis\1.0.b2\xml-apis-1.0.b2.jar;C:\Users\MinhTo\.m2\repository\org\hibernate\common\hibernate-commons-annotations\4.0.5.Final\hibernate-commons-annotations-4.0.5.Final.jar;C:\Users\MinhTo\.m2\repository\org\javassist\javassist\3.18.1-GA\javassist-3.18.1-GA.jar;C:\Users\MinhTo\.m2\repository\antlr\antlr\2.7.7\antlr-2.7.7.jar;C:\Users\MinhTo\.m2\repository\org\jboss\jandex\1.1.0.Final\jandex-1.1.0.Final.jar;C:\Users\MinhTo\.m2\repository\org\hibernate\hibernate-entitymanager\4.3.6.Final\hibernate-entitymanager-4.3.6.Final.jar;C:\Users\MinhTo\.m2\repository\org\hibernate\javax\persistence\hibernate-jpa-2.1-api\1.0.0.Final\hibernate-jpa-2.1-api-1.0.0.Final.jar;C:\Users\MinhTo\.m2\repository\org\slf4j\slf4j-api\1.7.5\slf4j-api-1.7.5.jar;C:\Users\MinhTo\.m2\repository\org\slf4j\jcl-over-slf4j\1.7.5\jcl-over-slf4j-1.7.5.jar;C:\Users\MinhTo\.m2\repository\org\slf4j\slf4j-log4j12\1.7.5\slf4j-log4j12-1.7.5.jar;C:\Users\MinhTo\.m2\repository\log4j\log4j\1.2.15\log4j-1.2.15.jar;C:\Users\MinhTo\.m2\repository\com\fasterxml\jackson\core\jackson-core\2.9.6\jackson-core-2.9.6.jar;C:\Users\MinhTo\.m2\repository\com\fasterxml\jackson\core\jackson-annotations\2.9.6\jackson-annotations-2.9.6.jar;C:\Users\MinhTo\.m2\repository\com\fasterxml\jackson\core\jackson-databind\2.9.6\jackson-databind-2.9.6.jar;C:\Users\MinhTo\.m2\repository\commons-dbcp\commons-dbcp\1.4\commons-dbcp-1.4.jar;C:\Users\MinhTo\.m2\repository\commons-pool\commons-pool\1.5.4\commons-pool-1.5.4.jar;C:\Users\MinhTo\.m2\repository\org\modelmapper\modelmapper\2.3.5\modelmapper-2.3.5.jar;C:\Users\MinhTo\.m2\repository\javax\xml\bind\jaxb-api\2.3.1\jaxb-api-2.3.1.jar;C:\Users\MinhTo\.m2\repository\javax\activation\javax.activation-api\1.2.0\javax.activation-api-1.2.0.jar;C:\Users\MinhTo\.m2\repository\org\hibernate\hibernate-jpamodelgen\5.3.2.Final\hibernate-jpamodelgen-5.3.2.Final.jar;C:\Users\MinhTo\.m2\repository\org\mockito\mockito-core\3.11.2\mockito-core-3.11.2.jar;C:\Users\MinhTo\.m2\repository\net\bytebuddy\byte-buddy\1.11.3\byte-buddy-1.11.3.jar;C:\Users\MinhTo\.m2\repository\net\bytebuddy\byte-buddy-agent\1.11.3\byte-buddy-agent-1.11.3.jar;C:\Users\MinhTo\.m2\repository\org\objenesis\objenesis\3.2\objenesis-3.2.jar;C:\Users\MinhTo\.m2\repository\org\mockito\mockito-junit-jupiter\3.2.4\mockito-junit-jupiter-3.2.4.jar;C:\Users\MinhTo\.m2\repository\org\junit\jupiter\junit-jupiter-api\5.4.2\junit-jupiter-api-5.4.2.jar;C:\Users\MinhTo\.m2\repository\org\apiguardian\apiguardian-api\1.0.0\apiguardian-api-1.0.0.jar;C:\Users\MinhTo\.m2\repository\org\opentest4j\opentest4j\1.1.1\opentest4j-1.1.1.jar;C:\Users\MinhTo\.m2\repository\org\junit\platform\junit-platform-commons\1.4.2\junit-platform-commons-1.4.2.jar;C:\Users\MinhTo\.m2\repository\junit\junit\4.13.2\junit-4.13.2.jar;C:\Users\MinhTo\.m2\repository\org\hamcrest\hamcrest-all\1.3\hamcrest-all-1.3.jar;C:\Users\MinhTo\.m2\repository\com\microsoft\sqlserver\mssql-jdbc\7.4.1.jre8\mssql-jdbc-7.4.1.jre8.jar;C:\Users\MinhTo\.m2\repository\org\hibernate\hibernate-java8\5.0.7.Final\hibernate-java8-5.0.7.Final.jar;, java.specification.name=Java Platform API Specification, java.class.version=52.0, sun.management.compiler=HotSpot 64-Bit Tiered Compilers, os.version=10.0, user.home=C:\Users\MinhTo, user.timezone=Asia/Bangkok, java.awt.printerjob=sun.awt.windows.WPrinterJob, file.encoding=Cp1252, java.specification.version=1.8, java.class.path=E:\BT-JAVA-WEB\SpringMVCHibernate\target\test-classes;E:\BT-JAVA-WEB\SpringMVCHibernate\target\classes;C:\Users\MinhTo\.m2\repository\org\apache\struts\struts-el\1.3.10\struts-el-1.3.10.jar;C:\Users\MinhTo\.m2\repository\org\apache\struts\struts-core\1.3.10\struts-core-1.3.10.jar;C:\Users\MinhTo\.m2\repository\commons-beanutils\commons-beanutils\1.8.0\commons-beanutils-1.8.0.jar;C:\Users\MinhTo\.m2\repository\commons-chain\commons-chain\1.2\commons-chain-1.2.jar;C:\Users\MinhTo\.m2\repository\commons-validator\commons-validator\1.3.1\commons-validator-1.3.1.jar;C:\Users\MinhTo\.m2\repository\oro\oro\2.0.8\oro-2.0.8.jar;C:\Users\MinhTo\.m2\repository\org\apache\struts\struts-extras\1.3.10\struts-extras-1.3.10.jar;C:\Users\MinhTo\.m2\repository\org\apache\struts\struts-faces\1.3.10\struts-faces-1.3.10.jar;C:\Users\MinhTo\.m2\repository\org\apache\struts\struts-mailreader-dao\1.3.10\struts-mailreader-dao-1.3.10.jar;C:\Users\MinhTo\.m2\repository\commons-digester\commons-digester\1.8\commons-digester-1.8.jar;C:\Users\MinhTo\.m2\repository\commons-logging\commons-logging\1.0.4\commons-logging-1.0.4.jar;C:\Users\MinhTo\.m2\repository\org\apache\struts\struts-scripting\1.3.10\struts-scripting-1.3.10.jar;C:\Users\MinhTo\.m2\repository\bsf\bsf\2.3.0\bsf-2.3.0.jar;C:\Users\MinhTo\.m2\repository\org\apache\struts\struts-taglib\1.3.10\struts-taglib-1.3.10.jar;C:\Users\MinhTo\.m2\repository\org\apache\struts\struts-tiles\1.3.10\struts-tiles-1.3.10.jar;C:\Users\MinhTo\.m2\repository\opensymphony\sitemesh\2.4.2\sitemesh-2.4.2.jar;C:\Users\MinhTo\.m2\repository\org\eclipse\persistence\org.eclipse.persistence.core\2.7.7\org.eclipse.persistence.core-2.7.7.jar;C:\Users\MinhTo\.m2\repository\org\eclipse\persistence\org.eclipse.persistence.asm\2.7.7\org.eclipse.persistence.asm-2.7.7.jar;C:\Users\MinhTo\.m2\repository\org\eclipse\persistence\org.eclipse.persistence.antlr\2.7.7\org.eclipse.persistence.antlr-2.7.7.jar;C:\Users\MinhTo\.m2\repository\org\eclipse\persistence\org.eclipse.persistence.jpa\2.7.7\org.eclipse.persistence.jpa-2.7.7.jar;C:\Users\MinhTo\.m2\repository\org\eclipse\persistence\jakarta.persistence\2.2.3\jakarta.persistence-2.2.3.jar;C:\Users\MinhTo\.m2\repository\org\eclipse\persistence\org.eclipse.persistence.jpa.jpql\2.7.7\org.eclipse.persistence.jpa.jpql-2.7.7.jar;C:\Users\MinhTo\.m2\repository\org\eclipse\persistence\org.eclipse.persistence.moxy\2.7.7\org.eclipse.persistence.moxy-2.7.7.jar;C:\Users\MinhTo\.m2\repository\org\eclipse\persistence\javax.persistence\2.2.1\javax.persistence-2.2.1.jar;C:\Users\MinhTo\.m2\repository\javax\javaee-api\8.0\javaee-api-8.0.jar;C:\Users\MinhTo\.m2\repository\com\sun\mail\javax.mail\1.6.0\javax.mail-1.6.0.jar;C:\Users\MinhTo\.m2\repository\javax\activation\activation\1.1\activation-1.1.jar;C:\Users\MinhTo\.m2\repository\org\springframework\spring-beans\4.3.13.RELEASE\spring-beans-4.3.13.RELEASE.jar;C:\Users\MinhTo\.m2\repository\org\springframework\spring-expression\4.3.13.RELEASE\spring-expression-4.3.13.RELEASE.jar;C:\Users\MinhTo\.m2\repository\org\springframework\spring-core\4.3.13.RELEASE\spring-core-4.3.13.RELEASE.jar;C:\Users\MinhTo\.m2\repository\org\springframework\spring-web\4.3.13.RELEASE\spring-web-4.3.13.RELEASE.jar;C:\Users\MinhTo\.m2\repository\org\springframework\spring-aop\4.3.13.RELEASE\spring-aop-4.3.13.RELEASE.jar;C:\Users\MinhTo\.m2\repository\org\springframework\spring-webmvc\4.3.13.RELEASE\spring-webmvc-4.3.13.RELEASE.jar;C:\Users\MinhTo\.m2\repository\org\springframework\spring-tx\4.3.13.RELEASE\spring-tx-4.3.13.RELEASE.jar;C:\Users\MinhTo\.m2\repository\org\springframework\spring-orm\4.3.13.RELEASE\spring-orm-4.3.13.RELEASE.jar;C:\Users\MinhTo\.m2\repository\org\springframework\spring-jdbc\4.3.13.RELEASE\spring-jdbc-4.3.13.RELEASE.jar;C:\Users\MinhTo\.m2\repository\org\springframework\spring-context\4.3.13.RELEASE\spring-context-4.3.13.RELEASE.jar;C:\Users\MinhTo\.m2\repository\org\springframework\spring-context-support\4.3.13.RELEASE\spring-context-support-4.3.13.RELEASE.jar;C:\Users\MinhTo\.m2\repository\org\springframework\spring-test\4.3.13.RELEASE\spring-test-4.3.13.RELEASE.jar;C:\Users\MinhTo\.m2\repository\org\springframework\data\spring-data-jpa\1.10.2.RELEASE\spring-data-jpa-1.10.2.RELEASE.jar;C:\Users\MinhTo\.m2\repository\org\springframework\data\spring-data-commons\1.12.2.RELEASE\spring-data-commons-1.12.2.RELEASE.jar;C:\Users\MinhTo\.m2\repository\org\aspectj\aspectjrt\1.8.9\aspectjrt-1.8.9.jar;C:\Users\MinhTo\.m2\repository\org\springframework\security\spring-security-web\4.0.2.RELEASE\spring-security-web-4.0.2.RELEASE.jar;C:\Users\MinhTo\.m2\repository\aopalliance\aopalliance\1.0\aopalliance-1.0.jar;C:\Users\MinhTo\.m2\repository\org\springframework\security\spring-security-core\4.0.2.RELEASE\spring-security-core-4.0.2.RELEASE.jar;C:\Users\MinhTo\.m2\repository\org\springframework\security\spring-security-acl\4.0.2.RELEASE\spring-security-acl-4.0.2.RELEASE.jar;C:\Users\MinhTo\.m2\repository\org\springframework\security\spring-security-config\4.0.2.RELEASE\spring-security-config-4.0.2.RELEASE.jar;C:\Users\MinhTo\.m2\repository\org\springframework\security\spring-security-taglibs\4.0.2.RELEASE\spring-security-taglibs-4.0.2.RELEASE.jar;C:\Users\MinhTo\.m2\repository\org\springframework\security\spring-security-oauth2-authorization-server\0.2.0\spring-security-oauth2-authorization-server-0.2.0.jar;C:\Users\MinhTo\.m2\repository\com\nimbusds\nimbus-jose-jwt\9.10.1\nimbus-jose-jwt-9.10.1.jar;C:\Users\MinhTo\.m2\repository\com\github\stephenc\jcip\jcip-annotations\1.0-1\jcip-annotations-1.0-1.jar;C:\Users\MinhTo\.m2\repository\org\springframework\security\spring-security-oauth2-core\5.5.2\spring-security-oauth2-core-5.5.2.jar;C:\Users\MinhTo\.m2\repository\org\springframework\security\spring-security-oauth2-jose\5.5.2\spring-security-oauth2-jose-5.5.2.jar;C:\Users\MinhTo\.m2\repository\org\springframework\security\spring-security-oauth2-resource-server\5.5.2\spring-security-oauth2-resource-server-5.5.2.jar;C:\Users\MinhTo\.m2\repository\javax\servlet\javax.servlet-api\3.0.1\javax.servlet-api-3.0.1.jar;C:\Users\MinhTo\.m2\repository\org\springframework\spring-aspects\4.3.13.RELEASE\spring-aspects-4.3.13.RELEASE.jar;C:\Users\MinhTo\.m2\repository\org\aspectj\aspectjweaver\1.8.9\aspectjweaver-1.8.9.jar;C:\Users\MinhTo\.m2\repository\javax\servlet\jsp\javax.servlet.jsp-api\2.3.1\javax.servlet.jsp-api-2.3.1.jar;C:\Users\MinhTo\.m2\repository\javax\servlet\jstl\1.2\jstl-1.2.jar;C:\Users\MinhTo\.m2\repository\taglibs\standard\1.1.2\standard-1.1.2.jar;C:\Users\MinhTo\.m2\repository\javax\faces\javax.faces-api\2.3\javax.faces-api-2.3.jar;C:\Users\MinhTo\.m2\repository\org\hibernate\hibernate-core\4.3.6.Final\hibernate-core-4.3.6.Final.jar;C:\Users\MinhTo\.m2\repository\org\jboss\logging\jboss-logging\3.1.3.GA\jboss-logging-3.1.3.GA.jar;C:\Users\MinhTo\.m2\repository\org\jboss\logging\jboss-logging-annotations\1.2.0.Beta1\jboss-logging-annotations-1.2.0.Beta1.jar;C:\Users\MinhTo\.m2\repository\org\jboss\spec\javax\transaction\jboss-transaction-api_1.2_spec\1.0.0.Final\jboss-transaction-api_1.2_spec-1.0.0.Final.jar;C:\Users\MinhTo\.m2\repository\dom4j\dom4j\1.6.1\dom4j-1.6.1.jar;C:\Users\MinhTo\.m2\repository\xml-apis\xml-apis\1.0.b2\xml-apis-1.0.b2.jar;C:\Users\MinhTo\.m2\repository\org\hibernate\common\hibernate-commons-annotations\4.0.5.Final\hibernate-commons-annotations-4.0.5.Final.jar;C:\Users\MinhTo\.m2\repository\org\javassist\javassist\3.18.1-GA\javassist-3.18.1-GA.jar;C:\Users\MinhTo\.m2\repository\antlr\antlr\2.7.7\antlr-2.7.7.jar;C:\Users\MinhTo\.m2\repository\org\jboss\jandex\1.1.0.Final\jandex-1.1.0.Final.jar;C:\Users\MinhTo\.m2\repository\org\hibernate\hibernate-entitymanager\4.3.6.Final\hibernate-entitymanager-4.3.6.Final.jar;C:\Users\MinhTo\.m2\repository\org\hibernate\javax\persistence\hibernate-jpa-2.1-api\1.0.0.Final\hibernate-jpa-2.1-api-1.0.0.Final.jar;C:\Users\MinhTo\.m2\repository\org\slf4j\slf4j-api\1.7.5\slf4j-api-1.7.5.jar;C:\Users\MinhTo\.m2\repository\org\slf4j\jcl-over-slf4j\1.7.5\jcl-over-slf4j-1.7.5.jar;C:\Users\MinhTo\.m2\repository\org\slf4j\slf4j-log4j12\1.7.5\slf4j-log4j12-1.7.5.jar;C:\Users\MinhTo\.m2\repository\log4j\log4j\1.2.15\log4j-1.2.15.jar;C:\Users\MinhTo\.m2\repository\com\fasterxml\jackson\core\jackson-core\2.9.6\jackson-core-2.9.6.jar;C:\Users\MinhTo\.m2\repository\com\fasterxml\jackson\core\jackson-annotations\2.9.6\jackson-annotations-2.9.6.jar;C:\Users\MinhTo\.m2\repository\com\fasterxml\jackson\core\jackson-databind\2.9.6\jackson-databind-2.9.6.jar;C:\Users\MinhTo\.m2\repository\commons-dbcp\commons-dbcp\1.4\commons-dbcp-1.4.jar;C:\Users\MinhTo\.m2\repository\commons-pool\commons-pool\1.5.4\commons-pool-1.5.4.jar;C:\Users\MinhTo\.m2\repository\org\modelmapper\modelmapper\2.3.5\modelmapper-2.3.5.jar;C:\Users\MinhTo\.m2\repository\javax\xml\bind\jaxb-api\2.3.1\jaxb-api-2.3.1.jar;C:\Users\MinhTo\.m2\repository\javax\activation\javax.activation-api\1.2.0\javax.activation-api-1.2.0.jar;C:\Users\MinhTo\.m2\repository\org\hibernate\hibernate-jpamodelgen\5.3.2.Final\hibernate-jpamodelgen-5.3.2.Final.jar;C:\Users\MinhTo\.m2\repository\org\mockito\mockito-core\3.11.2\mockito-core-3.11.2.jar;C:\Users\MinhTo\.m2\repository\net\bytebuddy\byte-buddy\1.11.3\byte-buddy-1.11.3.jar;C:\Users\MinhTo\.m2\repository\net\bytebuddy\byte-buddy-agent\1.11.3\byte-buddy-agent-1.11.3.jar;C:\Users\MinhTo\.m2\repository\org\objenesis\objenesis\3.2\objenesis-3.2.jar;C:\Users\MinhTo\.m2\repository\org\mockito\mockito-junit-jupiter\3.2.4\mockito-junit-jupiter-3.2.4.jar;C:\Users\MinhTo\.m2\repository\org\junit\jupiter\junit-jupiter-api\5.4.2\junit-jupiter-api-5.4.2.jar;C:\Users\MinhTo\.m2\repository\org\apiguardian\apiguardian-api\1.0.0\apiguardian-api-1.0.0.jar;C:\Users\MinhTo\.m2\repository\org\opentest4j\opentest4j\1.1.1\opentest4j-1.1.1.jar;C:\Users\MinhTo\.m2\repository\org\junit\platform\junit-platform-commons\1.4.2\junit-platform-commons-1.4.2.jar;C:\Users\MinhTo\.m2\repository\junit\junit\4.13.2\junit-4.13.2.jar;C:\Users\MinhTo\.m2\repository\org\hamcrest\hamcrest-all\1.3\hamcrest-all-1.3.jar;C:\Users\MinhTo\.m2\repository\com\microsoft\sqlserver\mssql-jdbc\7.4.1.jre8\mssql-jdbc-7.4.1.jre8.jar;C:\Users\MinhTo\.m2\repository\org\hibernate\hibernate-java8\5.0.7.Final\hibernate-java8-5.0.7.Final.jar;, user.name=MinhTo, java.vm.specification.version=1.8, sun.java.command=E:\BT-JAVA-WEB\SpringMVCHibernate\target\surefire\surefirebooter6821871679518693960.jar E:\BT-JAVA-WEB\SpringMVCHibernate\target\surefire\surefire4457562381731493762tmp E:\BT-JAVA-WEB\SpringMVCHibernate\target\surefire\surefire_08669293951799136018tmp, java.home=C:\Program Files\Java\jdk1.8.0_241\jre, sun.arch.data.model=64, user.language=en, java.specification.vendor=Oracle Corporation, user.language.format=vi, awt.toolkit=sun.awt.windows.WToolkit, java.vm.info=mixed mode, java.version=1.8.0_241, java.ext.dirs=C:\Program Files\Java\jdk1.8.0_241\jre\lib\ext;C:\WINDOWS\Sun\Java\lib\ext, sun.boot.class.path=C:\Program Files\Java\jdk1.8.0_241\jre\lib\resources.jar;C:\Program Files\Java\jdk1.8.0_241\jre\lib\rt.jar;C:\Program Files\Java\jdk1.8.0_241\jre\lib\sunrsasign.jar;C:\Program Files\Java\jdk1.8.0_241\jre\lib\jsse.jar;C:\Program Files\Java\jdk1.8.0_241\jre\lib\jce.jar;C:\Program Files\Java\jdk1.8.0_241\jre\lib\charsets.jar;C:\Program Files\Java\jdk1.8.0_241\jre\lib\jfr.jar;C:\Program Files\Java\jdk1.8.0_241\jre\classes, java.vendor=Oracle Corporation, localRepository=C:\Users\MinhTo\.m2\repository, file.separator=\, java.vendor.url.bug=http://bugreport.sun.com/bugreport/, sun.io.unicode.encoding=UnicodeLittle, sun.cpu.endian=little, sun.desktop=windows, sun.cpu.isalist=amd64}}, SystemEnvironmentPropertySource@1735507635 {name='systemEnvironment', properties={PATH=C:/Program Files/Java/jdk1.8.0_241/bin/../jre/bin/server;C:/Program Files/Java/jdk1.8.0_241/bin/../jre/bin;C:/Program Files/Java/jdk1.8.0_241/bin/../jre/lib/amd64;C:\WINDOWS\system32;C:\WINDOWS;C:\Program Files (x86)\Common Files\Oracle\Java\javapath;C:\ProgramData\Oracle\Java\javapath;C:\Program Files\Java\jdk1.8.0_241\bin;E:\java wed\apache-maven-3.6.0\bin;C:\Program Files\Microsoft JDBC Driver 8.4 for SQL Server\sqljdbc_8.4\enu\mssql-jdbc-8.4.1.jre11.jar;C:\Program Files (x86)\Microsoft SQL Server\150\Tools\Binn\;C:\Program Files\Microsoft SQL Server\150\Tools\Binn\;C:\Program Files (x86)\Microsoft SQL Server\150\DTS\Binn\;C:\Program Files\Microsoft SQL Server\150\DTS\Binn\;C:\Program Files\Microsoft SQL Server\Client SDK\ODBC\170\Tools\Binn\;C:\Users\MinhTo\GlassFish_Server\glassfish\bin;\cygdrive\C\Program Files\Java\jdk1.8.0_241\bin;C:\Program Files\Java\jdk1.8.0_241\lib;C:\Program Files\Java\jre1.8.0_241\lib;C:\Program Files\Java\jre1.8.0_241\bin;C:\cygwin64\bin;C:\Users\MinhTo\GlassFish_Server\glassfish\lib\javaee.jar;C:\Program Files\NVIDIA Corporation\NVIDIA NvDLISR;C:\Program Files\dotnet\;E:\Program Files\Git\cmd;C:\Program Files\Microsoft SQL Server\Client SDK\ODBC\110\Tools\Binn\;C:\Program Files (x86)\Microsoft SQL Server\120\Tools\Binn\;C:\Program Files\Microsoft SQL Server\120\Tools\Binn\;C:\Program Files\Microsoft SQL Server\120\DTS\Binn\;E:\TOMCAT\apache-tomcat-8.5.70\bin;C:\Program Files\nodejs;C:\Program Files\Java\jdk1.8.0_241\bin;C:\Users\MinhTo\AppData\Local\Microsoft\WindowsApps;C:\Users\MinhTo\AppData\Local\Programs\Microsoft VS Code\bin;C:\Users\MinhTo\AppData\Roaming\npm;C:\Program Files\Microsoft JDBC Driver 8.4 for SQL Server\sqljdbc_8.4\enu\mssql-jdbc-8.4.1.jre11.jar;\cygdrive\C\Program Files\Java\jdk1.8.0_241\bin;C:\Users\MinhTo\GlassFish_Server\glassfish\lib\javaee.jar;C:\Program Files\Java\jdk1.8.0_241\lib;C:\Users\MinhTo\AppData\Local\GitHubDesktop\bin;d:\openpose\anaconda3\lib;C:\Users\MinhTo\AppData\Roaming\Python\Python38;D:\OpenPose\anaconda3\Library\bin;D:\OpenPose\anaconda3\Lib;C:\Program Files\nodejs;;E:\java wed\eclipse-jee-2018-09-win32-x86_64\eclipse;, USERDOMAIN_ROAMINGPROFILE=MINHTO-PC, PROCESSOR_LEVEL=6, SYSTEMDRIVE=C:, M2=E:\java wed\apache-maven-3.6.0\bin MAVEN_OPTS=-Xms256m -Xmx512m, SESSIONNAME=Console, ALLUSERSPROFILE=C:\ProgramData, PROCESSOR_ARCHITECTURE=AMD64, DRIVERDATA=C:\Windows\System32\Drivers\DriverData, =E:=E:\BT-JAVA-WEB\SpringMVCHibernate, MAVEN_HOME=E:\java wed\apache-maven-3.6.0, PROGRAMFILES=C:\Program Files, PSMODULEPATH=C:\Program Files\WindowsPowerShell\Modules;C:\WINDOWS\system32\WindowsPowerShell\v1.0\Modules;C:\Program Files (x86)\Microsoft SQL Server\150\Tools\PowerShell\Modules\;C:\Program Files (x86)\Microsoft SQL Server\120\Tools\PowerShell\Modules\, PROGRAMDATA=C:\ProgramData, CHOCOLATEYLASTPATHUPDATE=132297907597727568, USERNAME=MinhTo, FPS_BROWSER_USER_PROFILE_STRING=Default, ONEDRIVE=C:\Users\MinhTo\OneDrive, PATHEXT=.COM;.EXE;.BAT;.CMD;.VBS;.VBE;.JS;.JSE;.WSF;.WSH;.MSC, ONEDRIVECONSUMER=C:\Users\MinhTo\OneDrive, WINDIR=C:\WINDOWS, HOMEPATH=\Users\MinhTo, PROCESSOR_IDENTIFIER=Intel64 Family 6 Model 94 Stepping 3, GenuineIntel, M2_HOME=E:\java wed\apache-maven-3.6.0, PUBLIC=C:\Users\Public, =::=::\, MSMPI_BENCHMARKS=C:\Program Files\Microsoft MPI\Benchmarks\, LOCALAPPDATA=C:\Users\MinhTo\AppData\Local, MSMPI_BIN=C:\Program Files\Microsoft MPI\Bin\, COMMONPROGRAMFILES(X86)=C:\Program Files (x86)\Common Files, USERDOMAIN=MINHTO-PC, FPS_BROWSER_APP_PROFILE_STRING=Internet Explorer, LOGONSERVER=\\MINHTO-PC, JAVA_HOME=C:\Program Files\Java\jdk1.8.0_241, PROMPT=$P$G, PROGRAMFILES(X86)=C:\Program Files (x86), QT_DEVICE_PIXEL_RATIO=auto, =C:=C:\, APPDATA=C:\Users\MinhTo\AppData\Roaming, PROGRAMW6432=C:\Program Files, SYSTEMROOT=C:\WINDOWS, CHOCOLATEYINSTALL=C:\ProgramData\chocolatey, PT7HOME=E:\Program Files\Cisco Packet Tracer 7.2, OS=Windows_NT, COMMONPROGRAMW6432=C:\Program Files\Common Files, COMPUTERNAME=MINHTO-PC, COMMONPROGRAMFILES=C:\Program Files\Common Files, COMSPEC=C:\WINDOWS\system32\cmd.exe, CATALINA_HOME=E:\TOMCAT\apache-tomcat-8.5.70, PROCESSOR_REVISION=5e03, CLASSPATH=.;C:\Program Files\Java\jdk1.8.0_241\bin;.;C:\Program Files\Java\jdk1.8.0_241\lib;, TEMP=C:\Users\MinhTo\AppData\Local\Temp, HOMEDRIVE=C:, USERPROFILE=C:\Users\MinhTo, TMP=C:\Users\MinhTo\AppData\Local\Temp, NUMBER_OF_PROCESSORS=8}}]
2021-09-28 13:45:44 DEBUG PathMatchingResourcePatternResolver:318 - Resolved classpath location [org/springframework/data/] to resources [URL [jar:file:/C:/Users/MinhTo/.m2/repository/org/springframework/data/spring-data-jpa/1.10.2.RELEASE/spring-data-jpa-1.10.2.RELEASE.jar!/org/springframework/data/], URL [jar:file:/C:/Users/MinhTo/.m2/repository/org/springframework/data/spring-data-commons/1.12.2.RELEASE/spring-data-commons-1.12.2.RELEASE.jar!/org/springframework/data/]]
2021-09-28 13:45:44 DEBUG PathMatchingResourcePatternResolver:640 - Looking for matching resources in jar file [file:/C:/Users/MinhTo/.m2/repository/org/springframework/data/spring-data-jpa/1.10.2.RELEASE/spring-data-jpa-1.10.2.RELEASE.jar]
2021-09-28 13:45:44 DEBUG PathMatchingResourcePatternResolver:640 - Looking for matching resources in jar file [file:/C:/Users/MinhTo/.m2/repository/org/springframework/data/spring-data-commons/1.12.2.RELEASE/spring-data-commons-1.12.2.RELEASE.jar]
2021-09-28 13:45:44 DEBUG PathMatchingResourcePatternResolver:510 - Resolved location pattern [classpath*:org/springframework/data/**/repository/support/**/*.class] to resources [URL [jar:file:/C:/Users/MinhTo/.m2/repository/org/springframework/data/spring-data-jpa/1.10.2.RELEASE/spring-data-jpa-1.10.2.RELEASE.jar!/org/springframework/data/jpa/repository/support/CrudMethodMetadata.class], URL [jar:file:/C:/Users/MinhTo/.m2/repository/org/springframework/data/spring-data-jpa/1.10.2.RELEASE/spring-data-jpa-1.10.2.RELEASE.jar!/org/springframework/data/jpa/repository/support/CrudMethodMetadataPostProcessor$1.class], URL [jar:file:/C:/Users/MinhTo/.m2/repository/org/springframework/data/spring-data-jpa/1.10.2.RELEASE/spring-data-jpa-1.10.2.RELEASE.jar!/org/springframework/data/jpa/repository/support/CrudMethodMetadataPostProcessor$CrudMethodMetadataPopulatingMethodInterceptor.class], URL [jar:file:/C:/Users/MinhTo/.m2/repository/org/springframework/data/spring-data-jpa/1.10.2.RELEASE/spring-data-jpa-1.10.2.RELEASE.jar!/org/springframework/data/jpa/repository/support/CrudMethodMetadataPostProcessor$DefaultCrudMethodMetadata.class], URL [jar:file:/C:/Users/MinhTo/.m2/repository/org/springframework/data/spring-data-jpa/1.10.2.RELEASE/spring-data-jpa-1.10.2.RELEASE.jar!/org/springframework/data/jpa/repository/support/CrudMethodMetadataPostProcessor$ThreadBoundTargetSource.class], URL [jar:file:/C:/Users/MinhTo/.m2/repository/org/springframework/data/spring-data-jpa/1.10.2.RELEASE/spring-data-jpa-1.10.2.RELEASE.jar!/org/springframework/data/jpa/repository/support/CrudMethodMetadataPostProcessor.class], URL [jar:file:/C:/Users/MinhTo/.m2/repository/org/springframework/data/spring-data-jpa/1.10.2.RELEASE/spring-data-jpa-1.10.2.RELEASE.jar!/org/springframework/data/jpa/repository/support/DefaultJpaContext.class], URL [jar:file:/C:/Users/MinhTo/.m2/repository/org/springframework/data/spring-data-jpa/1.10.2.RELEASE/spring-data-jpa-1.10.2.RELEASE.jar!/org/springframework/data/jpa/repository/support/EntityManagerBeanDefinitionRegistrarPostProcessor.class], URL [jar:file:/C:/Users/MinhTo/.m2/repository/org/springframework/data/spring-data-jpa/1.10.2.RELEASE/spring-data-jpa-1.10.2.RELEASE.jar!/org/springframework/data/jpa/repository/support/JpaEntityInformation.class], URL [jar:file:/C:/Users/MinhTo/.m2/repository/org/springframework/data/spring-data-jpa/1.10.2.RELEASE/spring-data-jpa-1.10.2.RELEASE.jar!/org/springframework/data/jpa/repository/support/JpaEntityInformationSupport.class], URL [jar:file:/C:/Users/MinhTo/.m2/repository/org/springframework/data/spring-data-jpa/1.10.2.RELEASE/spring-data-jpa-1.10.2.RELEASE.jar!/org/springframework/data/jpa/repository/support/JpaMetamodelEntityInformation$IdentifierDerivingDirectFieldAccessFallbackBeanWrapper.class], URL [jar:file:/C:/Users/MinhTo/.m2/repository/org/springframework/data/spring-data-jpa/1.10.2.RELEASE/spring-data-jpa-1.10.2.RELEASE.jar!/org/springframework/data/jpa/repository/support/JpaMetamodelEntityInformation$IdMetadata.class], URL [jar:file:/C:/Users/MinhTo/.m2/repository/org/springframework/data/spring-data-jpa/1.10.2.RELEASE/spring-data-jpa-1.10.2.RELEASE.jar!/org/springframework/data/jpa/repository/support/JpaMetamodelEntityInformation.class], URL [jar:file:/C:/Users/MinhTo/.m2/repository/org/springframework/data/spring-data-jpa/1.10.2.RELEASE/spring-data-jpa-1.10.2.RELEASE.jar!/org/springframework/data/jpa/repository/support/JpaPersistableEntityInformation.class], URL [jar:file:/C:/Users/MinhTo/.m2/repository/org/springframework/data/spring-data-jpa/1.10.2.RELEASE/spring-data-jpa-1.10.2.RELEASE.jar!/org/springframework/data/jpa/repository/support/JpaRepositoryFactory.class], URL [jar:file:/C:/Users/MinhTo/.m2/repository/org/springframework/data/spring-data-jpa/1.10.2.RELEASE/spring-data-jpa-1.10.2.RELEASE.jar!/org/springframework/data/jpa/repository/support/JpaRepositoryFactoryBean.class], URL [jar:file:/C:/Users/MinhTo/.m2/repository/org/springframework/data/spring-data-jpa/1.10.2.RELEASE/spring-data-jpa-1.10.2.RELEASE.jar!/org/springframework/data/jpa/repository/support/Querydsl$1.class], URL [jar:file:/C:/Users/MinhTo/.m2/repository/org/springframework/data/spring-data-jpa/1.10.2.RELEASE/spring-data-jpa-1.10.2.RELEASE.jar!/org/springframework/data/jpa/repository/support/Querydsl.class], URL [jar:file:/C:/Users/MinhTo/.m2/repository/org/springframework/data/spring-data-jpa/1.10.2.RELEASE/spring-data-jpa-1.10.2.RELEASE.jar!/org/springframework/data/jpa/repository/support/QueryDslJpaRepository.class], URL [jar:file:/C:/Users/MinhTo/.m2/repository/org/springframework/data/spring-data-jpa/1.10.2.RELEASE/spring-data-jpa-1.10.2.RELEASE.jar!/org/springframework/data/jpa/repository/support/QueryDslRepositorySupport.class], URL [jar:file:/C:/Users/MinhTo/.m2/repository/org/springframework/data/spring-data-jpa/1.10.2.RELEASE/spring-data-jpa-1.10.2.RELEASE.jar!/org/springframework/data/jpa/repository/support/SimpleJpaRepository$ByIdsSpecification.class], URL [jar:file:/C:/Users/MinhTo/.m2/repository/org/springframework/data/spring-data-jpa/1.10.2.RELEASE/spring-data-jpa-1.10.2.RELEASE.jar!/org/springframework/data/jpa/repository/support/SimpleJpaRepository$ExampleSpecification.class], URL [jar:file:/C:/Users/MinhTo/.m2/repository/org/springframework/data/spring-data-jpa/1.10.2.RELEASE/spring-data-jpa-1.10.2.RELEASE.jar!/org/springframework/data/jpa/repository/support/SimpleJpaRepository.class], URL [jar:file:/C:/Users/MinhTo/.m2/repository/org/springframework/data/spring-data-commons/1.12.2.RELEASE/spring-data-commons-1.12.2.RELEASE.jar!/org/springframework/data/repository/support/AnnotationAttribute.class], URL [jar:file:/C:/Users/MinhTo/.m2/repository/org/springframework/data/spring-data-commons/1.12.2.RELEASE/spring-data-commons-1.12.2.RELEASE.jar!/org/springframework/data/repository/support/CrudRepositoryInvoker.class], URL [jar:file:/C:/Users/MinhTo/.m2/repository/org/springframework/data/spring-data-commons/1.12.2.RELEASE/spring-data-commons-1.12.2.RELEASE.jar!/org/springframework/data/repository/support/DefaultRepositoryInvokerFactory.class], URL [jar:file:/C:/Users/MinhTo/.m2/repository/org/springframework/data/spring-data-commons/1.12.2.RELEASE/spring-data-commons-1.12.2.RELEASE.jar!/org/springframework/data/repository/support/DomainClassConverter$ToEntityConverter.class], URL [jar:file:/C:/Users/MinhTo/.m2/repository/org/springframework/data/spring-data-commons/1.12.2.RELEASE/spring-data-commons-1.12.2.RELEASE.jar!/org/springframework/data/repository/support/DomainClassConverter$ToIdConverter.class], URL [jar:file:/C:/Users/MinhTo/.m2/repository/org/springframework/data/spring-data-commons/1.12.2.RELEASE/spring-data-commons-1.12.2.RELEASE.jar!/org/springframework/data/repository/support/DomainClassConverter.class], URL [jar:file:/C:/Users/MinhTo/.m2/repository/org/springframework/data/spring-data-commons/1.12.2.RELEASE/spring-data-commons-1.12.2.RELEASE.jar!/org/springframework/data/repository/support/DomainClassPropertyEditor.class], URL [jar:file:/C:/Users/MinhTo/.m2/repository/org/springframework/data/spring-data-commons/1.12.2.RELEASE/spring-data-commons-1.12.2.RELEASE.jar!/org/springframework/data/repository/support/DomainClassPropertyEditorRegistrar.class], URL [jar:file:/C:/Users/MinhTo/.m2/repository/org/springframework/data/spring-data-commons/1.12.2.RELEASE/spring-data-commons-1.12.2.RELEASE.jar!/org/springframework/data/repository/support/MethodParameters$AnnotationNamingMethodParameter.class], URL [jar:file:/C:/Users/MinhTo/.m2/repository/org/springframework/data/spring-data-commons/1.12.2.RELEASE/spring-data-commons-1.12.2.RELEASE.jar!/org/springframework/data/repository/support/MethodParameters.class], URL [jar:file:/C:/Users/MinhTo/.m2/repository/org/springframework/data/spring-data-commons/1.12.2.RELEASE/spring-data-commons-1.12.2.RELEASE.jar!/org/springframework/data/repository/support/PagingAndSortingRepositoryInvoker.class], URL [jar:file:/C:/Users/MinhTo/.m2/repository/org/springframework/data/spring-data-commons/1.12.2.RELEASE/spring-data-commons-1.12.2.RELEASE.jar!/org/springframework/data/repository/support/QueryMethodParameterConversionException.class], URL [jar:file:/C:/Users/MinhTo/.m2/repository/org/springframework/data/spring-data-commons/1.12.2.RELEASE/spring-data-commons-1.12.2.RELEASE.jar!/org/springframework/data/repository/support/ReflectionRepositoryInvoker.class], URL [jar:file:/C:/Users/MinhTo/.m2/repository/org/springframework/data/spring-data-commons/1.12.2.RELEASE/spring-data-commons-1.12.2.RELEASE.jar!/org/springframework/data/repository/support/Repositories$EmptyRepositoryFactoryInformation.class], URL [jar:file:/C:/Users/MinhTo/.m2/repository/org/springframework/data/spring-data-commons/1.12.2.RELEASE/spring-data-commons-1.12.2.RELEASE.jar!/org/springframework/data/repository/support/Repositories.class], URL [jar:file:/C:/Users/MinhTo/.m2/repository/org/springframework/data/spring-data-commons/1.12.2.RELEASE/spring-data-commons-1.12.2.RELEASE.jar!/org/springframework/data/repository/support/RepositoryInvocationInformation.class], URL [jar:file:/C:/Users/MinhTo/.m2/repository/org/springframework/data/spring-data-commons/1.12.2.RELEASE/spring-data-commons-1.12.2.RELEASE.jar!/org/springframework/data/repository/support/RepositoryInvoker.class], URL [jar:file:/C:/Users/MinhTo/.m2/repository/org/springframework/data/spring-data-commons/1.12.2.RELEASE/spring-data-commons-1.12.2.RELEASE.jar!/org/springframework/data/repository/support/RepositoryInvokerFactory.class]]
2021-09-28 13:45:44 DEBUG ClassPathScanningCandidateComponentProvider:294 - Identified candidate component class: URL [jar:file:/C:/Users/MinhTo/.m2/repository/org/springframework/data/spring-data-jpa/1.10.2.RELEASE/spring-data-jpa-1.10.2.RELEASE.jar!/org/springframework/data/jpa/repository/support/JpaRepositoryFactory.class]
2021-09-28 13:45:44 DEBUG StandardEnvironment:106 - Adding PropertySource 'systemProperties' with lowest search precedence
2021-09-28 13:45:44 DEBUG StandardEnvironment:106 - Adding PropertySource 'systemEnvironment' with lowest search precedence
2021-09-28 13:45:44 DEBUG StandardEnvironment:124 - Initialized StandardEnvironment with PropertySources [MapPropertySource@360207322 {name='systemProperties', properties={java.runtime.name=Java(TM) SE Runtime Environment, sun.boot.library.path=C:\Program Files\Java\jdk1.8.0_241\jre\bin, java.vm.version=25.241-b07, user.country.format=VN, java.vm.vendor=Oracle Corporation, java.vendor.url=http://java.oracle.com/, path.separator=;, java.vm.name=Java HotSpot(TM) 64-Bit Server VM, file.encoding.pkg=sun.io, user.country=US, user.script=, sun.java.launcher=SUN_STANDARD, sun.os.patch.level=, java.vm.specification.name=Java Virtual Machine Specification, user.dir=E:\BT-JAVA-WEB\SpringMVCHibernate, java.runtime.version=1.8.0_241-b07, basedir=E:\BT-JAVA-WEB\SpringMVCHibernate, java.awt.graphicsenv=sun.awt.Win32GraphicsEnvironment, java.endorsed.dirs=C:\Program Files\Java\jdk1.8.0_241\jre\lib\endorsed, os.arch=amd64, surefire.real.class.path=E:\BT-JAVA-WEB\SpringMVCHibernate\target\surefire\surefirebooter6821871679518693960.jar, java.io.tmpdir=C:\Users\MinhTo\AppData\Local\Temp\, line.separator=
, java.vm.specification.vendor=Oracle Corporation, user.variant=, os.name=Windows 10, sun.jnu.encoding=Cp1252, java.library.path=C:\Program Files\Java\jdk1.8.0_241\jre\bin;C:\WINDOWS\Sun\Java\bin;C:\WINDOWS\system32;C:\WINDOWS;C:/Program Files/Java/jdk1.8.0_241/bin/../jre/bin/server;C:/Program Files/Java/jdk1.8.0_241/bin/../jre/bin;C:/Program Files/Java/jdk1.8.0_241/bin/../jre/lib/amd64;C:\WINDOWS\system32;C:\WINDOWS;C:\Program Files (x86)\Common Files\Oracle\Java\javapath;C:\ProgramData\Oracle\Java\javapath;C:\Program Files\Java\jdk1.8.0_241\bin;E:\java wed\apache-maven-3.6.0\bin;C:\Program Files\Microsoft JDBC Driver 8.4 for SQL Server\sqljdbc_8.4\enu\mssql-jdbc-8.4.1.jre11.jar;C:\Program Files (x86)\Microsoft SQL Server\150\Tools\Binn\;C:\Program Files\Microsoft SQL Server\150\Tools\Binn\;C:\Program Files (x86)\Microsoft SQL Server\150\DTS\Binn\;C:\Program Files\Microsoft SQL Server\150\DTS\Binn\;C:\Program Files\Microsoft SQL Server\Client SDK\ODBC\170\Tools\Binn\;C:\Users\MinhTo\GlassFish_Server\glassfish\bin;\cygdrive\C\Program Files\Java\jdk1.8.0_241\bin;C:\Program Files\Java\jdk1.8.0_241\lib;C:\Program Files\Java\jre1.8.0_241\lib;C:\Program Files\Java\jre1.8.0_241\bin;C:\cygwin64\bin;C:\Users\MinhTo\GlassFish_Server\glassfish\lib\javaee.jar;C:\Program Files\NVIDIA Corporation\NVIDIA NvDLISR;C:\Program Files\dotnet\;E:\Program Files\Git\cmd;C:\Program Files\Microsoft SQL Server\Client SDK\ODBC\110\Tools\Binn\;C:\Program Files (x86)\Microsoft SQL Server\120\Tools\Binn\;C:\Program Files\Microsoft SQL Server\120\Tools\Binn\;C:\Program Files\Microsoft SQL Server\120\DTS\Binn\;E:\TOMCAT\apache-tomcat-8.5.70\bin;C:\Program Files\nodejs;C:\Program Files\Java\jdk1.8.0_241\bin;C:\Users\MinhTo\AppData\Local\Microsoft\WindowsApps;C:\Users\MinhTo\AppData\Local\Programs\Microsoft VS Code\bin;C:\Users\MinhTo\AppData\Roaming\npm;C:\Program Files\Microsoft JDBC Driver 8.4 for SQL Server\sqljdbc_8.4\enu\mssql-jdbc-8.4.1.jre11.jar;\cygdrive\C\Program Files\Java\jdk1.8.0_241\bin;C:\Users\MinhTo\GlassFish_Server\glassfish\lib\javaee.jar;C:\Program Files\Java\jdk1.8.0_241\lib;C:\Users\MinhTo\AppData\Local\GitHubDesktop\bin;d:\openpose\anaconda3\lib;C:\Users\MinhTo\AppData\Roaming\Python\Python38;D:\OpenPose\anaconda3\Library\bin;D:\OpenPose\anaconda3\Lib;C:\Program Files\nodejs;;E:\java wed\eclipse-jee-2018-09-win32-x86_64\eclipse;;., surefire.test.class.path=E:\BT-JAVA-WEB\SpringMVCHibernate\target\test-classes;E:\BT-JAVA-WEB\SpringMVCHibernate\target\classes;C:\Users\MinhTo\.m2\repository\org\apache\struts\struts-el\1.3.10\struts-el-1.3.10.jar;C:\Users\MinhTo\.m2\repository\org\apache\struts\struts-core\1.3.10\struts-core-1.3.10.jar;C:\Users\MinhTo\.m2\repository\commons-beanutils\commons-beanutils\1.8.0\commons-beanutils-1.8.0.jar;C:\Users\MinhTo\.m2\repository\commons-chain\commons-chain\1.2\commons-chain-1.2.jar;C:\Users\MinhTo\.m2\repository\commons-validator\commons-validator\1.3.1\commons-validator-1.3.1.jar;C:\Users\MinhTo\.m2\repository\oro\oro\2.0.8\oro-2.0.8.jar;C:\Users\MinhTo\.m2\repository\org\apache\struts\struts-extras\1.3.10\struts-extras-1.3.10.jar;C:\Users\MinhTo\.m2\repository\org\apache\struts\struts-faces\1.3.10\struts-faces-1.3.10.jar;C:\Users\MinhTo\.m2\repository\org\apache\struts\struts-mailreader-dao\1.3.10\struts-mailreader-dao-1.3.10.jar;C:\Users\MinhTo\.m2\repository\commons-digester\commons-digester\1.8\commons-digester-1.8.jar;C:\Users\MinhTo\.m2\repository\commons-logging\commons-logging\1.0.4\commons-logging-1.0.4.jar;C:\Users\MinhTo\.m2\repository\org\apache\struts\struts-scripting\1.3.10\struts-scripting-1.3.10.jar;C:\Users\MinhTo\.m2\repository\bsf\bsf\2.3.0\bsf-2.3.0.jar;C:\Users\MinhTo\.m2\repository\org\apache\struts\struts-taglib\1.3.10\struts-taglib-1.3.10.jar;C:\Users\MinhTo\.m2\repository\org\apache\struts\struts-tiles\1.3.10\struts-tiles-1.3.10.jar;C:\Users\MinhTo\.m2\repository\opensymphony\sitemesh\2.4.2\sitemesh-2.4.2.jar;C:\Users\MinhTo\.m2\repository\org\eclipse\persistence\org.eclipse.persistence.core\2.7.7\org.eclipse.persistence.core-2.7.7.jar;C:\Users\MinhTo\.m2\repository\org\eclipse\persistence\org.eclipse.persistence.asm\2.7.7\org.eclipse.persistence.asm-2.7.7.jar;C:\Users\MinhTo\.m2\repository\org\eclipse\persistence\org.eclipse.persistence.antlr\2.7.7\org.eclipse.persistence.antlr-2.7.7.jar;C:\Users\MinhTo\.m2\repository\org\eclipse\persistence\org.eclipse.persistence.jpa\2.7.7\org.eclipse.persistence.jpa-2.7.7.jar;C:\Users\MinhTo\.m2\repository\org\eclipse\persistence\jakarta.persistence\2.2.3\jakarta.persistence-2.2.3.jar;C:\Users\MinhTo\.m2\repository\org\eclipse\persistence\org.eclipse.persistence.jpa.jpql\2.7.7\org.eclipse.persistence.jpa.jpql-2.7.7.jar;C:\Users\MinhTo\.m2\repository\org\eclipse\persistence\org.eclipse.persistence.moxy\2.7.7\org.eclipse.persistence.moxy-2.7.7.jar;C:\Users\MinhTo\.m2\repository\org\eclipse\persistence\javax.persistence\2.2.1\javax.persistence-2.2.1.jar;C:\Users\MinhTo\.m2\repository\javax\javaee-api\8.0\javaee-api-8.0.jar;C:\Users\MinhTo\.m2\repository\com\sun\mail\javax.mail\1.6.0\javax.mail-1.6.0.jar;C:\Users\MinhTo\.m2\repository\javax\activation\activation\1.1\activation-1.1.jar;C:\Users\MinhTo\.m2\repository\org\springframework\spring-beans\4.3.13.RELEASE\spring-beans-4.3.13.RELEASE.jar;C:\Users\MinhTo\.m2\repository\org\springframework\spring-expression\4.3.13.RELEASE\spring-expression-4.3.13.RELEASE.jar;C:\Users\MinhTo\.m2\repository\org\springframework\spring-core\4.3.13.RELEASE\spring-core-4.3.13.RELEASE.jar;C:\Users\MinhTo\.m2\repository\org\springframework\spring-web\4.3.13.RELEASE\spring-web-4.3.13.RELEASE.jar;C:\Users\MinhTo\.m2\repository\org\springframework\spring-aop\4.3.13.RELEASE\spring-aop-4.3.13.RELEASE.jar;C:\Users\MinhTo\.m2\repository\org\springframework\spring-webmvc\4.3.13.RELEASE\spring-webmvc-4.3.13.RELEASE.jar;C:\Users\MinhTo\.m2\repository\org\springframework\spring-tx\4.3.13.RELEASE\spring-tx-4.3.13.RELEASE.jar;C:\Users\MinhTo\.m2\repository\org\springframework\spring-orm\4.3.13.RELEASE\spring-orm-4.3.13.RELEASE.jar;C:\Users\MinhTo\.m2\repository\org\springframework\spring-jdbc\4.3.13.RELEASE\spring-jdbc-4.3.13.RELEASE.jar;C:\Users\MinhTo\.m2\repository\org\springframework\spring-context\4.3.13.RELEASE\spring-context-4.3.13.RELEASE.jar;C:\Users\MinhTo\.m2\repository\org\springframework\spring-context-support\4.3.13.RELEASE\spring-context-support-4.3.13.RELEASE.jar;C:\Users\MinhTo\.m2\repository\org\springframework\spring-test\4.3.13.RELEASE\spring-test-4.3.13.RELEASE.jar;C:\Users\MinhTo\.m2\repository\org\springframework\data\spring-data-jpa\1.10.2.RELEASE\spring-data-jpa-1.10.2.RELEASE.jar;C:\Users\MinhTo\.m2\repository\org\springframework\data\spring-data-commons\1.12.2.RELEASE\spring-data-commons-1.12.2.RELEASE.jar;C:\Users\MinhTo\.m2\repository\org\aspectj\aspectjrt\1.8.9\aspectjrt-1.8.9.jar;C:\Users\MinhTo\.m2\repository\org\springframework\security\spring-security-web\4.0.2.RELEASE\spring-security-web-4.0.2.RELEASE.jar;C:\Users\MinhTo\.m2\repository\aopalliance\aopalliance\1.0\aopalliance-1.0.jar;C:\Users\MinhTo\.m2\repository\org\springframework\security\spring-security-core\4.0.2.RELEASE\spring-security-core-4.0.2.RELEASE.jar;C:\Users\MinhTo\.m2\repository\org\springframework\security\spring-security-acl\4.0.2.RELEASE\spring-security-acl-4.0.2.RELEASE.jar;C:\Users\MinhTo\.m2\repository\org\springframework\security\spring-security-config\4.0.2.RELEASE\spring-security-config-4.0.2.RELEASE.jar;C:\Users\MinhTo\.m2\repository\org\springframework\security\spring-security-taglibs\4.0.2.RELEASE\spring-security-taglibs-4.0.2.RELEASE.jar;C:\Users\MinhTo\.m2\repository\org\springframework\security\spring-security-oauth2-authorization-server\0.2.0\spring-security-oauth2-authorization-server-0.2.0.jar;C:\Users\MinhTo\.m2\repository\com\nimbusds\nimbus-jose-jwt\9.10.1\nimbus-jose-jwt-9.10.1.jar;C:\Users\MinhTo\.m2\repository\com\github\stephenc\jcip\jcip-annotations\1.0-1\jcip-annotations-1.0-1.jar;C:\Users\MinhTo\.m2\repository\org\springframework\security\spring-security-oauth2-core\5.5.2\spring-security-oauth2-core-5.5.2.jar;C:\Users\MinhTo\.m2\repository\org\springframework\security\spring-security-oauth2-jose\5.5.2\spring-security-oauth2-jose-5.5.2.jar;C:\Users\MinhTo\.m2\repository\org\springframework\security\spring-security-oauth2-resource-server\5.5.2\spring-security-oauth2-resource-server-5.5.2.jar;C:\Users\MinhTo\.m2\repository\javax\servlet\javax.servlet-api\3.0.1\javax.servlet-api-3.0.1.jar;C:\Users\MinhTo\.m2\repository\org\springframework\spring-aspects\4.3.13.RELEASE\spring-aspects-4.3.13.RELEASE.jar;C:\Users\MinhTo\.m2\repository\org\aspectj\aspectjweaver\1.8.9\aspectjweaver-1.8.9.jar;C:\Users\MinhTo\.m2\repository\javax\servlet\jsp\javax.servlet.jsp-api\2.3.1\javax.servlet.jsp-api-2.3.1.jar;C:\Users\MinhTo\.m2\repository\javax\servlet\jstl\1.2\jstl-1.2.jar;C:\Users\MinhTo\.m2\repository\taglibs\standard\1.1.2\standard-1.1.2.jar;C:\Users\MinhTo\.m2\repository\javax\faces\javax.faces-api\2.3\javax.faces-api-2.3.jar;C:\Users\MinhTo\.m2\repository\org\hibernate\hibernate-core\4.3.6.Final\hibernate-core-4.3.6.Final.jar;C:\Users\MinhTo\.m2\repository\org\jboss\logging\jboss-logging\3.1.3.GA\jboss-logging-3.1.3.GA.jar;C:\Users\MinhTo\.m2\repository\org\jboss\logging\jboss-logging-annotations\1.2.0.Beta1\jboss-logging-annotations-1.2.0.Beta1.jar;C:\Users\MinhTo\.m2\repository\org\jboss\spec\javax\transaction\jboss-transaction-api_1.2_spec\1.0.0.Final\jboss-transaction-api_1.2_spec-1.0.0.Final.jar;C:\Users\MinhTo\.m2\repository\dom4j\dom4j\1.6.1\dom4j-1.6.1.jar;C:\Users\MinhTo\.m2\repository\xml-apis\xml-apis\1.0.b2\xml-apis-1.0.b2.jar;C:\Users\MinhTo\.m2\repository\org\hibernate\common\hibernate-commons-annotations\4.0.5.Final\hibernate-commons-annotations-4.0.5.Final.jar;C:\Users\MinhTo\.m2\repository\org\javassist\javassist\3.18.1-GA\javassist-3.18.1-GA.jar;C:\Users\MinhTo\.m2\repository\antlr\antlr\2.7.7\antlr-2.7.7.jar;C:\Users\MinhTo\.m2\repository\org\jboss\jandex\1.1.0.Final\jandex-1.1.0.Final.jar;C:\Users\MinhTo\.m2\repository\org\hibernate\hibernate-entitymanager\4.3.6.Final\hibernate-entitymanager-4.3.6.Final.jar;C:\Users\MinhTo\.m2\repository\org\hibernate\javax\persistence\hibernate-jpa-2.1-api\1.0.0.Final\hibernate-jpa-2.1-api-1.0.0.Final.jar;C:\Users\MinhTo\.m2\repository\org\slf4j\slf4j-api\1.7.5\slf4j-api-1.7.5.jar;C:\Users\MinhTo\.m2\repository\org\slf4j\jcl-over-slf4j\1.7.5\jcl-over-slf4j-1.7.5.jar;C:\Users\MinhTo\.m2\repository\org\slf4j\slf4j-log4j12\1.7.5\slf4j-log4j12-1.7.5.jar;C:\Users\MinhTo\.m2\repository\log4j\log4j\1.2.15\log4j-1.2.15.jar;C:\Users\MinhTo\.m2\repository\com\fasterxml\jackson\core\jackson-core\2.9.6\jackson-core-2.9.6.jar;C:\Users\MinhTo\.m2\repository\com\fasterxml\jackson\core\jackson-annotations\2.9.6\jackson-annotations-2.9.6.jar;C:\Users\MinhTo\.m2\repository\com\fasterxml\jackson\core\jackson-databind\2.9.6\jackson-databind-2.9.6.jar;C:\Users\MinhTo\.m2\repository\commons-dbcp\commons-dbcp\1.4\commons-dbcp-1.4.jar;C:\Users\MinhTo\.m2\repository\commons-pool\commons-pool\1.5.4\commons-pool-1.5.4.jar;C:\Users\MinhTo\.m2\repository\org\modelmapper\modelmapper\2.3.5\modelmapper-2.3.5.jar;C:\Users\MinhTo\.m2\repository\javax\xml\bind\jaxb-api\2.3.1\jaxb-api-2.3.1.jar;C:\Users\MinhTo\.m2\repository\javax\activation\javax.activation-api\1.2.0\javax.activation-api-1.2.0.jar;C:\Users\MinhTo\.m2\repository\org\hibernate\hibernate-jpamodelgen\5.3.2.Final\hibernate-jpamodelgen-5.3.2.Final.jar;C:\Users\MinhTo\.m2\repository\org\mockito\mockito-core\3.11.2\mockito-core-3.11.2.jar;C:\Users\MinhTo\.m2\repository\net\bytebuddy\byte-buddy\1.11.3\byte-buddy-1.11.3.jar;C:\Users\MinhTo\.m2\repository\net\bytebuddy\byte-buddy-agent\1.11.3\byte-buddy-agent-1.11.3.jar;C:\Users\MinhTo\.m2\repository\org\objenesis\objenesis\3.2\objenesis-3.2.jar;C:\Users\MinhTo\.m2\repository\org\mockito\mockito-junit-jupiter\3.2.4\mockito-junit-jupiter-3.2.4.jar;C:\Users\MinhTo\.m2\repository\org\junit\jupiter\junit-jupiter-api\5.4.2\junit-jupiter-api-5.4.2.jar;C:\Users\MinhTo\.m2\repository\org\apiguardian\apiguardian-api\1.0.0\apiguardian-api-1.0.0.jar;C:\Users\MinhTo\.m2\repository\org\opentest4j\opentest4j\1.1.1\opentest4j-1.1.1.jar;C:\Users\MinhTo\.m2\repository\org\junit\platform\junit-platform-commons\1.4.2\junit-platform-commons-1.4.2.jar;C:\Users\MinhTo\.m2\repository\junit\junit\4.13.2\junit-4.13.2.jar;C:\Users\MinhTo\.m2\repository\org\hamcrest\hamcrest-all\1.3\hamcrest-all-1.3.jar;C:\Users\MinhTo\.m2\repository\com\microsoft\sqlserver\mssql-jdbc\7.4.1.jre8\mssql-jdbc-7.4.1.jre8.jar;C:\Users\MinhTo\.m2\repository\org\hibernate\hibernate-java8\5.0.7.Final\hibernate-java8-5.0.7.Final.jar;, java.specification.name=Java Platform API Specification, java.class.version=52.0, sun.management.compiler=HotSpot 64-Bit Tiered Compilers, os.version=10.0, user.home=C:\Users\MinhTo, user.timezone=Asia/Bangkok, java.awt.printerjob=sun.awt.windows.WPrinterJob, file.encoding=Cp1252, java.specification.version=1.8, java.class.path=E:\BT-JAVA-WEB\SpringMVCHibernate\target\test-classes;E:\BT-JAVA-WEB\SpringMVCHibernate\target\classes;C:\Users\MinhTo\.m2\repository\org\apache\struts\struts-el\1.3.10\struts-el-1.3.10.jar;C:\Users\MinhTo\.m2\repository\org\apache\struts\struts-core\1.3.10\struts-core-1.3.10.jar;C:\Users\MinhTo\.m2\repository\commons-beanutils\commons-beanutils\1.8.0\commons-beanutils-1.8.0.jar;C:\Users\MinhTo\.m2\repository\commons-chain\commons-chain\1.2\commons-chain-1.2.jar;C:\Users\MinhTo\.m2\repository\commons-validator\commons-validator\1.3.1\commons-validator-1.3.1.jar;C:\Users\MinhTo\.m2\repository\oro\oro\2.0.8\oro-2.0.8.jar;C:\Users\MinhTo\.m2\repository\org\apache\struts\struts-extras\1.3.10\struts-extras-1.3.10.jar;C:\Users\MinhTo\.m2\repository\org\apache\struts\struts-faces\1.3.10\struts-faces-1.3.10.jar;C:\Users\MinhTo\.m2\repository\org\apache\struts\struts-mailreader-dao\1.3.10\struts-mailreader-dao-1.3.10.jar;C:\Users\MinhTo\.m2\repository\commons-digester\commons-digester\1.8\commons-digester-1.8.jar;C:\Users\MinhTo\.m2\repository\commons-logging\commons-logging\1.0.4\commons-logging-1.0.4.jar;C:\Users\MinhTo\.m2\repository\org\apache\struts\struts-scripting\1.3.10\struts-scripting-1.3.10.jar;C:\Users\MinhTo\.m2\repository\bsf\bsf\2.3.0\bsf-2.3.0.jar;C:\Users\MinhTo\.m2\repository\org\apache\struts\struts-taglib\1.3.10\struts-taglib-1.3.10.jar;C:\Users\MinhTo\.m2\repository\org\apache\struts\struts-tiles\1.3.10\struts-tiles-1.3.10.jar;C:\Users\MinhTo\.m2\repository\opensymphony\sitemesh\2.4.2\sitemesh-2.4.2.jar;C:\Users\MinhTo\.m2\repository\org\eclipse\persistence\org.eclipse.persistence.core\2.7.7\org.eclipse.persistence.core-2.7.7.jar;C:\Users\MinhTo\.m2\repository\org\eclipse\persistence\org.eclipse.persistence.asm\2.7.7\org.eclipse.persistence.asm-2.7.7.jar;C:\Users\MinhTo\.m2\repository\org\eclipse\persistence\org.eclipse.persistence.antlr\2.7.7\org.eclipse.persistence.antlr-2.7.7.jar;C:\Users\MinhTo\.m2\repository\org\eclipse\persistence\org.eclipse.persistence.jpa\2.7.7\org.eclipse.persistence.jpa-2.7.7.jar;C:\Users\MinhTo\.m2\repository\org\eclipse\persistence\jakarta.persistence\2.2.3\jakarta.persistence-2.2.3.jar;C:\Users\MinhTo\.m2\repository\org\eclipse\persistence\org.eclipse.persistence.jpa.jpql\2.7.7\org.eclipse.persistence.jpa.jpql-2.7.7.jar;C:\Users\MinhTo\.m2\repository\org\eclipse\persistence\org.eclipse.persistence.moxy\2.7.7\org.eclipse.persistence.moxy-2.7.7.jar;C:\Users\MinhTo\.m2\repository\org\eclipse\persistence\javax.persistence\2.2.1\javax.persistence-2.2.1.jar;C:\Users\MinhTo\.m2\repository\javax\javaee-api\8.0\javaee-api-8.0.jar;C:\Users\MinhTo\.m2\repository\com\sun\mail\javax.mail\1.6.0\javax.mail-1.6.0.jar;C:\Users\MinhTo\.m2\repository\javax\activation\activation\1.1\activation-1.1.jar;C:\Users\MinhTo\.m2\repository\org\springframework\spring-beans\4.3.13.RELEASE\spring-beans-4.3.13.RELEASE.jar;C:\Users\MinhTo\.m2\repository\org\springframework\spring-expression\4.3.13.RELEASE\spring-expression-4.3.13.RELEASE.jar;C:\Users\MinhTo\.m2\repository\org\springframework\spring-core\4.3.13.RELEASE\spring-core-4.3.13.RELEASE.jar;C:\Users\MinhTo\.m2\repository\org\springframework\spring-web\4.3.13.RELEASE\spring-web-4.3.13.RELEASE.jar;C:\Users\MinhTo\.m2\repository\org\springframework\spring-aop\4.3.13.RELEASE\spring-aop-4.3.13.RELEASE.jar;C:\Users\MinhTo\.m2\repository\org\springframework\spring-webmvc\4.3.13.RELEASE\spring-webmvc-4.3.13.RELEASE.jar;C:\Users\MinhTo\.m2\repository\org\springframework\spring-tx\4.3.13.RELEASE\spring-tx-4.3.13.RELEASE.jar;C:\Users\MinhTo\.m2\repository\org\springframework\spring-orm\4.3.13.RELEASE\spring-orm-4.3.13.RELEASE.jar;C:\Users\MinhTo\.m2\repository\org\springframework\spring-jdbc\4.3.13.RELEASE\spring-jdbc-4.3.13.RELEASE.jar;C:\Users\MinhTo\.m2\repository\org\springframework\spring-context\4.3.13.RELEASE\spring-context-4.3.13.RELEASE.jar;C:\Users\MinhTo\.m2\repository\org\springframework\spring-context-support\4.3.13.RELEASE\spring-context-support-4.3.13.RELEASE.jar;C:\Users\MinhTo\.m2\repository\org\springframework\spring-test\4.3.13.RELEASE\spring-test-4.3.13.RELEASE.jar;C:\Users\MinhTo\.m2\repository\org\springframework\data\spring-data-jpa\1.10.2.RELEASE\spring-data-jpa-1.10.2.RELEASE.jar;C:\Users\MinhTo\.m2\repository\org\springframework\data\spring-data-commons\1.12.2.RELEASE\spring-data-commons-1.12.2.RELEASE.jar;C:\Users\MinhTo\.m2\repository\org\aspectj\aspectjrt\1.8.9\aspectjrt-1.8.9.jar;C:\Users\MinhTo\.m2\repository\org\springframework\security\spring-security-web\4.0.2.RELEASE\spring-security-web-4.0.2.RELEASE.jar;C:\Users\MinhTo\.m2\repository\aopalliance\aopalliance\1.0\aopalliance-1.0.jar;C:\Users\MinhTo\.m2\repository\org\springframework\security\spring-security-core\4.0.2.RELEASE\spring-security-core-4.0.2.RELEASE.jar;C:\Users\MinhTo\.m2\repository\org\springframework\security\spring-security-acl\4.0.2.RELEASE\spring-security-acl-4.0.2.RELEASE.jar;C:\Users\MinhTo\.m2\repository\org\springframework\security\spring-security-config\4.0.2.RELEASE\spring-security-config-4.0.2.RELEASE.jar;C:\Users\MinhTo\.m2\repository\org\springframework\security\spring-security-taglibs\4.0.2.RELEASE\spring-security-taglibs-4.0.2.RELEASE.jar;C:\Users\MinhTo\.m2\repository\org\springframework\security\spring-security-oauth2-authorization-server\0.2.0\spring-security-oauth2-authorization-server-0.2.0.jar;C:\Users\MinhTo\.m2\repository\com\nimbusds\nimbus-jose-jwt\9.10.1\nimbus-jose-jwt-9.10.1.jar;C:\Users\MinhTo\.m2\repository\com\github\stephenc\jcip\jcip-annotations\1.0-1\jcip-annotations-1.0-1.jar;C:\Users\MinhTo\.m2\repository\org\springframework\security\spring-security-oauth2-core\5.5.2\spring-security-oauth2-core-5.5.2.jar;C:\Users\MinhTo\.m2\repository\org\springframework\security\spring-security-oauth2-jose\5.5.2\spring-security-oauth2-jose-5.5.2.jar;C:\Users\MinhTo\.m2\repository\org\springframework\security\spring-security-oauth2-resource-server\5.5.2\spring-security-oauth2-resource-server-5.5.2.jar;C:\Users\MinhTo\.m2\repository\javax\servlet\javax.servlet-api\3.0.1\javax.servlet-api-3.0.1.jar;C:\Users\MinhTo\.m2\repository\org\springframework\spring-aspects\4.3.13.RELEASE\spring-aspects-4.3.13.RELEASE.jar;C:\Users\MinhTo\.m2\repository\org\aspectj\aspectjweaver\1.8.9\aspectjweaver-1.8.9.jar;C:\Users\MinhTo\.m2\repository\javax\servlet\jsp\javax.servlet.jsp-api\2.3.1\javax.servlet.jsp-api-2.3.1.jar;C:\Users\MinhTo\.m2\repository\javax\servlet\jstl\1.2\jstl-1.2.jar;C:\Users\MinhTo\.m2\repository\taglibs\standard\1.1.2\standard-1.1.2.jar;C:\Users\MinhTo\.m2\repository\javax\faces\javax.faces-api\2.3\javax.faces-api-2.3.jar;C:\Users\MinhTo\.m2\repository\org\hibernate\hibernate-core\4.3.6.Final\hibernate-core-4.3.6.Final.jar;C:\Users\MinhTo\.m2\repository\org\jboss\logging\jboss-logging\3.1.3.GA\jboss-logging-3.1.3.GA.jar;C:\Users\MinhTo\.m2\repository\org\jboss\logging\jboss-logging-annotations\1.2.0.Beta1\jboss-logging-annotations-1.2.0.Beta1.jar;C:\Users\MinhTo\.m2\repository\org\jboss\spec\javax\transaction\jboss-transaction-api_1.2_spec\1.0.0.Final\jboss-transaction-api_1.2_spec-1.0.0.Final.jar;C:\Users\MinhTo\.m2\repository\dom4j\dom4j\1.6.1\dom4j-1.6.1.jar;C:\Users\MinhTo\.m2\repository\xml-apis\xml-apis\1.0.b2\xml-apis-1.0.b2.jar;C:\Users\MinhTo\.m2\repository\org\hibernate\common\hibernate-commons-annotations\4.0.5.Final\hibernate-commons-annotations-4.0.5.Final.jar;C:\Users\MinhTo\.m2\repository\org\javassist\javassist\3.18.1-GA\javassist-3.18.1-GA.jar;C:\Users\MinhTo\.m2\repository\antlr\antlr\2.7.7\antlr-2.7.7.jar;C:\Users\MinhTo\.m2\repository\org\jboss\jandex\1.1.0.Final\jandex-1.1.0.Final.jar;C:\Users\MinhTo\.m2\repository\org\hibernate\hibernate-entitymanager\4.3.6.Final\hibernate-entitymanager-4.3.6.Final.jar;C:\Users\MinhTo\.m2\repository\org\hibernate\javax\persistence\hibernate-jpa-2.1-api\1.0.0.Final\hibernate-jpa-2.1-api-1.0.0.Final.jar;C:\Users\MinhTo\.m2\repository\org\slf4j\slf4j-api\1.7.5\slf4j-api-1.7.5.jar;C:\Users\MinhTo\.m2\repository\org\slf4j\jcl-over-slf4j\1.7.5\jcl-over-slf4j-1.7.5.jar;C:\Users\MinhTo\.m2\repository\org\slf4j\slf4j-log4j12\1.7.5\slf4j-log4j12-1.7.5.jar;C:\Users\MinhTo\.m2\repository\log4j\log4j\1.2.15\log4j-1.2.15.jar;C:\Users\MinhTo\.m2\repository\com\fasterxml\jackson\core\jackson-core\2.9.6\jackson-core-2.9.6.jar;C:\Users\MinhTo\.m2\repository\com\fasterxml\jackson\core\jackson-annotations\2.9.6\jackson-annotations-2.9.6.jar;C:\Users\MinhTo\.m2\repository\com\fasterxml\jackson\core\jackson-databind\2.9.6\jackson-databind-2.9.6.jar;C:\Users\MinhTo\.m2\repository\commons-dbcp\commons-dbcp\1.4\commons-dbcp-1.4.jar;C:\Users\MinhTo\.m2\repository\commons-pool\commons-pool\1.5.4\commons-pool-1.5.4.jar;C:\Users\MinhTo\.m2\repository\org\modelmapper\modelmapper\2.3.5\modelmapper-2.3.5.jar;C:\Users\MinhTo\.m2\repository\javax\xml\bind\jaxb-api\2.3.1\jaxb-api-2.3.1.jar;C:\Users\MinhTo\.m2\repository\javax\activation\javax.activation-api\1.2.0\javax.activation-api-1.2.0.jar;C:\Users\MinhTo\.m2\repository\org\hibernate\hibernate-jpamodelgen\5.3.2.Final\hibernate-jpamodelgen-5.3.2.Final.jar;C:\Users\MinhTo\.m2\repository\org\mockito\mockito-core\3.11.2\mockito-core-3.11.2.jar;C:\Users\MinhTo\.m2\repository\net\bytebuddy\byte-buddy\1.11.3\byte-buddy-1.11.3.jar;C:\Users\MinhTo\.m2\repository\net\bytebuddy\byte-buddy-agent\1.11.3\byte-buddy-agent-1.11.3.jar;C:\Users\MinhTo\.m2\repository\org\objenesis\objenesis\3.2\objenesis-3.2.jar;C:\Users\MinhTo\.m2\repository\org\mockito\mockito-junit-jupiter\3.2.4\mockito-junit-jupiter-3.2.4.jar;C:\Users\MinhTo\.m2\repository\org\junit\jupiter\junit-jupiter-api\5.4.2\junit-jupiter-api-5.4.2.jar;C:\Users\MinhTo\.m2\repository\org\apiguardian\apiguardian-api\1.0.0\apiguardian-api-1.0.0.jar;C:\Users\MinhTo\.m2\repository\org\opentest4j\opentest4j\1.1.1\opentest4j-1.1.1.jar;C:\Users\MinhTo\.m2\repository\org\junit\platform\junit-platform-commons\1.4.2\junit-platform-commons-1.4.2.jar;C:\Users\MinhTo\.m2\repository\junit\junit\4.13.2\junit-4.13.2.jar;C:\Users\MinhTo\.m2\repository\org\hamcrest\hamcrest-all\1.3\hamcrest-all-1.3.jar;C:\Users\MinhTo\.m2\repository\com\microsoft\sqlserver\mssql-jdbc\7.4.1.jre8\mssql-jdbc-7.4.1.jre8.jar;C:\Users\MinhTo\.m2\repository\org\hibernate\hibernate-java8\5.0.7.Final\hibernate-java8-5.0.7.Final.jar;, user.name=MinhTo, java.vm.specification.version=1.8, sun.java.command=E:\BT-JAVA-WEB\SpringMVCHibernate\target\surefire\surefirebooter6821871679518693960.jar E:\BT-JAVA-WEB\SpringMVCHibernate\target\surefire\surefire4457562381731493762tmp E:\BT-JAVA-WEB\SpringMVCHibernate\target\surefire\surefire_08669293951799136018tmp, java.home=C:\Program Files\Java\jdk1.8.0_241\jre, sun.arch.data.model=64, user.language=en, java.specification.vendor=Oracle Corporation, user.language.format=vi, awt.toolkit=sun.awt.windows.WToolkit, java.vm.info=mixed mode, java.version=1.8.0_241, java.ext.dirs=C:\Program Files\Java\jdk1.8.0_241\jre\lib\ext;C:\WINDOWS\Sun\Java\lib\ext, sun.boot.class.path=C:\Program Files\Java\jdk1.8.0_241\jre\lib\resources.jar;C:\Program Files\Java\jdk1.8.0_241\jre\lib\rt.jar;C:\Program Files\Java\jdk1.8.0_241\jre\lib\sunrsasign.jar;C:\Program Files\Java\jdk1.8.0_241\jre\lib\jsse.jar;C:\Program Files\Java\jdk1.8.0_241\jre\lib\jce.jar;C:\Program Files\Java\jdk1.8.0_241\jre\lib\charsets.jar;C:\Program Files\Java\jdk1.8.0_241\jre\lib\jfr.jar;C:\Program Files\Java\jdk1.8.0_241\jre\classes, java.vendor=Oracle Corporation, localRepository=C:\Users\MinhTo\.m2\repository, file.separator=\, java.vendor.url.bug=http://bugreport.sun.com/bugreport/, sun.io.unicode.encoding=UnicodeLittle, sun.cpu.endian=little, sun.desktop=windows, sun.cpu.isalist=amd64}}, SystemEnvironmentPropertySource@119290689 {name='systemEnvironment', properties={PATH=C:/Program Files/Java/jdk1.8.0_241/bin/../jre/bin/server;C:/Program Files/Java/jdk1.8.0_241/bin/../jre/bin;C:/Program Files/Java/jdk1.8.0_241/bin/../jre/lib/amd64;C:\WINDOWS\system32;C:\WINDOWS;C:\Program Files (x86)\Common Files\Oracle\Java\javapath;C:\ProgramData\Oracle\Java\javapath;C:\Program Files\Java\jdk1.8.0_241\bin;E:\java wed\apache-maven-3.6.0\bin;C:\Program Files\Microsoft JDBC Driver 8.4 for SQL Server\sqljdbc_8.4\enu\mssql-jdbc-8.4.1.jre11.jar;C:\Program Files (x86)\Microsoft SQL Server\150\Tools\Binn\;C:\Program Files\Microsoft SQL Server\150\Tools\Binn\;C:\Program Files (x86)\Microsoft SQL Server\150\DTS\Binn\;C:\Program Files\Microsoft SQL Server\150\DTS\Binn\;C:\Program Files\Microsoft SQL Server\Client SDK\ODBC\170\Tools\Binn\;C:\Users\MinhTo\GlassFish_Server\glassfish\bin;\cygdrive\C\Program Files\Java\jdk1.8.0_241\bin;C:\Program Files\Java\jdk1.8.0_241\lib;C:\Program Files\Java\jre1.8.0_241\lib;C:\Program Files\Java\jre1.8.0_241\bin;C:\cygwin64\bin;C:\Users\MinhTo\GlassFish_Server\glassfish\lib\javaee.jar;C:\Program Files\NVIDIA Corporation\NVIDIA NvDLISR;C:\Program Files\dotnet\;E:\Program Files\Git\cmd;C:\Program Files\Microsoft SQL Server\Client SDK\ODBC\110\Tools\Binn\;C:\Program Files (x86)\Microsoft SQL Server\120\Tools\Binn\;C:\Program Files\Microsoft SQL Server\120\Tools\Binn\;C:\Program Files\Microsoft SQL Server\120\DTS\Binn\;E:\TOMCAT\apache-tomcat-8.5.70\bin;C:\Program Files\nodejs;C:\Program Files\Java\jdk1.8.0_241\bin;C:\Users\MinhTo\AppData\Local\Microsoft\WindowsApps;C:\Users\MinhTo\AppData\Local\Programs\Microsoft VS Code\bin;C:\Users\MinhTo\AppData\Roaming\npm;C:\Program Files\Microsoft JDBC Driver 8.4 for SQL Server\sqljdbc_8.4\enu\mssql-jdbc-8.4.1.jre11.jar;\cygdrive\C\Program Files\Java\jdk1.8.0_241\bin;C:\Users\MinhTo\GlassFish_Server\glassfish\lib\javaee.jar;C:\Program Files\Java\jdk1.8.0_241\lib;C:\Users\MinhTo\AppData\Local\GitHubDesktop\bin;d:\openpose\anaconda3\lib;C:\Users\MinhTo\AppData\Roaming\Python\Python38;D:\OpenPose\anaconda3\Library\bin;D:\OpenPose\anaconda3\Lib;C:\Program Files\nodejs;;E:\java wed\eclipse-jee-2018-09-win32-x86_64\eclipse;, USERDOMAIN_ROAMINGPROFILE=MINHTO-PC, PROCESSOR_LEVEL=6, SYSTEMDRIVE=C:, M2=E:\java wed\apache-maven-3.6.0\bin MAVEN_OPTS=-Xms256m -Xmx512m, SESSIONNAME=Console, ALLUSERSPROFILE=C:\ProgramData, PROCESSOR_ARCHITECTURE=AMD64, DRIVERDATA=C:\Windows\System32\Drivers\DriverData, =E:=E:\BT-JAVA-WEB\SpringMVCHibernate, MAVEN_HOME=E:\java wed\apache-maven-3.6.0, PROGRAMFILES=C:\Program Files, PSMODULEPATH=C:\Program Files\WindowsPowerShell\Modules;C:\WINDOWS\system32\WindowsPowerShell\v1.0\Modules;C:\Program Files (x86)\Microsoft SQL Server\150\Tools\PowerShell\Modules\;C:\Program Files (x86)\Microsoft SQL Server\120\Tools\PowerShell\Modules\, PROGRAMDATA=C:\ProgramData, CHOCOLATEYLASTPATHUPDATE=132297907597727568, USERNAME=MinhTo, FPS_BROWSER_USER_PROFILE_STRING=Default, ONEDRIVE=C:\Users\MinhTo\OneDrive, PATHEXT=.COM;.EXE;.BAT;.CMD;.VBS;.VBE;.JS;.JSE;.WSF;.WSH;.MSC, ONEDRIVECONSUMER=C:\Users\MinhTo\OneDrive, WINDIR=C:\WINDOWS, HOMEPATH=\Users\MinhTo, PROCESSOR_IDENTIFIER=Intel64 Family 6 Model 94 Stepping 3, GenuineIntel, M2_HOME=E:\java wed\apache-maven-3.6.0, PUBLIC=C:\Users\Public, =::=::\, MSMPI_BENCHMARKS=C:\Program Files\Microsoft MPI\Benchmarks\, LOCALAPPDATA=C:\Users\MinhTo\AppData\Local, MSMPI_BIN=C:\Program Files\Microsoft MPI\Bin\, COMMONPROGRAMFILES(X86)=C:\Program Files (x86)\Common Files, USERDOMAIN=MINHTO-PC, FPS_BROWSER_APP_PROFILE_STRING=Internet Explorer, LOGONSERVER=\\MINHTO-PC, JAVA_HOME=C:\Program Files\Java\jdk1.8.0_241, PROMPT=$P$G, PROGRAMFILES(X86)=C:\Program Files (x86), QT_DEVICE_PIXEL_RATIO=auto, =C:=C:\, APPDATA=C:\Users\MinhTo\AppData\Roaming, PROGRAMW6432=C:\Program Files, SYSTEMROOT=C:\WINDOWS, CHOCOLATEYINSTALL=C:\ProgramData\chocolatey, PT7HOME=E:\Program Files\Cisco Packet Tracer 7.2, OS=Windows_NT, COMMONPROGRAMW6432=C:\Program Files\Common Files, COMPUTERNAME=MINHTO-PC, COMMONPROGRAMFILES=C:\Program Files\Common Files, COMSPEC=C:\WINDOWS\system32\cmd.exe, CATALINA_HOME=E:\TOMCAT\apache-tomcat-8.5.70, PROCESSOR_REVISION=5e03, CLASSPATH=.;C:\Program Files\Java\jdk1.8.0_241\bin;.;C:\Program Files\Java\jdk1.8.0_241\lib;, TEMP=C:\Users\MinhTo\AppData\Local\Temp, HOMEDRIVE=C:, USERPROFILE=C:\Users\MinhTo, TMP=C:\Users\MinhTo\AppData\Local\Temp, NUMBER_OF_PROCESSORS=8}}]
2021-09-28 13:45:44 DEBUG PathMatchingResourcePatternResolver:318 - Resolved classpath location [com/mycompany/springmvchibernate/Repositories/] to resources [URL [file:/E:/BT-JAVA-WEB/SpringMVCHibernate/target/classes/com/mycompany/springmvchibernate/Repositories/]]
2021-09-28 13:45:44 DEBUG PathMatchingResourcePatternResolver:741 - Looking for matching resources in directory tree [E:\BT-JAVA-WEB\SpringMVCHibernate\target\classes\com\mycompany\springmvchibernate\Repositories]
2021-09-28 13:45:44 DEBUG PathMatchingResourcePatternResolver:803 - Searching directory [E:\BT-JAVA-WEB\SpringMVCHibernate\target\classes\com\mycompany\springmvchibernate\Repositories] for files matching pattern [E:/BT-JAVA-WEB/SpringMVCHibernate/target/classes/com/mycompany/springmvchibernate/Repositories/**/*.class]
2021-09-28 13:45:44 DEBUG PathMatchingResourcePatternResolver:510 - Resolved location pattern [classpath*:com/mycompany/springmvchibernate/Repositories/**/*.class] to resources [file [E:\BT-JAVA-WEB\SpringMVCHibernate\target\classes\com\mycompany\springmvchibernate\Repositories\KhachHangRepositoryDemo.class], file [E:\BT-JAVA-WEB\SpringMVCHibernate\target\classes\com\mycompany\springmvchibernate\Repositories\SanPhamRepository.class]]
2021-09-28 13:45:44 DEBUG RepositoryComponentProvider:294 - Identified candidate component class: file [E:\BT-JAVA-WEB\SpringMVCHibernate\target\classes\com\mycompany\springmvchibernate\Repositories\SanPhamRepository.class]
2021-09-28 13:45:44 DEBUG StandardEnvironment:106 - Adding PropertySource 'systemProperties' with lowest search precedence
2021-09-28 13:45:44 DEBUG StandardEnvironment:106 - Adding PropertySource 'systemEnvironment' with lowest search precedence
2021-09-28 13:45:44 DEBUG StandardEnvironment:124 - Initialized StandardEnvironment with PropertySources [MapPropertySource@2003534796 {name='systemProperties', properties={java.runtime.name=Java(TM) SE Runtime Environment, sun.boot.library.path=C:\Program Files\Java\jdk1.8.0_241\jre\bin, java.vm.version=25.241-b07, user.country.format=VN, java.vm.vendor=Oracle Corporation, java.vendor.url=http://java.oracle.com/, path.separator=;, java.vm.name=Java HotSpot(TM) 64-Bit Server VM, file.encoding.pkg=sun.io, user.country=US, user.script=, sun.java.launcher=SUN_STANDARD, sun.os.patch.level=, java.vm.specification.name=Java Virtual Machine Specification, user.dir=E:\BT-JAVA-WEB\SpringMVCHibernate, java.runtime.version=1.8.0_241-b07, basedir=E:\BT-JAVA-WEB\SpringMVCHibernate, java.awt.graphicsenv=sun.awt.Win32GraphicsEnvironment, java.endorsed.dirs=C:\Program Files\Java\jdk1.8.0_241\jre\lib\endorsed, os.arch=amd64, surefire.real.class.path=E:\BT-JAVA-WEB\SpringMVCHibernate\target\surefire\surefirebooter6821871679518693960.jar, java.io.tmpdir=C:\Users\MinhTo\AppData\Local\Temp\, line.separator=
, java.vm.specification.vendor=Oracle Corporation, user.variant=, os.name=Windows 10, sun.jnu.encoding=Cp1252, java.library.path=C:\Program Files\Java\jdk1.8.0_241\jre\bin;C:\WINDOWS\Sun\Java\bin;C:\WINDOWS\system32;C:\WINDOWS;C:/Program Files/Java/jdk1.8.0_241/bin/../jre/bin/server;C:/Program Files/Java/jdk1.8.0_241/bin/../jre/bin;C:/Program Files/Java/jdk1.8.0_241/bin/../jre/lib/amd64;C:\WINDOWS\system32;C:\WINDOWS;C:\Program Files (x86)\Common Files\Oracle\Java\javapath;C:\ProgramData\Oracle\Java\javapath;C:\Program Files\Java\jdk1.8.0_241\bin;E:\java wed\apache-maven-3.6.0\bin;C:\Program Files\Microsoft JDBC Driver 8.4 for SQL Server\sqljdbc_8.4\enu\mssql-jdbc-8.4.1.jre11.jar;C:\Program Files (x86)\Microsoft SQL Server\150\Tools\Binn\;C:\Program Files\Microsoft SQL Server\150\Tools\Binn\;C:\Program Files (x86)\Microsoft SQL Server\150\DTS\Binn\;C:\Program Files\Microsoft SQL Server\150\DTS\Binn\;C:\Program Files\Microsoft SQL Server\Client SDK\ODBC\170\Tools\Binn\;C:\Users\MinhTo\GlassFish_Server\glassfish\bin;\cygdrive\C\Program Files\Java\jdk1.8.0_241\bin;C:\Program Files\Java\jdk1.8.0_241\lib;C:\Program Files\Java\jre1.8.0_241\lib;C:\Program Files\Java\jre1.8.0_241\bin;C:\cygwin64\bin;C:\Users\MinhTo\GlassFish_Server\glassfish\lib\javaee.jar;C:\Program Files\NVIDIA Corporation\NVIDIA NvDLISR;C:\Program Files\dotnet\;E:\Program Files\Git\cmd;C:\Program Files\Microsoft SQL Server\Client SDK\ODBC\110\Tools\Binn\;C:\Program Files (x86)\Microsoft SQL Server\120\Tools\Binn\;C:\Program Files\Microsoft SQL Server\120\Tools\Binn\;C:\Program Files\Microsoft SQL Server\120\DTS\Binn\;E:\TOMCAT\apache-tomcat-8.5.70\bin;C:\Program Files\nodejs;C:\Program Files\Java\jdk1.8.0_241\bin;C:\Users\MinhTo\AppData\Local\Microsoft\WindowsApps;C:\Users\MinhTo\AppData\Local\Programs\Microsoft VS Code\bin;C:\Users\MinhTo\AppData\Roaming\npm;C:\Program Files\Microsoft JDBC Driver 8.4 for SQL Server\sqljdbc_8.4\enu\mssql-jdbc-8.4.1.jre11.jar;\cygdrive\C\Program Files\Java\jdk1.8.0_241\bin;C:\Users\MinhTo\GlassFish_Server\glassfish\lib\javaee.jar;C:\Program Files\Java\jdk1.8.0_241\lib;C:\Users\MinhTo\AppData\Local\GitHubDesktop\bin;d:\openpose\anaconda3\lib;C:\Users\MinhTo\AppData\Roaming\Python\Python38;D:\OpenPose\anaconda3\Library\bin;D:\OpenPose\anaconda3\Lib;C:\Program Files\nodejs;;E:\java wed\eclipse-jee-2018-09-win32-x86_64\eclipse;;., surefire.test.class.path=E:\BT-JAVA-WEB\SpringMVCHibernate\target\test-classes;E:\BT-JAVA-WEB\SpringMVCHibernate\target\classes;C:\Users\MinhTo\.m2\repository\org\apache\struts\struts-el\1.3.10\struts-el-1.3.10.jar;C:\Users\MinhTo\.m2\repository\org\apache\struts\struts-core\1.3.10\struts-core-1.3.10.jar;C:\Users\MinhTo\.m2\repository\commons-beanutils\commons-beanutils\1.8.0\commons-beanutils-1.8.0.jar;C:\Users\MinhTo\.m2\repository\commons-chain\commons-chain\1.2\commons-chain-1.2.jar;C:\Users\MinhTo\.m2\repository\commons-validator\commons-validator\1.3.1\commons-validator-1.3.1.jar;C:\Users\MinhTo\.m2\repository\oro\oro\2.0.8\oro-2.0.8.jar;C:\Users\MinhTo\.m2\repository\org\apache\struts\struts-extras\1.3.10\struts-extras-1.3.10.jar;C:\Users\MinhTo\.m2\repository\org\apache\struts\struts-faces\1.3.10\struts-faces-1.3.10.jar;C:\Users\MinhTo\.m2\repository\org\apache\struts\struts-mailreader-dao\1.3.10\struts-mailreader-dao-1.3.10.jar;C:\Users\MinhTo\.m2\repository\commons-digester\commons-digester\1.8\commons-digester-1.8.jar;C:\Users\MinhTo\.m2\repository\commons-logging\commons-logging\1.0.4\commons-logging-1.0.4.jar;C:\Users\MinhTo\.m2\repository\org\apache\struts\struts-scripting\1.3.10\struts-scripting-1.3.10.jar;C:\Users\MinhTo\.m2\repository\bsf\bsf\2.3.0\bsf-2.3.0.jar;C:\Users\MinhTo\.m2\repository\org\apache\struts\struts-taglib\1.3.10\struts-taglib-1.3.10.jar;C:\Users\MinhTo\.m2\repository\org\apache\struts\struts-tiles\1.3.10\struts-tiles-1.3.10.jar;C:\Users\MinhTo\.m2\repository\opensymphony\sitemesh\2.4.2\sitemesh-2.4.2.jar;C:\Users\MinhTo\.m2\repository\org\eclipse\persistence\org.eclipse.persistence.core\2.7.7\org.eclipse.persistence.core-2.7.7.jar;C:\Users\MinhTo\.m2\repository\org\eclipse\persistence\org.eclipse.persistence.asm\2.7.7\org.eclipse.persistence.asm-2.7.7.jar;C:\Users\MinhTo\.m2\repository\org\eclipse\persistence\org.eclipse.persistence.antlr\2.7.7\org.eclipse.persistence.antlr-2.7.7.jar;C:\Users\MinhTo\.m2\repository\org\eclipse\persistence\org.eclipse.persistence.jpa\2.7.7\org.eclipse.persistence.jpa-2.7.7.jar;C:\Users\MinhTo\.m2\repository\org\eclipse\persistence\jakarta.persistence\2.2.3\jakarta.persistence-2.2.3.jar;C:\Users\MinhTo\.m2\repository\org\eclipse\persistence\org.eclipse.persistence.jpa.jpql\2.7.7\org.eclipse.persistence.jpa.jpql-2.7.7.jar;C:\Users\MinhTo\.m2\repository\org\eclipse\persistence\org.eclipse.persistence.moxy\2.7.7\org.eclipse.persistence.moxy-2.7.7.jar;C:\Users\MinhTo\.m2\repository\org\eclipse\persistence\javax.persistence\2.2.1\javax.persistence-2.2.1.jar;C:\Users\MinhTo\.m2\repository\javax\javaee-api\8.0\javaee-api-8.0.jar;C:\Users\MinhTo\.m2\repository\com\sun\mail\javax.mail\1.6.0\javax.mail-1.6.0.jar;C:\Users\MinhTo\.m2\repository\javax\activation\activation\1.1\activation-1.1.jar;C:\Users\MinhTo\.m2\repository\org\springframework\spring-beans\4.3.13.RELEASE\spring-beans-4.3.13.RELEASE.jar;C:\Users\MinhTo\.m2\repository\org\springframework\spring-expression\4.3.13.RELEASE\spring-expression-4.3.13.RELEASE.jar;C:\Users\MinhTo\.m2\repository\org\springframework\spring-core\4.3.13.RELEASE\spring-core-4.3.13.RELEASE.jar;C:\Users\MinhTo\.m2\repository\org\springframework\spring-web\4.3.13.RELEASE\spring-web-4.3.13.RELEASE.jar;C:\Users\MinhTo\.m2\repository\org\springframework\spring-aop\4.3.13.RELEASE\spring-aop-4.3.13.RELEASE.jar;C:\Users\MinhTo\.m2\repository\org\springframework\spring-webmvc\4.3.13.RELEASE\spring-webmvc-4.3.13.RELEASE.jar;C:\Users\MinhTo\.m2\repository\org\springframework\spring-tx\4.3.13.RELEASE\spring-tx-4.3.13.RELEASE.jar;C:\Users\MinhTo\.m2\repository\org\springframework\spring-orm\4.3.13.RELEASE\spring-orm-4.3.13.RELEASE.jar;C:\Users\MinhTo\.m2\repository\org\springframework\spring-jdbc\4.3.13.RELEASE\spring-jdbc-4.3.13.RELEASE.jar;C:\Users\MinhTo\.m2\repository\org\springframework\spring-context\4.3.13.RELEASE\spring-context-4.3.13.RELEASE.jar;C:\Users\MinhTo\.m2\repository\org\springframework\spring-context-support\4.3.13.RELEASE\spring-context-support-4.3.13.RELEASE.jar;C:\Users\MinhTo\.m2\repository\org\springframework\spring-test\4.3.13.RELEASE\spring-test-4.3.13.RELEASE.jar;C:\Users\MinhTo\.m2\repository\org\springframework\data\spring-data-jpa\1.10.2.RELEASE\spring-data-jpa-1.10.2.RELEASE.jar;C:\Users\MinhTo\.m2\repository\org\springframework\data\spring-data-commons\1.12.2.RELEASE\spring-data-commons-1.12.2.RELEASE.jar;C:\Users\MinhTo\.m2\repository\org\aspectj\aspectjrt\1.8.9\aspectjrt-1.8.9.jar;C:\Users\MinhTo\.m2\repository\org\springframework\security\spring-security-web\4.0.2.RELEASE\spring-security-web-4.0.2.RELEASE.jar;C:\Users\MinhTo\.m2\repository\aopalliance\aopalliance\1.0\aopalliance-1.0.jar;C:\Users\MinhTo\.m2\repository\org\springframework\security\spring-security-core\4.0.2.RELEASE\spring-security-core-4.0.2.RELEASE.jar;C:\Users\MinhTo\.m2\repository\org\springframework\security\spring-security-acl\4.0.2.RELEASE\spring-security-acl-4.0.2.RELEASE.jar;C:\Users\MinhTo\.m2\repository\org\springframework\security\spring-security-config\4.0.2.RELEASE\spring-security-config-4.0.2.RELEASE.jar;C:\Users\MinhTo\.m2\repository\org\springframework\security\spring-security-taglibs\4.0.2.RELEASE\spring-security-taglibs-4.0.2.RELEASE.jar;C:\Users\MinhTo\.m2\repository\org\springframework\security\spring-security-oauth2-authorization-server\0.2.0\spring-security-oauth2-authorization-server-0.2.0.jar;C:\Users\MinhTo\.m2\repository\com\nimbusds\nimbus-jose-jwt\9.10.1\nimbus-jose-jwt-9.10.1.jar;C:\Users\MinhTo\.m2\repository\com\github\stephenc\jcip\jcip-annotations\1.0-1\jcip-annotations-1.0-1.jar;C:\Users\MinhTo\.m2\repository\org\springframework\security\spring-security-oauth2-core\5.5.2\spring-security-oauth2-core-5.5.2.jar;C:\Users\MinhTo\.m2\repository\org\springframework\security\spring-security-oauth2-jose\5.5.2\spring-security-oauth2-jose-5.5.2.jar;C:\Users\MinhTo\.m2\repository\org\springframework\security\spring-security-oauth2-resource-server\5.5.2\spring-security-oauth2-resource-server-5.5.2.jar;C:\Users\MinhTo\.m2\repository\javax\servlet\javax.servlet-api\3.0.1\javax.servlet-api-3.0.1.jar;C:\Users\MinhTo\.m2\repository\org\springframework\spring-aspects\4.3.13.RELEASE\spring-aspects-4.3.13.RELEASE.jar;C:\Users\MinhTo\.m2\repository\org\aspectj\aspectjweaver\1.8.9\aspectjweaver-1.8.9.jar;C:\Users\MinhTo\.m2\repository\javax\servlet\jsp\javax.servlet.jsp-api\2.3.1\javax.servlet.jsp-api-2.3.1.jar;C:\Users\MinhTo\.m2\repository\javax\servlet\jstl\1.2\jstl-1.2.jar;C:\Users\MinhTo\.m2\repository\taglibs\standard\1.1.2\standard-1.1.2.jar;C:\Users\MinhTo\.m2\repository\javax\faces\javax.faces-api\2.3\javax.faces-api-2.3.jar;C:\Users\MinhTo\.m2\repository\org\hibernate\hibernate-core\4.3.6.Final\hibernate-core-4.3.6.Final.jar;C:\Users\MinhTo\.m2\repository\org\jboss\logging\jboss-logging\3.1.3.GA\jboss-logging-3.1.3.GA.jar;C:\Users\MinhTo\.m2\repository\org\jboss\logging\jboss-logging-annotations\1.2.0.Beta1\jboss-logging-annotations-1.2.0.Beta1.jar;C:\Users\MinhTo\.m2\repository\org\jboss\spec\javax\transaction\jboss-transaction-api_1.2_spec\1.0.0.Final\jboss-transaction-api_1.2_spec-1.0.0.Final.jar;C:\Users\MinhTo\.m2\repository\dom4j\dom4j\1.6.1\dom4j-1.6.1.jar;C:\Users\MinhTo\.m2\repository\xml-apis\xml-apis\1.0.b2\xml-apis-1.0.b2.jar;C:\Users\MinhTo\.m2\repository\org\hibernate\common\hibernate-commons-annotations\4.0.5.Final\hibernate-commons-annotations-4.0.5.Final.jar;C:\Users\MinhTo\.m2\repository\org\javassist\javassist\3.18.1-GA\javassist-3.18.1-GA.jar;C:\Users\MinhTo\.m2\repository\antlr\antlr\2.7.7\antlr-2.7.7.jar;C:\Users\MinhTo\.m2\repository\org\jboss\jandex\1.1.0.Final\jandex-1.1.0.Final.jar;C:\Users\MinhTo\.m2\repository\org\hibernate\hibernate-entitymanager\4.3.6.Final\hibernate-entitymanager-4.3.6.Final.jar;C:\Users\MinhTo\.m2\repository\org\hibernate\javax\persistence\hibernate-jpa-2.1-api\1.0.0.Final\hibernate-jpa-2.1-api-1.0.0.Final.jar;C:\Users\MinhTo\.m2\repository\org\slf4j\slf4j-api\1.7.5\slf4j-api-1.7.5.jar;C:\Users\MinhTo\.m2\repository\org\slf4j\jcl-over-slf4j\1.7.5\jcl-over-slf4j-1.7.5.jar;C:\Users\MinhTo\.m2\repository\org\slf4j\slf4j-log4j12\1.7.5\slf4j-log4j12-1.7.5.jar;C:\Users\MinhTo\.m2\repository\log4j\log4j\1.2.15\log4j-1.2.15.jar;C:\Users\MinhTo\.m2\repository\com\fasterxml\jackson\core\jackson-core\2.9.6\jackson-core-2.9.6.jar;C:\Users\MinhTo\.m2\repository\com\fasterxml\jackson\core\jackson-annotations\2.9.6\jackson-annotations-2.9.6.jar;C:\Users\MinhTo\.m2\repository\com\fasterxml\jackson\core\jackson-databind\2.9.6\jackson-databind-2.9.6.jar;C:\Users\MinhTo\.m2\repository\commons-dbcp\commons-dbcp\1.4\commons-dbcp-1.4.jar;C:\Users\MinhTo\.m2\repository\commons-pool\commons-pool\1.5.4\commons-pool-1.5.4.jar;C:\Users\MinhTo\.m2\repository\org\modelmapper\modelmapper\2.3.5\modelmapper-2.3.5.jar;C:\Users\MinhTo\.m2\repository\javax\xml\bind\jaxb-api\2.3.1\jaxb-api-2.3.1.jar;C:\Users\MinhTo\.m2\repository\javax\activation\javax.activation-api\1.2.0\javax.activation-api-1.2.0.jar;C:\Users\MinhTo\.m2\repository\org\hibernate\hibernate-jpamodelgen\5.3.2.Final\hibernate-jpamodelgen-5.3.2.Final.jar;C:\Users\MinhTo\.m2\repository\org\mockito\mockito-core\3.11.2\mockito-core-3.11.2.jar;C:\Users\MinhTo\.m2\repository\net\bytebuddy\byte-buddy\1.11.3\byte-buddy-1.11.3.jar;C:\Users\MinhTo\.m2\repository\net\bytebuddy\byte-buddy-agent\1.11.3\byte-buddy-agent-1.11.3.jar;C:\Users\MinhTo\.m2\repository\org\objenesis\objenesis\3.2\objenesis-3.2.jar;C:\Users\MinhTo\.m2\repository\org\mockito\mockito-junit-jupiter\3.2.4\mockito-junit-jupiter-3.2.4.jar;C:\Users\MinhTo\.m2\repository\org\junit\jupiter\junit-jupiter-api\5.4.2\junit-jupiter-api-5.4.2.jar;C:\Users\MinhTo\.m2\repository\org\apiguardian\apiguardian-api\1.0.0\apiguardian-api-1.0.0.jar;C:\Users\MinhTo\.m2\repository\org\opentest4j\opentest4j\1.1.1\opentest4j-1.1.1.jar;C:\Users\MinhTo\.m2\repository\org\junit\platform\junit-platform-commons\1.4.2\junit-platform-commons-1.4.2.jar;C:\Users\MinhTo\.m2\repository\junit\junit\4.13.2\junit-4.13.2.jar;C:\Users\MinhTo\.m2\repository\org\hamcrest\hamcrest-all\1.3\hamcrest-all-1.3.jar;C:\Users\MinhTo\.m2\repository\com\microsoft\sqlserver\mssql-jdbc\7.4.1.jre8\mssql-jdbc-7.4.1.jre8.jar;C:\Users\MinhTo\.m2\repository\org\hibernate\hibernate-java8\5.0.7.Final\hibernate-java8-5.0.7.Final.jar;, java.specification.name=Java Platform API Specification, java.class.version=52.0, sun.management.compiler=HotSpot 64-Bit Tiered Compilers, os.version=10.0, user.home=C:\Users\MinhTo, user.timezone=Asia/Bangkok, java.awt.printerjob=sun.awt.windows.WPrinterJob, file.encoding=Cp1252, java.specification.version=1.8, java.class.path=E:\BT-JAVA-WEB\SpringMVCHibernate\target\test-classes;E:\BT-JAVA-WEB\SpringMVCHibernate\target\classes;C:\Users\MinhTo\.m2\repository\org\apache\struts\struts-el\1.3.10\struts-el-1.3.10.jar;C:\Users\MinhTo\.m2\repository\org\apache\struts\struts-core\1.3.10\struts-core-1.3.10.jar;C:\Users\MinhTo\.m2\repository\commons-beanutils\commons-beanutils\1.8.0\commons-beanutils-1.8.0.jar;C:\Users\MinhTo\.m2\repository\commons-chain\commons-chain\1.2\commons-chain-1.2.jar;C:\Users\MinhTo\.m2\repository\commons-validator\commons-validator\1.3.1\commons-validator-1.3.1.jar;C:\Users\MinhTo\.m2\repository\oro\oro\2.0.8\oro-2.0.8.jar;C:\Users\MinhTo\.m2\repository\org\apache\struts\struts-extras\1.3.10\struts-extras-1.3.10.jar;C:\Users\MinhTo\.m2\repository\org\apache\struts\struts-faces\1.3.10\struts-faces-1.3.10.jar;C:\Users\MinhTo\.m2\repository\org\apache\struts\struts-mailreader-dao\1.3.10\struts-mailreader-dao-1.3.10.jar;C:\Users\MinhTo\.m2\repository\commons-digester\commons-digester\1.8\commons-digester-1.8.jar;C:\Users\MinhTo\.m2\repository\commons-logging\commons-logging\1.0.4\commons-logging-1.0.4.jar;C:\Users\MinhTo\.m2\repository\org\apache\struts\struts-scripting\1.3.10\struts-scripting-1.3.10.jar;C:\Users\MinhTo\.m2\repository\bsf\bsf\2.3.0\bsf-2.3.0.jar;C:\Users\MinhTo\.m2\repository\org\apache\struts\struts-taglib\1.3.10\struts-taglib-1.3.10.jar;C:\Users\MinhTo\.m2\repository\org\apache\struts\struts-tiles\1.3.10\struts-tiles-1.3.10.jar;C:\Users\MinhTo\.m2\repository\opensymphony\sitemesh\2.4.2\sitemesh-2.4.2.jar;C:\Users\MinhTo\.m2\repository\org\eclipse\persistence\org.eclipse.persistence.core\2.7.7\org.eclipse.persistence.core-2.7.7.jar;C:\Users\MinhTo\.m2\repository\org\eclipse\persistence\org.eclipse.persistence.asm\2.7.7\org.eclipse.persistence.asm-2.7.7.jar;C:\Users\MinhTo\.m2\repository\org\eclipse\persistence\org.eclipse.persistence.antlr\2.7.7\org.eclipse.persistence.antlr-2.7.7.jar;C:\Users\MinhTo\.m2\repository\org\eclipse\persistence\org.eclipse.persistence.jpa\2.7.7\org.eclipse.persistence.jpa-2.7.7.jar;C:\Users\MinhTo\.m2\repository\org\eclipse\persistence\jakarta.persistence\2.2.3\jakarta.persistence-2.2.3.jar;C:\Users\MinhTo\.m2\repository\org\eclipse\persistence\org.eclipse.persistence.jpa.jpql\2.7.7\org.eclipse.persistence.jpa.jpql-2.7.7.jar;C:\Users\MinhTo\.m2\repository\org\eclipse\persistence\org.eclipse.persistence.moxy\2.7.7\org.eclipse.persistence.moxy-2.7.7.jar;C:\Users\MinhTo\.m2\repository\org\eclipse\persistence\javax.persistence\2.2.1\javax.persistence-2.2.1.jar;C:\Users\MinhTo\.m2\repository\javax\javaee-api\8.0\javaee-api-8.0.jar;C:\Users\MinhTo\.m2\repository\com\sun\mail\javax.mail\1.6.0\javax.mail-1.6.0.jar;C:\Users\MinhTo\.m2\repository\javax\activation\activation\1.1\activation-1.1.jar;C:\Users\MinhTo\.m2\repository\org\springframework\spring-beans\4.3.13.RELEASE\spring-beans-4.3.13.RELEASE.jar;C:\Users\MinhTo\.m2\repository\org\springframework\spring-expression\4.3.13.RELEASE\spring-expression-4.3.13.RELEASE.jar;C:\Users\MinhTo\.m2\repository\org\springframework\spring-core\4.3.13.RELEASE\spring-core-4.3.13.RELEASE.jar;C:\Users\MinhTo\.m2\repository\org\springframework\spring-web\4.3.13.RELEASE\spring-web-4.3.13.RELEASE.jar;C:\Users\MinhTo\.m2\repository\org\springframework\spring-aop\4.3.13.RELEASE\spring-aop-4.3.13.RELEASE.jar;C:\Users\MinhTo\.m2\repository\org\springframework\spring-webmvc\4.3.13.RELEASE\spring-webmvc-4.3.13.RELEASE.jar;C:\Users\MinhTo\.m2\repository\org\springframework\spring-tx\4.3.13.RELEASE\spring-tx-4.3.13.RELEASE.jar;C:\Users\MinhTo\.m2\repository\org\springframework\spring-orm\4.3.13.RELEASE\spring-orm-4.3.13.RELEASE.jar;C:\Users\MinhTo\.m2\repository\org\springframework\spring-jdbc\4.3.13.RELEASE\spring-jdbc-4.3.13.RELEASE.jar;C:\Users\MinhTo\.m2\repository\org\springframework\spring-context\4.3.13.RELEASE\spring-context-4.3.13.RELEASE.jar;C:\Users\MinhTo\.m2\repository\org\springframework\spring-context-support\4.3.13.RELEASE\spring-context-support-4.3.13.RELEASE.jar;C:\Users\MinhTo\.m2\repository\org\springframework\spring-test\4.3.13.RELEASE\spring-test-4.3.13.RELEASE.jar;C:\Users\MinhTo\.m2\repository\org\springframework\data\spring-data-jpa\1.10.2.RELEASE\spring-data-jpa-1.10.2.RELEASE.jar;C:\Users\MinhTo\.m2\repository\org\springframework\data\spring-data-commons\1.12.2.RELEASE\spring-data-commons-1.12.2.RELEASE.jar;C:\Users\MinhTo\.m2\repository\org\aspectj\aspectjrt\1.8.9\aspectjrt-1.8.9.jar;C:\Users\MinhTo\.m2\repository\org\springframework\security\spring-security-web\4.0.2.RELEASE\spring-security-web-4.0.2.RELEASE.jar;C:\Users\MinhTo\.m2\repository\aopalliance\aopalliance\1.0\aopalliance-1.0.jar;C:\Users\MinhTo\.m2\repository\org\springframework\security\spring-security-core\4.0.2.RELEASE\spring-security-core-4.0.2.RELEASE.jar;C:\Users\MinhTo\.m2\repository\org\springframework\security\spring-security-acl\4.0.2.RELEASE\spring-security-acl-4.0.2.RELEASE.jar;C:\Users\MinhTo\.m2\repository\org\springframework\security\spring-security-config\4.0.2.RELEASE\spring-security-config-4.0.2.RELEASE.jar;C:\Users\MinhTo\.m2\repository\org\springframework\security\spring-security-taglibs\4.0.2.RELEASE\spring-security-taglibs-4.0.2.RELEASE.jar;C:\Users\MinhTo\.m2\repository\org\springframework\security\spring-security-oauth2-authorization-server\0.2.0\spring-security-oauth2-authorization-server-0.2.0.jar;C:\Users\MinhTo\.m2\repository\com\nimbusds\nimbus-jose-jwt\9.10.1\nimbus-jose-jwt-9.10.1.jar;C:\Users\MinhTo\.m2\repository\com\github\stephenc\jcip\jcip-annotations\1.0-1\jcip-annotations-1.0-1.jar;C:\Users\MinhTo\.m2\repository\org\springframework\security\spring-security-oauth2-core\5.5.2\spring-security-oauth2-core-5.5.2.jar;C:\Users\MinhTo\.m2\repository\org\springframework\security\spring-security-oauth2-jose\5.5.2\spring-security-oauth2-jose-5.5.2.jar;C:\Users\MinhTo\.m2\repository\org\springframework\security\spring-security-oauth2-resource-server\5.5.2\spring-security-oauth2-resource-server-5.5.2.jar;C:\Users\MinhTo\.m2\repository\javax\servlet\javax.servlet-api\3.0.1\javax.servlet-api-3.0.1.jar;C:\Users\MinhTo\.m2\repository\org\springframework\spring-aspects\4.3.13.RELEASE\spring-aspects-4.3.13.RELEASE.jar;C:\Users\MinhTo\.m2\repository\org\aspectj\aspectjweaver\1.8.9\aspectjweaver-1.8.9.jar;C:\Users\MinhTo\.m2\repository\javax\servlet\jsp\javax.servlet.jsp-api\2.3.1\javax.servlet.jsp-api-2.3.1.jar;C:\Users\MinhTo\.m2\repository\javax\servlet\jstl\1.2\jstl-1.2.jar;C:\Users\MinhTo\.m2\repository\taglibs\standard\1.1.2\standard-1.1.2.jar;C:\Users\MinhTo\.m2\repository\javax\faces\javax.faces-api\2.3\javax.faces-api-2.3.jar;C:\Users\MinhTo\.m2\repository\org\hibernate\hibernate-core\4.3.6.Final\hibernate-core-4.3.6.Final.jar;C:\Users\MinhTo\.m2\repository\org\jboss\logging\jboss-logging\3.1.3.GA\jboss-logging-3.1.3.GA.jar;C:\Users\MinhTo\.m2\repository\org\jboss\logging\jboss-logging-annotations\1.2.0.Beta1\jboss-logging-annotations-1.2.0.Beta1.jar;C:\Users\MinhTo\.m2\repository\org\jboss\spec\javax\transaction\jboss-transaction-api_1.2_spec\1.0.0.Final\jboss-transaction-api_1.2_spec-1.0.0.Final.jar;C:\Users\MinhTo\.m2\repository\dom4j\dom4j\1.6.1\dom4j-1.6.1.jar;C:\Users\MinhTo\.m2\repository\xml-apis\xml-apis\1.0.b2\xml-apis-1.0.b2.jar;C:\Users\MinhTo\.m2\repository\org\hibernate\common\hibernate-commons-annotations\4.0.5.Final\hibernate-commons-annotations-4.0.5.Final.jar;C:\Users\MinhTo\.m2\repository\org\javassist\javassist\3.18.1-GA\javassist-3.18.1-GA.jar;C:\Users\MinhTo\.m2\repository\antlr\antlr\2.7.7\antlr-2.7.7.jar;C:\Users\MinhTo\.m2\repository\org\jboss\jandex\1.1.0.Final\jandex-1.1.0.Final.jar;C:\Users\MinhTo\.m2\repository\org\hibernate\hibernate-entitymanager\4.3.6.Final\hibernate-entitymanager-4.3.6.Final.jar;C:\Users\MinhTo\.m2\repository\org\hibernate\javax\persistence\hibernate-jpa-2.1-api\1.0.0.Final\hibernate-jpa-2.1-api-1.0.0.Final.jar;C:\Users\MinhTo\.m2\repository\org\slf4j\slf4j-api\1.7.5\slf4j-api-1.7.5.jar;C:\Users\MinhTo\.m2\repository\org\slf4j\jcl-over-slf4j\1.7.5\jcl-over-slf4j-1.7.5.jar;C:\Users\MinhTo\.m2\repository\org\slf4j\slf4j-log4j12\1.7.5\slf4j-log4j12-1.7.5.jar;C:\Users\MinhTo\.m2\repository\log4j\log4j\1.2.15\log4j-1.2.15.jar;C:\Users\MinhTo\.m2\repository\com\fasterxml\jackson\core\jackson-core\2.9.6\jackson-core-2.9.6.jar;C:\Users\MinhTo\.m2\repository\com\fasterxml\jackson\core\jackson-annotations\2.9.6\jackson-annotations-2.9.6.jar;C:\Users\MinhTo\.m2\repository\com\fasterxml\jackson\core\jackson-databind\2.9.6\jackson-databind-2.9.6.jar;C:\Users\MinhTo\.m2\repository\commons-dbcp\commons-dbcp\1.4\commons-dbcp-1.4.jar;C:\Users\MinhTo\.m2\repository\commons-pool\commons-pool\1.5.4\commons-pool-1.5.4.jar;C:\Users\MinhTo\.m2\repository\org\modelmapper\modelmapper\2.3.5\modelmapper-2.3.5.jar;C:\Users\MinhTo\.m2\repository\javax\xml\bind\jaxb-api\2.3.1\jaxb-api-2.3.1.jar;C:\Users\MinhTo\.m2\repository\javax\activation\javax.activation-api\1.2.0\javax.activation-api-1.2.0.jar;C:\Users\MinhTo\.m2\repository\org\hibernate\hibernate-jpamodelgen\5.3.2.Final\hibernate-jpamodelgen-5.3.2.Final.jar;C:\Users\MinhTo\.m2\repository\org\mockito\mockito-core\3.11.2\mockito-core-3.11.2.jar;C:\Users\MinhTo\.m2\repository\net\bytebuddy\byte-buddy\1.11.3\byte-buddy-1.11.3.jar;C:\Users\MinhTo\.m2\repository\net\bytebuddy\byte-buddy-agent\1.11.3\byte-buddy-agent-1.11.3.jar;C:\Users\MinhTo\.m2\repository\org\objenesis\objenesis\3.2\objenesis-3.2.jar;C:\Users\MinhTo\.m2\repository\org\mockito\mockito-junit-jupiter\3.2.4\mockito-junit-jupiter-3.2.4.jar;C:\Users\MinhTo\.m2\repository\org\junit\jupiter\junit-jupiter-api\5.4.2\junit-jupiter-api-5.4.2.jar;C:\Users\MinhTo\.m2\repository\org\apiguardian\apiguardian-api\1.0.0\apiguardian-api-1.0.0.jar;C:\Users\MinhTo\.m2\repository\org\opentest4j\opentest4j\1.1.1\opentest4j-1.1.1.jar;C:\Users\MinhTo\.m2\repository\org\junit\platform\junit-platform-commons\1.4.2\junit-platform-commons-1.4.2.jar;C:\Users\MinhTo\.m2\repository\junit\junit\4.13.2\junit-4.13.2.jar;C:\Users\MinhTo\.m2\repository\org\hamcrest\hamcrest-all\1.3\hamcrest-all-1.3.jar;C:\Users\MinhTo\.m2\repository\com\microsoft\sqlserver\mssql-jdbc\7.4.1.jre8\mssql-jdbc-7.4.1.jre8.jar;C:\Users\MinhTo\.m2\repository\org\hibernate\hibernate-java8\5.0.7.Final\hibernate-java8-5.0.7.Final.jar;, user.name=MinhTo, java.vm.specification.version=1.8, sun.java.command=E:\BT-JAVA-WEB\SpringMVCHibernate\target\surefire\surefirebooter6821871679518693960.jar E:\BT-JAVA-WEB\SpringMVCHibernate\target\surefire\surefire4457562381731493762tmp E:\BT-JAVA-WEB\SpringMVCHibernate\target\surefire\surefire_08669293951799136018tmp, java.home=C:\Program Files\Java\jdk1.8.0_241\jre, sun.arch.data.model=64, user.language=en, java.specification.vendor=Oracle Corporation, user.language.format=vi, awt.toolkit=sun.awt.windows.WToolkit, java.vm.info=mixed mode, java.version=1.8.0_241, java.ext.dirs=C:\Program Files\Java\jdk1.8.0_241\jre\lib\ext;C:\WINDOWS\Sun\Java\lib\ext, sun.boot.class.path=C:\Program Files\Java\jdk1.8.0_241\jre\lib\resources.jar;C:\Program Files\Java\jdk1.8.0_241\jre\lib\rt.jar;C:\Program Files\Java\jdk1.8.0_241\jre\lib\sunrsasign.jar;C:\Program Files\Java\jdk1.8.0_241\jre\lib\jsse.jar;C:\Program Files\Java\jdk1.8.0_241\jre\lib\jce.jar;C:\Program Files\Java\jdk1.8.0_241\jre\lib\charsets.jar;C:\Program Files\Java\jdk1.8.0_241\jre\lib\jfr.jar;C:\Program Files\Java\jdk1.8.0_241\jre\classes, java.vendor=Oracle Corporation, localRepository=C:\Users\MinhTo\.m2\repository, file.separator=\, java.vendor.url.bug=http://bugreport.sun.com/bugreport/, sun.io.unicode.encoding=UnicodeLittle, sun.cpu.endian=little, sun.desktop=windows, sun.cpu.isalist=amd64}}, SystemEnvironmentPropertySource@931496835 {name='systemEnvironment', properties={PATH=C:/Program Files/Java/jdk1.8.0_241/bin/../jre/bin/server;C:/Program Files/Java/jdk1.8.0_241/bin/../jre/bin;C:/Program Files/Java/jdk1.8.0_241/bin/../jre/lib/amd64;C:\WINDOWS\system32;C:\WINDOWS;C:\Program Files (x86)\Common Files\Oracle\Java\javapath;C:\ProgramData\Oracle\Java\javapath;C:\Program Files\Java\jdk1.8.0_241\bin;E:\java wed\apache-maven-3.6.0\bin;C:\Program Files\Microsoft JDBC Driver 8.4 for SQL Server\sqljdbc_8.4\enu\mssql-jdbc-8.4.1.jre11.jar;C:\Program Files (x86)\Microsoft SQL Server\150\Tools\Binn\;C:\Program Files\Microsoft SQL Server\150\Tools\Binn\;C:\Program Files (x86)\Microsoft SQL Server\150\DTS\Binn\;C:\Program Files\Microsoft SQL Server\150\DTS\Binn\;C:\Program Files\Microsoft SQL Server\Client SDK\ODBC\170\Tools\Binn\;C:\Users\MinhTo\GlassFish_Server\glassfish\bin;\cygdrive\C\Program Files\Java\jdk1.8.0_241\bin;C:\Program Files\Java\jdk1.8.0_241\lib;C:\Program Files\Java\jre1.8.0_241\lib;C:\Program Files\Java\jre1.8.0_241\bin;C:\cygwin64\bin;C:\Users\MinhTo\GlassFish_Server\glassfish\lib\javaee.jar;C:\Program Files\NVIDIA Corporation\NVIDIA NvDLISR;C:\Program Files\dotnet\;E:\Program Files\Git\cmd;C:\Program Files\Microsoft SQL Server\Client SDK\ODBC\110\Tools\Binn\;C:\Program Files (x86)\Microsoft SQL Server\120\Tools\Binn\;C:\Program Files\Microsoft SQL Server\120\Tools\Binn\;C:\Program Files\Microsoft SQL Server\120\DTS\Binn\;E:\TOMCAT\apache-tomcat-8.5.70\bin;C:\Program Files\nodejs;C:\Program Files\Java\jdk1.8.0_241\bin;C:\Users\MinhTo\AppData\Local\Microsoft\WindowsApps;C:\Users\MinhTo\AppData\Local\Programs\Microsoft VS Code\bin;C:\Users\MinhTo\AppData\Roaming\npm;C:\Program Files\Microsoft JDBC Driver 8.4 for SQL Server\sqljdbc_8.4\enu\mssql-jdbc-8.4.1.jre11.jar;\cygdrive\C\Program Files\Java\jdk1.8.0_241\bin;C:\Users\MinhTo\GlassFish_Server\glassfish\lib\javaee.jar;C:\Program Files\Java\jdk1.8.0_241\lib;C:\Users\MinhTo\AppData\Local\GitHubDesktop\bin;d:\openpose\anaconda3\lib;C:\Users\MinhTo\AppData\Roaming\Python\Python38;D:\OpenPose\anaconda3\Library\bin;D:\OpenPose\anaconda3\Lib;C:\Program Files\nodejs;;E:\java wed\eclipse-jee-2018-09-win32-x86_64\eclipse;, USERDOMAIN_ROAMINGPROFILE=MINHTO-PC, PROCESSOR_LEVEL=6, SYSTEMDRIVE=C:, M2=E:\java wed\apache-maven-3.6.0\bin MAVEN_OPTS=-Xms256m -Xmx512m, SESSIONNAME=Console, ALLUSERSPROFILE=C:\ProgramData, PROCESSOR_ARCHITECTURE=AMD64, DRIVERDATA=C:\Windows\System32\Drivers\DriverData, =E:=E:\BT-JAVA-WEB\SpringMVCHibernate, MAVEN_HOME=E:\java wed\apache-maven-3.6.0, PROGRAMFILES=C:\Program Files, PSMODULEPATH=C:\Program Files\WindowsPowerShell\Modules;C:\WINDOWS\system32\WindowsPowerShell\v1.0\Modules;C:\Program Files (x86)\Microsoft SQL Server\150\Tools\PowerShell\Modules\;C:\Program Files (x86)\Microsoft SQL Server\120\Tools\PowerShell\Modules\, PROGRAMDATA=C:\ProgramData, CHOCOLATEYLASTPATHUPDATE=132297907597727568, USERNAME=MinhTo, FPS_BROWSER_USER_PROFILE_STRING=Default, ONEDRIVE=C:\Users\MinhTo\OneDrive, PATHEXT=.COM;.EXE;.BAT;.CMD;.VBS;.VBE;.JS;.JSE;.WSF;.WSH;.MSC, ONEDRIVECONSUMER=C:\Users\MinhTo\OneDrive, WINDIR=C:\WINDOWS, HOMEPATH=\Users\MinhTo, PROCESSOR_IDENTIFIER=Intel64 Family 6 Model 94 Stepping 3, GenuineIntel, M2_HOME=E:\java wed\apache-maven-3.6.0, PUBLIC=C:\Users\Public, =::=::\, MSMPI_BENCHMARKS=C:\Program Files\Microsoft MPI\Benchmarks\, LOCALAPPDATA=C:\Users\MinhTo\AppData\Local, MSMPI_BIN=C:\Program Files\Microsoft MPI\Bin\, COMMONPROGRAMFILES(X86)=C:\Program Files (x86)\Common Files, USERDOMAIN=MINHTO-PC, FPS_BROWSER_APP_PROFILE_STRING=Internet Explorer, LOGONSERVER=\\MINHTO-PC, JAVA_HOME=C:\Program Files\Java\jdk1.8.0_241, PROMPT=$P$G, PROGRAMFILES(X86)=C:\Program Files (x86), QT_DEVICE_PIXEL_RATIO=auto, =C:=C:\, APPDATA=C:\Users\MinhTo\AppData\Roaming, PROGRAMW6432=C:\Program Files, SYSTEMROOT=C:\WINDOWS, CHOCOLATEYINSTALL=C:\ProgramData\chocolatey, PT7HOME=E:\Program Files\Cisco Packet Tracer 7.2, OS=Windows_NT, COMMONPROGRAMW6432=C:\Program Files\Common Files, COMPUTERNAME=MINHTO-PC, COMMONPROGRAMFILES=C:\Program Files\Common Files, COMSPEC=C:\WINDOWS\system32\cmd.exe, CATALINA_HOME=E:\TOMCAT\apache-tomcat-8.5.70, PROCESSOR_REVISION=5e03, CLASSPATH=.;C:\Program Files\Java\jdk1.8.0_241\bin;.;C:\Program Files\Java\jdk1.8.0_241\lib;, TEMP=C:\Users\MinhTo\AppData\Local\Temp, HOMEDRIVE=C:, USERPROFILE=C:\Users\MinhTo, TMP=C:\Users\MinhTo\AppData\Local\Temp, NUMBER_OF_PROCESSORS=8}}]
2021-09-28 13:45:44 DEBUG PathMatchingResourcePatternResolver:318 - Resolved classpath location [com/mycompany/springmvchibernate/Repositories/] to resources [URL [file:/E:/BT-JAVA-WEB/SpringMVCHibernate/target/classes/com/mycompany/springmvchibernate/Repositories/]]
2021-09-28 13:45:44 DEBUG PathMatchingResourcePatternResolver:741 - Looking for matching resources in directory tree [E:\BT-JAVA-WEB\SpringMVCHibernate\target\classes\com\mycompany\springmvchibernate\Repositories]
2021-09-28 13:45:44 DEBUG PathMatchingResourcePatternResolver:803 - Searching directory [E:\BT-JAVA-WEB\SpringMVCHibernate\target\classes\com\mycompany\springmvchibernate\Repositories] for files matching pattern [E:/BT-JAVA-WEB/SpringMVCHibernate/target/classes/com/mycompany/springmvchibernate/Repositories/**/*SanPhamRepositoryImpl.class]
2021-09-28 13:45:44 DEBUG PathMatchingResourcePatternResolver:510 - Resolved location pattern [classpath*:com/mycompany/springmvchibernate/Repositories/**/*SanPhamRepositoryImpl.class] to resources []
2021-09-28 13:45:44 DEBUG RepositoryConfigurationDelegate:139 - Spring Data JPA - Registering repository: sanPhamRepository - Interface: com.mycompany.springmvchibernate.Repositories.SanPhamRepository - Factory: org.springframework.data.jpa.repository.support.JpaRepositoryFactoryBean
2021-09-28 13:45:44 DEBUG BeanDefinitionParserDelegate:480 - Neither XML 'id' nor 'name' specified - using generated bean name [org.springframework.orm.jpa.vendor.HibernateJpaVendorAdapter#3246fb96]
2021-09-28 13:45:44 DEBUG XmlBeanDefinitionReader:224 - Loaded 41 bean definitions from location pattern [classpath:applicationContext-persistence-test.xml]
2021-09-28 13:45:44 INFO  GenericApplicationContext:583 - Refreshing org.springframework.context.support.GenericApplicationContext@7a30d1e6: startup date [Tue Sep 28 13:45:44 ICT 2021]; root of context hierarchy
2021-09-28 13:45:44 DEBUG GenericApplicationContext:617 - Bean factory for org.springframework.context.support.GenericApplicationContext@7a30d1e6: org.springframework.beans.factory.support.DefaultListableBeanFactory@49dc7102: defining beans [testJacksonUnitTest,xeMayControllerAPI,customFailureHandler,customSuccessHandler,modelMapperConfig,homeController,webController,xeMayController,sanPhamDaoImpl,org.springframework.context.annotation.internalConfigurationAnnotationProcessor,org.springframework.context.annotation.internalAutowiredAnnotationProcessor,org.springframework.context.annotation.internalRequiredAnnotationProcessor,org.springframework.context.annotation.internalCommonAnnotationProcessor,org.springframework.context.annotation.internalPersistenceAnnotationProcessor,org.springframework.context.event.internalEventListenerProcessor,org.springframework.context.event.internalEventListenerFactory,mvcContentNegotiationManager,org.springframework.web.servlet.mvc.method.annotation.RequestMappingHandlerMapping,mvcCorsConfigurations,org.springframework.format.support.FormattingConversionServiceFactoryBean#0,org.springframework.validation.beanvalidation.OptionalValidatorFactoryBean#0,org.springframework.web.servlet.mvc.method.annotation.RequestMappingHandlerAdapter,mvcUriComponentsContributor,org.springframework.web.servlet.handler.MappedInterceptor#0,org.springframework.web.servlet.mvc.method.annotation.ExceptionHandlerExceptionResolver#0,org.springframework.web.servlet.mvc.annotation.ResponseStatusExceptionResolver#0,org.springframework.web.servlet.mvc.support.DefaultHandlerExceptionResolver#0,org.springframework.web.servlet.handler.BeanNameUrlHandlerMapping,org.springframework.web.servlet.mvc.HttpRequestHandlerAdapter,org.springframework.web.servlet.mvc.SimpleControllerHandlerAdapter,mvcHandlerMappingIntrospector,org.springframework.context.support.PropertySourcesPlaceholderConfigurer#0,org.springframework.data.jpa.repository.config.JpaRepositoryConfigExtension#0,org.springframework.data.repository.core.support.RepositoryFactoryBeanSupport_Predictor,emBeanDefinitionRegistrarPostProcessor,jpaMappingContext,jpaContext,sanPhamRepository,entityManagerFactory,dataSource,transactionManager]; root of factory hierarchy
2021-09-28 13:45:44 DEBUG DefaultListableBeanFactory:221 - Creating shared instance of singleton bean 'org.springframework.context.annotation.internalConfigurationAnnotationProcessor'
2021-09-28 13:45:44 DEBUG DefaultListableBeanFactory:449 - Creating instance of bean 'org.springframework.context.annotation.internalConfigurationAnnotationProcessor'
2021-09-28 13:45:44 DEBUG DefaultListableBeanFactory:539 - Eagerly caching bean 'org.springframework.context.annotation.internalConfigurationAnnotationProcessor' to allow for resolving potential circular references
2021-09-28 13:45:44 DEBUG DefaultListableBeanFactory:485 - Finished creating instance of bean 'org.springframework.context.annotation.internalConfigurationAnnotationProcessor'
2021-09-28 13:45:44 DEBUG ConfigurationClassBeanDefinitionReader:262 - Registering bean definition for @Bean method com.mycompany.springmvchibernate.Config.ModelMapperConfig.modelMapper()
2021-09-28 13:45:44 DEBUG ConfigurationClassEnhancer:112 - Successfully enhanced com.mycompany.springmvchibernate.Config.ModelMapperConfig; enhanced class name is: com.mycompany.springmvchibernate.Config.ModelMapperConfig$$EnhancerBySpringCGLIB$$44ff4ba8
2021-09-28 13:45:44 DEBUG ConfigurationClassPostProcessor:396 - Replacing bean definition 'modelMapperConfig' existing class 'com.mycompany.springmvchibernate.Config.ModelMapperConfig' with enhanced class 'com.mycompany.springmvchibernate.Config.ModelMapperConfig$$EnhancerBySpringCGLIB$$44ff4ba8'
2021-09-28 13:45:44 DEBUG DefaultListableBeanFactory:221 - Creating shared instance of singleton bean 'org.springframework.context.support.PropertySourcesPlaceholderConfigurer#0'
2021-09-28 13:45:44 DEBUG DefaultListableBeanFactory:449 - Creating instance of bean 'org.springframework.context.support.PropertySourcesPlaceholderConfigurer#0'
2021-09-28 13:45:44 DEBUG DefaultListableBeanFactory:539 - Eagerly caching bean 'org.springframework.context.support.PropertySourcesPlaceholderConfigurer#0' to allow for resolving potential circular references
2021-09-28 13:45:44 DEBUG DefaultListableBeanFactory:485 - Finished creating instance of bean 'org.springframework.context.support.PropertySourcesPlaceholderConfigurer#0'
2021-09-28 13:45:44 DEBUG MutablePropertySources:106 - Adding PropertySource 'environmentProperties' with lowest search precedence
2021-09-28 13:45:44 DEBUG PropertySourcesPlaceholderConfigurer:174 - Loading properties file from class path resource [hibernate-config.properties]
2021-09-28 13:45:44 DEBUG MutablePropertySources:106 - Adding PropertySource 'localProperties' with lowest search precedence
2021-09-28 13:45:44 DEBUG PropertySourcesPropertyResolver:92 - Could not find key 'hibernate.format_sql' in any property source
2021-09-28 13:45:44 DEBUG PropertySourcesPropertyResolver:152 - Found key 'hibernate.format_sql' in PropertySource 'localProperties' with value of type String
2021-09-28 13:45:44 DEBUG PropertySourcesPropertyResolver:92 - Could not find key 'hibernate.hbm2ddl.auto' in any property source
2021-09-28 13:45:44 DEBUG PropertySourcesPropertyResolver:152 - Found key 'hibernate.hbm2ddl.auto' in PropertySource 'localProperties' with value of type String
2021-09-28 13:45:44 DEBUG PropertySourcesPropertyResolver:92 - Could not find key 'hibernate.show_sql' in any property source
2021-09-28 13:45:44 DEBUG PropertySourcesPropertyResolver:152 - Found key 'hibernate.show_sql' in PropertySource 'localProperties' with value of type String
2021-09-28 13:45:44 DEBUG PropertySourcesPropertyResolver:92 - Could not find key 'jdbc.driverClassName' in any property source
2021-09-28 13:45:44 DEBUG PropertySourcesPropertyResolver:152 - Found key 'jdbc.driverClassName' in PropertySource 'localProperties' with value of type String
2021-09-28 13:45:44 DEBUG PropertySourcesPropertyResolver:92 - Could not find key 'jdbc.url' in any property source
2021-09-28 13:45:44 DEBUG PropertySourcesPropertyResolver:152 - Found key 'jdbc.url' in PropertySource 'localProperties' with value of type String
2021-09-28 13:45:44 DEBUG PropertySourcesPropertyResolver:92 - Could not find key 'jdbc.username' in any property source
2021-09-28 13:45:44 DEBUG PropertySourcesPropertyResolver:152 - Found key 'jdbc.username' in PropertySource 'localProperties' with value of type String
2021-09-28 13:45:44 DEBUG PropertySourcesPropertyResolver:92 - Could not find key 'jdbc.password' in any property source
2021-09-28 13:45:44 DEBUG PropertySourcesPropertyResolver:152 - Found key 'jdbc.password' in PropertySource 'localProperties' with value of type String
2021-09-28 13:45:44 DEBUG DefaultListableBeanFactory:221 - Creating shared instance of singleton bean 'emBeanDefinitionRegistrarPostProcessor'
2021-09-28 13:45:44 DEBUG DefaultListableBeanFactory:449 - Creating instance of bean 'emBeanDefinitionRegistrarPostProcessor'
2021-09-28 13:45:44 DEBUG DefaultListableBeanFactory:539 - Eagerly caching bean 'emBeanDefinitionRegistrarPostProcessor' to allow for resolving potential circular references
2021-09-28 13:45:44 DEBUG DefaultListableBeanFactory:485 - Finished creating instance of bean 'emBeanDefinitionRegistrarPostProcessor'
2021-09-28 13:45:44 DEBUG DefaultListableBeanFactory:221 - Creating shared instance of singleton bean 'org.springframework.context.annotation.internalAutowiredAnnotationProcessor'
2021-09-28 13:45:44 DEBUG DefaultListableBeanFactory:449 - Creating instance of bean 'org.springframework.context.annotation.internalAutowiredAnnotationProcessor'
2021-09-28 13:45:44 INFO  AutowiredAnnotationBeanPostProcessor:155 - JSR-330 'javax.inject.Inject' annotation found and supported for autowiring
2021-09-28 13:45:44 DEBUG DefaultListableBeanFactory:539 - Eagerly caching bean 'org.springframework.context.annotation.internalAutowiredAnnotationProcessor' to allow for resolving potential circular references
2021-09-28 13:45:44 DEBUG DefaultListableBeanFactory:485 - Finished creating instance of bean 'org.springframework.context.annotation.internalAutowiredAnnotationProcessor'
2021-09-28 13:45:44 DEBUG DefaultListableBeanFactory:221 - Creating shared instance of singleton bean 'org.springframework.context.annotation.internalRequiredAnnotationProcessor'
2021-09-28 13:45:44 DEBUG DefaultListableBeanFactory:449 - Creating instance of bean 'org.springframework.context.annotation.internalRequiredAnnotationProcessor'
2021-09-28 13:45:44 DEBUG DefaultListableBeanFactory:539 - Eagerly caching bean 'org.springframework.context.annotation.internalRequiredAnnotationProcessor' to allow for resolving potential circular references
2021-09-28 13:45:44 DEBUG DefaultListableBeanFactory:485 - Finished creating instance of bean 'org.springframework.context.annotation.internalRequiredAnnotationProcessor'
2021-09-28 13:45:44 DEBUG DefaultListableBeanFactory:221 - Creating shared instance of singleton bean 'org.springframework.context.annotation.internalCommonAnnotationProcessor'
2021-09-28 13:45:44 DEBUG DefaultListableBeanFactory:449 - Creating instance of bean 'org.springframework.context.annotation.internalCommonAnnotationProcessor'
2021-09-28 13:45:44 DEBUG DefaultListableBeanFactory:539 - Eagerly caching bean 'org.springframework.context.annotation.internalCommonAnnotationProcessor' to allow for resolving potential circular references
2021-09-28 13:45:44 DEBUG DefaultListableBeanFactory:485 - Finished creating instance of bean 'org.springframework.context.annotation.internalCommonAnnotationProcessor'
2021-09-28 13:45:44 DEBUG DefaultListableBeanFactory:221 - Creating shared instance of singleton bean 'org.springframework.context.annotation.internalPersistenceAnnotationProcessor'
2021-09-28 13:45:44 DEBUG DefaultListableBeanFactory:449 - Creating instance of bean 'org.springframework.context.annotation.internalPersistenceAnnotationProcessor'
2021-09-28 13:45:44 DEBUG DefaultListableBeanFactory:539 - Eagerly caching bean 'org.springframework.context.annotation.internalPersistenceAnnotationProcessor' to allow for resolving potential circular references
2021-09-28 13:45:44 DEBUG DefaultListableBeanFactory:485 - Finished creating instance of bean 'org.springframework.context.annotation.internalPersistenceAnnotationProcessor'
2021-09-28 13:45:44 DEBUG DefaultListableBeanFactory:221 - Creating shared instance of singleton bean 'org.springframework.data.repository.core.support.RepositoryFactoryBeanSupport_Predictor'
2021-09-28 13:45:44 DEBUG DefaultListableBeanFactory:449 - Creating instance of bean 'org.springframework.data.repository.core.support.RepositoryFactoryBeanSupport_Predictor'
2021-09-28 13:45:44 DEBUG DefaultListableBeanFactory:539 - Eagerly caching bean 'org.springframework.data.repository.core.support.RepositoryFactoryBeanSupport_Predictor' to allow for resolving potential circular references
2021-09-28 13:45:44 DEBUG DefaultListableBeanFactory:485 - Finished creating instance of bean 'org.springframework.data.repository.core.support.RepositoryFactoryBeanSupport_Predictor'
2021-09-28 13:45:44 DEBUG GenericApplicationContext:734 - Unable to locate MessageSource with name 'messageSource': using default [org.springframework.context.support.DelegatingMessageSource@379614be]
2021-09-28 13:45:44 DEBUG GenericApplicationContext:758 - Unable to locate ApplicationEventMulticaster with name 'applicationEventMulticaster': using default [org.springframework.context.event.SimpleApplicationEventMulticaster@658c5a19]
2021-09-28 13:45:44 DEBUG DefaultListableBeanFactory:221 - Creating shared instance of singleton bean 'entityManagerFactory'
2021-09-28 13:45:44 DEBUG DefaultListableBeanFactory:449 - Creating instance of bean 'entityManagerFactory'
2021-09-28 13:45:44 DEBUG DefaultListableBeanFactory:539 - Eagerly caching bean 'entityManagerFactory' to allow for resolving potential circular references
2021-09-28 13:45:44 DEBUG DefaultListableBeanFactory:221 - Creating shared instance of singleton bean 'dataSource'
2021-09-28 13:45:44 DEBUG DefaultListableBeanFactory:449 - Creating instance of bean 'dataSource'
2021-09-28 13:45:44 DEBUG DefaultListableBeanFactory:539 - Eagerly caching bean 'dataSource' to allow for resolving potential circular references
2021-09-28 13:45:44 DEBUG DefaultListableBeanFactory:485 - Finished creating instance of bean 'dataSource'
2021-09-28 13:45:44 DEBUG DefaultListableBeanFactory:449 - Creating instance of bean 'org.springframework.orm.jpa.vendor.HibernateJpaVendorAdapter#3246fb96'
2021-09-28 13:45:44 DEBUG logging:55 - Logging Provider: org.jboss.logging.Log4jLoggerProvider
2021-09-28 13:45:44 DEBUG DefaultListableBeanFactory:485 - Finished creating instance of bean 'org.springframework.orm.jpa.vendor.HibernateJpaVendorAdapter#3246fb96'
2021-09-28 13:45:44 DEBUG DefaultListableBeanFactory:1670 - Invoking afterPropertiesSet() on bean with name 'entityManagerFactory'
2021-09-28 13:45:44 DEBUG PathMatchingResourcePatternResolver:318 - Resolved classpath location [META-INF/persistence.xml] to resources [URL [file:/E:/BT-JAVA-WEB/SpringMVCHibernate/target/classes/META-INF/persistence.xml]]
2021-09-28 13:45:44 DEBUG PathMatchingResourcePatternResolver:318 - Resolved classpath location [com/mycompany/springmvchibernate/EntityTest/] to resources [URL [file:/E:/BT-JAVA-WEB/SpringMVCHibernate/target/classes/com/mycompany/springmvchibernate/EntityTest/]]
2021-09-28 13:45:44 DEBUG PathMatchingResourcePatternResolver:741 - Looking for matching resources in directory tree [E:\BT-JAVA-WEB\SpringMVCHibernate\target\classes\com\mycompany\springmvchibernate\EntityTest]
2021-09-28 13:45:44 DEBUG PathMatchingResourcePatternResolver:803 - Searching directory [E:\BT-JAVA-WEB\SpringMVCHibernate\target\classes\com\mycompany\springmvchibernate\EntityTest] for files matching pattern [E:/BT-JAVA-WEB/SpringMVCHibernate/target/classes/com/mycompany/springmvchibernate/EntityTest/**/*.class]
2021-09-28 13:45:44 DEBUG PathMatchingResourcePatternResolver:510 - Resolved location pattern [classpath*:com/mycompany/springmvchibernate/EntityTest/**/*.class] to resources [file [E:\BT-JAVA-WEB\SpringMVCHibernate\target\classes\com\mycompany\springmvchibernate\EntityTest\BoNho_.class], file [E:\BT-JAVA-WEB\SpringMVCHibernate\target\classes\com\mycompany\springmvchibernate\EntityTest\Chip_.class], file [E:\BT-JAVA-WEB\SpringMVCHibernate\target\classes\com\mycompany\springmvchibernate\EntityTest\ChiTietDonDatHang_.class], file [E:\BT-JAVA-WEB\SpringMVCHibernate\target\classes\com\mycompany\springmvchibernate\EntityTest\ChiTietDonDatHangPK_.class], file [E:\BT-JAVA-WEB\SpringMVCHibernate\target\classes\com\mycompany\springmvchibernate\EntityTest\ChiTietGioHangPK_.class], file [E:\BT-JAVA-WEB\SpringMVCHibernate\target\classes\com\mycompany\springmvchibernate\EntityTest\ChiTietSanPham_.class], file [E:\BT-JAVA-WEB\SpringMVCHibernate\target\classes\com\mycompany\springmvchibernate\EntityTest\DanhGiaPK_.class], file [E:\BT-JAVA-WEB\SpringMVCHibernate\target\classes\com\mycompany\springmvchibernate\EntityTest\DonViVanChuyen_.class], file [E:\BT-JAVA-WEB\SpringMVCHibernate\target\classes\com\mycompany\springmvchibernate\EntityTest\HinhAnhSP_.class], file [E:\BT-JAVA-WEB\SpringMVCHibernate\target\classes\com\mycompany\springmvchibernate\EntityTest\Loai_.class], file [E:\BT-JAVA-WEB\SpringMVCHibernate\target\classes\com\mycompany\springmvchibernate\EntityTest\Mau_.class], file [E:\BT-JAVA-WEB\SpringMVCHibernate\target\classes\com\mycompany\springmvchibernate\EntityTest\Ram_.class], file [E:\BT-JAVA-WEB\SpringMVCHibernate\target\classes\com\mycompany\springmvchibernate\EntityTest\SanPham_.class]]
2021-09-28 13:45:44 INFO  LocalContainerEntityManagerFactoryBean:356 - Building JPA container EntityManagerFactory for persistence unit 'default'
2021-09-28 13:45:44 DEBUG LogHelper:117 - PersistenceUnitInfo [
	name: default
	persistence provider classname: null
	classloader: sun.misc.Launcher$AppClassLoader@42a57993
	excludeUnlistedClasses: true
	JTA datasource: null
	Non JTA datasource: org.apache.commons.dbcp.BasicDataSource@7fbdb894
	Transaction type: RESOURCE_LOCAL
	PU root URL: file:/E:/BT-JAVA-WEB/SpringMVCHibernate/target/test-classes/
	Shared Cache Mode: UNSPECIFIED
	Validation Mode: AUTO
	Jar files URLs []
	Managed classes names []
	Mapping files names []
	Properties []
2021-09-28 13:45:44 DEBUG IntegratorServiceImpl:63 - Adding Integrator [org.hibernate.cfg.beanvalidation.BeanValidationIntegrator].
2021-09-28 13:45:44 DEBUG IntegratorServiceImpl:63 - Adding Integrator [org.hibernate.secure.spi.JaccIntegrator].
2021-09-28 13:45:44 DEBUG IntegratorServiceImpl:63 - Adding Integrator [org.hibernate.cache.internal.CollectionCacheInvalidator].
2021-09-28 13:45:44 DEBUG IntegratorServiceImpl:63 - Adding Integrator [org.hibernate.jpa.event.spi.JpaIntegrator].
2021-09-28 13:45:44 DEBUG StrategySelectorImpl:79 - Registering named strategy selector [org.hibernate.dialect.Dialect] : [MySQL5] -> [org.hibernate.dialect.MySQL5Dialect] (replacing [org.hibernate.dialect.MySQL5Dialect])
2021-09-28 13:45:44 DEBUG StrategySelectorImpl:79 - Registering named strategy selector [org.hibernate.dialect.Dialect] : [MySQL5InnoDB] -> [org.hibernate.dialect.MySQL5InnoDBDialect] (replacing [org.hibernate.dialect.MySQL5InnoDBDialect])
2021-09-28 13:45:45 INFO  Version:54 - HHH000412: Hibernate Core {4.3.6.Final}
2021-09-28 13:45:45 INFO  Environment:239 - HHH000206: hibernate.properties not found
2021-09-28 13:45:45 INFO  Environment:346 - HHH000021: Bytecode provider name : javassist
2021-09-28 13:45:45 DEBUG ServiceBinding:85 - Overriding existing service binding [org.hibernate.secure.spi.JaccService]
2021-09-28 13:45:45 DEBUG BasicTypeRegistry:146 - Adding type registration boolean -> org.hibernate.type.BooleanType@39ad977d
2021-09-28 13:45:45 DEBUG BasicTypeRegistry:146 - Adding type registration boolean -> org.hibernate.type.BooleanType@39ad977d
2021-09-28 13:45:45 DEBUG BasicTypeRegistry:146 - Adding type registration java.lang.Boolean -> org.hibernate.type.BooleanType@39ad977d
2021-09-28 13:45:45 DEBUG BasicTypeRegistry:146 - Adding type registration numeric_boolean -> org.hibernate.type.NumericBooleanType@5d2a4eed
2021-09-28 13:45:45 DEBUG BasicTypeRegistry:146 - Adding type registration true_false -> org.hibernate.type.TrueFalseType@62452cc9
2021-09-28 13:45:45 DEBUG BasicTypeRegistry:146 - Adding type registration yes_no -> org.hibernate.type.YesNoType@1021f6c9
2021-09-28 13:45:45 DEBUG BasicTypeRegistry:146 - Adding type registration byte -> org.hibernate.type.ByteType@6035b93b
2021-09-28 13:45:45 DEBUG BasicTypeRegistry:146 - Adding type registration byte -> org.hibernate.type.ByteType@6035b93b
2021-09-28 13:45:45 DEBUG BasicTypeRegistry:146 - Adding type registration java.lang.Byte -> org.hibernate.type.ByteType@6035b93b
2021-09-28 13:45:45 DEBUG BasicTypeRegistry:146 - Adding type registration character -> org.hibernate.type.CharacterType@686449f9
2021-09-28 13:45:45 DEBUG BasicTypeRegistry:146 - Adding type registration char -> org.hibernate.type.CharacterType@686449f9
2021-09-28 13:45:45 DEBUG BasicTypeRegistry:146 - Adding type registration java.lang.Character -> org.hibernate.type.CharacterType@686449f9
2021-09-28 13:45:45 DEBUG BasicTypeRegistry:146 - Adding type registration short -> org.hibernate.type.ShortType@3f792b9b
2021-09-28 13:45:45 DEBUG BasicTypeRegistry:146 - Adding type registration short -> org.hibernate.type.ShortType@3f792b9b
2021-09-28 13:45:45 DEBUG BasicTypeRegistry:146 - Adding type registration java.lang.Short -> org.hibernate.type.ShortType@3f792b9b
2021-09-28 13:45:45 DEBUG BasicTypeRegistry:146 - Adding type registration integer -> org.hibernate.type.IntegerType@25b2cfcb
2021-09-28 13:45:45 DEBUG BasicTypeRegistry:146 - Adding type registration int -> org.hibernate.type.IntegerType@25b2cfcb
2021-09-28 13:45:45 DEBUG BasicTypeRegistry:146 - Adding type registration java.lang.Integer -> org.hibernate.type.IntegerType@25b2cfcb
2021-09-28 13:45:45 DEBUG BasicTypeRegistry:146 - Adding type registration long -> org.hibernate.type.LongType@40cb698e
2021-09-28 13:45:45 DEBUG BasicTypeRegistry:146 - Adding type registration long -> org.hibernate.type.LongType@40cb698e
2021-09-28 13:45:45 DEBUG BasicTypeRegistry:146 - Adding type registration java.lang.Long -> org.hibernate.type.LongType@40cb698e
2021-09-28 13:45:45 DEBUG BasicTypeRegistry:146 - Adding type registration float -> org.hibernate.type.FloatType@16746061
2021-09-28 13:45:45 DEBUG BasicTypeRegistry:146 - Adding type registration float -> org.hibernate.type.FloatType@16746061
2021-09-28 13:45:45 DEBUG BasicTypeRegistry:146 - Adding type registration java.lang.Float -> org.hibernate.type.FloatType@16746061
2021-09-28 13:45:45 DEBUG BasicTypeRegistry:146 - Adding type registration double -> org.hibernate.type.DoubleType@56a4479a
2021-09-28 13:45:45 DEBUG BasicTypeRegistry:146 - Adding type registration double -> org.hibernate.type.DoubleType@56a4479a
2021-09-28 13:45:45 DEBUG BasicTypeRegistry:146 - Adding type registration java.lang.Double -> org.hibernate.type.DoubleType@56a4479a
2021-09-28 13:45:45 DEBUG BasicTypeRegistry:146 - Adding type registration big_decimal -> org.hibernate.type.BigDecimalType@2cae1042
2021-09-28 13:45:45 DEBUG BasicTypeRegistry:146 - Adding type registration java.math.BigDecimal -> org.hibernate.type.BigDecimalType@2cae1042
2021-09-28 13:45:45 DEBUG BasicTypeRegistry:146 - Adding type registration big_integer -> org.hibernate.type.BigIntegerType@4febb875
2021-09-28 13:45:45 DEBUG BasicTypeRegistry:146 - Adding type registration java.math.BigInteger -> org.hibernate.type.BigIntegerType@4febb875
2021-09-28 13:45:45 DEBUG BasicTypeRegistry:146 - Adding type registration string -> org.hibernate.type.StringType@42e3ede4
2021-09-28 13:45:45 DEBUG BasicTypeRegistry:146 - Adding type registration java.lang.String -> org.hibernate.type.StringType@42e3ede4
2021-09-28 13:45:45 DEBUG BasicTypeRegistry:146 - Adding type registration nstring -> org.hibernate.type.StringNVarcharType@b78a709
2021-09-28 13:45:45 DEBUG BasicTypeRegistry:146 - Adding type registration ncharacter -> org.hibernate.type.CharacterNCharType@42f48531
2021-09-28 13:45:45 DEBUG BasicTypeRegistry:146 - Adding type registration url -> org.hibernate.type.UrlType@6821ea29
2021-09-28 13:45:45 DEBUG BasicTypeRegistry:146 - Adding type registration java.net.URL -> org.hibernate.type.UrlType@6821ea29
2021-09-28 13:45:45 DEBUG BasicTypeRegistry:146 - Adding type registration date -> org.hibernate.type.DateType@5f031ebd
2021-09-28 13:45:45 DEBUG BasicTypeRegistry:146 - Adding type registration java.sql.Date -> org.hibernate.type.DateType@5f031ebd
2021-09-28 13:45:45 DEBUG BasicTypeRegistry:146 - Adding type registration time -> org.hibernate.type.TimeType@56bca85b
2021-09-28 13:45:45 DEBUG BasicTypeRegistry:146 - Adding type registration java.sql.Time -> org.hibernate.type.TimeType@56bca85b
2021-09-28 13:45:45 DEBUG BasicTypeRegistry:146 - Adding type registration timestamp -> org.hibernate.type.TimestampType@4b672daa
2021-09-28 13:45:45 DEBUG BasicTypeRegistry:146 - Adding type registration java.sql.Timestamp -> org.hibernate.type.TimestampType@4b672daa
2021-09-28 13:45:45 DEBUG BasicTypeRegistry:146 - Adding type registration java.util.Date -> org.hibernate.type.TimestampType@4b672daa
2021-09-28 13:45:45 DEBUG BasicTypeRegistry:146 - Adding type registration dbtimestamp -> org.hibernate.type.DbTimestampType@a8e6492
2021-09-28 13:45:45 DEBUG BasicTypeRegistry:146 - Adding type registration calendar -> org.hibernate.type.CalendarType@fd8294b
2021-09-28 13:45:45 DEBUG BasicTypeRegistry:146 - Adding type registration java.util.Calendar -> org.hibernate.type.CalendarType@fd8294b
2021-09-28 13:45:45 DEBUG BasicTypeRegistry:146 - Adding type registration java.util.GregorianCalendar -> org.hibernate.type.CalendarType@fd8294b
2021-09-28 13:45:45 DEBUG BasicTypeRegistry:146 - Adding type registration calendar_date -> org.hibernate.type.CalendarDateType@75c9e76b
2021-09-28 13:45:45 DEBUG BasicTypeRegistry:146 - Adding type registration locale -> org.hibernate.type.LocaleType@306851c7
2021-09-28 13:45:45 DEBUG BasicTypeRegistry:146 - Adding type registration java.util.Locale -> org.hibernate.type.LocaleType@306851c7
2021-09-28 13:45:45 DEBUG BasicTypeRegistry:146 - Adding type registration currency -> org.hibernate.type.CurrencyType@5b43fbf6
2021-09-28 13:45:45 DEBUG BasicTypeRegistry:146 - Adding type registration java.util.Currency -> org.hibernate.type.CurrencyType@5b43fbf6
2021-09-28 13:45:45 DEBUG BasicTypeRegistry:146 - Adding type registration timezone -> org.hibernate.type.TimeZoneType@6d304f9d
2021-09-28 13:45:45 DEBUG BasicTypeRegistry:146 - Adding type registration java.util.TimeZone -> org.hibernate.type.TimeZoneType@6d304f9d
2021-09-28 13:45:45 DEBUG BasicTypeRegistry:146 - Adding type registration class -> org.hibernate.type.ClassType@4cc6fa2a
2021-09-28 13:45:45 DEBUG BasicTypeRegistry:146 - Adding type registration java.lang.Class -> org.hibernate.type.ClassType@4cc6fa2a
2021-09-28 13:45:45 DEBUG BasicTypeRegistry:146 - Adding type registration uuid-binary -> org.hibernate.type.UUIDBinaryType@609640d5
2021-09-28 13:45:45 DEBUG BasicTypeRegistry:146 - Adding type registration java.util.UUID -> org.hibernate.type.UUIDBinaryType@609640d5
2021-09-28 13:45:45 DEBUG BasicTypeRegistry:146 - Adding type registration uuid-char -> org.hibernate.type.UUIDCharType@62ea3440
2021-09-28 13:45:45 DEBUG BasicTypeRegistry:146 - Adding type registration pg-uuid -> org.hibernate.type.PostgresUUIDType@666b83a4
2021-09-28 13:45:45 DEBUG BasicTypeRegistry:146 - Adding type registration binary -> org.hibernate.type.BinaryType@4a3329b9
2021-09-28 13:45:45 DEBUG BasicTypeRegistry:146 - Adding type registration byte[] -> org.hibernate.type.BinaryType@4a3329b9
2021-09-28 13:45:45 DEBUG BasicTypeRegistry:146 - Adding type registration [B -> org.hibernate.type.BinaryType@4a3329b9
2021-09-28 13:45:45 DEBUG BasicTypeRegistry:146 - Adding type registration wrapper-binary -> org.hibernate.type.WrapperBinaryType@618c5d94
2021-09-28 13:45:45 DEBUG BasicTypeRegistry:146 - Adding type registration Byte[] -> org.hibernate.type.WrapperBinaryType@618c5d94
2021-09-28 13:45:45 DEBUG BasicTypeRegistry:146 - Adding type registration [Ljava.lang.Byte; -> org.hibernate.type.WrapperBinaryType@618c5d94
2021-09-28 13:45:45 DEBUG BasicTypeRegistry:146 - Adding type registration image -> org.hibernate.type.ImageType@295eaa7c
2021-09-28 13:45:45 DEBUG BasicTypeRegistry:146 - Adding type registration characters -> org.hibernate.type.CharArrayType@2ece4966
2021-09-28 13:45:45 DEBUG BasicTypeRegistry:146 - Adding type registration char[] -> org.hibernate.type.CharArrayType@2ece4966
2021-09-28 13:45:45 DEBUG BasicTypeRegistry:146 - Adding type registration [C -> org.hibernate.type.CharArrayType@2ece4966
2021-09-28 13:45:45 DEBUG BasicTypeRegistry:146 - Adding type registration wrapper-characters -> org.hibernate.type.CharacterArrayType@60f7cc1d
2021-09-28 13:45:45 DEBUG BasicTypeRegistry:146 - Adding type registration [Ljava.lang.Character; -> org.hibernate.type.CharacterArrayType@60f7cc1d
2021-09-28 13:45:45 DEBUG BasicTypeRegistry:146 - Adding type registration Character[] -> org.hibernate.type.CharacterArrayType@60f7cc1d
2021-09-28 13:45:45 DEBUG BasicTypeRegistry:146 - Adding type registration text -> org.hibernate.type.TextType@5827af16
2021-09-28 13:45:45 DEBUG BasicTypeRegistry:146 - Adding type registration ntext -> org.hibernate.type.NTextType@14f5da2c
2021-09-28 13:45:45 DEBUG BasicTypeRegistry:146 - Adding type registration blob -> org.hibernate.type.BlobType@5357c287
2021-09-28 13:45:45 DEBUG BasicTypeRegistry:146 - Adding type registration java.sql.Blob -> org.hibernate.type.BlobType@5357c287
2021-09-28 13:45:45 DEBUG BasicTypeRegistry:146 - Adding type registration materialized_blob -> org.hibernate.type.MaterializedBlobType@2b43529a
2021-09-28 13:45:45 DEBUG BasicTypeRegistry:146 - Adding type registration clob -> org.hibernate.type.ClobType@47404bea
2021-09-28 13:45:45 DEBUG BasicTypeRegistry:146 - Adding type registration java.sql.Clob -> org.hibernate.type.ClobType@47404bea
2021-09-28 13:45:45 DEBUG BasicTypeRegistry:146 - Adding type registration nclob -> org.hibernate.type.NClobType@21aa6d6c
2021-09-28 13:45:45 DEBUG BasicTypeRegistry:146 - Adding type registration java.sql.NClob -> org.hibernate.type.NClobType@21aa6d6c
2021-09-28 13:45:45 DEBUG BasicTypeRegistry:146 - Adding type registration materialized_clob -> org.hibernate.type.MaterializedClobType@6b5894c8
2021-09-28 13:45:45 DEBUG BasicTypeRegistry:146 - Adding type registration materialized_nclob -> org.hibernate.type.MaterializedNClobType@5778826f
2021-09-28 13:45:45 DEBUG BasicTypeRegistry:146 - Adding type registration serializable -> org.hibernate.type.SerializableType@458342d3
2021-09-28 13:45:45 DEBUG BasicTypeRegistry:146 - Adding type registration object -> org.hibernate.type.ObjectType@293d0107
2021-09-28 13:45:45 DEBUG BasicTypeRegistry:146 - Adding type registration java.lang.Object -> org.hibernate.type.ObjectType@293d0107
2021-09-28 13:45:45 DEBUG BasicTypeRegistry:146 - Adding type registration imm_date -> org.hibernate.type.AdaptedImmutableType@74cadd41
2021-09-28 13:45:45 DEBUG BasicTypeRegistry:146 - Adding type registration imm_time -> org.hibernate.type.AdaptedImmutableType@55e8ec2f
2021-09-28 13:45:45 DEBUG BasicTypeRegistry:146 - Adding type registration imm_timestamp -> org.hibernate.type.AdaptedImmutableType@6d24ffa1
2021-09-28 13:45:45 DEBUG BasicTypeRegistry:146 - Adding type registration imm_dbtimestamp -> org.hibernate.type.AdaptedImmutableType@773f7880
2021-09-28 13:45:45 DEBUG BasicTypeRegistry:146 - Adding type registration imm_calendar -> org.hibernate.type.AdaptedImmutableType@426b6a74
2021-09-28 13:45:45 DEBUG BasicTypeRegistry:146 - Adding type registration imm_calendar_date -> org.hibernate.type.AdaptedImmutableType@83298d7
2021-09-28 13:45:45 DEBUG BasicTypeRegistry:146 - Adding type registration imm_binary -> org.hibernate.type.AdaptedImmutableType@5b080f3a
2021-09-28 13:45:45 DEBUG BasicTypeRegistry:146 - Adding type registration imm_serializable -> org.hibernate.type.AdaptedImmutableType@6b54655f
2021-09-28 13:45:45 INFO  Version:66 - HCANN000001: Hibernate Commons Annotations {4.0.5.Final}
2021-09-28 13:45:45 DEBUG DefaultIdentifierGeneratorFactory:93 - Registering IdentifierGenerator strategy [uuid2] -> [org.hibernate.id.UUIDGenerator]
2021-09-28 13:45:45 DEBUG DefaultIdentifierGeneratorFactory:93 - Registering IdentifierGenerator strategy [guid] -> [org.hibernate.id.GUIDGenerator]
2021-09-28 13:45:45 DEBUG DefaultIdentifierGeneratorFactory:93 - Registering IdentifierGenerator strategy [uuid] -> [org.hibernate.id.UUIDHexGenerator]
2021-09-28 13:45:45 DEBUG DefaultIdentifierGeneratorFactory:93 - Registering IdentifierGenerator strategy [uuid.hex] -> [org.hibernate.id.UUIDHexGenerator]
2021-09-28 13:45:45 DEBUG DefaultIdentifierGeneratorFactory:93 - Registering IdentifierGenerator strategy [hilo] -> [org.hibernate.id.TableHiLoGenerator]
2021-09-28 13:45:45 DEBUG DefaultIdentifierGeneratorFactory:93 - Registering IdentifierGenerator strategy [assigned] -> [org.hibernate.id.Assigned]
2021-09-28 13:45:45 DEBUG DefaultIdentifierGeneratorFactory:93 - Registering IdentifierGenerator strategy [identity] -> [org.hibernate.id.IdentityGenerator]
2021-09-28 13:45:45 DEBUG DefaultIdentifierGeneratorFactory:93 - Registering IdentifierGenerator strategy [select] -> [org.hibernate.id.SelectGenerator]
2021-09-28 13:45:45 DEBUG DefaultIdentifierGeneratorFactory:93 - Registering IdentifierGenerator strategy [sequence] -> [org.hibernate.id.SequenceGenerator]
2021-09-28 13:45:45 DEBUG DefaultIdentifierGeneratorFactory:93 - Registering IdentifierGenerator strategy [seqhilo] -> [org.hibernate.id.SequenceHiLoGenerator]
2021-09-28 13:45:45 DEBUG DefaultIdentifierGeneratorFactory:93 - Registering IdentifierGenerator strategy [increment] -> [org.hibernate.id.IncrementGenerator]
2021-09-28 13:45:45 DEBUG DefaultIdentifierGeneratorFactory:93 - Registering IdentifierGenerator strategy [foreign] -> [org.hibernate.id.ForeignGenerator]
2021-09-28 13:45:45 DEBUG DefaultIdentifierGeneratorFactory:93 - Registering IdentifierGenerator strategy [sequence-identity] -> [org.hibernate.id.SequenceIdentityGenerator]
2021-09-28 13:45:45 DEBUG DefaultIdentifierGeneratorFactory:93 - Registering IdentifierGenerator strategy [enhanced-sequence] -> [org.hibernate.id.enhanced.SequenceStyleGenerator]
2021-09-28 13:45:45 DEBUG DefaultIdentifierGeneratorFactory:93 - Registering IdentifierGenerator strategy [enhanced-table] -> [org.hibernate.id.enhanced.TableGenerator]
2021-09-28 13:45:45 DEBUG Configuration:1841 - Preparing to build session factory with filters : {}
2021-09-28 13:45:46 DEBUG JdbcServicesImpl:128 - Database ->
       name : Microsoft SQL Server
    version : 15.00.2080
      major : 15
      minor : 0
2021-09-28 13:45:46 DEBUG JdbcServicesImpl:139 - Driver ->
       name : Microsoft JDBC Driver 7.4 for SQL Server
    version : 7.4.1.0
      major : 7
      minor : 4
2021-09-28 13:45:46 DEBUG JdbcServicesImpl:150 - JDBC version : 4.2
2021-09-28 13:45:46 DEBUG StandardRefCursorSupport:187 - Unexpected error trying to gauge level of JDBC REF_CURSOR support : null
2021-09-28 13:45:46 INFO  Dialect:145 - HHH000400: Using dialect: org.hibernate.dialect.SQLServerDialect
2021-09-28 13:45:46 DEBUG Configuration:3748 - Processing hbm.xml files
2021-09-28 13:45:46 DEBUG Configuration:3778 - Process annotated classes
2021-09-28 13:45:46 DEBUG Configuration:1482 - Processing fk mappings (*ToOne and JoinedSubclass)
2021-09-28 13:45:46 DEBUG Configuration:1687 - Processing extends queue
2021-09-28 13:45:46 DEBUG Configuration:1745 - Processing extends queue
2021-09-28 13:45:46 DEBUG Configuration:1690 - Processing collection mappings
2021-09-28 13:45:46 DEBUG Configuration:1700 - Processing native query and ResultSetMapping mappings
2021-09-28 13:45:46 DEBUG Configuration:1708 - Processing association property references
2021-09-28 13:45:46 DEBUG Configuration:1730 - Creating tables' unique integer identifiers
2021-09-28 13:45:46 DEBUG Configuration:1731 - Processing foreign key constraints
2021-09-28 13:45:46 DEBUG JtaPlatformInitiator:59 - No JtaPlatform was specified, checking resolver
2021-09-28 13:45:46 DEBUG JtaPlatformResolverInitiator:50 - No JtaPlatformResolver was specified, using default [org.hibernate.engine.transaction.jta.platform.internal.StandardJtaPlatformResolver]
2021-09-28 13:45:46 DEBUG StandardJtaPlatformResolver:118 - Could not resolve JtaPlatform, using default [org.hibernate.engine.transaction.jta.platform.internal.NoJtaPlatform]
2021-09-28 13:45:46 DEBUG SettingsFactory:122 - Automatic flush during beforeCompletion(): disabled
2021-09-28 13:45:46 DEBUG SettingsFactory:128 - Automatic session close at end of transaction: disabled
2021-09-28 13:45:46 DEBUG SettingsFactory:155 - Scrollable result sets: enabled
2021-09-28 13:45:46 DEBUG SettingsFactory:161 - Wrap result sets: disabled
2021-09-28 13:45:46 DEBUG SettingsFactory:167 - JDBC3 getGeneratedKeys(): enabled
2021-09-28 13:45:46 DEBUG SettingsFactory:179 - multi-tenancy strategy : NONE
2021-09-28 13:45:46 DEBUG SettingsFactory:185 - Connection release mode: auto
2021-09-28 13:45:46 DEBUG SettingsFactory:207 - Using BatchFetchStyle : LEGACY
2021-09-28 13:45:46 DEBUG SettingsFactory:232 - Default batch fetch size: 1
2021-09-28 13:45:46 DEBUG SettingsFactory:238 - Generate SQL with comments: disabled
2021-09-28 13:45:46 DEBUG SettingsFactory:244 - Order SQL updates by primary key: disabled
2021-09-28 13:45:46 DEBUG SettingsFactory:250 - Order SQL inserts for batching: disabled
2021-09-28 13:45:46 DEBUG SettingsFactory:258 - Default null ordering: none
2021-09-28 13:45:46 DEBUG SettingsFactory:501 - Query translator: org.hibernate.hql.internal.ast.ASTQueryTranslatorFactory
2021-09-28 13:45:46 INFO  ASTQueryTranslatorFactory:47 - HHH000397: Using ASTQueryTranslatorFactory
2021-09-28 13:45:46 DEBUG SettingsFactory:268 - Query language substitutions: {}
2021-09-28 13:45:46 DEBUG SettingsFactory:274 - JPA-QL strict compliance: disabled
2021-09-28 13:45:46 DEBUG SettingsFactory:282 - Second-level cache: enabled
2021-09-28 13:45:46 DEBUG SettingsFactory:288 - Query cache: disabled
2021-09-28 13:45:46 DEBUG RegionFactoryInitiator:105 - Cache region factory : org.hibernate.cache.internal.NoCachingRegionFactory
2021-09-28 13:45:46 DEBUG SettingsFactory:301 - Optimize cache for minimal puts: disabled
2021-09-28 13:45:46 DEBUG SettingsFactory:316 - Structured second-level cache entries: disabled
2021-09-28 13:45:46 DEBUG SettingsFactory:326 - Second-level cache direct-reference entries: disabled
2021-09-28 13:45:46 DEBUG SettingsFactory:332 - Automatic eviction of collection cache: disabled
2021-09-28 13:45:46 DEBUG SettingsFactory:340 - Statistics: disabled
2021-09-28 13:45:46 DEBUG SettingsFactory:346 - Deleted entity synthetic identifier rollback: disabled
2021-09-28 13:45:46 DEBUG SettingsFactory:373 - Default entity-mode: pojo
2021-09-28 13:45:46 DEBUG SettingsFactory:379 - Named query checking : enabled
2021-09-28 13:45:46 DEBUG SettingsFactory:385 - Check Nullability in Core (should be disabled when Bean Validation is on): enabled
2021-09-28 13:45:46 DEBUG SettingsFactory:403 - Allow initialization of lazy state outside session : : disabled
2021-09-28 13:45:46 DEBUG SettingsFactory:413 - JTA Track by Thread: enabled
2021-09-28 13:45:46 DEBUG SessionFactoryImpl:229 - Building session factory
2021-09-28 13:45:46 DEBUG SessionFactoryImpl:285 - Session factory constructed with filter configurations : {}
2021-09-28 13:45:46 DEBUG SessionFactoryImpl:286 - Instantiating session factory with properties: {java.runtime.name=Java(TM) SE Runtime Environment, sun.boot.library.path=C:\Program Files\Java\jdk1.8.0_241\jre\bin, java.vm.version=25.241-b07, user.country.format=VN, java.vm.vendor=Oracle Corporation, java.vendor.url=http://java.oracle.com/, path.separator=;, java.vm.name=Java HotSpot(TM) 64-Bit Server VM, file.encoding.pkg=sun.io, user.script=, user.country=US, sun.java.launcher=SUN_STANDARD, sun.os.patch.level=, java.vm.specification.name=Java Virtual Machine Specification, user.dir=E:\BT-JAVA-WEB\SpringMVCHibernate, javax.persistence.sharedCache.mode=UNSPECIFIED, java.runtime.version=1.8.0_241-b07, java.awt.graphicsenv=sun.awt.Win32GraphicsEnvironment, basedir=E:\BT-JAVA-WEB\SpringMVCHibernate, java.endorsed.dirs=C:\Program Files\Java\jdk1.8.0_241\jre\lib\endorsed, os.arch=amd64, surefire.real.class.path=E:\BT-JAVA-WEB\SpringMVCHibernate\target\surefire\surefirebooter6821871679518693960.jar, java.io.tmpdir=C:\Users\MinhTo\AppData\Local\Temp\, line.separator=
, java.vm.specification.vendor=Oracle Corporation, user.variant=, os.name=Windows 10, sun.jnu.encoding=Cp1252, java.library.path=C:\Program Files\Java\jdk1.8.0_241\jre\bin;C:\WINDOWS\Sun\Java\bin;C:\WINDOWS\system32;C:\WINDOWS;C:/Program Files/Java/jdk1.8.0_241/bin/../jre/bin/server;C:/Program Files/Java/jdk1.8.0_241/bin/../jre/bin;C:/Program Files/Java/jdk1.8.0_241/bin/../jre/lib/amd64;C:\WINDOWS\system32;C:\WINDOWS;C:\Program Files (x86)\Common Files\Oracle\Java\javapath;C:\ProgramData\Oracle\Java\javapath;C:\Program Files\Java\jdk1.8.0_241\bin;E:\java wed\apache-maven-3.6.0\bin;C:\Program Files\Microsoft JDBC Driver 8.4 for SQL Server\sqljdbc_8.4\enu\mssql-jdbc-8.4.1.jre11.jar;C:\Program Files (x86)\Microsoft SQL Server\150\Tools\Binn\;C:\Program Files\Microsoft SQL Server\150\Tools\Binn\;C:\Program Files (x86)\Microsoft SQL Server\150\DTS\Binn\;C:\Program Files\Microsoft SQL Server\150\DTS\Binn\;C:\Program Files\Microsoft SQL Server\Client SDK\ODBC\170\Tools\Binn\;C:\Users\MinhTo\GlassFish_Server\glassfish\bin;\cygdrive\C\Program Files\Java\jdk1.8.0_241\bin;C:\Program Files\Java\jdk1.8.0_241\lib;C:\Program Files\Java\jre1.8.0_241\lib;C:\Program Files\Java\jre1.8.0_241\bin;C:\cygwin64\bin;C:\Users\MinhTo\GlassFish_Server\glassfish\lib\javaee.jar;C:\Program Files\NVIDIA Corporation\NVIDIA NvDLISR;C:\Program Files\dotnet\;E:\Program Files\Git\cmd;C:\Program Files\Microsoft SQL Server\Client SDK\ODBC\110\Tools\Binn\;C:\Program Files (x86)\Microsoft SQL Server\120\Tools\Binn\;C:\Program Files\Microsoft SQL Server\120\Tools\Binn\;C:\Program Files\Microsoft SQL Server\120\DTS\Binn\;E:\TOMCAT\apache-tomcat-8.5.70\bin;C:\Program Files\nodejs;C:\Program Files\Java\jdk1.8.0_241\bin;C:\Users\MinhTo\AppData\Local\Microsoft\WindowsApps;C:\Users\MinhTo\AppData\Local\Programs\Microsoft VS Code\bin;C:\Users\MinhTo\AppData\Roaming\npm;C:\Program Files\Microsoft JDBC Driver 8.4 for SQL Server\sqljdbc_8.4\enu\mssql-jdbc-8.4.1.jre11.jar;\cygdrive\C\Program Files\Java\jdk1.8.0_241\bin;C:\Users\MinhTo\GlassFish_Server\glassfish\lib\javaee.jar;C:\Program Files\Java\jdk1.8.0_241\lib;C:\Users\MinhTo\AppData\Local\GitHubDesktop\bin;d:\openpose\anaconda3\lib;C:\Users\MinhTo\AppData\Roaming\Python\Python38;D:\OpenPose\anaconda3\Library\bin;D:\OpenPose\anaconda3\Lib;C:\Program Files\nodejs;;E:\java wed\eclipse-jee-2018-09-win32-x86_64\eclipse;;., surefire.test.class.path=E:\BT-JAVA-WEB\SpringMVCHibernate\target\test-classes;E:\BT-JAVA-WEB\SpringMVCHibernate\target\classes;C:\Users\MinhTo\.m2\repository\org\apache\struts\struts-el\1.3.10\struts-el-1.3.10.jar;C:\Users\MinhTo\.m2\repository\org\apache\struts\struts-core\1.3.10\struts-core-1.3.10.jar;C:\Users\MinhTo\.m2\repository\commons-beanutils\commons-beanutils\1.8.0\commons-beanutils-1.8.0.jar;C:\Users\MinhTo\.m2\repository\commons-chain\commons-chain\1.2\commons-chain-1.2.jar;C:\Users\MinhTo\.m2\repository\commons-validator\commons-validator\1.3.1\commons-validator-1.3.1.jar;C:\Users\MinhTo\.m2\repository\oro\oro\2.0.8\oro-2.0.8.jar;C:\Users\MinhTo\.m2\repository\org\apache\struts\struts-extras\1.3.10\struts-extras-1.3.10.jar;C:\Users\MinhTo\.m2\repository\org\apache\struts\struts-faces\1.3.10\struts-faces-1.3.10.jar;C:\Users\MinhTo\.m2\repository\org\apache\struts\struts-mailreader-dao\1.3.10\struts-mailreader-dao-1.3.10.jar;C:\Users\MinhTo\.m2\repository\commons-digester\commons-digester\1.8\commons-digester-1.8.jar;C:\Users\MinhTo\.m2\repository\commons-logging\commons-logging\1.0.4\commons-logging-1.0.4.jar;C:\Users\MinhTo\.m2\repository\org\apache\struts\struts-scripting\1.3.10\struts-scripting-1.3.10.jar;C:\Users\MinhTo\.m2\repository\bsf\bsf\2.3.0\bsf-2.3.0.jar;C:\Users\MinhTo\.m2\repository\org\apache\struts\struts-taglib\1.3.10\struts-taglib-1.3.10.jar;C:\Users\MinhTo\.m2\repository\org\apache\struts\struts-tiles\1.3.10\struts-tiles-1.3.10.jar;C:\Users\MinhTo\.m2\repository\opensymphony\sitemesh\2.4.2\sitemesh-2.4.2.jar;C:\Users\MinhTo\.m2\repository\org\eclipse\persistence\org.eclipse.persistence.core\2.7.7\org.eclipse.persistence.core-2.7.7.jar;C:\Users\MinhTo\.m2\repository\org\eclipse\persistence\org.eclipse.persistence.asm\2.7.7\org.eclipse.persistence.asm-2.7.7.jar;C:\Users\MinhTo\.m2\repository\org\eclipse\persistence\org.eclipse.persistence.antlr\2.7.7\org.eclipse.persistence.antlr-2.7.7.jar;C:\Users\MinhTo\.m2\repository\org\eclipse\persistence\org.eclipse.persistence.jpa\2.7.7\org.eclipse.persistence.jpa-2.7.7.jar;C:\Users\MinhTo\.m2\repository\org\eclipse\persistence\jakarta.persistence\2.2.3\jakarta.persistence-2.2.3.jar;C:\Users\MinhTo\.m2\repository\org\eclipse\persistence\org.eclipse.persistence.jpa.jpql\2.7.7\org.eclipse.persistence.jpa.jpql-2.7.7.jar;C:\Users\MinhTo\.m2\repository\org\eclipse\persistence\org.eclipse.persistence.moxy\2.7.7\org.eclipse.persistence.moxy-2.7.7.jar;C:\Users\MinhTo\.m2\repository\org\eclipse\persistence\javax.persistence\2.2.1\javax.persistence-2.2.1.jar;C:\Users\MinhTo\.m2\repository\javax\javaee-api\8.0\javaee-api-8.0.jar;C:\Users\MinhTo\.m2\repository\com\sun\mail\javax.mail\1.6.0\javax.mail-1.6.0.jar;C:\Users\MinhTo\.m2\repository\javax\activation\activation\1.1\activation-1.1.jar;C:\Users\MinhTo\.m2\repository\org\springframework\spring-beans\4.3.13.RELEASE\spring-beans-4.3.13.RELEASE.jar;C:\Users\MinhTo\.m2\repository\org\springframework\spring-expression\4.3.13.RELEASE\spring-expression-4.3.13.RELEASE.jar;C:\Users\MinhTo\.m2\repository\org\springframework\spring-core\4.3.13.RELEASE\spring-core-4.3.13.RELEASE.jar;C:\Users\MinhTo\.m2\repository\org\springframework\spring-web\4.3.13.RELEASE\spring-web-4.3.13.RELEASE.jar;C:\Users\MinhTo\.m2\repository\org\springframework\spring-aop\4.3.13.RELEASE\spring-aop-4.3.13.RELEASE.jar;C:\Users\MinhTo\.m2\repository\org\springframework\spring-webmvc\4.3.13.RELEASE\spring-webmvc-4.3.13.RELEASE.jar;C:\Users\MinhTo\.m2\repository\org\springframework\spring-tx\4.3.13.RELEASE\spring-tx-4.3.13.RELEASE.jar;C:\Users\MinhTo\.m2\repository\org\springframework\spring-orm\4.3.13.RELEASE\spring-orm-4.3.13.RELEASE.jar;C:\Users\MinhTo\.m2\repository\org\springframework\spring-jdbc\4.3.13.RELEASE\spring-jdbc-4.3.13.RELEASE.jar;C:\Users\MinhTo\.m2\repository\org\springframework\spring-context\4.3.13.RELEASE\spring-context-4.3.13.RELEASE.jar;C:\Users\MinhTo\.m2\repository\org\springframework\spring-context-support\4.3.13.RELEASE\spring-context-support-4.3.13.RELEASE.jar;C:\Users\MinhTo\.m2\repository\org\springframework\spring-test\4.3.13.RELEASE\spring-test-4.3.13.RELEASE.jar;C:\Users\MinhTo\.m2\repository\org\springframework\data\spring-data-jpa\1.10.2.RELEASE\spring-data-jpa-1.10.2.RELEASE.jar;C:\Users\MinhTo\.m2\repository\org\springframework\data\spring-data-commons\1.12.2.RELEASE\spring-data-commons-1.12.2.RELEASE.jar;C:\Users\MinhTo\.m2\repository\org\aspectj\aspectjrt\1.8.9\aspectjrt-1.8.9.jar;C:\Users\MinhTo\.m2\repository\org\springframework\security\spring-security-web\4.0.2.RELEASE\spring-security-web-4.0.2.RELEASE.jar;C:\Users\MinhTo\.m2\repository\aopalliance\aopalliance\1.0\aopalliance-1.0.jar;C:\Users\MinhTo\.m2\repository\org\springframework\security\spring-security-core\4.0.2.RELEASE\spring-security-core-4.0.2.RELEASE.jar;C:\Users\MinhTo\.m2\repository\org\springframework\security\spring-security-acl\4.0.2.RELEASE\spring-security-acl-4.0.2.RELEASE.jar;C:\Users\MinhTo\.m2\repository\org\springframework\security\spring-security-config\4.0.2.RELEASE\spring-security-config-4.0.2.RELEASE.jar;C:\Users\MinhTo\.m2\repository\org\springframework\security\spring-security-taglibs\4.0.2.RELEASE\spring-security-taglibs-4.0.2.RELEASE.jar;C:\Users\MinhTo\.m2\repository\org\springframework\security\spring-security-oauth2-authorization-server\0.2.0\spring-security-oauth2-authorization-server-0.2.0.jar;C:\Users\MinhTo\.m2\repository\com\nimbusds\nimbus-jose-jwt\9.10.1\nimbus-jose-jwt-9.10.1.jar;C:\Users\MinhTo\.m2\repository\com\github\stephenc\jcip\jcip-annotations\1.0-1\jcip-annotations-1.0-1.jar;C:\Users\MinhTo\.m2\repository\org\springframework\security\spring-security-oauth2-core\5.5.2\spring-security-oauth2-core-5.5.2.jar;C:\Users\MinhTo\.m2\repository\org\springframework\security\spring-security-oauth2-jose\5.5.2\spring-security-oauth2-jose-5.5.2.jar;C:\Users\MinhTo\.m2\repository\org\springframework\security\spring-security-oauth2-resource-server\5.5.2\spring-security-oauth2-resource-server-5.5.2.jar;C:\Users\MinhTo\.m2\repository\javax\servlet\javax.servlet-api\3.0.1\javax.servlet-api-3.0.1.jar;C:\Users\MinhTo\.m2\repository\org\springframework\spring-aspects\4.3.13.RELEASE\spring-aspects-4.3.13.RELEASE.jar;C:\Users\MinhTo\.m2\repository\org\aspectj\aspectjweaver\1.8.9\aspectjweaver-1.8.9.jar;C:\Users\MinhTo\.m2\repository\javax\servlet\jsp\javax.servlet.jsp-api\2.3.1\javax.servlet.jsp-api-2.3.1.jar;C:\Users\MinhTo\.m2\repository\javax\servlet\jstl\1.2\jstl-1.2.jar;C:\Users\MinhTo\.m2\repository\taglibs\standard\1.1.2\standard-1.1.2.jar;C:\Users\MinhTo\.m2\repository\javax\faces\javax.faces-api\2.3\javax.faces-api-2.3.jar;C:\Users\MinhTo\.m2\repository\org\hibernate\hibernate-core\4.3.6.Final\hibernate-core-4.3.6.Final.jar;C:\Users\MinhTo\.m2\repository\org\jboss\logging\jboss-logging\3.1.3.GA\jboss-logging-3.1.3.GA.jar;C:\Users\MinhTo\.m2\repository\org\jboss\logging\jboss-logging-annotations\1.2.0.Beta1\jboss-logging-annotations-1.2.0.Beta1.jar;C:\Users\MinhTo\.m2\repository\org\jboss\spec\javax\transaction\jboss-transaction-api_1.2_spec\1.0.0.Final\jboss-transaction-api_1.2_spec-1.0.0.Final.jar;C:\Users\MinhTo\.m2\repository\dom4j\dom4j\1.6.1\dom4j-1.6.1.jar;C:\Users\MinhTo\.m2\repository\xml-apis\xml-apis\1.0.b2\xml-apis-1.0.b2.jar;C:\Users\MinhTo\.m2\repository\org\hibernate\common\hibernate-commons-annotations\4.0.5.Final\hibernate-commons-annotations-4.0.5.Final.jar;C:\Users\MinhTo\.m2\repository\org\javassist\javassist\3.18.1-GA\javassist-3.18.1-GA.jar;C:\Users\MinhTo\.m2\repository\antlr\antlr\2.7.7\antlr-2.7.7.jar;C:\Users\MinhTo\.m2\repository\org\jboss\jandex\1.1.0.Final\jandex-1.1.0.Final.jar;C:\Users\MinhTo\.m2\repository\org\hibernate\hibernate-entitymanager\4.3.6.Final\hibernate-entitymanager-4.3.6.Final.jar;C:\Users\MinhTo\.m2\repository\org\hibernate\javax\persistence\hibernate-jpa-2.1-api\1.0.0.Final\hibernate-jpa-2.1-api-1.0.0.Final.jar;C:\Users\MinhTo\.m2\repository\org\slf4j\slf4j-api\1.7.5\slf4j-api-1.7.5.jar;C:\Users\MinhTo\.m2\repository\org\slf4j\jcl-over-slf4j\1.7.5\jcl-over-slf4j-1.7.5.jar;C:\Users\MinhTo\.m2\repository\org\slf4j\slf4j-log4j12\1.7.5\slf4j-log4j12-1.7.5.jar;C:\Users\MinhTo\.m2\repository\log4j\log4j\1.2.15\log4j-1.2.15.jar;C:\Users\MinhTo\.m2\repository\com\fasterxml\jackson\core\jackson-core\2.9.6\jackson-core-2.9.6.jar;C:\Users\MinhTo\.m2\repository\com\fasterxml\jackson\core\jackson-annotations\2.9.6\jackson-annotations-2.9.6.jar;C:\Users\MinhTo\.m2\repository\com\fasterxml\jackson\core\jackson-databind\2.9.6\jackson-databind-2.9.6.jar;C:\Users\MinhTo\.m2\repository\commons-dbcp\commons-dbcp\1.4\commons-dbcp-1.4.jar;C:\Users\MinhTo\.m2\repository\commons-pool\commons-pool\1.5.4\commons-pool-1.5.4.jar;C:\Users\MinhTo\.m2\repository\org\modelmapper\modelmapper\2.3.5\modelmapper-2.3.5.jar;C:\Users\MinhTo\.m2\repository\javax\xml\bind\jaxb-api\2.3.1\jaxb-api-2.3.1.jar;C:\Users\MinhTo\.m2\repository\javax\activation\javax.activation-api\1.2.0\javax.activation-api-1.2.0.jar;C:\Users\MinhTo\.m2\repository\org\hibernate\hibernate-jpamodelgen\5.3.2.Final\hibernate-jpamodelgen-5.3.2.Final.jar;C:\Users\MinhTo\.m2\repository\org\mockito\mockito-core\3.11.2\mockito-core-3.11.2.jar;C:\Users\MinhTo\.m2\repository\net\bytebuddy\byte-buddy\1.11.3\byte-buddy-1.11.3.jar;C:\Users\MinhTo\.m2\repository\net\bytebuddy\byte-buddy-agent\1.11.3\byte-buddy-agent-1.11.3.jar;C:\Users\MinhTo\.m2\repository\org\objenesis\objenesis\3.2\objenesis-3.2.jar;C:\Users\MinhTo\.m2\repository\org\mockito\mockito-junit-jupiter\3.2.4\mockito-junit-jupiter-3.2.4.jar;C:\Users\MinhTo\.m2\repository\org\junit\jupiter\junit-jupiter-api\5.4.2\junit-jupiter-api-5.4.2.jar;C:\Users\MinhTo\.m2\repository\org\apiguardian\apiguardian-api\1.0.0\apiguardian-api-1.0.0.jar;C:\Users\MinhTo\.m2\repository\org\opentest4j\opentest4j\1.1.1\opentest4j-1.1.1.jar;C:\Users\MinhTo\.m2\repository\org\junit\platform\junit-platform-commons\1.4.2\junit-platform-commons-1.4.2.jar;C:\Users\MinhTo\.m2\repository\junit\junit\4.13.2\junit-4.13.2.jar;C:\Users\MinhTo\.m2\repository\org\hamcrest\hamcrest-all\1.3\hamcrest-all-1.3.jar;C:\Users\MinhTo\.m2\repository\com\microsoft\sqlserver\mssql-jdbc\7.4.1.jre8\mssql-jdbc-7.4.1.jre8.jar;C:\Users\MinhTo\.m2\repository\org\hibernate\hibernate-java8\5.0.7.Final\hibernate-java8-5.0.7.Final.jar;, hibernate.ejb.persistenceUnitName=default, java.specification.name=Java Platform API Specification, java.class.version=52.0, sun.management.compiler=HotSpot 64-Bit Tiered Compilers, os.version=10.0, user.home=C:\Users\MinhTo, user.timezone=Asia/Bangkok, java.awt.printerjob=sun.awt.windows.WPrinterJob, java.specification.version=1.8, file.encoding=Cp1252, javax.persistence.nonJtaDataSource=org.apache.commons.dbcp.BasicDataSource@7fbdb894, hibernate.format_sql=true, user.name=MinhTo, java.class.path=E:\BT-JAVA-WEB\SpringMVCHibernate\target\test-classes;E:\BT-JAVA-WEB\SpringMVCHibernate\target\classes;C:\Users\MinhTo\.m2\repository\org\apache\struts\struts-el\1.3.10\struts-el-1.3.10.jar;C:\Users\MinhTo\.m2\repository\org\apache\struts\struts-core\1.3.10\struts-core-1.3.10.jar;C:\Users\MinhTo\.m2\repository\commons-beanutils\commons-beanutils\1.8.0\commons-beanutils-1.8.0.jar;C:\Users\MinhTo\.m2\repository\commons-chain\commons-chain\1.2\commons-chain-1.2.jar;C:\Users\MinhTo\.m2\repository\commons-validator\commons-validator\1.3.1\commons-validator-1.3.1.jar;C:\Users\MinhTo\.m2\repository\oro\oro\2.0.8\oro-2.0.8.jar;C:\Users\MinhTo\.m2\repository\org\apache\struts\struts-extras\1.3.10\struts-extras-1.3.10.jar;C:\Users\MinhTo\.m2\repository\org\apache\struts\struts-faces\1.3.10\struts-faces-1.3.10.jar;C:\Users\MinhTo\.m2\repository\org\apache\struts\struts-mailreader-dao\1.3.10\struts-mailreader-dao-1.3.10.jar;C:\Users\MinhTo\.m2\repository\commons-digester\commons-digester\1.8\commons-digester-1.8.jar;C:\Users\MinhTo\.m2\repository\commons-logging\commons-logging\1.0.4\commons-logging-1.0.4.jar;C:\Users\MinhTo\.m2\repository\org\apache\struts\struts-scripting\1.3.10\struts-scripting-1.3.10.jar;C:\Users\MinhTo\.m2\repository\bsf\bsf\2.3.0\bsf-2.3.0.jar;C:\Users\MinhTo\.m2\repository\org\apache\struts\struts-taglib\1.3.10\struts-taglib-1.3.10.jar;C:\Users\MinhTo\.m2\repository\org\apache\struts\struts-tiles\1.3.10\struts-tiles-1.3.10.jar;C:\Users\MinhTo\.m2\repository\opensymphony\sitemesh\2.4.2\sitemesh-2.4.2.jar;C:\Users\MinhTo\.m2\repository\org\eclipse\persistence\org.eclipse.persistence.core\2.7.7\org.eclipse.persistence.core-2.7.7.jar;C:\Users\MinhTo\.m2\repository\org\eclipse\persistence\org.eclipse.persistence.asm\2.7.7\org.eclipse.persistence.asm-2.7.7.jar;C:\Users\MinhTo\.m2\repository\org\eclipse\persistence\org.eclipse.persistence.antlr\2.7.7\org.eclipse.persistence.antlr-2.7.7.jar;C:\Users\MinhTo\.m2\repository\org\eclipse\persistence\org.eclipse.persistence.jpa\2.7.7\org.eclipse.persistence.jpa-2.7.7.jar;C:\Users\MinhTo\.m2\repository\org\eclipse\persistence\jakarta.persistence\2.2.3\jakarta.persistence-2.2.3.jar;C:\Users\MinhTo\.m2\repository\org\eclipse\persistence\org.eclipse.persistence.jpa.jpql\2.7.7\org.eclipse.persistence.jpa.jpql-2.7.7.jar;C:\Users\MinhTo\.m2\repository\org\eclipse\persistence\org.eclipse.persistence.moxy\2.7.7\org.eclipse.persistence.moxy-2.7.7.jar;C:\Users\MinhTo\.m2\repository\org\eclipse\persistence\javax.persistence\2.2.1\javax.persistence-2.2.1.jar;C:\Users\MinhTo\.m2\repository\javax\javaee-api\8.0\javaee-api-8.0.jar;C:\Users\MinhTo\.m2\repository\com\sun\mail\javax.mail\1.6.0\javax.mail-1.6.0.jar;C:\Users\MinhTo\.m2\repository\javax\activation\activation\1.1\activation-1.1.jar;C:\Users\MinhTo\.m2\repository\org\springframework\spring-beans\4.3.13.RELEASE\spring-beans-4.3.13.RELEASE.jar;C:\Users\MinhTo\.m2\repository\org\springframework\spring-expression\4.3.13.RELEASE\spring-expression-4.3.13.RELEASE.jar;C:\Users\MinhTo\.m2\repository\org\springframework\spring-core\4.3.13.RELEASE\spring-core-4.3.13.RELEASE.jar;C:\Users\MinhTo\.m2\repository\org\springframework\spring-web\4.3.13.RELEASE\spring-web-4.3.13.RELEASE.jar;C:\Users\MinhTo\.m2\repository\org\springframework\spring-aop\4.3.13.RELEASE\spring-aop-4.3.13.RELEASE.jar;C:\Users\MinhTo\.m2\repository\org\springframework\spring-webmvc\4.3.13.RELEASE\spring-webmvc-4.3.13.RELEASE.jar;C:\Users\MinhTo\.m2\repository\org\springframework\spring-tx\4.3.13.RELEASE\spring-tx-4.3.13.RELEASE.jar;C:\Users\MinhTo\.m2\repository\org\springframework\spring-orm\4.3.13.RELEASE\spring-orm-4.3.13.RELEASE.jar;C:\Users\MinhTo\.m2\repository\org\springframework\spring-jdbc\4.3.13.RELEASE\spring-jdbc-4.3.13.RELEASE.jar;C:\Users\MinhTo\.m2\repository\org\springframework\spring-context\4.3.13.RELEASE\spring-context-4.3.13.RELEASE.jar;C:\Users\MinhTo\.m2\repository\org\springframework\spring-context-support\4.3.13.RELEASE\spring-context-support-4.3.13.RELEASE.jar;C:\Users\MinhTo\.m2\repository\org\springframework\spring-test\4.3.13.RELEASE\spring-test-4.3.13.RELEASE.jar;C:\Users\MinhTo\.m2\repository\org\springframework\data\spring-data-jpa\1.10.2.RELEASE\spring-data-jpa-1.10.2.RELEASE.jar;C:\Users\MinhTo\.m2\repository\org\springframework\data\spring-data-commons\1.12.2.RELEASE\spring-data-commons-1.12.2.RELEASE.jar;C:\Users\MinhTo\.m2\repository\org\aspectj\aspectjrt\1.8.9\aspectjrt-1.8.9.jar;C:\Users\MinhTo\.m2\repository\org\springframework\security\spring-security-web\4.0.2.RELEASE\spring-security-web-4.0.2.RELEASE.jar;C:\Users\MinhTo\.m2\repository\aopalliance\aopalliance\1.0\aopalliance-1.0.jar;C:\Users\MinhTo\.m2\repository\org\springframework\security\spring-security-core\4.0.2.RELEASE\spring-security-core-4.0.2.RELEASE.jar;C:\Users\MinhTo\.m2\repository\org\springframework\security\spring-security-acl\4.0.2.RELEASE\spring-security-acl-4.0.2.RELEASE.jar;C:\Users\MinhTo\.m2\repository\org\springframework\security\spring-security-config\4.0.2.RELEASE\spring-security-config-4.0.2.RELEASE.jar;C:\Users\MinhTo\.m2\repository\org\springframework\security\spring-security-taglibs\4.0.2.RELEASE\spring-security-taglibs-4.0.2.RELEASE.jar;C:\Users\MinhTo\.m2\repository\org\springframework\security\spring-security-oauth2-authorization-server\0.2.0\spring-security-oauth2-authorization-server-0.2.0.jar;C:\Users\MinhTo\.m2\repository\com\nimbusds\nimbus-jose-jwt\9.10.1\nimbus-jose-jwt-9.10.1.jar;C:\Users\MinhTo\.m2\repository\com\github\stephenc\jcip\jcip-annotations\1.0-1\jcip-annotations-1.0-1.jar;C:\Users\MinhTo\.m2\repository\org\springframework\security\spring-security-oauth2-core\5.5.2\spring-security-oauth2-core-5.5.2.jar;C:\Users\MinhTo\.m2\repository\org\springframework\security\spring-security-oauth2-jose\5.5.2\spring-security-oauth2-jose-5.5.2.jar;C:\Users\MinhTo\.m2\repository\org\springframework\security\spring-security-oauth2-resource-server\5.5.2\spring-security-oauth2-resource-server-5.5.2.jar;C:\Users\MinhTo\.m2\repository\javax\servlet\javax.servlet-api\3.0.1\javax.servlet-api-3.0.1.jar;C:\Users\MinhTo\.m2\repository\org\springframework\spring-aspects\4.3.13.RELEASE\spring-aspects-4.3.13.RELEASE.jar;C:\Users\MinhTo\.m2\repository\org\aspectj\aspectjweaver\1.8.9\aspectjweaver-1.8.9.jar;C:\Users\MinhTo\.m2\repository\javax\servlet\jsp\javax.servlet.jsp-api\2.3.1\javax.servlet.jsp-api-2.3.1.jar;C:\Users\MinhTo\.m2\repository\javax\servlet\jstl\1.2\jstl-1.2.jar;C:\Users\MinhTo\.m2\repository\taglibs\standard\1.1.2\standard-1.1.2.jar;C:\Users\MinhTo\.m2\repository\javax\faces\javax.faces-api\2.3\javax.faces-api-2.3.jar;C:\Users\MinhTo\.m2\repository\org\hibernate\hibernate-core\4.3.6.Final\hibernate-core-4.3.6.Final.jar;C:\Users\MinhTo\.m2\repository\org\jboss\logging\jboss-logging\3.1.3.GA\jboss-logging-3.1.3.GA.jar;C:\Users\MinhTo\.m2\repository\org\jboss\logging\jboss-logging-annotations\1.2.0.Beta1\jboss-logging-annotations-1.2.0.Beta1.jar;C:\Users\MinhTo\.m2\repository\org\jboss\spec\javax\transaction\jboss-transaction-api_1.2_spec\1.0.0.Final\jboss-transaction-api_1.2_spec-1.0.0.Final.jar;C:\Users\MinhTo\.m2\repository\dom4j\dom4j\1.6.1\dom4j-1.6.1.jar;C:\Users\MinhTo\.m2\repository\xml-apis\xml-apis\1.0.b2\xml-apis-1.0.b2.jar;C:\Users\MinhTo\.m2\repository\org\hibernate\common\hibernate-commons-annotations\4.0.5.Final\hibernate-commons-annotations-4.0.5.Final.jar;C:\Users\MinhTo\.m2\repository\org\javassist\javassist\3.18.1-GA\javassist-3.18.1-GA.jar;C:\Users\MinhTo\.m2\repository\antlr\antlr\2.7.7\antlr-2.7.7.jar;C:\Users\MinhTo\.m2\repository\org\jboss\jandex\1.1.0.Final\jandex-1.1.0.Final.jar;C:\Users\MinhTo\.m2\repository\org\hibernate\hibernate-entitymanager\4.3.6.Final\hibernate-entitymanager-4.3.6.Final.jar;C:\Users\MinhTo\.m2\repository\org\hibernate\javax\persistence\hibernate-jpa-2.1-api\1.0.0.Final\hibernate-jpa-2.1-api-1.0.0.Final.jar;C:\Users\MinhTo\.m2\repository\org\slf4j\slf4j-api\1.7.5\slf4j-api-1.7.5.jar;C:\Users\MinhTo\.m2\repository\org\slf4j\jcl-over-slf4j\1.7.5\jcl-over-slf4j-1.7.5.jar;C:\Users\MinhTo\.m2\repository\org\slf4j\slf4j-log4j12\1.7.5\slf4j-log4j12-1.7.5.jar;C:\Users\MinhTo\.m2\repository\log4j\log4j\1.2.15\log4j-1.2.15.jar;C:\Users\MinhTo\.m2\repository\com\fasterxml\jackson\core\jackson-core\2.9.6\jackson-core-2.9.6.jar;C:\Users\MinhTo\.m2\repository\com\fasterxml\jackson\core\jackson-annotations\2.9.6\jackson-annotations-2.9.6.jar;C:\Users\MinhTo\.m2\repository\com\fasterxml\jackson\core\jackson-databind\2.9.6\jackson-databind-2.9.6.jar;C:\Users\MinhTo\.m2\repository\commons-dbcp\commons-dbcp\1.4\commons-dbcp-1.4.jar;C:\Users\MinhTo\.m2\repository\commons-pool\commons-pool\1.5.4\commons-pool-1.5.4.jar;C:\Users\MinhTo\.m2\repository\org\modelmapper\modelmapper\2.3.5\modelmapper-2.3.5.jar;C:\Users\MinhTo\.m2\repository\javax\xml\bind\jaxb-api\2.3.1\jaxb-api-2.3.1.jar;C:\Users\MinhTo\.m2\repository\javax\activation\javax.activation-api\1.2.0\javax.activation-api-1.2.0.jar;C:\Users\MinhTo\.m2\repository\org\hibernate\hibernate-jpamodelgen\5.3.2.Final\hibernate-jpamodelgen-5.3.2.Final.jar;C:\Users\MinhTo\.m2\repository\org\mockito\mockito-core\3.11.2\mockito-core-3.11.2.jar;C:\Users\MinhTo\.m2\repository\net\bytebuddy\byte-buddy\1.11.3\byte-buddy-1.11.3.jar;C:\Users\MinhTo\.m2\repository\net\bytebuddy\byte-buddy-agent\1.11.3\byte-buddy-agent-1.11.3.jar;C:\Users\MinhTo\.m2\repository\org\objenesis\objenesis\3.2\objenesis-3.2.jar;C:\Users\MinhTo\.m2\repository\org\mockito\mockito-junit-jupiter\3.2.4\mockito-junit-jupiter-3.2.4.jar;C:\Users\MinhTo\.m2\repository\org\junit\jupiter\junit-jupiter-api\5.4.2\junit-jupiter-api-5.4.2.jar;C:\Users\MinhTo\.m2\repository\org\apiguardian\apiguardian-api\1.0.0\apiguardian-api-1.0.0.jar;C:\Users\MinhTo\.m2\repository\org\opentest4j\opentest4j\1.1.1\opentest4j-1.1.1.jar;C:\Users\MinhTo\.m2\repository\org\junit\platform\junit-platform-commons\1.4.2\junit-platform-commons-1.4.2.jar;C:\Users\MinhTo\.m2\repository\junit\junit\4.13.2\junit-4.13.2.jar;C:\Users\MinhTo\.m2\repository\org\hamcrest\hamcrest-all\1.3\hamcrest-all-1.3.jar;C:\Users\MinhTo\.m2\repository\com\microsoft\sqlserver\mssql-jdbc\7.4.1.jre8\mssql-jdbc-7.4.1.jre8.jar;C:\Users\MinhTo\.m2\repository\org\hibernate\hibernate-java8\5.0.7.Final\hibernate-java8-5.0.7.Final.jar;, hibernate.bytecode.use_reflection_optimizer=false, hibernate.show_sql=true, javax.persistence.validation.mode=AUTO, java.vm.specification.version=1.8, sun.arch.data.model=64, java.home=C:\Program Files\Java\jdk1.8.0_241\jre, sun.java.command=E:\BT-JAVA-WEB\SpringMVCHibernate\target\surefire\surefirebooter6821871679518693960.jar E:\BT-JAVA-WEB\SpringMVCHibernate\target\surefire\surefire4457562381731493762tmp E:\BT-JAVA-WEB\SpringMVCHibernate\target\surefire\surefire_08669293951799136018tmp, hibernate.dialect=org.hibernate.dialect.SQLServerDialect, java.specification.vendor=Oracle Corporation, user.language=en, user.language.format=vi, awt.toolkit=sun.awt.windows.WToolkit, java.vm.info=mixed mode, java.version=1.8.0_241, java.ext.dirs=C:\Program Files\Java\jdk1.8.0_241\jre\lib\ext;C:\WINDOWS\Sun\Java\lib\ext, sun.boot.class.path=C:\Program Files\Java\jdk1.8.0_241\jre\lib\resources.jar;C:\Program Files\Java\jdk1.8.0_241\jre\lib\rt.jar;C:\Program Files\Java\jdk1.8.0_241\jre\lib\sunrsasign.jar;C:\Program Files\Java\jdk1.8.0_241\jre\lib\jsse.jar;C:\Program Files\Java\jdk1.8.0_241\jre\lib\jce.jar;C:\Program Files\Java\jdk1.8.0_241\jre\lib\charsets.jar;C:\Program Files\Java\jdk1.8.0_241\jre\lib\jfr.jar;C:\Program Files\Java\jdk1.8.0_241\jre\classes, java.vendor=Oracle Corporation, localRepository=C:\Users\MinhTo\.m2\repository, file.separator=\, java.vendor.url.bug=http://bugreport.sun.com/bugreport/, hibernate.hbm2ddl.auto=update, sun.cpu.endian=little, sun.io.unicode.encoding=UnicodeLittle, sun.desktop=windows, sun.cpu.isalist=amd64}
2021-09-28 13:45:46 DEBUG TypeSafeActivator:107 - Unable to acquire Bean Validation ValidatorFactory, skipping activation
2021-09-28 13:45:46 DEBUG JaccIntegrator:90 - Skipping JACC integration as it was not enabled
2021-09-28 13:45:46 DEBUG CascadeStyles:285 - External cascade style regsitration [persist : STYLE_PERSIST_SKIPLAZY] overrode base registration [STYLE_PERSIST]
2021-09-28 13:45:46 DEBUG SessionFactoryRegistry:67 - Initializing SessionFactoryRegistry : org.hibernate.internal.SessionFactoryRegistry@f9b5552
2021-09-28 13:45:46 DEBUG SessionFactoryRegistry:89 - Registering SessionFactory: b2b4bc2d-f811-4110-90c6-b30d29f7b4db (<unnamed>)
2021-09-28 13:45:46 DEBUG SessionFactoryRegistry:96 - Not binding SessionFactory to JNDI, no JNDI name configured
2021-09-28 13:45:46 DEBUG SessionFactoryImpl:505 - Instantiated session factory
2021-09-28 13:45:46 INFO  SchemaUpdate:182 - HHH000228: Running hbm2ddl schema update
2021-09-28 13:45:46 INFO  SchemaUpdate:193 - HHH000102: Fetching database metadata
2021-09-28 13:45:46 INFO  SchemaUpdate:205 - HHH000396: Updating schema
2021-09-28 13:45:46 DEBUG Configuration:3748 - Processing hbm.xml files
2021-09-28 13:45:46 DEBUG Configuration:3778 - Process annotated classes
2021-09-28 13:45:46 DEBUG Configuration:1482 - Processing fk mappings (*ToOne and JoinedSubclass)
2021-09-28 13:45:46 DEBUG Configuration:1687 - Processing extends queue
2021-09-28 13:45:46 DEBUG Configuration:1745 - Processing extends queue
2021-09-28 13:45:46 DEBUG Configuration:1690 - Processing collection mappings
2021-09-28 13:45:46 DEBUG Configuration:1700 - Processing native query and ResultSetMapping mappings
2021-09-28 13:45:46 DEBUG Configuration:1708 - Processing association property references
2021-09-28 13:45:46 DEBUG Configuration:1730 - Creating tables' unique integer identifiers
2021-09-28 13:45:46 DEBUG Configuration:1731 - Processing foreign key constraints
2021-09-28 13:45:46 INFO  SchemaUpdate:242 - HHH000232: Schema update complete
2021-09-28 13:45:46 DEBUG NamedQueryRepository:155 - Checking 0 named HQL queries
2021-09-28 13:45:46 DEBUG NamedQueryRepository:171 - Checking 0 named SQL queries
2021-09-28 13:45:46 DEBUG StatisticsInitiator:110 - Statistics initialized [enabled=false]
2021-09-28 13:45:46 DEBUG JpaSchemaGenerator:115 - No actions specified; doing nothing
2021-09-28 13:45:46 DEBUG EntityManagerFactoryRegistry:56 - Initializing EntityManagerFactoryRegistry : org.hibernate.jpa.internal.EntityManagerFactoryRegistry@6b587673
2021-09-28 13:45:46 DEBUG EntityManagerFactoryRegistry:66 - Registering EntityManagerFactory: default 
2021-09-28 13:45:46 INFO  LocalContainerEntityManagerFactoryBean:392 - Initialized JPA EntityManagerFactory for persistence unit 'default'
2021-09-28 13:45:46 DEBUG DefaultListableBeanFactory:485 - Finished creating instance of bean 'entityManagerFactory'
2021-09-28 13:45:46 DEBUG DefaultListableBeanFactory:730 - Pre-instantiating singletons in org.springframework.beans.factory.support.DefaultListableBeanFactory@49dc7102: defining beans [testJacksonUnitTest,xeMayControllerAPI,customFailureHandler,customSuccessHandler,modelMapperConfig,homeController,webController,xeMayController,sanPhamDaoImpl,org.springframework.context.annotation.internalConfigurationAnnotationProcessor,org.springframework.context.annotation.internalAutowiredAnnotationProcessor,org.springframework.context.annotation.internalRequiredAnnotationProcessor,org.springframework.context.annotation.internalCommonAnnotationProcessor,org.springframework.context.annotation.internalPersistenceAnnotationProcessor,org.springframework.context.event.internalEventListenerProcessor,org.springframework.context.event.internalEventListenerFactory,mvcContentNegotiationManager,org.springframework.web.servlet.mvc.method.annotation.RequestMappingHandlerMapping,mvcCorsConfigurations,org.springframework.format.support.FormattingConversionServiceFactoryBean#0,org.springframework.validation.beanvalidation.OptionalValidatorFactoryBean#0,org.springframework.web.servlet.mvc.method.annotation.RequestMappingHandlerAdapter,mvcUriComponentsContributor,org.springframework.web.servlet.handler.MappedInterceptor#0,org.springframework.web.servlet.mvc.method.annotation.ExceptionHandlerExceptionResolver#0,org.springframework.web.servlet.mvc.annotation.ResponseStatusExceptionResolver#0,org.springframework.web.servlet.mvc.support.DefaultHandlerExceptionResolver#0,org.springframework.web.servlet.handler.BeanNameUrlHandlerMapping,org.springframework.web.servlet.mvc.HttpRequestHandlerAdapter,org.springframework.web.servlet.mvc.SimpleControllerHandlerAdapter,mvcHandlerMappingIntrospector,org.springframework.context.support.PropertySourcesPlaceholderConfigurer#0,org.springframework.data.jpa.repository.config.JpaRepositoryConfigExtension#0,org.springframework.data.repository.core.support.RepositoryFactoryBeanSupport_Predictor,emBeanDefinitionRegistrarPostProcessor,jpaMappingContext,jpaContext,sanPhamRepository,entityManagerFactory,dataSource,transactionManager,modelMapper,org.springframework.orm.jpa.SharedEntityManagerCreator#0]; root of factory hierarchy
2021-09-28 13:45:46 DEBUG DefaultListableBeanFactory:221 - Creating shared instance of singleton bean 'testJacksonUnitTest'
2021-09-28 13:45:46 DEBUG DefaultListableBeanFactory:449 - Creating instance of bean 'testJacksonUnitTest'
2021-09-28 13:45:46 DEBUG InjectionMetadata:72 - Registered injected element on class [com.mycompany.springmvchibernate.JUnitTest.TestJacksonUnitTest]: PersistenceElement for private javax.persistence.EntityManager com.mycompany.springmvchibernate.JUnitTest.TestJacksonUnitTest.em
2021-09-28 13:45:46 DEBUG InjectionMetadata:72 - Registered injected element on class [com.mycompany.springmvchibernate.JUnitTest.TestJacksonUnitTest]: AutowiredFieldElement for org.modelmapper.ModelMapper com.mycompany.springmvchibernate.JUnitTest.TestJacksonUnitTest.modelMapper
2021-09-28 13:45:46 DEBUG DefaultListableBeanFactory:539 - Eagerly caching bean 'testJacksonUnitTest' to allow for resolving potential circular references
2021-09-28 13:45:46 DEBUG InjectionMetadata:86 - Processing injected element of bean 'testJacksonUnitTest': PersistenceElement for private javax.persistence.EntityManager com.mycompany.springmvchibernate.JUnitTest.TestJacksonUnitTest.em
2021-09-28 13:45:46 DEBUG DefaultListableBeanFactory:251 - Returning cached instance of singleton bean 'entityManagerFactory'
2021-09-28 13:45:46 DEBUG InjectionMetadata:86 - Processing injected element of bean 'testJacksonUnitTest': AutowiredFieldElement for org.modelmapper.ModelMapper com.mycompany.springmvchibernate.JUnitTest.TestJacksonUnitTest.modelMapper
2021-09-28 13:45:46 DEBUG DefaultListableBeanFactory:221 - Creating shared instance of singleton bean 'modelMapper'
2021-09-28 13:45:46 DEBUG DefaultListableBeanFactory:449 - Creating instance of bean 'modelMapper'
2021-09-28 13:45:46 DEBUG DefaultListableBeanFactory:221 - Creating shared instance of singleton bean 'modelMapperConfig'
2021-09-28 13:45:46 DEBUG DefaultListableBeanFactory:449 - Creating instance of bean 'modelMapperConfig'
2021-09-28 13:45:46 DEBUG DefaultListableBeanFactory:539 - Eagerly caching bean 'modelMapperConfig' to allow for resolving potential circular references
2021-09-28 13:45:46 DEBUG DefaultListableBeanFactory:485 - Finished creating instance of bean 'modelMapperConfig'
2021-09-28 13:45:47 DEBUG DefaultListableBeanFactory:539 - Eagerly caching bean 'modelMapper' to allow for resolving potential circular references
2021-09-28 13:45:47 DEBUG DefaultListableBeanFactory:485 - Finished creating instance of bean 'modelMapper'
2021-09-28 13:45:47 DEBUG AutowiredAnnotationBeanPostProcessor:535 - Autowiring by type from bean name 'testJacksonUnitTest' to bean named 'modelMapper'
2021-09-28 13:45:47 DEBUG DefaultListableBeanFactory:485 - Finished creating instance of bean 'testJacksonUnitTest'
2021-09-28 13:45:47 DEBUG DefaultListableBeanFactory:221 - Creating shared instance of singleton bean 'xeMayControllerAPI'
2021-09-28 13:45:47 DEBUG DefaultListableBeanFactory:449 - Creating instance of bean 'xeMayControllerAPI'
2021-09-28 13:45:47 DEBUG DefaultListableBeanFactory:539 - Eagerly caching bean 'xeMayControllerAPI' to allow for resolving potential circular references
2021-09-28 13:45:47 DEBUG DefaultListableBeanFactory:485 - Finished creating instance of bean 'xeMayControllerAPI'
2021-09-28 13:45:47 DEBUG DefaultListableBeanFactory:221 - Creating shared instance of singleton bean 'customFailureHandler'
2021-09-28 13:45:47 DEBUG DefaultListableBeanFactory:449 - Creating instance of bean 'customFailureHandler'
2021-09-28 13:45:47 DEBUG DefaultListableBeanFactory:539 - Eagerly caching bean 'customFailureHandler' to allow for resolving potential circular references
2021-09-28 13:45:47 DEBUG DefaultListableBeanFactory:485 - Finished creating instance of bean 'customFailureHandler'
2021-09-28 13:45:47 DEBUG DefaultListableBeanFactory:221 - Creating shared instance of singleton bean 'customSuccessHandler'
2021-09-28 13:45:47 DEBUG DefaultListableBeanFactory:449 - Creating instance of bean 'customSuccessHandler'
2021-09-28 13:45:47 DEBUG DefaultListableBeanFactory:539 - Eagerly caching bean 'customSuccessHandler' to allow for resolving potential circular references
2021-09-28 13:45:47 DEBUG DefaultListableBeanFactory:485 - Finished creating instance of bean 'customSuccessHandler'
2021-09-28 13:45:47 DEBUG DefaultListableBeanFactory:251 - Returning cached instance of singleton bean 'modelMapperConfig'
2021-09-28 13:45:47 DEBUG DefaultListableBeanFactory:221 - Creating shared instance of singleton bean 'homeController'
2021-09-28 13:45:47 DEBUG DefaultListableBeanFactory:449 - Creating instance of bean 'homeController'
2021-09-28 13:45:47 DEBUG InjectionMetadata:72 - Registered injected element on class [com.mycompany.springmvchibernate.Controller.HomeController]: AutowiredFieldElement for private com.mycompany.springmvchibernate.Dao.SanPhamDao com.mycompany.springmvchibernate.Controller.HomeController.sanPhamDao
2021-09-28 13:45:47 DEBUG DefaultListableBeanFactory:539 - Eagerly caching bean 'homeController' to allow for resolving potential circular references
2021-09-28 13:45:47 DEBUG InjectionMetadata:86 - Processing injected element of bean 'homeController': AutowiredFieldElement for private com.mycompany.springmvchibernate.Dao.SanPhamDao com.mycompany.springmvchibernate.Controller.HomeController.sanPhamDao
2021-09-28 13:45:47 DEBUG DefaultListableBeanFactory:221 - Creating shared instance of singleton bean 'sanPhamDaoImpl'
2021-09-28 13:45:47 DEBUG DefaultListableBeanFactory:449 - Creating instance of bean 'sanPhamDaoImpl'
2021-09-28 13:45:47 DEBUG InjectionMetadata:72 - Registered injected element on class [com.mycompany.springmvchibernate.DaoImp.SanPhamDaoImpl]: PersistenceElement for private javax.persistence.EntityManager com.mycompany.springmvchibernate.DaoImp.SanPhamDaoImpl.entityManager
2021-09-28 13:45:47 DEBUG InjectionMetadata:72 - Registered injected element on class [com.mycompany.springmvchibernate.DaoImp.SanPhamDaoImpl]: AutowiredFieldElement for private javax.persistence.EntityManagerFactory com.mycompany.springmvchibernate.DaoImp.SanPhamDaoImpl.emf
2021-09-28 13:45:47 DEBUG DefaultListableBeanFactory:539 - Eagerly caching bean 'sanPhamDaoImpl' to allow for resolving potential circular references
2021-09-28 13:45:47 DEBUG InjectionMetadata:86 - Processing injected element of bean 'sanPhamDaoImpl': PersistenceElement for private javax.persistence.EntityManager com.mycompany.springmvchibernate.DaoImp.SanPhamDaoImpl.entityManager
2021-09-28 13:45:47 DEBUG DefaultListableBeanFactory:251 - Returning cached instance of singleton bean 'entityManagerFactory'
2021-09-28 13:45:47 DEBUG InjectionMetadata:86 - Processing injected element of bean 'sanPhamDaoImpl': AutowiredFieldElement for private javax.persistence.EntityManagerFactory com.mycompany.springmvchibernate.DaoImp.SanPhamDaoImpl.emf
2021-09-28 13:45:47 DEBUG DefaultListableBeanFactory:251 - Returning cached instance of singleton bean 'entityManagerFactory'
2021-09-28 13:45:47 DEBUG AutowiredAnnotationBeanPostProcessor:535 - Autowiring by type from bean name 'sanPhamDaoImpl' to bean named 'entityManagerFactory'
2021-09-28 13:45:47 DEBUG DefaultListableBeanFactory:485 - Finished creating instance of bean 'sanPhamDaoImpl'
2021-09-28 13:45:47 DEBUG AutowiredAnnotationBeanPostProcessor:535 - Autowiring by type from bean name 'homeController' to bean named 'sanPhamDaoImpl'
2021-09-28 13:45:47 DEBUG DefaultListableBeanFactory:485 - Finished creating instance of bean 'homeController'
2021-09-28 13:45:47 DEBUG DefaultListableBeanFactory:221 - Creating shared instance of singleton bean 'webController'
2021-09-28 13:45:47 DEBUG DefaultListableBeanFactory:449 - Creating instance of bean 'webController'
2021-09-28 13:45:47 DEBUG DefaultListableBeanFactory:539 - Eagerly caching bean 'webController' to allow for resolving potential circular references
2021-09-28 13:45:47 DEBUG DefaultListableBeanFactory:485 - Finished creating instance of bean 'webController'
2021-09-28 13:45:47 DEBUG DefaultListableBeanFactory:221 - Creating shared instance of singleton bean 'xeMayController'
2021-09-28 13:45:47 DEBUG DefaultListableBeanFactory:449 - Creating instance of bean 'xeMayController'
2021-09-28 13:45:47 DEBUG DefaultListableBeanFactory:539 - Eagerly caching bean 'xeMayController' to allow for resolving potential circular references
2021-09-28 13:45:47 DEBUG DefaultListableBeanFactory:485 - Finished creating instance of bean 'xeMayController'
2021-09-28 13:45:47 DEBUG DefaultListableBeanFactory:251 - Returning cached instance of singleton bean 'sanPhamDaoImpl'
2021-09-28 13:45:47 DEBUG DefaultListableBeanFactory:251 - Returning cached instance of singleton bean 'org.springframework.context.annotation.internalConfigurationAnnotationProcessor'
2021-09-28 13:45:47 DEBUG DefaultListableBeanFactory:251 - Returning cached instance of singleton bean 'org.springframework.context.annotation.internalAutowiredAnnotationProcessor'
2021-09-28 13:45:47 DEBUG DefaultListableBeanFactory:251 - Returning cached instance of singleton bean 'org.springframework.context.annotation.internalRequiredAnnotationProcessor'
2021-09-28 13:45:47 DEBUG DefaultListableBeanFactory:251 - Returning cached instance of singleton bean 'org.springframework.context.annotation.internalCommonAnnotationProcessor'
2021-09-28 13:45:47 DEBUG DefaultListableBeanFactory:251 - Returning cached instance of singleton bean 'org.springframework.context.annotation.internalPersistenceAnnotationProcessor'
2021-09-28 13:45:47 DEBUG DefaultListableBeanFactory:221 - Creating shared instance of singleton bean 'org.springframework.context.event.internalEventListenerProcessor'
2021-09-28 13:45:47 DEBUG DefaultListableBeanFactory:449 - Creating instance of bean 'org.springframework.context.event.internalEventListenerProcessor'
2021-09-28 13:45:47 DEBUG DefaultListableBeanFactory:539 - Eagerly caching bean 'org.springframework.context.event.internalEventListenerProcessor' to allow for resolving potential circular references
2021-09-28 13:45:47 DEBUG DefaultListableBeanFactory:485 - Finished creating instance of bean 'org.springframework.context.event.internalEventListenerProcessor'
2021-09-28 13:45:47 DEBUG DefaultListableBeanFactory:221 - Creating shared instance of singleton bean 'org.springframework.context.event.internalEventListenerFactory'
2021-09-28 13:45:47 DEBUG DefaultListableBeanFactory:449 - Creating instance of bean 'org.springframework.context.event.internalEventListenerFactory'
2021-09-28 13:45:47 DEBUG DefaultListableBeanFactory:539 - Eagerly caching bean 'org.springframework.context.event.internalEventListenerFactory' to allow for resolving potential circular references
2021-09-28 13:45:47 DEBUG DefaultListableBeanFactory:485 - Finished creating instance of bean 'org.springframework.context.event.internalEventListenerFactory'
2021-09-28 13:45:47 DEBUG DefaultListableBeanFactory:221 - Creating shared instance of singleton bean 'mvcContentNegotiationManager'
2021-09-28 13:45:47 DEBUG DefaultListableBeanFactory:449 - Creating instance of bean 'mvcContentNegotiationManager'
2021-09-28 13:45:47 DEBUG DefaultListableBeanFactory:539 - Eagerly caching bean 'mvcContentNegotiationManager' to allow for resolving potential circular references
2021-09-28 13:45:47 DEBUG DefaultListableBeanFactory:1670 - Invoking afterPropertiesSet() on bean with name 'mvcContentNegotiationManager'
2021-09-28 13:45:47 DEBUG DefaultListableBeanFactory:485 - Finished creating instance of bean 'mvcContentNegotiationManager'
2021-09-28 13:45:47 DEBUG DefaultListableBeanFactory:221 - Creating shared instance of singleton bean 'org.springframework.web.servlet.mvc.method.annotation.RequestMappingHandlerMapping'
2021-09-28 13:45:47 DEBUG DefaultListableBeanFactory:449 - Creating instance of bean 'org.springframework.web.servlet.mvc.method.annotation.RequestMappingHandlerMapping'
2021-09-28 13:45:47 DEBUG DefaultListableBeanFactory:539 - Eagerly caching bean 'org.springframework.web.servlet.mvc.method.annotation.RequestMappingHandlerMapping' to allow for resolving potential circular references
2021-09-28 13:45:47 DEBUG DefaultListableBeanFactory:251 - Returning cached instance of singleton bean 'mvcContentNegotiationManager'
2021-09-28 13:45:47 DEBUG DefaultListableBeanFactory:221 - Creating shared instance of singleton bean 'mvcCorsConfigurations'
2021-09-28 13:45:47 DEBUG DefaultListableBeanFactory:449 - Creating instance of bean 'mvcCorsConfigurations'
2021-09-28 13:45:47 DEBUG DefaultListableBeanFactory:539 - Eagerly caching bean 'mvcCorsConfigurations' to allow for resolving potential circular references
2021-09-28 13:45:47 DEBUG DefaultListableBeanFactory:485 - Finished creating instance of bean 'mvcCorsConfigurations'
2021-09-28 13:45:47 DEBUG DefaultListableBeanFactory:221 - Creating shared instance of singleton bean 'org.springframework.web.servlet.handler.MappedInterceptor#0'
2021-09-28 13:45:47 DEBUG DefaultListableBeanFactory:449 - Creating instance of bean 'org.springframework.web.servlet.handler.MappedInterceptor#0'
2021-09-28 13:45:47 DEBUG DefaultListableBeanFactory:449 - Creating instance of bean '(inner bean)#352e787a'
2021-09-28 13:45:47 DEBUG DefaultListableBeanFactory:221 - Creating shared instance of singleton bean 'org.springframework.format.support.FormattingConversionServiceFactoryBean#0'
2021-09-28 13:45:47 DEBUG DefaultListableBeanFactory:449 - Creating instance of bean 'org.springframework.format.support.FormattingConversionServiceFactoryBean#0'
2021-09-28 13:45:47 DEBUG DefaultListableBeanFactory:539 - Eagerly caching bean 'org.springframework.format.support.FormattingConversionServiceFactoryBean#0' to allow for resolving potential circular references
2021-09-28 13:45:47 DEBUG DefaultListableBeanFactory:1670 - Invoking afterPropertiesSet() on bean with name 'org.springframework.format.support.FormattingConversionServiceFactoryBean#0'
2021-09-28 13:45:47 DEBUG DefaultListableBeanFactory:485 - Finished creating instance of bean 'org.springframework.format.support.FormattingConversionServiceFactoryBean#0'
2021-09-28 13:45:47 DEBUG DefaultListableBeanFactory:485 - Finished creating instance of bean '(inner bean)#352e787a'
2021-09-28 13:45:47 DEBUG BeanUtils:450 - No property editor [org.springframework.web.context.request.WebRequestInterceptorEditor] found for type org.springframework.web.context.request.WebRequestInterceptor according to 'Editor' suffix convention
2021-09-28 13:45:47 DEBUG DefaultListableBeanFactory:539 - Eagerly caching bean 'org.springframework.web.servlet.handler.MappedInterceptor#0' to allow for resolving potential circular references
2021-09-28 13:45:47 DEBUG DefaultListableBeanFactory:485 - Finished creating instance of bean 'org.springframework.web.servlet.handler.MappedInterceptor#0'
2021-09-28 13:45:47 DEBUG DefaultListableBeanFactory:1670 - Invoking afterPropertiesSet() on bean with name 'org.springframework.web.servlet.mvc.method.annotation.RequestMappingHandlerMapping'
2021-09-28 13:45:47 DEBUG RequestMappingHandlerMapping:195 - Looking for request mappings in application context: org.springframework.context.support.GenericApplicationContext@7a30d1e6: startup date [Tue Sep 28 13:45:44 ICT 2021]; root of context hierarchy
2021-09-28 13:45:47 DEBUG RequestMappingHandlerMapping:245 - 0 request handler methods found on class com.mycompany.springmvchibernate.API.XeMayControllerAPI: {}
2021-09-28 13:45:47 DEBUG RequestMappingHandlerMapping:245 - 1 request handler methods found on class com.mycompany.springmvchibernate.Controller.HomeController: {public org.springframework.web.servlet.ModelAndView com.mycompany.springmvchibernate.Controller.HomeController.trangChu()={[/quan-tri/trang-chu],methods=[GET]}}
2021-09-28 13:45:47 INFO  RequestMappingHandlerMapping:543 - Mapped "{[/quan-tri/trang-chu],methods=[GET]}" onto public org.springframework.web.servlet.ModelAndView com.mycompany.springmvchibernate.Controller.HomeController.trangChu()
2021-09-28 13:45:47 DEBUG RequestMappingHandlerMapping:245 - 0 request handler methods found on class com.mycompany.springmvchibernate.Controller.web.HomeController: {}
2021-09-28 13:45:47 DEBUG RequestMappingHandlerMapping:245 - 0 request handler methods found on class com.mycompany.springmvchibernate.Controller.XeMayController: {}
2021-09-28 13:45:47 DEBUG DefaultListableBeanFactory:485 - Finished creating instance of bean 'org.springframework.web.servlet.mvc.method.annotation.RequestMappingHandlerMapping'
2021-09-28 13:45:47 DEBUG DefaultListableBeanFactory:251 - Returning cached instance of singleton bean 'mvcCorsConfigurations'
2021-09-28 13:45:47 DEBUG DefaultListableBeanFactory:251 - Returning cached instance of singleton bean 'org.springframework.format.support.FormattingConversionServiceFactoryBean#0'
2021-09-28 13:45:47 DEBUG DefaultListableBeanFactory:221 - Creating shared instance of singleton bean 'org.springframework.validation.beanvalidation.OptionalValidatorFactoryBean#0'
2021-09-28 13:45:47 DEBUG DefaultListableBeanFactory:449 - Creating instance of bean 'org.springframework.validation.beanvalidation.OptionalValidatorFactoryBean#0'
2021-09-28 13:45:47 DEBUG DefaultListableBeanFactory:539 - Eagerly caching bean 'org.springframework.validation.beanvalidation.OptionalValidatorFactoryBean#0' to allow for resolving potential circular references
2021-09-28 13:45:47 DEBUG DefaultListableBeanFactory:1670 - Invoking afterPropertiesSet() on bean with name 'org.springframework.validation.beanvalidation.OptionalValidatorFactoryBean#0'
2021-09-28 13:45:47 DEBUG OptionalValidatorFactoryBean:43 - Failed to set up a Bean Validation provider
javax.validation.NoProviderFoundException: Unable to create a Configuration, because no Bean Validation provider could be found. Add a provider like Hibernate Validator (RI) to your classpath.
	at javax.validation.Validation$GenericBootstrapImpl.configure(Validation.java:291)
	at org.springframework.validation.beanvalidation.LocalValidatorFactoryBean.afterPropertiesSet(LocalValidatorFactoryBean.java:250)
	at org.springframework.validation.beanvalidation.OptionalValidatorFactoryBean.afterPropertiesSet(OptionalValidatorFactoryBean.java:40)
	at org.springframework.beans.factory.support.AbstractAutowireCapableBeanFactory.invokeInitMethods(AbstractAutowireCapableBeanFactory.java:1687)
	at org.springframework.beans.factory.support.AbstractAutowireCapableBeanFactory.initializeBean(AbstractAutowireCapableBeanFactory.java:1624)
	at org.springframework.beans.factory.support.AbstractAutowireCapableBeanFactory.doCreateBean(AbstractAutowireCapableBeanFactory.java:555)
	at org.springframework.beans.factory.support.AbstractAutowireCapableBeanFactory.createBean(AbstractAutowireCapableBeanFactory.java:483)
	at org.springframework.beans.factory.support.AbstractBeanFactory$1.getObject(AbstractBeanFactory.java:306)
	at org.springframework.beans.factory.support.DefaultSingletonBeanRegistry.getSingleton(DefaultSingletonBeanRegistry.java:230)
	at org.springframework.beans.factory.support.AbstractBeanFactory.doGetBean(AbstractBeanFactory.java:302)
	at org.springframework.beans.factory.support.AbstractBeanFactory.getBean(AbstractBeanFactory.java:197)
	at org.springframework.beans.factory.support.DefaultListableBeanFactory.preInstantiateSingletons(DefaultListableBeanFactory.java:761)
	at org.springframework.context.support.AbstractApplicationContext.finishBeanFactoryInitialization(AbstractApplicationContext.java:867)
	at org.springframework.context.support.AbstractApplicationContext.refresh(AbstractApplicationContext.java:543)
	at org.springframework.test.context.support.AbstractGenericContextLoader.loadContext(AbstractGenericContextLoader.java:128)
	at org.springframework.test.context.support.AbstractGenericContextLoader.loadContext(AbstractGenericContextLoader.java:60)
	at org.springframework.test.context.support.AbstractDelegatingSmartContextLoader.delegateLoading(AbstractDelegatingSmartContextLoader.java:108)
	at org.springframework.test.context.support.AbstractDelegatingSmartContextLoader.loadContext(AbstractDelegatingSmartContextLoader.java:251)
	at org.springframework.test.context.cache.DefaultCacheAwareContextLoaderDelegate.loadContextInternal(DefaultCacheAwareContextLoaderDelegate.java:98)
	at org.springframework.test.context.cache.DefaultCacheAwareContextLoaderDelegate.loadContext(DefaultCacheAwareContextLoaderDelegate.java:116)
	at org.springframework.test.context.support.DefaultTestContext.getApplicationContext(DefaultTestContext.java:83)
	at org.springframework.test.context.support.DependencyInjectionTestExecutionListener.injectDependencies(DependencyInjectionTestExecutionListener.java:117)
	at org.springframework.test.context.support.DependencyInjectionTestExecutionListener.prepareTestInstance(DependencyInjectionTestExecutionListener.java:83)
	at org.springframework.test.context.TestContextManager.prepareTestInstance(TestContextManager.java:230)
	at org.springframework.test.context.junit4.SpringJUnit4ClassRunner.createTest(SpringJUnit4ClassRunner.java:228)
	at org.springframework.test.context.junit4.SpringJUnit4ClassRunner$1.runReflectiveCall(SpringJUnit4ClassRunner.java:287)
	at org.junit.internal.runners.model.ReflectiveCallable.run(ReflectiveCallable.java:12)
	at org.springframework.test.context.junit4.SpringJUnit4ClassRunner.methodBlock(SpringJUnit4ClassRunner.java:289)
	at org.springframework.test.context.junit4.SpringJUnit4ClassRunner.runChild(SpringJUnit4ClassRunner.java:247)
	at org.springframework.test.context.junit4.SpringJUnit4ClassRunner.runChild(SpringJUnit4ClassRunner.java:94)
	at org.junit.runners.ParentRunner$4.run(ParentRunner.java:331)
	at org.junit.runners.ParentRunner$1.schedule(ParentRunner.java:79)
	at org.junit.runners.ParentRunner.runChildren(ParentRunner.java:329)
	at org.junit.runners.ParentRunner.access$100(ParentRunner.java:66)
	at org.junit.runners.ParentRunner$2.evaluate(ParentRunner.java:293)
	at org.springframework.test.context.junit4.statements.RunBeforeTestClassCallbacks.evaluate(RunBeforeTestClassCallbacks.java:61)
	at org.springframework.test.context.junit4.statements.RunAfterTestClassCallbacks.evaluate(RunAfterTestClassCallbacks.java:70)
	at org.junit.runners.ParentRunner$3.evaluate(ParentRunner.java:306)
	at org.junit.runners.ParentRunner.run(ParentRunner.java:413)
	at org.springframework.test.context.junit4.SpringJUnit4ClassRunner.run(SpringJUnit4ClassRunner.java:191)
	at org.apache.maven.surefire.junit4.JUnit4Provider.execute(JUnit4Provider.java:264)
	at org.apache.maven.surefire.junit4.JUnit4Provider.executeTestSet(JUnit4Provider.java:153)
	at org.apache.maven.surefire.junit4.JUnit4Provider.invoke(JUnit4Provider.java:124)
	at org.apache.maven.surefire.booter.ForkedBooter.invokeProviderInSameClassLoader(ForkedBooter.java:200)
	at org.apache.maven.surefire.booter.ForkedBooter.runSuitesInProcess(ForkedBooter.java:153)
	at org.apache.maven.surefire.booter.ForkedBooter.main(ForkedBooter.java:103)
2021-09-28 13:45:47 DEBUG DefaultListableBeanFactory:485 - Finished creating instance of bean 'org.springframework.validation.beanvalidation.OptionalValidatorFactoryBean#0'
2021-09-28 13:45:47 DEBUG DefaultListableBeanFactory:221 - Creating shared instance of singleton bean 'org.springframework.web.servlet.mvc.method.annotation.RequestMappingHandlerAdapter'
2021-09-28 13:45:47 DEBUG DefaultListableBeanFactory:449 - Creating instance of bean 'org.springframework.web.servlet.mvc.method.annotation.RequestMappingHandlerAdapter'
2021-09-28 13:45:47 DEBUG DefaultListableBeanFactory:539 - Eagerly caching bean 'org.springframework.web.servlet.mvc.method.annotation.RequestMappingHandlerAdapter' to allow for resolving potential circular references
2021-09-28 13:45:47 DEBUG DefaultListableBeanFactory:251 - Returning cached instance of singleton bean 'mvcContentNegotiationManager'
2021-09-28 13:45:47 DEBUG DefaultListableBeanFactory:449 - Creating instance of bean '(inner bean)#2330e3e0'
2021-09-28 13:45:47 DEBUG DefaultListableBeanFactory:251 - Returning cached instance of singleton bean 'org.springframework.format.support.FormattingConversionServiceFactoryBean#0'
2021-09-28 13:45:47 DEBUG DefaultListableBeanFactory:251 - Returning cached instance of singleton bean 'org.springframework.validation.beanvalidation.OptionalValidatorFactoryBean#0'
2021-09-28 13:45:47 DEBUG DefaultListableBeanFactory:485 - Finished creating instance of bean '(inner bean)#2330e3e0'
2021-09-28 13:45:47 DEBUG DefaultListableBeanFactory:449 - Creating instance of bean '(inner bean)#abff8b7'
2021-09-28 13:45:47 DEBUG DefaultListableBeanFactory:485 - Finished creating instance of bean '(inner bean)#abff8b7'
2021-09-28 13:45:47 DEBUG DefaultListableBeanFactory:449 - Creating instance of bean '(inner bean)#1b4ae4e0'
2021-09-28 13:45:47 DEBUG DefaultListableBeanFactory:485 - Finished creating instance of bean '(inner bean)#1b4ae4e0'
2021-09-28 13:45:47 DEBUG DefaultListableBeanFactory:449 - Creating instance of bean '(inner bean)#4acb2510'
2021-09-28 13:45:47 DEBUG DefaultListableBeanFactory:485 - Finished creating instance of bean '(inner bean)#4acb2510'
2021-09-28 13:45:47 DEBUG DefaultListableBeanFactory:449 - Creating instance of bean '(inner bean)#4e1459ea'
2021-09-28 13:45:47 DEBUG DefaultListableBeanFactory:485 - Finished creating instance of bean '(inner bean)#4e1459ea'
2021-09-28 13:45:47 DEBUG DefaultListableBeanFactory:449 - Creating instance of bean '(inner bean)#4eed2acf'
2021-09-28 13:45:47 DEBUG DefaultListableBeanFactory:485 - Finished creating instance of bean '(inner bean)#4eed2acf'
2021-09-28 13:45:47 DEBUG DefaultListableBeanFactory:449 - Creating instance of bean '(inner bean)#52d6cd34'
2021-09-28 13:45:47 DEBUG DefaultListableBeanFactory:485 - Finished creating instance of bean '(inner bean)#52d6cd34'
2021-09-28 13:45:47 DEBUG DefaultListableBeanFactory:449 - Creating instance of bean '(inner bean)#c2e3264'
2021-09-28 13:45:47 DEBUG DefaultListableBeanFactory:449 - Creating instance of bean '(inner bean)#f08fdce'
2021-09-28 13:45:47 DEBUG DefaultListableBeanFactory:1670 - Invoking afterPropertiesSet() on bean with name '(inner bean)#f08fdce'
2021-09-28 13:45:47 DEBUG DefaultListableBeanFactory:485 - Finished creating instance of bean '(inner bean)#f08fdce'
2021-09-28 13:45:47 DEBUG DefaultListableBeanFactory:485 - Finished creating instance of bean '(inner bean)#c2e3264'
2021-09-28 13:45:47 DEBUG DefaultListableBeanFactory:449 - Creating instance of bean '(inner bean)#7942a854'
2021-09-28 13:45:47 DEBUG DefaultListableBeanFactory:485 - Finished creating instance of bean '(inner bean)#7942a854'
2021-09-28 13:45:47 DEBUG DefaultListableBeanFactory:449 - Creating instance of bean '(inner bean)#24934262'
2021-09-28 13:45:47 DEBUG DefaultListableBeanFactory:485 - Finished creating instance of bean '(inner bean)#24934262'
2021-09-28 13:45:47 DEBUG DefaultListableBeanFactory:1670 - Invoking afterPropertiesSet() on bean with name 'org.springframework.web.servlet.mvc.method.annotation.RequestMappingHandlerAdapter'
2021-09-28 13:45:47 INFO  RequestMappingHandlerAdapter:534 - Looking for @ControllerAdvice: org.springframework.context.support.GenericApplicationContext@7a30d1e6: startup date [Tue Sep 28 13:45:44 ICT 2021]; root of context hierarchy
2021-09-28 13:45:47 DEBUG DefaultListableBeanFactory:485 - Finished creating instance of bean 'org.springframework.web.servlet.mvc.method.annotation.RequestMappingHandlerAdapter'
2021-09-28 13:45:47 DEBUG DefaultListableBeanFactory:221 - Creating shared instance of singleton bean 'mvcUriComponentsContributor'
2021-09-28 13:45:47 DEBUG DefaultListableBeanFactory:449 - Creating instance of bean 'mvcUriComponentsContributor'
2021-09-28 13:45:47 DEBUG DefaultListableBeanFactory:539 - Eagerly caching bean 'mvcUriComponentsContributor' to allow for resolving potential circular references
2021-09-28 13:45:47 DEBUG DefaultListableBeanFactory:449 - Creating instance of bean '(inner bean)#29eda4f8'
2021-09-28 13:45:47 DEBUG DefaultListableBeanFactory:251 - Returning cached instance of singleton bean 'mvcContentNegotiationManager'
2021-09-28 13:45:47 DEBUG DefaultListableBeanFactory:449 - Creating instance of bean '(inner bean)#2330e3e0#1'
2021-09-28 13:45:47 DEBUG DefaultListableBeanFactory:251 - Returning cached instance of singleton bean 'org.springframework.format.support.FormattingConversionServiceFactoryBean#0'
2021-09-28 13:45:47 DEBUG DefaultListableBeanFactory:251 - Returning cached instance of singleton bean 'org.springframework.validation.beanvalidation.OptionalValidatorFactoryBean#0'
2021-09-28 13:45:47 DEBUG DefaultListableBeanFactory:485 - Finished creating instance of bean '(inner bean)#2330e3e0#1'
2021-09-28 13:45:47 DEBUG DefaultListableBeanFactory:449 - Creating instance of bean '(inner bean)#abff8b7#1'
2021-09-28 13:45:47 DEBUG DefaultListableBeanFactory:485 - Finished creating instance of bean '(inner bean)#abff8b7#1'
2021-09-28 13:45:47 DEBUG DefaultListableBeanFactory:449 - Creating instance of bean '(inner bean)#1b4ae4e0#1'
2021-09-28 13:45:47 DEBUG DefaultListableBeanFactory:485 - Finished creating instance of bean '(inner bean)#1b4ae4e0#1'
2021-09-28 13:45:47 DEBUG DefaultListableBeanFactory:449 - Creating instance of bean '(inner bean)#4acb2510#1'
2021-09-28 13:45:47 DEBUG DefaultListableBeanFactory:485 - Finished creating instance of bean '(inner bean)#4acb2510#1'
2021-09-28 13:45:47 DEBUG DefaultListableBeanFactory:449 - Creating instance of bean '(inner bean)#4e1459ea#1'
2021-09-28 13:45:47 DEBUG DefaultListableBeanFactory:485 - Finished creating instance of bean '(inner bean)#4e1459ea#1'
2021-09-28 13:45:47 DEBUG DefaultListableBeanFactory:449 - Creating instance of bean '(inner bean)#4eed2acf#1'
2021-09-28 13:45:47 DEBUG DefaultListableBeanFactory:485 - Finished creating instance of bean '(inner bean)#4eed2acf#1'
2021-09-28 13:45:47 DEBUG DefaultListableBeanFactory:449 - Creating instance of bean '(inner bean)#52d6cd34#1'
2021-09-28 13:45:47 DEBUG DefaultListableBeanFactory:485 - Finished creating instance of bean '(inner bean)#52d6cd34#1'
2021-09-28 13:45:47 DEBUG DefaultListableBeanFactory:449 - Creating instance of bean '(inner bean)#c2e3264#1'
2021-09-28 13:45:47 DEBUG DefaultListableBeanFactory:449 - Creating instance of bean '(inner bean)#f08fdce#1'
2021-09-28 13:45:47 DEBUG DefaultListableBeanFactory:1670 - Invoking afterPropertiesSet() on bean with name '(inner bean)#f08fdce#1'
2021-09-28 13:45:47 DEBUG DefaultListableBeanFactory:485 - Finished creating instance of bean '(inner bean)#f08fdce#1'
2021-09-28 13:45:47 DEBUG DefaultListableBeanFactory:485 - Finished creating instance of bean '(inner bean)#c2e3264#1'
2021-09-28 13:45:47 DEBUG DefaultListableBeanFactory:449 - Creating instance of bean '(inner bean)#7942a854#1'
2021-09-28 13:45:47 DEBUG DefaultListableBeanFactory:485 - Finished creating instance of bean '(inner bean)#7942a854#1'
2021-09-28 13:45:47 DEBUG DefaultListableBeanFactory:449 - Creating instance of bean '(inner bean)#24934262#1'
2021-09-28 13:45:47 DEBUG DefaultListableBeanFactory:485 - Finished creating instance of bean '(inner bean)#24934262#1'
2021-09-28 13:45:47 DEBUG DefaultListableBeanFactory:1670 - Invoking afterPropertiesSet() on bean with name '(inner bean)#29eda4f8'
2021-09-28 13:45:47 INFO  RequestMappingHandlerAdapter:534 - Looking for @ControllerAdvice: org.springframework.context.support.GenericApplicationContext@7a30d1e6: startup date [Tue Sep 28 13:45:44 ICT 2021]; root of context hierarchy
2021-09-28 13:45:47 DEBUG DefaultListableBeanFactory:485 - Finished creating instance of bean '(inner bean)#29eda4f8'
2021-09-28 13:45:47 DEBUG DefaultListableBeanFactory:251 - Returning cached instance of singleton bean 'org.springframework.format.support.FormattingConversionServiceFactoryBean#0'
2021-09-28 13:45:47 DEBUG DefaultListableBeanFactory:1670 - Invoking afterPropertiesSet() on bean with name 'mvcUriComponentsContributor'
2021-09-28 13:45:47 DEBUG DefaultListableBeanFactory:485 - Finished creating instance of bean 'mvcUriComponentsContributor'
2021-09-28 13:45:47 DEBUG DefaultListableBeanFactory:251 - Returning cached instance of singleton bean 'org.springframework.web.servlet.handler.MappedInterceptor#0'
2021-09-28 13:45:47 DEBUG DefaultListableBeanFactory:221 - Creating shared instance of singleton bean 'org.springframework.web.servlet.mvc.method.annotation.ExceptionHandlerExceptionResolver#0'
2021-09-28 13:45:47 DEBUG DefaultListableBeanFactory:449 - Creating instance of bean 'org.springframework.web.servlet.mvc.method.annotation.ExceptionHandlerExceptionResolver#0'
2021-09-28 13:45:47 DEBUG DefaultListableBeanFactory:539 - Eagerly caching bean 'org.springframework.web.servlet.mvc.method.annotation.ExceptionHandlerExceptionResolver#0' to allow for resolving potential circular references
2021-09-28 13:45:47 DEBUG DefaultListableBeanFactory:251 - Returning cached instance of singleton bean 'mvcContentNegotiationManager'
2021-09-28 13:45:47 DEBUG DefaultListableBeanFactory:449 - Creating instance of bean '(inner bean)#abff8b7#2'
2021-09-28 13:45:47 DEBUG DefaultListableBeanFactory:485 - Finished creating instance of bean '(inner bean)#abff8b7#2'
2021-09-28 13:45:47 DEBUG DefaultListableBeanFactory:449 - Creating instance of bean '(inner bean)#1b4ae4e0#2'
2021-09-28 13:45:47 DEBUG DefaultListableBeanFactory:485 - Finished creating instance of bean '(inner bean)#1b4ae4e0#2'
2021-09-28 13:45:47 DEBUG DefaultListableBeanFactory:449 - Creating instance of bean '(inner bean)#4acb2510#2'
2021-09-28 13:45:47 DEBUG DefaultListableBeanFactory:485 - Finished creating instance of bean '(inner bean)#4acb2510#2'
2021-09-28 13:45:47 DEBUG DefaultListableBeanFactory:449 - Creating instance of bean '(inner bean)#4e1459ea#2'
2021-09-28 13:45:47 DEBUG DefaultListableBeanFactory:485 - Finished creating instance of bean '(inner bean)#4e1459ea#2'
2021-09-28 13:45:47 DEBUG DefaultListableBeanFactory:449 - Creating instance of bean '(inner bean)#4eed2acf#2'
2021-09-28 13:45:47 DEBUG DefaultListableBeanFactory:485 - Finished creating instance of bean '(inner bean)#4eed2acf#2'
2021-09-28 13:45:47 DEBUG DefaultListableBeanFactory:449 - Creating instance of bean '(inner bean)#52d6cd34#2'
2021-09-28 13:45:47 DEBUG DefaultListableBeanFactory:485 - Finished creating instance of bean '(inner bean)#52d6cd34#2'
2021-09-28 13:45:47 DEBUG DefaultListableBeanFactory:449 - Creating instance of bean '(inner bean)#c2e3264#2'
2021-09-28 13:45:47 DEBUG DefaultListableBeanFactory:449 - Creating instance of bean '(inner bean)#f08fdce#2'
2021-09-28 13:45:47 DEBUG DefaultListableBeanFactory:1670 - Invoking afterPropertiesSet() on bean with name '(inner bean)#f08fdce#2'
2021-09-28 13:45:47 DEBUG DefaultListableBeanFactory:485 - Finished creating instance of bean '(inner bean)#f08fdce#2'
2021-09-28 13:45:47 DEBUG DefaultListableBeanFactory:485 - Finished creating instance of bean '(inner bean)#c2e3264#2'
2021-09-28 13:45:47 DEBUG DefaultListableBeanFactory:449 - Creating instance of bean '(inner bean)#3e104d4b'
2021-09-28 13:45:47 DEBUG DefaultListableBeanFactory:485 - Finished creating instance of bean '(inner bean)#3e104d4b'
2021-09-28 13:45:47 DEBUG DefaultListableBeanFactory:1670 - Invoking afterPropertiesSet() on bean with name 'org.springframework.web.servlet.mvc.method.annotation.ExceptionHandlerExceptionResolver#0'
2021-09-28 13:45:47 DEBUG ExceptionHandlerExceptionResolver:262 - Looking for exception mappings: org.springframework.context.support.GenericApplicationContext@7a30d1e6: startup date [Tue Sep 28 13:45:44 ICT 2021]; root of context hierarchy
2021-09-28 13:45:47 DEBUG DefaultListableBeanFactory:485 - Finished creating instance of bean 'org.springframework.web.servlet.mvc.method.annotation.ExceptionHandlerExceptionResolver#0'
2021-09-28 13:45:47 DEBUG DefaultListableBeanFactory:221 - Creating shared instance of singleton bean 'org.springframework.web.servlet.mvc.annotation.ResponseStatusExceptionResolver#0'
2021-09-28 13:45:47 DEBUG DefaultListableBeanFactory:449 - Creating instance of bean 'org.springframework.web.servlet.mvc.annotation.ResponseStatusExceptionResolver#0'
2021-09-28 13:45:47 DEBUG DefaultListableBeanFactory:539 - Eagerly caching bean 'org.springframework.web.servlet.mvc.annotation.ResponseStatusExceptionResolver#0' to allow for resolving potential circular references
2021-09-28 13:45:47 DEBUG DefaultListableBeanFactory:485 - Finished creating instance of bean 'org.springframework.web.servlet.mvc.annotation.ResponseStatusExceptionResolver#0'
2021-09-28 13:45:47 DEBUG DefaultListableBeanFactory:221 - Creating shared instance of singleton bean 'org.springframework.web.servlet.mvc.support.DefaultHandlerExceptionResolver#0'
2021-09-28 13:45:47 DEBUG DefaultListableBeanFactory:449 - Creating instance of bean 'org.springframework.web.servlet.mvc.support.DefaultHandlerExceptionResolver#0'
2021-09-28 13:45:47 DEBUG DefaultListableBeanFactory:539 - Eagerly caching bean 'org.springframework.web.servlet.mvc.support.DefaultHandlerExceptionResolver#0' to allow for resolving potential circular references
2021-09-28 13:45:47 DEBUG DefaultListableBeanFactory:485 - Finished creating instance of bean 'org.springframework.web.servlet.mvc.support.DefaultHandlerExceptionResolver#0'
2021-09-28 13:45:47 DEBUG DefaultListableBeanFactory:221 - Creating shared instance of singleton bean 'org.springframework.web.servlet.handler.BeanNameUrlHandlerMapping'
2021-09-28 13:45:47 DEBUG DefaultListableBeanFactory:449 - Creating instance of bean 'org.springframework.web.servlet.handler.BeanNameUrlHandlerMapping'
2021-09-28 13:45:47 DEBUG DefaultListableBeanFactory:539 - Eagerly caching bean 'org.springframework.web.servlet.handler.BeanNameUrlHandlerMapping' to allow for resolving potential circular references
2021-09-28 13:45:47 DEBUG DefaultListableBeanFactory:251 - Returning cached instance of singleton bean 'mvcCorsConfigurations'
2021-09-28 13:45:47 DEBUG DefaultListableBeanFactory:251 - Returning cached instance of singleton bean 'org.springframework.web.servlet.handler.MappedInterceptor#0'
2021-09-28 13:45:47 DEBUG BeanNameUrlHandlerMapping:71 - Looking for URL mappings in application context: org.springframework.context.support.GenericApplicationContext@7a30d1e6: startup date [Tue Sep 28 13:45:44 ICT 2021]; root of context hierarchy
2021-09-28 13:45:47 DEBUG BeanNameUrlHandlerMapping:86 - Rejected bean name 'testJacksonUnitTest': no URL paths identified
2021-09-28 13:45:47 DEBUG BeanNameUrlHandlerMapping:86 - Rejected bean name 'xeMayControllerAPI': no URL paths identified
2021-09-28 13:45:47 DEBUG BeanNameUrlHandlerMapping:86 - Rejected bean name 'customFailureHandler': no URL paths identified
2021-09-28 13:45:47 DEBUG BeanNameUrlHandlerMapping:86 - Rejected bean name 'customSuccessHandler': no URL paths identified
2021-09-28 13:45:47 DEBUG BeanNameUrlHandlerMapping:86 - Rejected bean name 'modelMapperConfig': no URL paths identified
2021-09-28 13:45:47 DEBUG BeanNameUrlHandlerMapping:86 - Rejected bean name 'homeController': no URL paths identified
2021-09-28 13:45:47 DEBUG BeanNameUrlHandlerMapping:86 - Rejected bean name 'webController': no URL paths identified
2021-09-28 13:45:47 DEBUG BeanNameUrlHandlerMapping:86 - Rejected bean name 'xeMayController': no URL paths identified
2021-09-28 13:45:47 DEBUG BeanNameUrlHandlerMapping:86 - Rejected bean name 'sanPhamDaoImpl': no URL paths identified
2021-09-28 13:45:47 DEBUG BeanNameUrlHandlerMapping:86 - Rejected bean name 'org.springframework.context.annotation.internalConfigurationAnnotationProcessor': no URL paths identified
2021-09-28 13:45:47 DEBUG BeanNameUrlHandlerMapping:86 - Rejected bean name 'org.springframework.context.annotation.internalAutowiredAnnotationProcessor': no URL paths identified
2021-09-28 13:45:47 DEBUG BeanNameUrlHandlerMapping:86 - Rejected bean name 'org.springframework.context.annotation.internalRequiredAnnotationProcessor': no URL paths identified
2021-09-28 13:45:47 DEBUG BeanNameUrlHandlerMapping:86 - Rejected bean name 'org.springframework.context.annotation.internalCommonAnnotationProcessor': no URL paths identified
2021-09-28 13:45:47 DEBUG BeanNameUrlHandlerMapping:86 - Rejected bean name 'org.springframework.context.annotation.internalPersistenceAnnotationProcessor': no URL paths identified
2021-09-28 13:45:47 DEBUG BeanNameUrlHandlerMapping:86 - Rejected bean name 'org.springframework.context.event.internalEventListenerProcessor': no URL paths identified
2021-09-28 13:45:47 DEBUG BeanNameUrlHandlerMapping:86 - Rejected bean name 'org.springframework.context.event.internalEventListenerFactory': no URL paths identified
2021-09-28 13:45:47 DEBUG BeanNameUrlHandlerMapping:86 - Rejected bean name 'mvcContentNegotiationManager': no URL paths identified
2021-09-28 13:45:47 DEBUG BeanNameUrlHandlerMapping:86 - Rejected bean name 'org.springframework.web.servlet.mvc.method.annotation.RequestMappingHandlerMapping': no URL paths identified
2021-09-28 13:45:47 DEBUG BeanNameUrlHandlerMapping:86 - Rejected bean name 'mvcCorsConfigurations': no URL paths identified
2021-09-28 13:45:47 DEBUG BeanNameUrlHandlerMapping:86 - Rejected bean name 'org.springframework.format.support.FormattingConversionServiceFactoryBean#0': no URL paths identified
2021-09-28 13:45:47 DEBUG BeanNameUrlHandlerMapping:86 - Rejected bean name 'org.springframework.validation.beanvalidation.OptionalValidatorFactoryBean#0': no URL paths identified
2021-09-28 13:45:47 DEBUG BeanNameUrlHandlerMapping:86 - Rejected bean name 'org.springframework.web.servlet.mvc.method.annotation.RequestMappingHandlerAdapter': no URL paths identified
2021-09-28 13:45:47 DEBUG BeanNameUrlHandlerMapping:86 - Rejected bean name 'mvcUriComponentsContributor': no URL paths identified
2021-09-28 13:45:47 DEBUG BeanNameUrlHandlerMapping:86 - Rejected bean name 'org.springframework.web.servlet.handler.MappedInterceptor#0': no URL paths identified
2021-09-28 13:45:47 DEBUG BeanNameUrlHandlerMapping:86 - Rejected bean name 'org.springframework.web.servlet.mvc.method.annotation.ExceptionHandlerExceptionResolver#0': no URL paths identified
2021-09-28 13:45:47 DEBUG BeanNameUrlHandlerMapping:86 - Rejected bean name 'org.springframework.web.servlet.mvc.annotation.ResponseStatusExceptionResolver#0': no URL paths identified
2021-09-28 13:45:47 DEBUG BeanNameUrlHandlerMapping:86 - Rejected bean name 'org.springframework.web.servlet.mvc.support.DefaultHandlerExceptionResolver#0': no URL paths identified
2021-09-28 13:45:47 DEBUG BeanNameUrlHandlerMapping:86 - Rejected bean name 'org.springframework.web.servlet.handler.BeanNameUrlHandlerMapping': no URL paths identified
2021-09-28 13:45:47 DEBUG BeanNameUrlHandlerMapping:86 - Rejected bean name 'org.springframework.web.servlet.mvc.HttpRequestHandlerAdapter': no URL paths identified
2021-09-28 13:45:47 DEBUG BeanNameUrlHandlerMapping:86 - Rejected bean name 'org.springframework.web.servlet.mvc.SimpleControllerHandlerAdapter': no URL paths identified
2021-09-28 13:45:47 DEBUG BeanNameUrlHandlerMapping:86 - Rejected bean name 'mvcHandlerMappingIntrospector': no URL paths identified
2021-09-28 13:45:47 DEBUG BeanNameUrlHandlerMapping:86 - Rejected bean name 'org.springframework.context.support.PropertySourcesPlaceholderConfigurer#0': no URL paths identified
2021-09-28 13:45:47 DEBUG BeanNameUrlHandlerMapping:86 - Rejected bean name 'org.springframework.data.jpa.repository.config.JpaRepositoryConfigExtension#0': no URL paths identified
2021-09-28 13:45:47 DEBUG BeanNameUrlHandlerMapping:86 - Rejected bean name 'org.springframework.data.repository.core.support.RepositoryFactoryBeanSupport_Predictor': no URL paths identified
2021-09-28 13:45:47 DEBUG BeanNameUrlHandlerMapping:86 - Rejected bean name 'emBeanDefinitionRegistrarPostProcessor': no URL paths identified
2021-09-28 13:45:47 DEBUG BeanNameUrlHandlerMapping:86 - Rejected bean name 'jpaMappingContext': no URL paths identified
2021-09-28 13:45:47 DEBUG BeanNameUrlHandlerMapping:86 - Rejected bean name 'jpaContext': no URL paths identified
2021-09-28 13:45:47 DEBUG BeanNameUrlHandlerMapping:86 - Rejected bean name 'sanPhamRepository': no URL paths identified
2021-09-28 13:45:47 DEBUG BeanNameUrlHandlerMapping:86 - Rejected bean name 'entityManagerFactory': no URL paths identified
2021-09-28 13:45:47 DEBUG BeanNameUrlHandlerMapping:86 - Rejected bean name 'dataSource': no URL paths identified
2021-09-28 13:45:47 DEBUG BeanNameUrlHandlerMapping:86 - Rejected bean name 'transactionManager': no URL paths identified
2021-09-28 13:45:47 DEBUG BeanNameUrlHandlerMapping:86 - Rejected bean name 'modelMapper': no URL paths identified
2021-09-28 13:45:47 DEBUG BeanNameUrlHandlerMapping:86 - Rejected bean name 'org.springframework.orm.jpa.SharedEntityManagerCreator#0': no URL paths identified
2021-09-28 13:45:47 DEBUG BeanNameUrlHandlerMapping:86 - Rejected bean name 'environment': no URL paths identified
2021-09-28 13:45:47 DEBUG BeanNameUrlHandlerMapping:86 - Rejected bean name 'systemProperties': no URL paths identified
2021-09-28 13:45:47 DEBUG BeanNameUrlHandlerMapping:86 - Rejected bean name 'systemEnvironment': no URL paths identified
2021-09-28 13:45:47 DEBUG BeanNameUrlHandlerMapping:86 - Rejected bean name 'org.springframework.context.annotation.ConfigurationClassPostProcessor.importRegistry': no URL paths identified
2021-09-28 13:45:47 DEBUG BeanNameUrlHandlerMapping:86 - Rejected bean name 'messageSource': no URL paths identified
2021-09-28 13:45:47 DEBUG BeanNameUrlHandlerMapping:86 - Rejected bean name 'applicationEventMulticaster': no URL paths identified
2021-09-28 13:45:47 DEBUG DefaultListableBeanFactory:485 - Finished creating instance of bean 'org.springframework.web.servlet.handler.BeanNameUrlHandlerMapping'
2021-09-28 13:45:47 DEBUG DefaultListableBeanFactory:221 - Creating shared instance of singleton bean 'org.springframework.web.servlet.mvc.HttpRequestHandlerAdapter'
2021-09-28 13:45:47 DEBUG DefaultListableBeanFactory:449 - Creating instance of bean 'org.springframework.web.servlet.mvc.HttpRequestHandlerAdapter'
2021-09-28 13:45:47 DEBUG DefaultListableBeanFactory:539 - Eagerly caching bean 'org.springframework.web.servlet.mvc.HttpRequestHandlerAdapter' to allow for resolving potential circular references
2021-09-28 13:45:47 DEBUG DefaultListableBeanFactory:485 - Finished creating instance of bean 'org.springframework.web.servlet.mvc.HttpRequestHandlerAdapter'
2021-09-28 13:45:47 DEBUG DefaultListableBeanFactory:221 - Creating shared instance of singleton bean 'org.springframework.web.servlet.mvc.SimpleControllerHandlerAdapter'
2021-09-28 13:45:47 DEBUG DefaultListableBeanFactory:449 - Creating instance of bean 'org.springframework.web.servlet.mvc.SimpleControllerHandlerAdapter'
2021-09-28 13:45:47 DEBUG DefaultListableBeanFactory:539 - Eagerly caching bean 'org.springframework.web.servlet.mvc.SimpleControllerHandlerAdapter' to allow for resolving potential circular references
2021-09-28 13:45:47 DEBUG DefaultListableBeanFactory:485 - Finished creating instance of bean 'org.springframework.web.servlet.mvc.SimpleControllerHandlerAdapter'
2021-09-28 13:45:47 DEBUG DefaultListableBeanFactory:251 - Returning cached instance of singleton bean 'org.springframework.context.support.PropertySourcesPlaceholderConfigurer#0'
2021-09-28 13:45:47 DEBUG DefaultListableBeanFactory:251 - Returning cached instance of singleton bean 'org.springframework.data.repository.core.support.RepositoryFactoryBeanSupport_Predictor'
2021-09-28 13:45:47 DEBUG DefaultListableBeanFactory:251 - Returning cached instance of singleton bean 'emBeanDefinitionRegistrarPostProcessor'
2021-09-28 13:45:47 DEBUG DefaultListableBeanFactory:221 - Creating shared instance of singleton bean 'jpaMappingContext'
2021-09-28 13:45:47 DEBUG DefaultListableBeanFactory:449 - Creating instance of bean 'jpaMappingContext'
2021-09-28 13:45:47 DEBUG DefaultListableBeanFactory:539 - Eagerly caching bean 'jpaMappingContext' to allow for resolving potential circular references
2021-09-28 13:45:47 DEBUG DefaultListableBeanFactory:1670 - Invoking afterPropertiesSet() on bean with name 'jpaMappingContext'
2021-09-28 13:45:47 DEBUG DefaultListableBeanFactory:251 - Returning cached instance of singleton bean 'entityManagerFactory'
2021-09-28 13:45:47 DEBUG DefaultListableBeanFactory:485 - Finished creating instance of bean 'jpaMappingContext'
2021-09-28 13:45:47 DEBUG DefaultListableBeanFactory:221 - Creating shared instance of singleton bean 'jpaContext'
2021-09-28 13:45:47 DEBUG DefaultListableBeanFactory:449 - Creating instance of bean 'jpaContext'
2021-09-28 13:45:47 DEBUG DefaultListableBeanFactory:221 - Creating shared instance of singleton bean 'org.springframework.orm.jpa.SharedEntityManagerCreator#0'
2021-09-28 13:45:47 DEBUG DefaultListableBeanFactory:449 - Creating instance of bean 'org.springframework.orm.jpa.SharedEntityManagerCreator#0'
2021-09-28 13:45:47 DEBUG DefaultListableBeanFactory:251 - Returning cached instance of singleton bean 'entityManagerFactory'
2021-09-28 13:45:47 DEBUG DefaultListableBeanFactory:539 - Eagerly caching bean 'org.springframework.orm.jpa.SharedEntityManagerCreator#0' to allow for resolving potential circular references
2021-09-28 13:45:47 DEBUG DefaultListableBeanFactory:485 - Finished creating instance of bean 'org.springframework.orm.jpa.SharedEntityManagerCreator#0'
2021-09-28 13:45:47 DEBUG DefaultListableBeanFactory:757 - Autowiring by type from bean name 'jpaContext' via constructor to bean named 'org.springframework.orm.jpa.SharedEntityManagerCreator#0'
2021-09-28 13:45:47 DEBUG DefaultListableBeanFactory:539 - Eagerly caching bean 'jpaContext' to allow for resolving potential circular references
2021-09-28 13:45:47 DEBUG DefaultListableBeanFactory:485 - Finished creating instance of bean 'jpaContext'
2021-09-28 13:45:47 DEBUG DefaultListableBeanFactory:221 - Creating shared instance of singleton bean 'sanPhamRepository'
2021-09-28 13:45:47 DEBUG DefaultListableBeanFactory:449 - Creating instance of bean 'sanPhamRepository'
2021-09-28 13:45:47 DEBUG InjectionMetadata:72 - Registered injected element on class [org.springframework.data.jpa.repository.support.JpaRepositoryFactoryBean]: PersistenceElement for public void org.springframework.data.jpa.repository.support.JpaRepositoryFactoryBean.setEntityManager(javax.persistence.EntityManager)
2021-09-28 13:45:47 DEBUG DefaultListableBeanFactory:539 - Eagerly caching bean 'sanPhamRepository' to allow for resolving potential circular references
2021-09-28 13:45:47 DEBUG InjectionMetadata:86 - Processing injected element of bean 'sanPhamRepository': PersistenceElement for public void org.springframework.data.jpa.repository.support.JpaRepositoryFactoryBean.setEntityManager(javax.persistence.EntityManager)
2021-09-28 13:45:47 DEBUG DefaultListableBeanFactory:449 - Creating instance of bean '(inner bean)#64fe9da7'
2021-09-28 13:45:47 DEBUG DefaultListableBeanFactory:449 - Creating instance of bean '(inner bean)#77ec6a3d'
2021-09-28 13:45:47 DEBUG PathMatchingResourcePatternResolver:318 - Resolved classpath location [META-INF/jpa-named-queries.properties] to resources []
2021-09-28 13:45:47 DEBUG DefaultListableBeanFactory:1670 - Invoking afterPropertiesSet() on bean with name '(inner bean)#77ec6a3d'
2021-09-28 13:45:47 DEBUG DefaultListableBeanFactory:485 - Finished creating instance of bean '(inner bean)#77ec6a3d'
2021-09-28 13:45:47 DEBUG DefaultListableBeanFactory:485 - Finished creating instance of bean '(inner bean)#64fe9da7'
2021-09-28 13:45:47 DEBUG DefaultListableBeanFactory:449 - Creating instance of bean '(inner bean)#41fe8e5f'
2021-09-28 13:45:47 DEBUG DefaultListableBeanFactory:485 - Finished creating instance of bean '(inner bean)#41fe8e5f'
2021-09-28 13:45:47 DEBUG DefaultListableBeanFactory:449 - Creating instance of bean '(inner bean)#6cfd9a54'
2021-09-28 13:45:47 DEBUG DefaultListableBeanFactory:251 - Returning cached instance of singleton bean 'entityManagerFactory'
2021-09-28 13:45:47 DEBUG DefaultListableBeanFactory:485 - Finished creating instance of bean '(inner bean)#6cfd9a54'
2021-09-28 13:45:47 DEBUG DefaultListableBeanFactory:251 - Returning cached instance of singleton bean 'jpaMappingContext'
2021-09-28 13:45:47 DEBUG DefaultListableBeanFactory:1670 - Invoking afterPropertiesSet() on bean with name 'sanPhamRepository'
2021-09-28 13:45:47 DEBUG SharedEntityManagerCreator$SharedEntityManagerInvocationHandler:289 - Creating new EntityManager for shared EntityManager invocation
2021-09-28 13:45:47 DEBUG EntityManagerFactoryUtils:435 - Closing JPA EntityManager
2021-09-28 13:45:47 DEBUG SharedEntityManagerCreator$SharedEntityManagerInvocationHandler:289 - Creating new EntityManager for shared EntityManager invocation
2021-09-28 13:45:47 DEBUG EntityManagerFactoryUtils:435 - Closing JPA EntityManager
2021-09-28 13:45:47 DEBUG DefaultListableBeanFactory:568 - Retrieved dependent beans for bean '(inner bean)#64fe9da7': [sanPhamRepository]
2021-09-28 13:45:47 DEBUG DefaultListableBeanFactory:568 - Retrieved dependent beans for bean '(inner bean)#77ec6a3d': [(inner bean)#64fe9da7]
2021-09-28 13:45:47 WARN  GenericApplicationContext:551 - Exception encountered during context initialization - cancelling refresh attempt: org.springframework.beans.factory.BeanCreationException: Error creating bean with name 'sanPhamRepository': Invocation of init method failed; nested exception is java.lang.IllegalArgumentException: Not an managed type: class com.mycompany.springmvchibernate.Entity.SanPham
2021-09-28 13:45:47 DEBUG DefaultListableBeanFactory:512 - Destroying singletons in org.springframework.beans.factory.support.DefaultListableBeanFactory@49dc7102: defining beans [testJacksonUnitTest,xeMayControllerAPI,customFailureHandler,customSuccessHandler,modelMapperConfig,homeController,webController,xeMayController,sanPhamDaoImpl,org.springframework.context.annotation.internalConfigurationAnnotationProcessor,org.springframework.context.annotation.internalAutowiredAnnotationProcessor,org.springframework.context.annotation.internalRequiredAnnotationProcessor,org.springframework.context.annotation.internalCommonAnnotationProcessor,org.springframework.context.annotation.internalPersistenceAnnotationProcessor,org.springframework.context.event.internalEventListenerProcessor,org.springframework.context.event.internalEventListenerFactory,mvcContentNegotiationManager,org.springframework.web.servlet.mvc.method.annotation.RequestMappingHandlerMapping,mvcCorsConfigurations,org.springframework.format.support.FormattingConversionServiceFactoryBean#0,org.springframework.validation.beanvalidation.OptionalValidatorFactoryBean#0,org.springframework.web.servlet.mvc.method.annotation.RequestMappingHandlerAdapter,mvcUriComponentsContributor,org.springframework.web.servlet.handler.MappedInterceptor#0,org.springframework.web.servlet.mvc.method.annotation.ExceptionHandlerExceptionResolver#0,org.springframework.web.servlet.mvc.annotation.ResponseStatusExceptionResolver#0,org.springframework.web.servlet.mvc.support.DefaultHandlerExceptionResolver#0,org.springframework.web.servlet.handler.BeanNameUrlHandlerMapping,org.springframework.web.servlet.mvc.HttpRequestHandlerAdapter,org.springframework.web.servlet.mvc.SimpleControllerHandlerAdapter,mvcHandlerMappingIntrospector,org.springframework.context.support.PropertySourcesPlaceholderConfigurer#0,org.springframework.data.jpa.repository.config.JpaRepositoryConfigExtension#0,org.springframework.data.repository.core.support.RepositoryFactoryBeanSupport_Predictor,emBeanDefinitionRegistrarPostProcessor,jpaMappingContext,jpaContext,sanPhamRepository,entityManagerFactory,dataSource,transactionManager,modelMapper,org.springframework.orm.jpa.SharedEntityManagerCreator#0]; root of factory hierarchy
2021-09-28 13:45:47 DEBUG DisposableBeanAdapter:259 - Invoking destroy() on bean with name 'jpaMappingContext'
2021-09-28 13:45:47 DEBUG DefaultListableBeanFactory:568 - Retrieved dependent beans for bean 'org.springframework.validation.beanvalidation.OptionalValidatorFactoryBean#0': [(inner bean)#2330e3e0, (inner bean)#2330e3e0#1]
2021-09-28 13:45:47 DEBUG DefaultListableBeanFactory:568 - Retrieved dependent beans for bean '(inner bean)#2330e3e0': [org.springframework.web.servlet.mvc.method.annotation.RequestMappingHandlerAdapter]
2021-09-28 13:45:47 DEBUG DefaultListableBeanFactory:568 - Retrieved dependent beans for bean '(inner bean)#abff8b7': [org.springframework.web.servlet.mvc.method.annotation.RequestMappingHandlerAdapter]
2021-09-28 13:45:47 DEBUG DefaultListableBeanFactory:568 - Retrieved dependent beans for bean '(inner bean)#f08fdce': [(inner bean)#c2e3264]
2021-09-28 13:45:47 DEBUG DefaultListableBeanFactory:568 - Retrieved dependent beans for bean '(inner bean)#2330e3e0#1': [(inner bean)#29eda4f8]
2021-09-28 13:45:47 DEBUG DefaultListableBeanFactory:568 - Retrieved dependent beans for bean '(inner bean)#29eda4f8': [mvcUriComponentsContributor]
2021-09-28 13:45:47 DEBUG DefaultListableBeanFactory:568 - Retrieved dependent beans for bean '(inner bean)#abff8b7#1': [(inner bean)#29eda4f8]
2021-09-28 13:45:47 DEBUG DefaultListableBeanFactory:568 - Retrieved dependent beans for bean '(inner bean)#f08fdce#1': [(inner bean)#c2e3264#1]
2021-09-28 13:45:47 DEBUG DisposableBeanAdapter:259 - Invoking destroy() on bean with name 'org.springframework.validation.beanvalidation.OptionalValidatorFactoryBean#0'
2021-09-28 13:45:47 DEBUG DefaultListableBeanFactory:568 - Retrieved dependent beans for bean 'entityManagerFactory': [testJacksonUnitTest, sanPhamDaoImpl, org.springframework.orm.jpa.SharedEntityManagerCreator#0]
2021-09-28 13:45:47 DEBUG DefaultListableBeanFactory:568 - Retrieved dependent beans for bean 'sanPhamDaoImpl': [homeController]
2021-09-28 13:45:47 DEBUG DefaultListableBeanFactory:568 - Retrieved dependent beans for bean 'org.springframework.orm.jpa.SharedEntityManagerCreator#0': [jpaContext]
2021-09-28 13:45:47 DEBUG DisposableBeanAdapter:259 - Invoking destroy() on bean with name 'entityManagerFactory'
2021-09-28 13:45:47 INFO  LocalContainerEntityManagerFactoryBean:563 - Closing JPA EntityManagerFactory for persistence unit 'default'
2021-09-28 13:45:47 DEBUG SessionFactoryImpl:1339 - HHH000031: Closing
2021-09-28 13:45:47 DEBUG AbstractServiceRegistryImpl:406 - Implicitly destroying ServiceRegistry on de-registration of all child ServiceRegistries
2021-09-28 13:45:47 DEBUG BootstrapServiceRegistryImpl:308 - Implicitly destroying Boot-strap registry on de-registration of all child ServiceRegistries
2021-09-28 13:45:47 DEBUG EntityManagerFactoryRegistry:108 - Remove: name=default
2021-09-28 13:45:47 DEBUG DefaultListableBeanFactory:568 - Retrieved dependent beans for bean 'org.springframework.orm.jpa.vendor.HibernateJpaVendorAdapter#3246fb96': [entityManagerFactory]
2021-09-28 13:45:47 DEBUG DisposableBeanAdapter:337 - Invoking destroy method 'close' on bean with name 'dataSource'
2021-09-28 13:45:47 ERROR TestContextManager:234 - Caught exception while allowing TestExecutionListener [org.springframework.test.context.support.DependencyInjectionTestExecutionListener@bd8db5a] to prepare test instance [com.mycompany.springmvchibernate.JUnitTest.KhachHangRepositoryTest@cb51256]
java.lang.IllegalStateException: Failed to load ApplicationContext
	at org.springframework.test.context.cache.DefaultCacheAwareContextLoaderDelegate.loadContext(DefaultCacheAwareContextLoaderDelegate.java:124)
	at org.springframework.test.context.support.DefaultTestContext.getApplicationContext(DefaultTestContext.java:83)
	at org.springframework.test.context.support.DependencyInjectionTestExecutionListener.injectDependencies(DependencyInjectionTestExecutionListener.java:117)
	at org.springframework.test.context.support.DependencyInjectionTestExecutionListener.prepareTestInstance(DependencyInjectionTestExecutionListener.java:83)
	at org.springframework.test.context.TestContextManager.prepareTestInstance(TestContextManager.java:230)
	at org.springframework.test.context.junit4.SpringJUnit4ClassRunner.createTest(SpringJUnit4ClassRunner.java:228)
	at org.springframework.test.context.junit4.SpringJUnit4ClassRunner$1.runReflectiveCall(SpringJUnit4ClassRunner.java:287)
	at org.junit.internal.runners.model.ReflectiveCallable.run(ReflectiveCallable.java:12)
	at org.springframework.test.context.junit4.SpringJUnit4ClassRunner.methodBlock(SpringJUnit4ClassRunner.java:289)
	at org.springframework.test.context.junit4.SpringJUnit4ClassRunner.runChild(SpringJUnit4ClassRunner.java:247)
	at org.springframework.test.context.junit4.SpringJUnit4ClassRunner.runChild(SpringJUnit4ClassRunner.java:94)
	at org.junit.runners.ParentRunner$4.run(ParentRunner.java:331)
	at org.junit.runners.ParentRunner$1.schedule(ParentRunner.java:79)
	at org.junit.runners.ParentRunner.runChildren(ParentRunner.java:329)
	at org.junit.runners.ParentRunner.access$100(ParentRunner.java:66)
	at org.junit.runners.ParentRunner$2.evaluate(ParentRunner.java:293)
	at org.springframework.test.context.junit4.statements.RunBeforeTestClassCallbacks.evaluate(RunBeforeTestClassCallbacks.java:61)
	at org.springframework.test.context.junit4.statements.RunAfterTestClassCallbacks.evaluate(RunAfterTestClassCallbacks.java:70)
	at org.junit.runners.ParentRunner$3.evaluate(ParentRunner.java:306)
	at org.junit.runners.ParentRunner.run(ParentRunner.java:413)
	at org.springframework.test.context.junit4.SpringJUnit4ClassRunner.run(SpringJUnit4ClassRunner.java:191)
	at org.apache.maven.surefire.junit4.JUnit4Provider.execute(JUnit4Provider.java:264)
	at org.apache.maven.surefire.junit4.JUnit4Provider.executeTestSet(JUnit4Provider.java:153)
	at org.apache.maven.surefire.junit4.JUnit4Provider.invoke(JUnit4Provider.java:124)
	at org.apache.maven.surefire.booter.ForkedBooter.invokeProviderInSameClassLoader(ForkedBooter.java:200)
	at org.apache.maven.surefire.booter.ForkedBooter.runSuitesInProcess(ForkedBooter.java:153)
	at org.apache.maven.surefire.booter.ForkedBooter.main(ForkedBooter.java:103)
Caused by: org.springframework.beans.factory.BeanCreationException: Error creating bean with name 'sanPhamRepository': Invocation of init method failed; nested exception is java.lang.IllegalArgumentException: Not an managed type: class com.mycompany.springmvchibernate.Entity.SanPham
	at org.springframework.beans.factory.support.AbstractAutowireCapableBeanFactory.initializeBean(AbstractAutowireCapableBeanFactory.java:1628)
	at org.springframework.beans.factory.support.AbstractAutowireCapableBeanFactory.doCreateBean(AbstractAutowireCapableBeanFactory.java:555)
	at org.springframework.beans.factory.support.AbstractAutowireCapableBeanFactory.createBean(AbstractAutowireCapableBeanFactory.java:483)
	at org.springframework.beans.factory.support.AbstractBeanFactory$1.getObject(AbstractBeanFactory.java:306)
	at org.springframework.beans.factory.support.DefaultSingletonBeanRegistry.getSingleton(DefaultSingletonBeanRegistry.java:230)
	at org.springframework.beans.factory.support.AbstractBeanFactory.doGetBean(AbstractBeanFactory.java:302)
	at org.springframework.beans.factory.support.AbstractBeanFactory.getBean(AbstractBeanFactory.java:197)
	at org.springframework.beans.factory.support.DefaultListableBeanFactory.preInstantiateSingletons(DefaultListableBeanFactory.java:742)
	at org.springframework.context.support.AbstractApplicationContext.finishBeanFactoryInitialization(AbstractApplicationContext.java:867)
	at org.springframework.context.support.AbstractApplicationContext.refresh(AbstractApplicationContext.java:543)
	at org.springframework.test.context.support.AbstractGenericContextLoader.loadContext(AbstractGenericContextLoader.java:128)
	at org.springframework.test.context.support.AbstractGenericContextLoader.loadContext(AbstractGenericContextLoader.java:60)
	at org.springframework.test.context.support.AbstractDelegatingSmartContextLoader.delegateLoading(AbstractDelegatingSmartContextLoader.java:108)
	at org.springframework.test.context.support.AbstractDelegatingSmartContextLoader.loadContext(AbstractDelegatingSmartContextLoader.java:251)
	at org.springframework.test.context.cache.DefaultCacheAwareContextLoaderDelegate.loadContextInternal(DefaultCacheAwareContextLoaderDelegate.java:98)
	at org.springframework.test.context.cache.DefaultCacheAwareContextLoaderDelegate.loadContext(DefaultCacheAwareContextLoaderDelegate.java:116)
	... 26 more
Caused by: java.lang.IllegalArgumentException: Not an managed type: class com.mycompany.springmvchibernate.Entity.SanPham
	at org.hibernate.jpa.internal.metamodel.MetamodelImpl.managedType(MetamodelImpl.java:219)
	at org.springframework.data.jpa.repository.support.JpaMetamodelEntityInformation.<init>(JpaMetamodelEntityInformation.java:68)
	at org.springframework.data.jpa.repository.support.JpaEntityInformationSupport.getEntityInformation(JpaEntityInformationSupport.java:67)
	at org.springframework.data.jpa.repository.support.JpaRepositoryFactory.getEntityInformation(JpaRepositoryFactory.java:152)
	at org.springframework.data.jpa.repository.support.JpaRepositoryFactory.getTargetRepository(JpaRepositoryFactory.java:99)
	at org.springframework.data.jpa.repository.support.JpaRepositoryFactory.getTargetRepository(JpaRepositoryFactory.java:81)
	at org.springframework.data.repository.core.support.RepositoryFactorySupport.getRepository(RepositoryFactorySupport.java:199)
	at org.springframework.data.repository.core.support.RepositoryFactoryBeanSupport.initAndReturn(RepositoryFactoryBeanSupport.java:266)
	at org.springframework.data.repository.core.support.RepositoryFactoryBeanSupport.afterPropertiesSet(RepositoryFactoryBeanSupport.java:252)
	at org.springframework.data.jpa.repository.support.JpaRepositoryFactoryBean.afterPropertiesSet(JpaRepositoryFactoryBean.java:92)
	at org.springframework.beans.factory.support.AbstractAutowireCapableBeanFactory.invokeInitMethods(AbstractAutowireCapableBeanFactory.java:1687)
	at org.springframework.beans.factory.support.AbstractAutowireCapableBeanFactory.initializeBean(AbstractAutowireCapableBeanFactory.java:1624)
	... 41 more
]]></system-out>
  </testcase>
</testsuite>